
AVRASM ver. 2.1.30  D:\amir-saeed\j8\List\ps2.asm Tue May 07 17:49:16 2019

D:\amir-saeed\j8\List\ps2.asm(1078): warning: Register r3 already defined by the .DEF directive
D:\amir-saeed\j8\List\ps2.asm(1079): warning: Register r5 already defined by the .DEF directive
D:\amir-saeed\j8\List\ps2.asm(1080): warning: Register r8 already defined by the .DEF directive
D:\amir-saeed\j8\List\ps2.asm(1081): warning: Register r7 already defined by the .DEF directive
D:\amir-saeed\j8\List\ps2.asm(1082): warning: Register r10 already defined by the .DEF directive
                 
                 
                 ;CodeVisionAVR C Compiler V2.05.3 Standard
                 ;(C) Copyright 1998-2011 Pavel Haiduc, HP InfoTech s.r.l.
                 ;http://www.hpinfotech.com
                 
                 ;Chip type                : ATmega1280
                 ;Program type             : Application
                 ;Clock frequency          : 11.059200 MHz
                 ;Memory model             : Small
                 ;Optimize for             : Size
                 ;(s)printf features       : int, width
                 ;(s)scanf features        : int, width
                 ;External RAM size        : 0
                 ;Data Stack size          : 2048 byte(s)
                 ;Heap size                : 0 byte(s)
                 ;Promote 'char' to 'int'  : Yes
                 ;'char' is unsigned       : Yes
                 ;8 bit enums              : Yes
                 ;Global 'const' stored in FLASH     : No
                 ;Enhanced function parameter passing: Yes
                 ;Enhanced core instructions         : On
                 ;Smart register allocation          : On
                 ;Automatic register allocation      : On
                 
                 	#pragma AVRPART ADMIN PART_NAME ATmega1280
                 	#pragma AVRPART MEMORY PROG_FLASH 131072
                 	#pragma AVRPART MEMORY EEPROM 4096
                 	#pragma AVRPART MEMORY INT_SRAM SIZE 8703
                 	#pragma AVRPART MEMORY INT_SRAM START_ADDR 0x200
                 
                 	#define CALL_SUPPORTED 1
                 
                 	.LISTMAC
                 	.EQU EERE=0x0
                 	.EQU EEWE=0x1
                 	.EQU EEMWE=0x2
                 	.EQU UDRE=0x5
                 	.EQU RXC=0x7
                 	.EQU EECR=0x1F
                 	.EQU EEDR=0x20
                 	.EQU EEARL=0x21
                 	.EQU EEARH=0x22
                 	.EQU SPSR=0x2D
                 	.EQU SPDR=0x2E
                 	.EQU SMCR=0x33
                 	.EQU MCUSR=0x34
                 	.EQU MCUCR=0x35
                 	.EQU WDTCSR=0x60
                 	.EQU UCSR0A=0xC0
                 	.EQU UDR0=0xC6
                 	.EQU RAMPZ=0x3B
                 	.EQU EIND=0x3C
                 	.EQU SPL=0x3D
                 	.EQU SPH=0x3E
                 	.EQU SREG=0x3F
                 	.EQU XMCRA=0x74
                 	.EQU XMCRB=0x75
                 	.EQU GPIOR0=0x1E
                 
                 	.DEF R0X0=R0
                 	.DEF R0X1=R1
                 	.DEF R0X2=R2
                 	.DEF R0X3=R3
                 	.DEF R0X4=R4
                 	.DEF R0X5=R5
                 	.DEF R0X6=R6
                 	.DEF R0X7=R7
                 	.DEF R0X8=R8
                 	.DEF R0X9=R9
                 	.DEF R0XA=R10
                 	.DEF R0XB=R11
                 	.DEF R0XC=R12
                 	.DEF R0XD=R13
                 	.DEF R0XE=R14
                 	.DEF R0XF=R15
                 	.DEF R0X10=R16
                 	.DEF R0X11=R17
                 	.DEF R0X12=R18
                 	.DEF R0X13=R19
                 	.DEF R0X14=R20
                 	.DEF R0X15=R21
                 	.DEF R0X16=R22
                 	.DEF R0X17=R23
                 	.DEF R0X18=R24
                 	.DEF R0X19=R25
                 	.DEF R0X1A=R26
                 	.DEF R0X1B=R27
                 	.DEF R0X1C=R28
                 	.DEF R0X1D=R29
                 	.DEF R0X1E=R30
                 	.DEF R0X1F=R31
                 
                 	.EQU __SRAM_START=0x0200
                 	.EQU __SRAM_END=0x21FF
                 	.EQU __DSTACK_SIZE=0x0800
                 	.EQU __HEAP_SIZE=0x0000
                 	.EQU __CLEAR_SRAM_SIZE=__SRAM_END-__SRAM_START+1
                 
                 	.MACRO __CPD1N
                 	CPI  R30,LOW(@0)
                 	LDI  R26,HIGH(@0)
                 	CPC  R31,R26
                 	LDI  R26,BYTE3(@0)
                 	CPC  R22,R26
                 	LDI  R26,BYTE4(@0)
                 	CPC  R23,R26
                 	.ENDM
                 
                 	.MACRO __CPD2N
                 	CPI  R26,LOW(@0)
                 	LDI  R30,HIGH(@0)
                 	CPC  R27,R30
                 	LDI  R30,BYTE3(@0)
                 	CPC  R24,R30
                 	LDI  R30,BYTE4(@0)
                 	CPC  R25,R30
                 	.ENDM
                 
                 	.MACRO __CPWRR
                 	CP   R@0,R@2
                 	CPC  R@1,R@3
                 	.ENDM
                 
                 	.MACRO __CPWRN
                 	CPI  R@0,LOW(@2)
                 	LDI  R30,HIGH(@2)
                 	CPC  R@1,R30
                 	.ENDM
                 
                 	.MACRO __ADDB1MN
                 	SUBI R30,LOW(-@0-(@1))
                 	.ENDM
                 
                 	.MACRO __ADDB2MN
                 	SUBI R26,LOW(-@0-(@1))
                 	.ENDM
                 
                 	.MACRO __ADDW1MN
                 	SUBI R30,LOW(-@0-(@1))
                 	SBCI R31,HIGH(-@0-(@1))
                 	.ENDM
                 
                 	.MACRO __ADDW2MN
                 	SUBI R26,LOW(-@0-(@1))
                 	SBCI R27,HIGH(-@0-(@1))
                 	.ENDM
                 
                 	.MACRO __ADDW1FN
                 	SUBI R30,LOW(-2*@0-(@1))
                 	SBCI R31,HIGH(-2*@0-(@1))
                 	.ENDM
                 
                 	.MACRO __ADDD1FN
                 	SUBI R30,LOW(-2*@0-(@1))
                 	SBCI R31,HIGH(-2*@0-(@1))
                 	SBCI R22,BYTE3(-2*@0-(@1))
                 	.ENDM
                 
                 	.MACRO __ADDD1N
                 	SUBI R30,LOW(-@0)
                 	SBCI R31,HIGH(-@0)
                 	SBCI R22,BYTE3(-@0)
                 	SBCI R23,BYTE4(-@0)
                 	.ENDM
                 
                 	.MACRO __ADDD2N
                 	SUBI R26,LOW(-@0)
                 	SBCI R27,HIGH(-@0)
                 	SBCI R24,BYTE3(-@0)
                 	SBCI R25,BYTE4(-@0)
                 	.ENDM
                 
                 	.MACRO __SUBD1N
                 	SUBI R30,LOW(@0)
                 	SBCI R31,HIGH(@0)
                 	SBCI R22,BYTE3(@0)
                 	SBCI R23,BYTE4(@0)
                 	.ENDM
                 
                 	.MACRO __SUBD2N
                 	SUBI R26,LOW(@0)
                 	SBCI R27,HIGH(@0)
                 	SBCI R24,BYTE3(@0)
                 	SBCI R25,BYTE4(@0)
                 	.ENDM
                 
                 	.MACRO __ANDBMNN
                 	LDS  R30,@0+(@1)
                 	ANDI R30,LOW(@2)
                 	STS  @0+(@1),R30
                 	.ENDM
                 
                 	.MACRO __ANDWMNN
                 	LDS  R30,@0+(@1)
                 	ANDI R30,LOW(@2)
                 	STS  @0+(@1),R30
                 	LDS  R30,@0+(@1)+1
                 	ANDI R30,HIGH(@2)
                 	STS  @0+(@1)+1,R30
                 	.ENDM
                 
                 	.MACRO __ANDD1N
                 	ANDI R30,LOW(@0)
                 	ANDI R31,HIGH(@0)
                 	ANDI R22,BYTE3(@0)
                 	ANDI R23,BYTE4(@0)
                 	.ENDM
                 
                 	.MACRO __ANDD2N
                 	ANDI R26,LOW(@0)
                 	ANDI R27,HIGH(@0)
                 	ANDI R24,BYTE3(@0)
                 	ANDI R25,BYTE4(@0)
                 	.ENDM
                 
                 	.MACRO __ORBMNN
                 	LDS  R30,@0+(@1)
                 	ORI  R30,LOW(@2)
                 	STS  @0+(@1),R30
                 	.ENDM
                 
                 	.MACRO __ORWMNN
                 	LDS  R30,@0+(@1)
                 	ORI  R30,LOW(@2)
                 	STS  @0+(@1),R30
                 	LDS  R30,@0+(@1)+1
                 	ORI  R30,HIGH(@2)
                 	STS  @0+(@1)+1,R30
                 	.ENDM
                 
                 	.MACRO __ORD1N
                 	ORI  R30,LOW(@0)
                 	ORI  R31,HIGH(@0)
                 	ORI  R22,BYTE3(@0)
                 	ORI  R23,BYTE4(@0)
                 	.ENDM
                 
                 	.MACRO __ORD2N
                 	ORI  R26,LOW(@0)
                 	ORI  R27,HIGH(@0)
                 	ORI  R24,BYTE3(@0)
                 	ORI  R25,BYTE4(@0)
                 	.ENDM
                 
                 	.MACRO __DELAY_USB
                 	LDI  R24,LOW(@0)
                 __DELAY_USB_LOOP:
                 	DEC  R24
                 	BRNE __DELAY_USB_LOOP
                 	.ENDM
                 
                 	.MACRO __DELAY_USW
                 	LDI  R24,LOW(@0)
                 	LDI  R25,HIGH(@0)
                 __DELAY_USW_LOOP:
                 	SBIW R24,1
                 	BRNE __DELAY_USW_LOOP
                 	.ENDM
                 
                 	.MACRO __GETD1S
                 	LDD  R30,Y+@0
                 	LDD  R31,Y+@0+1
                 	LDD  R22,Y+@0+2
                 	LDD  R23,Y+@0+3
                 	.ENDM
                 
                 	.MACRO __GETD2S
                 	LDD  R26,Y+@0
                 	LDD  R27,Y+@0+1
                 	LDD  R24,Y+@0+2
                 	LDD  R25,Y+@0+3
                 	.ENDM
                 
                 	.MACRO __PUTD1S
                 	STD  Y+@0,R30
                 	STD  Y+@0+1,R31
                 	STD  Y+@0+2,R22
                 	STD  Y+@0+3,R23
                 	.ENDM
                 
                 	.MACRO __PUTD2S
                 	STD  Y+@0,R26
                 	STD  Y+@0+1,R27
                 	STD  Y+@0+2,R24
                 	STD  Y+@0+3,R25
                 	.ENDM
                 
                 	.MACRO __PUTDZ2
                 	STD  Z+@0,R26
                 	STD  Z+@0+1,R27
                 	STD  Z+@0+2,R24
                 	STD  Z+@0+3,R25
                 	.ENDM
                 
                 	.MACRO __CLRD1S
                 	STD  Y+@0,R30
                 	STD  Y+@0+1,R30
                 	STD  Y+@0+2,R30
                 	STD  Y+@0+3,R30
                 	.ENDM
                 
                 	.MACRO __POINTB1MN
                 	LDI  R30,LOW(@0+(@1))
                 	.ENDM
                 
                 	.MACRO __POINTW1MN
                 	LDI  R30,LOW(@0+(@1))
                 	LDI  R31,HIGH(@0+(@1))
                 	.ENDM
                 
                 	.MACRO __POINTD1M
                 	LDI  R30,LOW(@0)
                 	LDI  R31,HIGH(@0)
                 	LDI  R22,BYTE3(@0)
                 	LDI  R23,BYTE4(@0)
                 	.ENDM
                 
                 	.MACRO __POINTW1FN
                 	LDI  R30,LOW(2*@0+(@1))
                 	LDI  R31,HIGH(2*@0+(@1))
                 	.ENDM
                 
                 	.MACRO __POINTD1FN
                 	LDI  R30,LOW(2*@0+(@1))
                 	LDI  R31,HIGH(2*@0+(@1))
                 	LDI  R22,BYTE3(2*@0+(@1))
                 	LDI  R23,BYTE4(2*@0+(@1))
                 	.ENDM
                 
                 	.MACRO __POINTB2MN
                 	LDI  R26,LOW(@0+(@1))
                 	.ENDM
                 
                 	.MACRO __POINTW2MN
                 	LDI  R26,LOW(@0+(@1))
                 	LDI  R27,HIGH(@0+(@1))
                 	.ENDM
                 
                 	.MACRO __POINTW2FN
                 	LDI  R26,LOW(2*@0+(@1))
                 	LDI  R27,HIGH(2*@0+(@1))
                 	.ENDM
                 
                 	.MACRO __POINTD2FN
                 	LDI  R26,LOW(2*@0+(@1))
                 	LDI  R27,HIGH(2*@0+(@1))
                 	LDI  R24,BYTE3(2*@0+(@1))
                 	LDI  R25,BYTE4(2*@0+(@1))
                 	.ENDM
                 
                 	.MACRO __POINTBRM
                 	LDI  R@0,LOW(@1)
                 	.ENDM
                 
                 	.MACRO __POINTWRM
                 	LDI  R@0,LOW(@2)
                 	LDI  R@1,HIGH(@2)
                 	.ENDM
                 
                 	.MACRO __POINTBRMN
                 	LDI  R@0,LOW(@1+(@2))
                 	.ENDM
                 
                 	.MACRO __POINTWRMN
                 	LDI  R@0,LOW(@2+(@3))
                 	LDI  R@1,HIGH(@2+(@3))
                 	.ENDM
                 
                 	.MACRO __POINTWRFN
                 	LDI  R@0,LOW(@2*2+(@3))
                 	LDI  R@1,HIGH(@2*2+(@3))
                 	.ENDM
                 
                 	.MACRO __GETD1N
                 	LDI  R30,LOW(@0)
                 	LDI  R31,HIGH(@0)
                 	LDI  R22,BYTE3(@0)
                 	LDI  R23,BYTE4(@0)
                 	.ENDM
                 
                 	.MACRO __GETD2N
                 	LDI  R26,LOW(@0)
                 	LDI  R27,HIGH(@0)
                 	LDI  R24,BYTE3(@0)
                 	LDI  R25,BYTE4(@0)
                 	.ENDM
                 
                 	.MACRO __GETB1MN
                 	LDS  R30,@0+(@1)
                 	.ENDM
                 
                 	.MACRO __GETB1HMN
                 	LDS  R31,@0+(@1)
                 	.ENDM
                 
                 	.MACRO __GETW1MN
                 	LDS  R30,@0+(@1)
                 	LDS  R31,@0+(@1)+1
                 	.ENDM
                 
                 	.MACRO __GETD1MN
                 	LDS  R30,@0+(@1)
                 	LDS  R31,@0+(@1)+1
                 	LDS  R22,@0+(@1)+2
                 	LDS  R23,@0+(@1)+3
                 	.ENDM
                 
                 	.MACRO __GETBRMN
                 	LDS  R@0,@1+(@2)
                 	.ENDM
                 
                 	.MACRO __GETWRMN
                 	LDS  R@0,@2+(@3)
                 	LDS  R@1,@2+(@3)+1
                 	.ENDM
                 
                 	.MACRO __GETWRZ
                 	LDD  R@0,Z+@2
                 	LDD  R@1,Z+@2+1
                 	.ENDM
                 
                 	.MACRO __GETD2Z
                 	LDD  R26,Z+@0
                 	LDD  R27,Z+@0+1
                 	LDD  R24,Z+@0+2
                 	LDD  R25,Z+@0+3
                 	.ENDM
                 
                 	.MACRO __GETB2MN
                 	LDS  R26,@0+(@1)
                 	.ENDM
                 
                 	.MACRO __GETW2MN
                 	LDS  R26,@0+(@1)
                 	LDS  R27,@0+(@1)+1
                 	.ENDM
                 
                 	.MACRO __GETD2MN
                 	LDS  R26,@0+(@1)
                 	LDS  R27,@0+(@1)+1
                 	LDS  R24,@0+(@1)+2
                 	LDS  R25,@0+(@1)+3
                 	.ENDM
                 
                 	.MACRO __PUTB1MN
                 	STS  @0+(@1),R30
                 	.ENDM
                 
                 	.MACRO __PUTW1MN
                 	STS  @0+(@1),R30
                 	STS  @0+(@1)+1,R31
                 	.ENDM
                 
                 	.MACRO __PUTD1MN
                 	STS  @0+(@1),R30
                 	STS  @0+(@1)+1,R31
                 	STS  @0+(@1)+2,R22
                 	STS  @0+(@1)+3,R23
                 	.ENDM
                 
                 	.MACRO __PUTB1EN
                 	LDI  R26,LOW(@0+(@1))
                 	LDI  R27,HIGH(@0+(@1))
                 	CALL __EEPROMWRB
                 	.ENDM
                 
                 	.MACRO __PUTW1EN
                 	LDI  R26,LOW(@0+(@1))
                 	LDI  R27,HIGH(@0+(@1))
                 	CALL __EEPROMWRW
                 	.ENDM
                 
                 	.MACRO __PUTD1EN
                 	LDI  R26,LOW(@0+(@1))
                 	LDI  R27,HIGH(@0+(@1))
                 	CALL __EEPROMWRD
                 	.ENDM
                 
                 	.MACRO __PUTBR0MN
                 	STS  @0+(@1),R0
                 	.ENDM
                 
                 	.MACRO __PUTBMRN
                 	STS  @0+(@1),R@2
                 	.ENDM
                 
                 	.MACRO __PUTWMRN
                 	STS  @0+(@1),R@2
                 	STS  @0+(@1)+1,R@3
                 	.ENDM
                 
                 	.MACRO __PUTBZR
                 	STD  Z+@1,R@0
                 	.ENDM
                 
                 	.MACRO __PUTWZR
                 	STD  Z+@2,R@0
                 	STD  Z+@2+1,R@1
                 	.ENDM
                 
                 	.MACRO __GETW1R
                 	MOV  R30,R@0
                 	MOV  R31,R@1
                 	.ENDM
                 
                 	.MACRO __GETW2R
                 	MOV  R26,R@0
                 	MOV  R27,R@1
                 	.ENDM
                 
                 	.MACRO __GETWRN
                 	LDI  R@0,LOW(@2)
                 	LDI  R@1,HIGH(@2)
                 	.ENDM
                 
                 	.MACRO __PUTW1R
                 	MOV  R@0,R30
                 	MOV  R@1,R31
                 	.ENDM
                 
                 	.MACRO __PUTW2R
                 	MOV  R@0,R26
                 	MOV  R@1,R27
                 	.ENDM
                 
                 	.MACRO __ADDWRN
                 	SUBI R@0,LOW(-@2)
                 	SBCI R@1,HIGH(-@2)
                 	.ENDM
                 
                 	.MACRO __ADDWRR
                 	ADD  R@0,R@2
                 	ADC  R@1,R@3
                 	.ENDM
                 
                 	.MACRO __SUBWRN
                 	SUBI R@0,LOW(@2)
                 	SBCI R@1,HIGH(@2)
                 	.ENDM
                 
                 	.MACRO __SUBWRR
                 	SUB  R@0,R@2
                 	SBC  R@1,R@3
                 	.ENDM
                 
                 	.MACRO __ANDWRN
                 	ANDI R@0,LOW(@2)
                 	ANDI R@1,HIGH(@2)
                 	.ENDM
                 
                 	.MACRO __ANDWRR
                 	AND  R@0,R@2
                 	AND  R@1,R@3
                 	.ENDM
                 
                 	.MACRO __ORWRN
                 	ORI  R@0,LOW(@2)
                 	ORI  R@1,HIGH(@2)
                 	.ENDM
                 
                 	.MACRO __ORWRR
                 	OR   R@0,R@2
                 	OR   R@1,R@3
                 	.ENDM
                 
                 	.MACRO __EORWRR
                 	EOR  R@0,R@2
                 	EOR  R@1,R@3
                 	.ENDM
                 
                 	.MACRO __GETWRS
                 	LDD  R@0,Y+@2
                 	LDD  R@1,Y+@2+1
                 	.ENDM
                 
                 	.MACRO __PUTBSR
                 	STD  Y+@1,R@0
                 	.ENDM
                 
                 	.MACRO __PUTWSR
                 	STD  Y+@2,R@0
                 	STD  Y+@2+1,R@1
                 	.ENDM
                 
                 	.MACRO __MOVEWRR
                 	MOV  R@0,R@2
                 	MOV  R@1,R@3
                 	.ENDM
                 
                 	.MACRO __INWR
                 	IN   R@0,@2
                 	IN   R@1,@2+1
                 	.ENDM
                 
                 	.MACRO __OUTWR
                 	OUT  @2+1,R@1
                 	OUT  @2,R@0
                 	.ENDM
                 
                 	.MACRO __CALL1MN
                 	LDS  R30,@0+(@1)
                 	LDS  R31,@0+(@1)+1
                 	ICALL
                 	.ENDM
                 
                 	.MACRO __CALL1FN
                 	LDI  R30,LOW(2*@0+(@1))
                 	LDI  R31,HIGH(2*@0+(@1))
                 	CALL __GETW1PF
                 	ICALL
                 	.ENDM
                 
                 	.MACRO __CALL2EN
                 	LDI  R26,LOW(@0+(@1))
                 	LDI  R27,HIGH(@0+(@1))
                 	CALL __EEPROMRDW
                 	ICALL
                 	.ENDM
                 
                 	.MACRO __GETW1STACK
                 	IN   R26,SPL
                 	IN   R27,SPH
                 	ADIW R26,@0+1
                 	LD   R30,X+
                 	LD   R31,X
                 	.ENDM
                 
                 	.MACRO __GETD1STACK
                 	IN   R26,SPL
                 	IN   R27,SPH
                 	ADIW R26,@0+1
                 	LD   R30,X+
                 	LD   R31,X+
                 	LD   R22,X
                 	.ENDM
                 
                 	.MACRO __NBST
                 	BST  R@0,@1
                 	IN   R30,SREG
                 	LDI  R31,0x40
                 	EOR  R30,R31
                 	OUT  SREG,R30
                 	.ENDM
                 
                 
                 	.MACRO __PUTB1SN
                 	LDD  R26,Y+@0
                 	LDD  R27,Y+@0+1
                 	SUBI R26,LOW(-@1)
                 	SBCI R27,HIGH(-@1)
                 	ST   X,R30
                 	.ENDM
                 
                 	.MACRO __PUTW1SN
                 	LDD  R26,Y+@0
                 	LDD  R27,Y+@0+1
                 	SUBI R26,LOW(-@1)
                 	SBCI R27,HIGH(-@1)
                 	ST   X+,R30
                 	ST   X,R31
                 	.ENDM
                 
                 	.MACRO __PUTD1SN
                 	LDD  R26,Y+@0
                 	LDD  R27,Y+@0+1
                 	SUBI R26,LOW(-@1)
                 	SBCI R27,HIGH(-@1)
                 	CALL __PUTDP1
                 	.ENDM
                 
                 	.MACRO __PUTB1SNS
                 	LDD  R26,Y+@0
                 	LDD  R27,Y+@0+1
                 	ADIW R26,@1
                 	ST   X,R30
                 	.ENDM
                 
                 	.MACRO __PUTW1SNS
                 	LDD  R26,Y+@0
                 	LDD  R27,Y+@0+1
                 	ADIW R26,@1
                 	ST   X+,R30
                 	ST   X,R31
                 	.ENDM
                 
                 	.MACRO __PUTD1SNS
                 	LDD  R26,Y+@0
                 	LDD  R27,Y+@0+1
                 	ADIW R26,@1
                 	CALL __PUTDP1
                 	.ENDM
                 
                 	.MACRO __PUTB1PMN
                 	LDS  R26,@0
                 	LDS  R27,@0+1
                 	SUBI R26,LOW(-@1)
                 	SBCI R27,HIGH(-@1)
                 	ST   X,R30
                 	.ENDM
                 
                 	.MACRO __PUTW1PMN
                 	LDS  R26,@0
                 	LDS  R27,@0+1
                 	SUBI R26,LOW(-@1)
                 	SBCI R27,HIGH(-@1)
                 	ST   X+,R30
                 	ST   X,R31
                 	.ENDM
                 
                 	.MACRO __PUTD1PMN
                 	LDS  R26,@0
                 	LDS  R27,@0+1
                 	SUBI R26,LOW(-@1)
                 	SBCI R27,HIGH(-@1)
                 	CALL __PUTDP1
                 	.ENDM
                 
                 	.MACRO __PUTB1PMNS
                 	LDS  R26,@0
                 	LDS  R27,@0+1
                 	ADIW R26,@1
                 	ST   X,R30
                 	.ENDM
                 
                 	.MACRO __PUTW1PMNS
                 	LDS  R26,@0
                 	LDS  R27,@0+1
                 	ADIW R26,@1
                 	ST   X+,R30
                 	ST   X,R31
                 	.ENDM
                 
                 	.MACRO __PUTD1PMNS
                 	LDS  R26,@0
                 	LDS  R27,@0+1
                 	ADIW R26,@1
                 	CALL __PUTDP1
                 	.ENDM
                 
                 	.MACRO __PUTB1RN
                 	MOVW R26,R@0
                 	SUBI R26,LOW(-@1)
                 	SBCI R27,HIGH(-@1)
                 	ST   X,R30
                 	.ENDM
                 
                 	.MACRO __PUTW1RN
                 	MOVW R26,R@0
                 	SUBI R26,LOW(-@1)
                 	SBCI R27,HIGH(-@1)
                 	ST   X+,R30
                 	ST   X,R31
                 	.ENDM
                 
                 	.MACRO __PUTD1RN
                 	MOVW R26,R@0
                 	SUBI R26,LOW(-@1)
                 	SBCI R27,HIGH(-@1)
                 	CALL __PUTDP1
                 	.ENDM
                 
                 	.MACRO __PUTB1RNS
                 	MOVW R26,R@0
                 	ADIW R26,@1
                 	ST   X,R30
                 	.ENDM
                 
                 	.MACRO __PUTW1RNS
                 	MOVW R26,R@0
                 	ADIW R26,@1
                 	ST   X+,R30
                 	ST   X,R31
                 	.ENDM
                 
                 	.MACRO __PUTD1RNS
                 	MOVW R26,R@0
                 	ADIW R26,@1
                 	CALL __PUTDP1
                 	.ENDM
                 
                 	.MACRO __PUTB1RON
                 	MOV  R26,R@0
                 	MOV  R27,R@1
                 	SUBI R26,LOW(-@2)
                 	SBCI R27,HIGH(-@2)
                 	ST   X,R30
                 	.ENDM
                 
                 	.MACRO __PUTW1RON
                 	MOV  R26,R@0
                 	MOV  R27,R@1
                 	SUBI R26,LOW(-@2)
                 	SBCI R27,HIGH(-@2)
                 	ST   X+,R30
                 	ST   X,R31
                 	.ENDM
                 
                 	.MACRO __PUTD1RON
                 	MOV  R26,R@0
                 	MOV  R27,R@1
                 	SUBI R26,LOW(-@2)
                 	SBCI R27,HIGH(-@2)
                 	CALL __PUTDP1
                 	.ENDM
                 
                 	.MACRO __PUTB1RONS
                 	MOV  R26,R@0
                 	MOV  R27,R@1
                 	ADIW R26,@2
                 	ST   X,R30
                 	.ENDM
                 
                 	.MACRO __PUTW1RONS
                 	MOV  R26,R@0
                 	MOV  R27,R@1
                 	ADIW R26,@2
                 	ST   X+,R30
                 	ST   X,R31
                 	.ENDM
                 
                 	.MACRO __PUTD1RONS
                 	MOV  R26,R@0
                 	MOV  R27,R@1
                 	ADIW R26,@2
                 	CALL __PUTDP1
                 	.ENDM
                 
                 
                 	.MACRO __GETB1SX
                 	MOVW R30,R28
                 	SUBI R30,LOW(-@0)
                 	SBCI R31,HIGH(-@0)
                 	LD   R30,Z
                 	.ENDM
                 
                 	.MACRO __GETB1HSX
                 	MOVW R30,R28
                 	SUBI R30,LOW(-@0)
                 	SBCI R31,HIGH(-@0)
                 	LD   R31,Z
                 	.ENDM
                 
                 	.MACRO __GETW1SX
                 	MOVW R30,R28
                 	SUBI R30,LOW(-@0)
                 	SBCI R31,HIGH(-@0)
                 	LD   R0,Z+
                 	LD   R31,Z
                 	MOV  R30,R0
                 	.ENDM
                 
                 	.MACRO __GETD1SX
                 	MOVW R30,R28
                 	SUBI R30,LOW(-@0)
                 	SBCI R31,HIGH(-@0)
                 	LD   R0,Z+
                 	LD   R1,Z+
                 	LD   R22,Z+
                 	LD   R23,Z
                 	MOVW R30,R0
                 	.ENDM
                 
                 	.MACRO __GETB2SX
                 	MOVW R26,R28
                 	SUBI R26,LOW(-@0)
                 	SBCI R27,HIGH(-@0)
                 	LD   R26,X
                 	.ENDM
                 
                 	.MACRO __GETW2SX
                 	MOVW R26,R28
                 	SUBI R26,LOW(-@0)
                 	SBCI R27,HIGH(-@0)
                 	LD   R0,X+
                 	LD   R27,X
                 	MOV  R26,R0
                 	.ENDM
                 
                 	.MACRO __GETD2SX
                 	MOVW R26,R28
                 	SUBI R26,LOW(-@0)
                 	SBCI R27,HIGH(-@0)
                 	LD   R0,X+
                 	LD   R1,X+
                 	LD   R24,X+
                 	LD   R25,X
                 	MOVW R26,R0
                 	.ENDM
                 
                 	.MACRO __GETBRSX
                 	MOVW R30,R28
                 	SUBI R30,LOW(-@1)
                 	SBCI R31,HIGH(-@1)
                 	LD   R@0,Z
                 	.ENDM
                 
                 	.MACRO __GETWRSX
                 	MOVW R30,R28
                 	SUBI R30,LOW(-@2)
                 	SBCI R31,HIGH(-@2)
                 	LD   R@0,Z+
                 	LD   R@1,Z
                 	.ENDM
                 
                 	.MACRO __GETBRSX2
                 	MOVW R26,R28
                 	SUBI R26,LOW(-@1)
                 	SBCI R27,HIGH(-@1)
                 	LD   R@0,X
                 	.ENDM
                 
                 	.MACRO __GETWRSX2
                 	MOVW R26,R28
                 	SUBI R26,LOW(-@2)
                 	SBCI R27,HIGH(-@2)
                 	LD   R@0,X+
                 	LD   R@1,X
                 	.ENDM
                 
                 	.MACRO __LSLW8SX
                 	MOVW R30,R28
                 	SUBI R30,LOW(-@0)
                 	SBCI R31,HIGH(-@0)
                 	LD   R31,Z
                 	CLR  R30
                 	.ENDM
                 
                 	.MACRO __PUTB1SX
                 	MOVW R26,R28
                 	SUBI R26,LOW(-@0)
                 	SBCI R27,HIGH(-@0)
                 	ST   X,R30
                 	.ENDM
                 
                 	.MACRO __PUTW1SX
                 	MOVW R26,R28
                 	SUBI R26,LOW(-@0)
                 	SBCI R27,HIGH(-@0)
                 	ST   X+,R30
                 	ST   X,R31
                 	.ENDM
                 
                 	.MACRO __PUTD1SX
                 	MOVW R26,R28
                 	SUBI R26,LOW(-@0)
                 	SBCI R27,HIGH(-@0)
                 	ST   X+,R30
                 	ST   X+,R31
                 	ST   X+,R22
                 	ST   X,R23
                 	.ENDM
                 
                 	.MACRO __CLRW1SX
                 	MOVW R26,R28
                 	SUBI R26,LOW(-@0)
                 	SBCI R27,HIGH(-@0)
                 	ST   X+,R30
                 	ST   X,R30
                 	.ENDM
                 
                 	.MACRO __CLRD1SX
                 	MOVW R26,R28
                 	SUBI R26,LOW(-@0)
                 	SBCI R27,HIGH(-@0)
                 	ST   X+,R30
                 	ST   X+,R30
                 	ST   X+,R30
                 	ST   X,R30
                 	.ENDM
                 
                 	.MACRO __PUTB2SX
                 	MOVW R30,R28
                 	SUBI R30,LOW(-@0)
                 	SBCI R31,HIGH(-@0)
                 	ST   Z,R26
                 	.ENDM
                 
                 	.MACRO __PUTW2SX
                 	MOVW R30,R28
                 	SUBI R30,LOW(-@0)
                 	SBCI R31,HIGH(-@0)
                 	ST   Z+,R26
                 	ST   Z,R27
                 	.ENDM
                 
                 	.MACRO __PUTD2SX
                 	MOVW R30,R28
                 	SUBI R30,LOW(-@0)
                 	SBCI R31,HIGH(-@0)
                 	ST   Z+,R26
                 	ST   Z+,R27
                 	ST   Z+,R24
                 	ST   Z,R25
                 	.ENDM
                 
                 	.MACRO __PUTBSRX
                 	MOVW R30,R28
                 	SUBI R30,LOW(-@1)
                 	SBCI R31,HIGH(-@1)
                 	ST   Z,R@0
                 	.ENDM
                 
                 	.MACRO __PUTWSRX
                 	MOVW R30,R28
                 	SUBI R30,LOW(-@2)
                 	SBCI R31,HIGH(-@2)
                 	ST   Z+,R@0
                 	ST   Z,R@1
                 	.ENDM
                 
                 	.MACRO __PUTB1SNX
                 	MOVW R26,R28
                 	SUBI R26,LOW(-@0)
                 	SBCI R27,HIGH(-@0)
                 	LD   R0,X+
                 	LD   R27,X
                 	MOV  R26,R0
                 	SUBI R26,LOW(-@1)
                 	SBCI R27,HIGH(-@1)
                 	ST   X,R30
                 	.ENDM
                 
                 	.MACRO __PUTW1SNX
                 	MOVW R26,R28
                 	SUBI R26,LOW(-@0)
                 	SBCI R27,HIGH(-@0)
                 	LD   R0,X+
                 	LD   R27,X
                 	MOV  R26,R0
                 	SUBI R26,LOW(-@1)
                 	SBCI R27,HIGH(-@1)
                 	ST   X+,R30
                 	ST   X,R31
                 	.ENDM
                 
                 	.MACRO __PUTD1SNX
                 	MOVW R26,R28
                 	SUBI R26,LOW(-@0)
                 	SBCI R27,HIGH(-@0)
                 	LD   R0,X+
                 	LD   R27,X
                 	MOV  R26,R0
                 	SUBI R26,LOW(-@1)
                 	SBCI R27,HIGH(-@1)
                 	ST   X+,R30
                 	ST   X+,R31
                 	ST   X+,R22
                 	ST   X,R23
                 	.ENDM
                 
                 	.MACRO __MULBRR
                 	MULS R@0,R@1
                 	MOVW R30,R0
                 	.ENDM
                 
                 	.MACRO __MULBRRU
                 	MUL  R@0,R@1
                 	MOVW R30,R0
                 	.ENDM
                 
                 	.MACRO __MULBRR0
                 	MULS R@0,R@1
                 	.ENDM
                 
                 	.MACRO __MULBRRU0
                 	MUL  R@0,R@1
                 	.ENDM
                 
                 	.MACRO __MULBNWRU
                 	LDI  R26,@2
                 	MUL  R26,R@0
                 	MOVW R30,R0
                 	MUL  R26,R@1
                 	ADD  R31,R0
                 	.ENDM
                 
                 ;NAME DEFINITIONS FOR GLOBAL VARIABLES ALLOCATED TO REGISTERS
                 	.DEF _x=R3
                 	.DEF _y=R5
                 	.DEF __lcd_x=R8
                 	.DEF __lcd_y=R7
                 	.DEF __lcd_maxx=R10
                 
                 ;GPIOR0 INITIALIZATION VALUE
                 	.EQU __GPIOR0_INIT=0x00
                 
                 	.CSEG
                 	.ORG 0x00
                 
                 ;START OF CODE MARKER
                 __START_OF_CODE:
                 
                 ;INTERRUPT VECTORS
000000 940c 008e 	JMP  __RESET
000002 940c 0000 	JMP  0x00
000004 940c 0000 	JMP  0x00
000006 940c 0000 	JMP  0x00
000008 940c 0000 	JMP  0x00
00000a 940c 0000 	JMP  0x00
00000c 940c 0000 	JMP  0x00
00000e 940c 0000 	JMP  0x00
000010 940c 0000 	JMP  0x00
000012 940c 0000 	JMP  0x00
000014 940c 0000 	JMP  0x00
000016 940c 0000 	JMP  0x00
000018 940c 0000 	JMP  0x00
00001a 940c 0000 	JMP  0x00
00001c 940c 0000 	JMP  0x00
00001e 940c 0000 	JMP  0x00
000020 940c 0000 	JMP  0x00
000022 940c 0000 	JMP  0x00
000024 940c 0000 	JMP  0x00
000026 940c 0000 	JMP  0x00
000028 940c 0000 	JMP  0x00
00002a 940c 0000 	JMP  0x00
00002c 940c 0000 	JMP  0x00
00002e 940c 0000 	JMP  0x00
000030 940c 0000 	JMP  0x00
000032 940c 0000 	JMP  0x00
000034 940c 0000 	JMP  0x00
000036 940c 0000 	JMP  0x00
000038 940c 0000 	JMP  0x00
00003a 940c 0000 	JMP  0x00
00003c 940c 0000 	JMP  0x00
00003e 940c 0000 	JMP  0x00
000040 940c 0000 	JMP  0x00
000042 940c 0000 	JMP  0x00
000044 940c 0000 	JMP  0x00
000046 940c 0000 	JMP  0x00
000048 940c 0000 	JMP  0x00
00004a 940c 0000 	JMP  0x00
00004c 940c 0000 	JMP  0x00
00004e 940c 0000 	JMP  0x00
000050 940c 0000 	JMP  0x00
000052 940c 0000 	JMP  0x00
000054 940c 0000 	JMP  0x00
000056 940c 0000 	JMP  0x00
000058 940c 0000 	JMP  0x00
00005a 940c 0000 	JMP  0x00
00005c 940c 0000 	JMP  0x00
00005e 940c 0000 	JMP  0x00
000060 940c 0000 	JMP  0x00
000062 940c 0000 	JMP  0x00
000064 940c 0000 	JMP  0x00
000066 940c 0000 	JMP  0x00
000068 940c 0000 	JMP  0x00
00006a 940c 0000 	JMP  0x00
00006c 940c 0000 	JMP  0x00
00006e 940c 0000 	JMP  0x00
000070 940c 0000 	JMP  0x00
                 
                 _tbl10_G102:
000072 2710
000073 03e8
000074 0064
000075 000a      	.DB  0x10,0x27,0xE8,0x3,0x64,0x0,0xA,0x0
000076 0001      	.DB  0x1,0x0
                 _tbl16_G102:
000077 1000
000078 0100
000079 0010
00007a 0001      	.DB  0x0,0x10,0x0,0x1,0x10,0x0,0x1,0x0
                 
                 _0x38:
00007b 0000
00007c 0000      	.DB  0x0,0x0,0x0,0x0
                 _0x2000060:
D:\amir-saeed\j8\List\ps2.asm(1161): warning: .cseg .db misalignment - padding zero byte
00007d 0001      	.DB  0x1
                 _0x2000000:
00007e 4e2d
00007f 4e41
000080 4900
000081 464e      	.DB  0x2D,0x4E,0x41,0x4E,0x0,0x49,0x4E,0x46
D:\amir-saeed\j8\List\ps2.asm(1164): warning: .cseg .db misalignment - padding zero byte
000082 0000      	.DB  0x0
                 _0x2020003:
000083 c080      	.DB  0x80,0xC0
                 
                 __GLOBAL_INI_TBL:
000084 0004      	.DW  0x04
000085 0003      	.DW  0x03
000086 00f6      	.DW  _0x38*2
                 
000087 0001      	.DW  0x01
000088 0a00      	.DW  __seed_G100
000089 00fa      	.DW  _0x2000060*2
                 
00008a 0002      	.DW  0x02
00008b 0a04      	.DW  __base_y_G101
00008c 0106      	.DW  _0x2020003*2
                 
                 _0xFFFFFFFF:
00008d 0000      	.DW  0
                 
                 __RESET:
00008e 94f8      	CLI
00008f 27ee      	CLR  R30
000090 bbef      	OUT  EECR,R30
                 
                 ;INTERRUPT VECTORS ARE PLACED
                 ;AT THE START OF FLASH
000091 e0f1      	LDI  R31,1
000092 bff5      	OUT  MCUCR,R31
000093 bfe5      	OUT  MCUCR,R30
000094 93e0 0074 	STS  XMCRA,R30
000096 93e0 0075 	STS  XMCRB,R30
                 
                 ;DISABLE WATCHDOG
000098 e1f8      	LDI  R31,0x18
000099 95a8      	WDR
00009a b7a4      	IN   R26,MCUSR
00009b 7fa7      	CBR  R26,8
00009c bfa4      	OUT  MCUSR,R26
00009d 93f0 0060 	STS  WDTCSR,R31
00009f 93e0 0060 	STS  WDTCSR,R30
                 
                 ;CLEAR R2-R14
0000a1 e08d      	LDI  R24,(14-2)+1
0000a2 e0a2      	LDI  R26,2
0000a3 27bb      	CLR  R27
                 __CLEAR_REG:
0000a4 93ed      	ST   X+,R30
0000a5 958a      	DEC  R24
0000a6 f7e9      	BRNE __CLEAR_REG
                 
                 ;CLEAR SRAM
0000a7 e080      	LDI  R24,LOW(__CLEAR_SRAM_SIZE)
0000a8 e290      	LDI  R25,HIGH(__CLEAR_SRAM_SIZE)
0000a9 e0a0      	LDI  R26,LOW(__SRAM_START)
0000aa e0b2      	LDI  R27,HIGH(__SRAM_START)
                 __CLEAR_SRAM:
0000ab 93ed      	ST   X+,R30
0000ac 9701      	SBIW R24,1
0000ad f7e9      	BRNE __CLEAR_SRAM
                 
                 ;GLOBAL VARIABLES INITIALIZATION
0000ae e0e8      	LDI  R30,LOW(__GLOBAL_INI_TBL*2)
0000af e0f1      	LDI  R31,HIGH(__GLOBAL_INI_TBL*2)
                 __GLOBAL_INI_NEXT:
0000b0 9185      	LPM  R24,Z+
0000b1 9195      	LPM  R25,Z+
0000b2 9700      	SBIW R24,0
0000b3 f061      	BREQ __GLOBAL_INI_END
0000b4 91a5      	LPM  R26,Z+
0000b5 91b5      	LPM  R27,Z+
0000b6 9005      	LPM  R0,Z+
0000b7 9015      	LPM  R1,Z+
0000b8 01bf      	MOVW R22,R30
0000b9 01f0      	MOVW R30,R0
                 __GLOBAL_INI_LOOP:
0000ba 9005      	LPM  R0,Z+
0000bb 920d      	ST   X+,R0
0000bc 9701      	SBIW R24,1
0000bd f7e1      	BRNE __GLOBAL_INI_LOOP
0000be 01fb      	MOVW R30,R22
0000bf cff0      	RJMP __GLOBAL_INI_NEXT
                 __GLOBAL_INI_END:
                 
0000c0 bf8b      	OUT  RAMPZ,R24
                 
                 ;GPIOR0 INITIALIZATION
0000c1 e0e0      	LDI  R30,__GPIOR0_INIT
0000c2 bbee      	OUT  GPIOR0,R30
                 
                 ;HARDWARE STACK POINTER INITIALIZATION
0000c3 efef      	LDI  R30,LOW(__SRAM_END-__HEAP_SIZE)
0000c4 bfed      	OUT  SPL,R30
0000c5 e2e1      	LDI  R30,HIGH(__SRAM_END-__HEAP_SIZE)
0000c6 bfee      	OUT  SPH,R30
                 
                 ;DATA STACK POINTER INITIALIZATION
0000c7 e0c0      	LDI  R28,LOW(__SRAM_START+__DSTACK_SIZE)
0000c8 e0da      	LDI  R29,HIGH(__SRAM_START+__DSTACK_SIZE)
                 
0000c9 940c 0105 	JMP  _main
                 
                 	.ESEG
                 	.ORG 0
                 
                 	.DSEG
                 	.ORG 0xA00
                 
                 	.CSEG
                 ;/*****************************************************
                 ;This program was produced by the
                 ;CodeWizardAVR V2.05.3 Standard
                 ;Automatic Program Generator
                 ;© Copyright 1998-2011 Pavel Haiduc, HP InfoTech s.r.l.
                 ;http://www.hpinfotech.com
                 ;
                 ;Project :
                 ;Version :
                 ;Date    : 5/7/2019
                 ;Author  : admin
                 ;Company : IUST
                 ;Comments:
                 ;
                 ;
                 ;Chip type               : ATmega1280
                 ;Program type            : Application
                 ;AVR Core Clock frequency: 11.059200 MHz
                 ;Memory model            : Small
                 ;External RAM size       : 0
                 ;Data Stack size         : 2048
                 ;*****************************************************/
                 ;
                 ;#include <mega1280.h>
                 	#ifndef __SLEEP_DEFINED__
                 	#define __SLEEP_DEFINED__
                 	.EQU __se_bit=0x01
                 	.EQU __sm_mask=0x0E
                 	.EQU __sm_powerdown=0x04
                 	.EQU __sm_powersave=0x06
                 	.EQU __sm_standby=0x0C
                 	.EQU __sm_ext_standby=0x0E
                 	.EQU __sm_adc_noise_red=0x02
                 	.SET power_ctrl_reg=smcr
                 	#endif
                 ;#include <stdlib.h>
                 ;
                 ;// Alphanumeric LCD functions
                 ;#include <alcd.h>
                 ;
                 ;// Standard Input/Output functions
                 ;#include <stdio.h>
                 ;
                 ;// Declare your global variables here
                 ;int x = 0;
                 ;int y =0;
                 ;
                 ;void updatePos(int flag)
                 ; 0000 0026 {
                 
                 	.CSEG
                 _updatePos:
                 ; 0000 0027     if (flag) {
0000cb 93ba      	ST   -Y,R27
0000cc 93aa      	ST   -Y,R26
                 ;	flag -> Y+0
0000cd 81e8      	LD   R30,Y
0000ce 81f9      	LDD  R31,Y+1
0000cf 9730      	SBIW R30,0
0000d0 f0f1      	BREQ _0x3
                 ; 0000 0028         if(1 + x > 15) {
                +
0000d1 2da3     +MOV R26 , R3
0000d2 2db4     +MOV R27 , R4
                 	__GETW2R 3,4
0000d3 9611      	ADIW R26,1
0000d4 9750      	SBIW R26,16
0000d5 f0a4      	BRLT _0x4
                 ; 0000 0029             if (y == 1) {
0000d6 e0e1      	LDI  R30,LOW(1)
0000d7 e0f0      	LDI  R31,HIGH(1)
0000d8 15e5      	CP   R30,R5
0000d9 05f6      	CPC  R31,R6
0000da f441      	BRNE _0x5
                 ; 0000 002A                 lcd_clear();
0000db 940e 0341 	CALL _lcd_clear
                 ; 0000 002B                 x = 0;
0000dd 2433      	CLR  R3
0000de 2444      	CLR  R4
                 ; 0000 002C                 y = 0;
0000df 2455      	CLR  R5
0000e0 2466      	CLR  R6
                 ; 0000 002D                 return ;
0000e1 940c 033f 	JMP  _0x20C0002
                 ; 0000 002E             }
                 ; 0000 002F             y = 1;
                 _0x5:
0000e3 e0e1      	LDI  R30,LOW(1)
0000e4 e0f0      	LDI  R31,HIGH(1)
                +
0000e5 2e5e     +MOV R5 , R30
0000e6 2e6f     +MOV R6 , R31
                 	__PUTW1R 5,6
                 ; 0000 0030             x = 0;
0000e7 2433      	CLR  R3
0000e8 2444      	CLR  R4
                 ; 0000 0031         }
                 ; 0000 0032         else {
0000e9 c004      	RJMP _0x6
                 _0x4:
                 ; 0000 0033                 x ++;
0000ea e0e1      	LDI  R30,LOW(1)
0000eb e0f0      	LDI  R31,HIGH(1)
                +
0000ec 0e3e     +ADD R3 , R30
0000ed 1e4f     +ADC R4 , R31
                 	__ADDWRR 3,4,30,31
                 ; 0000 0034         }
                 _0x6:
                 ; 0000 0035     } else {
0000ee c014      	RJMP _0x7
                 _0x3:
                 ; 0000 0036         if(x == 0) {
0000ef 2c03      	MOV  R0,R3
0000f0 2804      	OR   R0,R4
0000f1 f461      	BRNE _0x8
                 ; 0000 0037             if (y == 1) {
0000f2 e0e1      	LDI  R30,LOW(1)
0000f3 e0f0      	LDI  R31,HIGH(1)
0000f4 15e5      	CP   R30,R5
0000f5 05f6      	CPC  R31,R6
0000f6 f431      	BRNE _0x9
                 ; 0000 0038                 y = 0;
0000f7 2455      	CLR  R5
0000f8 2466      	CLR  R6
                 ; 0000 0039                 x = 15;
0000f9 e0ef      	LDI  R30,LOW(15)
0000fa e0f0      	LDI  R31,HIGH(15)
                +
0000fb 2e3e     +MOV R3 , R30
0000fc 2e4f     +MOV R4 , R31
                 	__PUTW1R 3,4
                 ; 0000 003A             }
                 ; 0000 003B         } else{
                 _0x9:
0000fd c005      	RJMP _0xA
                 _0x8:
                 ; 0000 003C             x --;
                +
0000fe 2de3     +MOV R30 , R3
0000ff 2df4     +MOV R31 , R4
                 	__GETW1R 3,4
000100 9731      	SBIW R30,1
                +
000101 2e3e     +MOV R3 , R30
000102 2e4f     +MOV R4 , R31
                 	__PUTW1R 3,4
                 ; 0000 003D         }
                 _0xA:
                 ; 0000 003E 
                 ; 0000 003F 
                 ; 0000 0040 
                 ; 0000 0041     }
                 _0x7:
                 ; 0000 0042 
                 ; 0000 0043 }
000103 940c 033f 	JMP  _0x20C0002
                 ;
                 ;void main(void)
                 ; 0000 0046 {
                 _main:
                 ; 0000 0047 // Declare your local variables here
                 ; 0000 0048 char a, b[3];
                 ; 0000 0049 // Crystal Oscillator division factor: 1
                 ; 0000 004A #pragma optsize-
                 ; 0000 004B CLKPR=0x80;
000105 9723      	SBIW R28,3
                 ;	a -> R17
                 ;	b -> Y+0
000106 e8e0      	LDI  R30,LOW(128)
000107 93e0 0061 	STS  97,R30
                 ; 0000 004C CLKPR=0x00;
000109 e0e0      	LDI  R30,LOW(0)
00010a 93e0 0061 	STS  97,R30
                 ; 0000 004D #ifdef _OPTIMIZE_SIZE_
                 ; 0000 004E #pragma optsize+
                 ; 0000 004F #endif
                 ; 0000 0050 
                 ; 0000 0051 // Input/Output Ports initialization
                 ; 0000 0052 // Port A initialization
                 ; 0000 0053 // Func7=In Func6=In Func5=In Func4=In Func3=In Func2=In Func1=In Func0=In
                 ; 0000 0054 // State7=T State6=T State5=T State4=T State3=T State2=T State1=T State0=T
                 ; 0000 0055 PORTA=0x00;
00010c b9e2      	OUT  0x2,R30
                 ; 0000 0056 DDRA=0x00;
00010d b9e1      	OUT  0x1,R30
                 ; 0000 0057 
                 ; 0000 0058 // Port B initialization
                 ; 0000 0059 // Func7=In Func6=In Func5=In Func4=In Func3=In Func2=In Func1=In Func0=In
                 ; 0000 005A // State7=T State6=T State5=T State4=T State3=T State2=T State1=T State0=T
                 ; 0000 005B PORTB=0x00;
00010e b9e5      	OUT  0x5,R30
                 ; 0000 005C DDRB=0x00;
00010f b9e4      	OUT  0x4,R30
                 ; 0000 005D 
                 ; 0000 005E // Port C initialization
                 ; 0000 005F // Func7=In Func6=In Func5=In Func4=In Func3=In Func2=In Func1=In Func0=In
                 ; 0000 0060 // State7=T State6=T State5=T State4=T State3=T State2=T State1=T State0=T
                 ; 0000 0061 PORTC=0x00;
000110 b9e8      	OUT  0x8,R30
                 ; 0000 0062 DDRC=0x00;
000111 b9e7      	OUT  0x7,R30
                 ; 0000 0063 
                 ; 0000 0064 // Port D initialization
                 ; 0000 0065 // Func7=In Func6=In Func5=In Func4=In Func3=In Func2=In Func1=In Func0=In
                 ; 0000 0066 // State7=T State6=T State5=T State4=T State3=T State2=T State1=T State0=T
                 ; 0000 0067 PORTD=0x00;
000112 b9eb      	OUT  0xB,R30
                 ; 0000 0068 DDRD=0x00;
000113 b9ea      	OUT  0xA,R30
                 ; 0000 0069 
                 ; 0000 006A // Port E initialization
                 ; 0000 006B // Func7=In Func6=In Func5=In Func4=In Func3=In Func2=In Func1=In Func0=In
                 ; 0000 006C // State7=T State6=T State5=T State4=T State3=T State2=T State1=T State0=T
                 ; 0000 006D PORTE=0x00;
000114 b9ee      	OUT  0xE,R30
                 ; 0000 006E DDRE=0x00;
000115 b9ed      	OUT  0xD,R30
                 ; 0000 006F 
                 ; 0000 0070 // Port F initialization
                 ; 0000 0071 // Func7=In Func6=In Func5=In Func4=In Func3=In Func2=In Func1=In Func0=In
                 ; 0000 0072 // State7=T State6=T State5=T State4=T State3=T State2=T State1=T State0=T
                 ; 0000 0073 PORTF=0x00;
000116 bbe1      	OUT  0x11,R30
                 ; 0000 0074 DDRF=0x00;
000117 bbe0      	OUT  0x10,R30
                 ; 0000 0075 
                 ; 0000 0076 // Port G initialization
                 ; 0000 0077 // Func5=In Func4=In Func3=In Func2=In Func1=In Func0=In
                 ; 0000 0078 // State5=T State4=T State3=T State2=T State1=T State0=T
                 ; 0000 0079 PORTG=0x00;
000118 bbe4      	OUT  0x14,R30
                 ; 0000 007A DDRG=0x00;
000119 bbe3      	OUT  0x13,R30
                 ; 0000 007B 
                 ; 0000 007C // Port H initialization
                 ; 0000 007D // Func7=In Func6=In Func5=In Func4=In Func3=In Func2=In Func1=In Func0=In
                 ; 0000 007E // State7=T State6=T State5=T State4=T State3=T State2=T State1=T State0=T
                 ; 0000 007F PORTH=0x00;
00011a 93e0 0102 	STS  258,R30
                 ; 0000 0080 DDRH=0x00;
00011c 93e0 0101 	STS  257,R30
                 ; 0000 0081 
                 ; 0000 0082 // Port J initialization
                 ; 0000 0083 // Func7=In Func6=In Func5=In Func4=In Func3=In Func2=In Func1=In Func0=In
                 ; 0000 0084 // State7=T State6=T State5=T State4=T State3=T State2=T State1=T State0=T
                 ; 0000 0085 PORTJ=0x00;
00011e 93e0 0105 	STS  261,R30
                 ; 0000 0086 DDRJ=0x00;
000120 93e0 0104 	STS  260,R30
                 ; 0000 0087 
                 ; 0000 0088 // Port K initialization
                 ; 0000 0089 // Func7=In Func6=In Func5=In Func4=In Func3=In Func2=In Func1=In Func0=In
                 ; 0000 008A // State7=T State6=T State5=T State4=T State3=T State2=T State1=T State0=T
                 ; 0000 008B PORTK=0x00;
000122 93e0 0108 	STS  264,R30
                 ; 0000 008C DDRK=0x00;
000124 93e0 0107 	STS  263,R30
                 ; 0000 008D 
                 ; 0000 008E // Port L initialization
                 ; 0000 008F // Func7=In Func6=In Func5=In Func4=In Func3=In Func2=In Func1=In Func0=In
                 ; 0000 0090 // State7=T State6=T State5=T State4=T State3=T State2=T State1=T State0=T
                 ; 0000 0091 PORTL=0x00;
000126 93e0 010b 	STS  267,R30
                 ; 0000 0092 DDRL=0x00;
000128 93e0 010a 	STS  266,R30
                 ; 0000 0093 
                 ; 0000 0094 // USART0 initialization
                 ; 0000 0095 // Communication Parameters: 8 Data, 1 Stop, No Parity
                 ; 0000 0096 // USART0 Receiver: On
                 ; 0000 0097 // USART0 Transmitter: Off
                 ; 0000 0098 // USART0 Mode: Sync. Slave UCPOL=0
                 ; 0000 0099 UCSR0A=0x00;
00012a 93e0 00c0 	STS  192,R30
                 ; 0000 009A UCSR0B=0x10;
00012c e1e0      	LDI  R30,LOW(16)
00012d 93e0 00c1 	STS  193,R30
                 ; 0000 009B UCSR0C=0x46;
00012f e4e6      	LDI  R30,LOW(70)
000130 93e0 00c2 	STS  194,R30
                 ; 0000 009C // Alphanumeric LCD initialization
                 ; 0000 009D // Connections are specified in the
                 ; 0000 009E // Project|Configure|C Compiler|Libraries|Alphanumeric LCD menu:
                 ; 0000 009F // RS - PORTA Bit 0
                 ; 0000 00A0 // RD - PORTA Bit 1
                 ; 0000 00A1 // EN - PORTA Bit 2
                 ; 0000 00A2 // D4 - PORTA Bit 4
                 ; 0000 00A3 // D5 - PORTA Bit 5
                 ; 0000 00A4 // D6 - PORTA Bit 6
                 ; 0000 00A5 // D7 - PORTA Bit 7
                 ; 0000 00A6 // Characters/line: 16
                 ; 0000 00A7 lcd_init(16);
000132 e1a0      	LDI  R26,LOW(16)
000133 940e 0361 	CALL _lcd_init
                 ; 0000 00A8 
                 ; 0000 00A9 while (1)
                 _0xB:
                 ; 0000 00AA       {
                 ; 0000 00AB         // Place your code here
                 ; 0000 00AC         a = getchar();
000135 940e 038f 	CALL _getchar
000137 2f1e      	MOV  R17,R30
                 ; 0000 00AD         itoa(a, b);
000138 2fe1      	MOV  R30,R17
000139 e0f0      	LDI  R31,0
00013a 93fa      	ST   -Y,R31
00013b 93ea      	ST   -Y,R30
00013c 01de      	MOVW R26,R28
00013d 9612      	ADIW R26,2
00013e 940e 02e6 	CALL _itoa
                 ; 0000 00AE         switch(a){
000140 2fe1      	MOV  R30,R17
000141 e0f0      	LDI  R31,0
                 ; 0000 00AF             case 0x1C:
000142 31ec      	CPI  R30,LOW(0x1C)
000143 e0a0      	LDI  R26,HIGH(0x1C)
000144 07fa      	CPC  R31,R26
000145 f439      	BRNE _0x11
                 ; 0000 00B0                 lcd_gotoxy(x, y);
000146 940e 0396 	CALL SUBOPT_0x0
                 ; 0000 00B1                 lcd_putchar('A');
000148 e4a1      	LDI  R26,LOW(65)
000149 940e 034d 	CALL _lcd_putchar
                 ; 0000 00B2                 updatePos(1);
00014b e0a1      	LDI  R26,LOW(1)
00014c c191      	RJMP _0x37
                 ; 0000 00B3                 getchar();getchar();
                 ; 0000 00B4                 break;
                 ; 0000 00B5             case 0x32:
                 _0x11:
00014d 33e2      	CPI  R30,LOW(0x32)
00014e e0a0      	LDI  R26,HIGH(0x32)
00014f 07fa      	CPC  R31,R26
000150 f439      	BRNE _0x12
                 ; 0000 00B6                 lcd_gotoxy(x, y);
000151 940e 0396 	CALL SUBOPT_0x0
                 ; 0000 00B7                 lcd_putchar('B');
000153 e4a2      	LDI  R26,LOW(66)
000154 940e 034d 	CALL _lcd_putchar
                 ; 0000 00B8                 updatePos(1);
000156 e0a1      	LDI  R26,LOW(1)
000157 c186      	RJMP _0x37
                 ; 0000 00B9                 getchar();getchar();
                 ; 0000 00BA                 break;
                 ; 0000 00BB             case 0x21:
                 _0x12:
000158 32e1      	CPI  R30,LOW(0x21)
000159 e0a0      	LDI  R26,HIGH(0x21)
00015a 07fa      	CPC  R31,R26
00015b f439      	BRNE _0x13
                 ; 0000 00BC                 lcd_gotoxy(x, y);
00015c 940e 0396 	CALL SUBOPT_0x0
                 ; 0000 00BD                 lcd_putchar('C');
00015e e4a3      	LDI  R26,LOW(67)
00015f 940e 034d 	CALL _lcd_putchar
                 ; 0000 00BE                 updatePos(1);
000161 e0a1      	LDI  R26,LOW(1)
000162 c17b      	RJMP _0x37
                 ; 0000 00BF                 getchar();getchar();
                 ; 0000 00C0                 break;
                 ; 0000 00C1             case 0x23:
                 _0x13:
000163 32e3      	CPI  R30,LOW(0x23)
000164 e0a0      	LDI  R26,HIGH(0x23)
000165 07fa      	CPC  R31,R26
000166 f439      	BRNE _0x14
                 ; 0000 00C2                 lcd_gotoxy(x, y);
000167 940e 0396 	CALL SUBOPT_0x0
                 ; 0000 00C3                 lcd_putchar('D');
000169 e4a4      	LDI  R26,LOW(68)
00016a 940e 034d 	CALL _lcd_putchar
                 ; 0000 00C4                 updatePos(1);
00016c e0a1      	LDI  R26,LOW(1)
00016d c170      	RJMP _0x37
                 ; 0000 00C5                 getchar();getchar();
                 ; 0000 00C6                 break;
                 ; 0000 00C7             case 0x24:
                 _0x14:
00016e 32e4      	CPI  R30,LOW(0x24)
00016f e0a0      	LDI  R26,HIGH(0x24)
000170 07fa      	CPC  R31,R26
000171 f439      	BRNE _0x15
                 ; 0000 00C8                 lcd_gotoxy(x, y);
000172 940e 0396 	CALL SUBOPT_0x0
                 ; 0000 00C9                 lcd_putchar('E');
000174 e4a5      	LDI  R26,LOW(69)
000175 940e 034d 	CALL _lcd_putchar
                 ; 0000 00CA                 updatePos(1);
000177 e0a1      	LDI  R26,LOW(1)
000178 c165      	RJMP _0x37
                 ; 0000 00CB                 getchar();getchar();
                 ; 0000 00CC                 break;
                 ; 0000 00CD             case 0x2B:
                 _0x15:
000179 32eb      	CPI  R30,LOW(0x2B)
00017a e0a0      	LDI  R26,HIGH(0x2B)
00017b 07fa      	CPC  R31,R26
00017c f439      	BRNE _0x16
                 ; 0000 00CE                 lcd_gotoxy(x, y);
00017d 940e 0396 	CALL SUBOPT_0x0
                 ; 0000 00CF                 lcd_putchar('F');
00017f e4a6      	LDI  R26,LOW(70)
000180 940e 034d 	CALL _lcd_putchar
                 ; 0000 00D0                 updatePos(1);
000182 e0a1      	LDI  R26,LOW(1)
000183 c15a      	RJMP _0x37
                 ; 0000 00D1                 getchar();getchar();
                 ; 0000 00D2                 break;
                 ; 0000 00D3             case 0x34:
                 _0x16:
000184 33e4      	CPI  R30,LOW(0x34)
000185 e0a0      	LDI  R26,HIGH(0x34)
000186 07fa      	CPC  R31,R26
000187 f439      	BRNE _0x17
                 ; 0000 00D4                 lcd_gotoxy(x, y);
000188 940e 0396 	CALL SUBOPT_0x0
                 ; 0000 00D5                 lcd_putchar('G');
00018a e4a7      	LDI  R26,LOW(71)
00018b 940e 034d 	CALL _lcd_putchar
                 ; 0000 00D6                 updatePos(1);
00018d e0a1      	LDI  R26,LOW(1)
00018e c14f      	RJMP _0x37
                 ; 0000 00D7                 getchar();getchar();
                 ; 0000 00D8                 break;
                 ; 0000 00D9             case 0x33:
                 _0x17:
00018f 33e3      	CPI  R30,LOW(0x33)
000190 e0a0      	LDI  R26,HIGH(0x33)
000191 07fa      	CPC  R31,R26
000192 f439      	BRNE _0x18
                 ; 0000 00DA                 lcd_gotoxy(x, y);
000193 940e 0396 	CALL SUBOPT_0x0
                 ; 0000 00DB                 lcd_putchar('H');
000195 e4a8      	LDI  R26,LOW(72)
000196 940e 034d 	CALL _lcd_putchar
                 ; 0000 00DC                 updatePos(1);
000198 e0a1      	LDI  R26,LOW(1)
000199 c144      	RJMP _0x37
                 ; 0000 00DD                 getchar();getchar();
                 ; 0000 00DE                 break;
                 ; 0000 00DF             case 0x43:
                 _0x18:
00019a 34e3      	CPI  R30,LOW(0x43)
00019b e0a0      	LDI  R26,HIGH(0x43)
00019c 07fa      	CPC  R31,R26
00019d f439      	BRNE _0x19
                 ; 0000 00E0                 lcd_gotoxy(x, y);
00019e 940e 0396 	CALL SUBOPT_0x0
                 ; 0000 00E1                 lcd_putchar('I');
0001a0 e4a9      	LDI  R26,LOW(73)
0001a1 940e 034d 	CALL _lcd_putchar
                 ; 0000 00E2                 updatePos(1);
0001a3 e0a1      	LDI  R26,LOW(1)
0001a4 c139      	RJMP _0x37
                 ; 0000 00E3                 getchar();getchar();
                 ; 0000 00E4                 break;
                 ; 0000 00E5             case 0x3B:
                 _0x19:
0001a5 33eb      	CPI  R30,LOW(0x3B)
0001a6 e0a0      	LDI  R26,HIGH(0x3B)
0001a7 07fa      	CPC  R31,R26
0001a8 f439      	BRNE _0x1A
                 ; 0000 00E6                 lcd_gotoxy(x, y);
0001a9 940e 0396 	CALL SUBOPT_0x0
                 ; 0000 00E7                 lcd_putchar('J');
0001ab e4aa      	LDI  R26,LOW(74)
0001ac 940e 034d 	CALL _lcd_putchar
                 ; 0000 00E8                 updatePos(1);
0001ae e0a1      	LDI  R26,LOW(1)
0001af c12e      	RJMP _0x37
                 ; 0000 00E9                 getchar();getchar();
                 ; 0000 00EA                 break;
                 ; 0000 00EB             case 0x42:
                 _0x1A:
0001b0 34e2      	CPI  R30,LOW(0x42)
0001b1 e0a0      	LDI  R26,HIGH(0x42)
0001b2 07fa      	CPC  R31,R26
0001b3 f439      	BRNE _0x1B
                 ; 0000 00EC                 lcd_gotoxy(x, y);
0001b4 940e 0396 	CALL SUBOPT_0x0
                 ; 0000 00ED                 lcd_putchar('K');
0001b6 e4ab      	LDI  R26,LOW(75)
0001b7 940e 034d 	CALL _lcd_putchar
                 ; 0000 00EE                 updatePos(1);
0001b9 e0a1      	LDI  R26,LOW(1)
0001ba c123      	RJMP _0x37
                 ; 0000 00EF                 getchar();getchar();
                 ; 0000 00F0                 break;
                 ; 0000 00F1             case 0x4B:
                 _0x1B:
0001bb 34eb      	CPI  R30,LOW(0x4B)
0001bc e0a0      	LDI  R26,HIGH(0x4B)
0001bd 07fa      	CPC  R31,R26
0001be f439      	BRNE _0x1C
                 ; 0000 00F2                 lcd_gotoxy(x, y);
0001bf 940e 0396 	CALL SUBOPT_0x0
                 ; 0000 00F3                 lcd_putchar('L');
0001c1 e4ac      	LDI  R26,LOW(76)
0001c2 940e 034d 	CALL _lcd_putchar
                 ; 0000 00F4                 updatePos(1);
0001c4 e0a1      	LDI  R26,LOW(1)
0001c5 c118      	RJMP _0x37
                 ; 0000 00F5                 getchar();getchar();
                 ; 0000 00F6                 break;
                 ; 0000 00F7             case 0x3A:
                 _0x1C:
0001c6 33ea      	CPI  R30,LOW(0x3A)
0001c7 e0a0      	LDI  R26,HIGH(0x3A)
0001c8 07fa      	CPC  R31,R26
0001c9 f439      	BRNE _0x1D
                 ; 0000 00F8                 lcd_gotoxy(x, y);
0001ca 940e 0396 	CALL SUBOPT_0x0
                 ; 0000 00F9                 lcd_putchar('M');
0001cc e4ad      	LDI  R26,LOW(77)
0001cd 940e 034d 	CALL _lcd_putchar
                 ; 0000 00FA                 updatePos(1);
0001cf e0a1      	LDI  R26,LOW(1)
0001d0 c10d      	RJMP _0x37
                 ; 0000 00FB                 getchar();getchar();
                 ; 0000 00FC                 break;
                 ; 0000 00FD             case 0x31:
                 _0x1D:
0001d1 33e1      	CPI  R30,LOW(0x31)
0001d2 e0a0      	LDI  R26,HIGH(0x31)
0001d3 07fa      	CPC  R31,R26
0001d4 f439      	BRNE _0x1E
                 ; 0000 00FE                 lcd_gotoxy(x, y);
0001d5 940e 0396 	CALL SUBOPT_0x0
                 ; 0000 00FF                 lcd_putchar('N');
0001d7 e4ae      	LDI  R26,LOW(78)
0001d8 940e 034d 	CALL _lcd_putchar
                 ; 0000 0100                 updatePos(1);
0001da e0a1      	LDI  R26,LOW(1)
0001db c102      	RJMP _0x37
                 ; 0000 0101                 getchar();getchar();
                 ; 0000 0102                 break;
                 ; 0000 0103             case 0x44:
                 _0x1E:
0001dc 34e4      	CPI  R30,LOW(0x44)
0001dd e0a0      	LDI  R26,HIGH(0x44)
0001de 07fa      	CPC  R31,R26
0001df f439      	BRNE _0x1F
                 ; 0000 0104                 lcd_gotoxy(x, y);
0001e0 940e 0396 	CALL SUBOPT_0x0
                 ; 0000 0105                 lcd_putchar('O');
0001e2 e4af      	LDI  R26,LOW(79)
0001e3 940e 034d 	CALL _lcd_putchar
                 ; 0000 0106                 updatePos(1);
0001e5 e0a1      	LDI  R26,LOW(1)
0001e6 c0f7      	RJMP _0x37
                 ; 0000 0107                 getchar();getchar();
                 ; 0000 0108                 break;
                 ; 0000 0109             case 0x4D:
                 _0x1F:
0001e7 34ed      	CPI  R30,LOW(0x4D)
0001e8 e0a0      	LDI  R26,HIGH(0x4D)
0001e9 07fa      	CPC  R31,R26
0001ea f439      	BRNE _0x20
                 ; 0000 010A                 lcd_gotoxy(x, y);
0001eb 940e 0396 	CALL SUBOPT_0x0
                 ; 0000 010B                 lcd_putchar('P');
0001ed e5a0      	LDI  R26,LOW(80)
0001ee 940e 034d 	CALL _lcd_putchar
                 ; 0000 010C                 updatePos(1);
0001f0 e0a1      	LDI  R26,LOW(1)
0001f1 c0ec      	RJMP _0x37
                 ; 0000 010D                 getchar();getchar();
                 ; 0000 010E                 break;
                 ; 0000 010F             case 0x15:
                 _0x20:
0001f2 31e5      	CPI  R30,LOW(0x15)
0001f3 e0a0      	LDI  R26,HIGH(0x15)
0001f4 07fa      	CPC  R31,R26
0001f5 f439      	BRNE _0x21
                 ; 0000 0110                 lcd_gotoxy(x, y);
0001f6 940e 0396 	CALL SUBOPT_0x0
                 ; 0000 0111                 lcd_putchar('Q');
0001f8 e5a1      	LDI  R26,LOW(81)
0001f9 940e 034d 	CALL _lcd_putchar
                 ; 0000 0112                 updatePos(1);
0001fb e0a1      	LDI  R26,LOW(1)
0001fc c0e1      	RJMP _0x37
                 ; 0000 0113                 getchar();getchar();
                 ; 0000 0114                 break;
                 ; 0000 0115             case 0x2D:
                 _0x21:
0001fd 32ed      	CPI  R30,LOW(0x2D)
0001fe e0a0      	LDI  R26,HIGH(0x2D)
0001ff 07fa      	CPC  R31,R26
000200 f439      	BRNE _0x22
                 ; 0000 0116                 lcd_gotoxy(x, y);
000201 940e 0396 	CALL SUBOPT_0x0
                 ; 0000 0117                 lcd_putchar('R');
000203 e5a2      	LDI  R26,LOW(82)
000204 940e 034d 	CALL _lcd_putchar
                 ; 0000 0118                 updatePos(1);
000206 e0a1      	LDI  R26,LOW(1)
000207 c0d6      	RJMP _0x37
                 ; 0000 0119                 getchar();getchar();
                 ; 0000 011A                 break;
                 ; 0000 011B             case 0x1B:
                 _0x22:
000208 31eb      	CPI  R30,LOW(0x1B)
000209 e0a0      	LDI  R26,HIGH(0x1B)
00020a 07fa      	CPC  R31,R26
00020b f439      	BRNE _0x23
                 ; 0000 011C                 lcd_gotoxy(x, y);
00020c 940e 0396 	CALL SUBOPT_0x0
                 ; 0000 011D                 lcd_putchar('S');
00020e e5a3      	LDI  R26,LOW(83)
00020f 940e 034d 	CALL _lcd_putchar
                 ; 0000 011E                 updatePos(1);
000211 e0a1      	LDI  R26,LOW(1)
000212 c0cb      	RJMP _0x37
                 ; 0000 011F                 getchar();getchar();
                 ; 0000 0120                 break;
                 ; 0000 0121             case 0x2C:
                 _0x23:
000213 32ec      	CPI  R30,LOW(0x2C)
000214 e0a0      	LDI  R26,HIGH(0x2C)
000215 07fa      	CPC  R31,R26
000216 f439      	BRNE _0x24
                 ; 0000 0122                 lcd_gotoxy(x, y);
000217 940e 0396 	CALL SUBOPT_0x0
                 ; 0000 0123                 lcd_putchar('T');
000219 e5a4      	LDI  R26,LOW(84)
00021a 940e 034d 	CALL _lcd_putchar
                 ; 0000 0124                 updatePos(1);
00021c e0a1      	LDI  R26,LOW(1)
00021d c0c0      	RJMP _0x37
                 ; 0000 0125                 getchar();getchar();
                 ; 0000 0126                 break;
                 ; 0000 0127             case 0x3C:
                 _0x24:
00021e 33ec      	CPI  R30,LOW(0x3C)
00021f e0a0      	LDI  R26,HIGH(0x3C)
000220 07fa      	CPC  R31,R26
000221 f439      	BRNE _0x25
                 ; 0000 0128                 lcd_gotoxy(x, y);
000222 940e 0396 	CALL SUBOPT_0x0
                 ; 0000 0129                 lcd_putchar('U');
000224 e5a5      	LDI  R26,LOW(85)
000225 940e 034d 	CALL _lcd_putchar
                 ; 0000 012A                 updatePos(1);
000227 e0a1      	LDI  R26,LOW(1)
000228 c0b5      	RJMP _0x37
                 ; 0000 012B                 getchar();getchar();
                 ; 0000 012C                 break;
                 ; 0000 012D             case 0x2A:
                 _0x25:
000229 32ea      	CPI  R30,LOW(0x2A)
00022a e0a0      	LDI  R26,HIGH(0x2A)
00022b 07fa      	CPC  R31,R26
00022c f439      	BRNE _0x26
                 ; 0000 012E                 lcd_gotoxy(x, y);
00022d 940e 0396 	CALL SUBOPT_0x0
                 ; 0000 012F                 lcd_putchar('V');
00022f e5a6      	LDI  R26,LOW(86)
000230 940e 034d 	CALL _lcd_putchar
                 ; 0000 0130                 updatePos(1);
000232 e0a1      	LDI  R26,LOW(1)
000233 c0aa      	RJMP _0x37
                 ; 0000 0131                 getchar();getchar();
                 ; 0000 0132                 break;
                 ; 0000 0133             case 0x1D:
                 _0x26:
000234 31ed      	CPI  R30,LOW(0x1D)
000235 e0a0      	LDI  R26,HIGH(0x1D)
000236 07fa      	CPC  R31,R26
000237 f439      	BRNE _0x27
                 ; 0000 0134                 lcd_gotoxy(x, y);
000238 940e 0396 	CALL SUBOPT_0x0
                 ; 0000 0135                 lcd_putchar('W');
00023a e5a7      	LDI  R26,LOW(87)
00023b 940e 034d 	CALL _lcd_putchar
                 ; 0000 0136                 updatePos(1);
00023d e0a1      	LDI  R26,LOW(1)
00023e c09f      	RJMP _0x37
                 ; 0000 0137                 getchar();getchar();
                 ; 0000 0138                 break;
                 ; 0000 0139             case 0x22:
                 _0x27:
00023f 32e2      	CPI  R30,LOW(0x22)
000240 e0a0      	LDI  R26,HIGH(0x22)
000241 07fa      	CPC  R31,R26
000242 f439      	BRNE _0x28
                 ; 0000 013A                 lcd_gotoxy(x, y);
000243 940e 0396 	CALL SUBOPT_0x0
                 ; 0000 013B                 lcd_putchar('X');
000245 e5a8      	LDI  R26,LOW(88)
000246 940e 034d 	CALL _lcd_putchar
                 ; 0000 013C                 updatePos(1);
000248 e0a1      	LDI  R26,LOW(1)
000249 c094      	RJMP _0x37
                 ; 0000 013D                 getchar();getchar();
                 ; 0000 013E                 break;
                 ; 0000 013F             case 0x35:
                 _0x28:
00024a 33e5      	CPI  R30,LOW(0x35)
00024b e0a0      	LDI  R26,HIGH(0x35)
00024c 07fa      	CPC  R31,R26
00024d f439      	BRNE _0x29
                 ; 0000 0140                 lcd_gotoxy(x, y);
00024e 940e 0396 	CALL SUBOPT_0x0
                 ; 0000 0141                 lcd_putchar('Y');
000250 e5a9      	LDI  R26,LOW(89)
000251 940e 034d 	CALL _lcd_putchar
                 ; 0000 0142                 updatePos(1);
000253 e0a1      	LDI  R26,LOW(1)
000254 c089      	RJMP _0x37
                 ; 0000 0143                 getchar();getchar();
                 ; 0000 0144                 break;
                 ; 0000 0145             case 0x1A:
                 _0x29:
000255 31ea      	CPI  R30,LOW(0x1A)
000256 e0a0      	LDI  R26,HIGH(0x1A)
000257 07fa      	CPC  R31,R26
000258 f439      	BRNE _0x2A
                 ; 0000 0146                 lcd_gotoxy(x, y);
000259 940e 0396 	CALL SUBOPT_0x0
                 ; 0000 0147                 lcd_putchar('Z');
00025b e5aa      	LDI  R26,LOW(90)
00025c 940e 034d 	CALL _lcd_putchar
                 ; 0000 0148                 updatePos(1);
00025e e0a1      	LDI  R26,LOW(1)
00025f c07e      	RJMP _0x37
                 ; 0000 0149                 getchar();getchar();
                 ; 0000 014A                 break;
                 ; 0000 014B             case 0x45:
                 _0x2A:
000260 34e5      	CPI  R30,LOW(0x45)
000261 e0a0      	LDI  R26,HIGH(0x45)
000262 07fa      	CPC  R31,R26
000263 f439      	BRNE _0x2B
                 ; 0000 014C                 lcd_gotoxy(x, y);
000264 940e 0396 	CALL SUBOPT_0x0
                 ; 0000 014D                 lcd_putchar('0');
000266 e3a0      	LDI  R26,LOW(48)
000267 940e 034d 	CALL _lcd_putchar
                 ; 0000 014E                 updatePos(1);
000269 e0a1      	LDI  R26,LOW(1)
00026a c073      	RJMP _0x37
                 ; 0000 014F                 getchar();getchar();
                 ; 0000 0150                 break;
                 ; 0000 0151             case 0x16:
                 _0x2B:
00026b 31e6      	CPI  R30,LOW(0x16)
00026c e0a0      	LDI  R26,HIGH(0x16)
00026d 07fa      	CPC  R31,R26
00026e f439      	BRNE _0x2C
                 ; 0000 0152                 lcd_gotoxy(x, y);
00026f 940e 0396 	CALL SUBOPT_0x0
                 ; 0000 0153                 lcd_putchar('1');
000271 e3a1      	LDI  R26,LOW(49)
000272 940e 034d 	CALL _lcd_putchar
                 ; 0000 0154                 updatePos(1);
000274 e0a1      	LDI  R26,LOW(1)
000275 c068      	RJMP _0x37
                 ; 0000 0155                 getchar();getchar();
                 ; 0000 0156                 break;
                 ; 0000 0157             case 0x1E:
                 _0x2C:
000276 31ee      	CPI  R30,LOW(0x1E)
000277 e0a0      	LDI  R26,HIGH(0x1E)
000278 07fa      	CPC  R31,R26
000279 f439      	BRNE _0x2D
                 ; 0000 0158                 lcd_gotoxy(x, y);
00027a 940e 0396 	CALL SUBOPT_0x0
                 ; 0000 0159                 lcd_putchar('2');
00027c e3a2      	LDI  R26,LOW(50)
00027d 940e 034d 	CALL _lcd_putchar
                 ; 0000 015A                 updatePos(1);
00027f e0a1      	LDI  R26,LOW(1)
000280 c05d      	RJMP _0x37
                 ; 0000 015B                 getchar();getchar();
                 ; 0000 015C                 break;
                 ; 0000 015D             case 0x26:
                 _0x2D:
000281 32e6      	CPI  R30,LOW(0x26)
000282 e0a0      	LDI  R26,HIGH(0x26)
000283 07fa      	CPC  R31,R26
000284 f439      	BRNE _0x2E
                 ; 0000 015E                 lcd_gotoxy(x, y);
000285 940e 0396 	CALL SUBOPT_0x0
                 ; 0000 015F                 lcd_putchar('3');
000287 e3a3      	LDI  R26,LOW(51)
000288 940e 034d 	CALL _lcd_putchar
                 ; 0000 0160                 updatePos(1);
00028a e0a1      	LDI  R26,LOW(1)
00028b c052      	RJMP _0x37
                 ; 0000 0161                 getchar();getchar();
                 ; 0000 0162                 break;
                 ; 0000 0163             case 0x25:
                 _0x2E:
00028c 32e5      	CPI  R30,LOW(0x25)
00028d e0a0      	LDI  R26,HIGH(0x25)
00028e 07fa      	CPC  R31,R26
00028f f439      	BRNE _0x2F
                 ; 0000 0164                 lcd_gotoxy(x, y);
000290 940e 0396 	CALL SUBOPT_0x0
                 ; 0000 0165                 lcd_putchar('4');
000292 e3a4      	LDI  R26,LOW(52)
000293 940e 034d 	CALL _lcd_putchar
                 ; 0000 0166                 updatePos(1);
000295 e0a1      	LDI  R26,LOW(1)
000296 c047      	RJMP _0x37
                 ; 0000 0167                 getchar();getchar();
                 ; 0000 0168                 break;
                 ; 0000 0169             case 0x2E:
                 _0x2F:
000297 32ee      	CPI  R30,LOW(0x2E)
000298 e0a0      	LDI  R26,HIGH(0x2E)
000299 07fa      	CPC  R31,R26
00029a f439      	BRNE _0x30
                 ; 0000 016A                 lcd_gotoxy(x, y);
00029b 940e 0396 	CALL SUBOPT_0x0
                 ; 0000 016B                 lcd_putchar('5');
00029d e3a5      	LDI  R26,LOW(53)
00029e 940e 034d 	CALL _lcd_putchar
                 ; 0000 016C                 updatePos(1);
0002a0 e0a1      	LDI  R26,LOW(1)
0002a1 c03c      	RJMP _0x37
                 ; 0000 016D                 getchar();getchar();
                 ; 0000 016E                 break;
                 ; 0000 016F             case 0x36:
                 _0x30:
0002a2 33e6      	CPI  R30,LOW(0x36)
0002a3 e0a0      	LDI  R26,HIGH(0x36)
0002a4 07fa      	CPC  R31,R26
0002a5 f439      	BRNE _0x31
                 ; 0000 0170                 lcd_gotoxy(x, y);
0002a6 940e 0396 	CALL SUBOPT_0x0
                 ; 0000 0171                 lcd_putchar('6');
0002a8 e3a6      	LDI  R26,LOW(54)
0002a9 940e 034d 	CALL _lcd_putchar
                 ; 0000 0172                 updatePos(1);
0002ab e0a1      	LDI  R26,LOW(1)
0002ac c031      	RJMP _0x37
                 ; 0000 0173                 getchar();getchar();
                 ; 0000 0174                 break;
                 ; 0000 0175             case 0x3D:
                 _0x31:
0002ad 33ed      	CPI  R30,LOW(0x3D)
0002ae e0a0      	LDI  R26,HIGH(0x3D)
0002af 07fa      	CPC  R31,R26
0002b0 f439      	BRNE _0x32
                 ; 0000 0176                 lcd_gotoxy(x, y);
0002b1 940e 0396 	CALL SUBOPT_0x0
                 ; 0000 0177                 lcd_putchar('7');
0002b3 e3a7      	LDI  R26,LOW(55)
0002b4 940e 034d 	CALL _lcd_putchar
                 ; 0000 0178                 updatePos(1);
0002b6 e0a1      	LDI  R26,LOW(1)
0002b7 c026      	RJMP _0x37
                 ; 0000 0179                 getchar();getchar();
                 ; 0000 017A                 break;
                 ; 0000 017B             case 0x3E:
                 _0x32:
0002b8 33ee      	CPI  R30,LOW(0x3E)
0002b9 e0a0      	LDI  R26,HIGH(0x3E)
0002ba 07fa      	CPC  R31,R26
0002bb f439      	BRNE _0x33
                 ; 0000 017C                 lcd_gotoxy(x, y);
0002bc 940e 0396 	CALL SUBOPT_0x0
                 ; 0000 017D                 lcd_putchar('8');
0002be e3a8      	LDI  R26,LOW(56)
0002bf 940e 034d 	CALL _lcd_putchar
                 ; 0000 017E                 updatePos(1);
0002c1 e0a1      	LDI  R26,LOW(1)
0002c2 c01b      	RJMP _0x37
                 ; 0000 017F                 getchar();getchar();
                 ; 0000 0180                 break;
                 ; 0000 0181             case 0x46:
                 _0x33:
0002c3 34e6      	CPI  R30,LOW(0x46)
0002c4 e0a0      	LDI  R26,HIGH(0x46)
0002c5 07fa      	CPC  R31,R26
0002c6 f439      	BRNE _0x34
                 ; 0000 0182                 lcd_gotoxy(x, y);
0002c7 940e 0396 	CALL SUBOPT_0x0
                 ; 0000 0183                 lcd_putchar('9');
0002c9 e3a9      	LDI  R26,LOW(57)
0002ca 940e 034d 	CALL _lcd_putchar
                 ; 0000 0184                 updatePos(1);
0002cc e0a1      	LDI  R26,LOW(1)
0002cd c010      	RJMP _0x37
                 ; 0000 0185                 getchar();getchar();
                 ; 0000 0186                 break;
                 ; 0000 0187 
                 ; 0000 0188             case 0x66:
                 _0x34:
0002ce 36e6      	CPI  R30,LOW(0x66)
0002cf e0a0      	LDI  R26,HIGH(0x66)
0002d0 07fa      	CPC  R31,R26
0002d1 f491      	BRNE _0x10
                 ; 0000 0189                 updatePos(0);
0002d2 e0a0      	LDI  R26,LOW(0)
0002d3 e0b0      	LDI  R27,0
0002d4 ddf6      	RCALL _updatePos
                 ; 0000 018A                 lcd_gotoxy(x,y);
0002d5 940e 0396 	CALL SUBOPT_0x0
                 ; 0000 018B                 updatePos(1);
0002d7 e0a1      	LDI  R26,LOW(1)
0002d8 e0b0      	LDI  R27,0
0002d9 ddf1      	RCALL _updatePos
                 ; 0000 018C                 lcd_putchar(32);
0002da e2a0      	LDI  R26,LOW(32)
0002db 940e 034d 	CALL _lcd_putchar
                 ; 0000 018D                 updatePos(0);
0002dd e0a0      	LDI  R26,LOW(0)
                 _0x37:
0002de e0b0      	LDI  R27,0
0002df ddeb      	RCALL _updatePos
                 ; 0000 018E                 getchar();getchar();
0002e0 940e 038f 	CALL _getchar
0002e2 940e 038f 	CALL _getchar
                 ; 0000 018F                 break;
                 ; 0000 0190         }
                 _0x10:
                 ; 0000 0191       }
0002e4 ce50      	RJMP _0xB
                 ; 0000 0192 }
                 _0x36:
0002e5 cfff      	RJMP _0x36
                 
                 	.CSEG
                 _itoa:
0002e6 93ba      	ST   -Y,R27
0002e7 93aa      	ST   -Y,R26
0002e8 91a9          ld   r26,y+
0002e9 91b9          ld   r27,y+
0002ea 91e9          ld   r30,y+
0002eb 91f9          ld   r31,y+
0002ec 9630          adiw r30,0
0002ed f42a          brpl __itoa0
0002ee 95e0          com  r30
0002ef 95f0          com  r31
0002f0 9631          adiw r30,1
0002f1 e26d          ldi  r22,'-'
0002f2 936d          st   x+,r22
                 __itoa0:
0002f3 94e8          clt
0002f4 e180          ldi  r24,low(10000)
0002f5 e297          ldi  r25,high(10000)
0002f6 d00d          rcall __itoa1
0002f7 ee88          ldi  r24,low(1000)
0002f8 e093          ldi  r25,high(1000)
0002f9 d00a          rcall __itoa1
0002fa e684          ldi  r24,100
0002fb 2799          clr  r25
0002fc d007          rcall __itoa1
0002fd e08a          ldi  r24,10
0002fe d005          rcall __itoa1
0002ff 2f6e          mov  r22,r30
000300 d010          rcall __itoa5
000301 2766          clr  r22
000302 936c          st   x,r22
000303 9508          ret
                 
                 __itoa1:
000304 2766          clr	 r22
                 __itoa2:
000305 17e8          cp   r30,r24
000306 07f9          cpc  r31,r25
000307 f020          brlo __itoa3
000308 9563          inc  r22
000309 1be8          sub  r30,r24
00030a 0bf9          sbc  r31,r25
00030b f7c9          brne __itoa2
                 __itoa3:
00030c 2366          tst  r22
00030d f411          brne __itoa4
00030e f016          brts __itoa5
00030f 9508          ret
                 __itoa4:
000310 9468          set
                 __itoa5:
000311 5d60          subi r22,-0x30
000312 936d          st   x+,r22
000313 9508          ret
                 
                 	.DSEG
                 
                 	.CSEG
                 	#ifndef __SLEEP_DEFINED__
                 	#endif
                 
                 	.DSEG
                 
                 	.CSEG
                 __lcd_write_nibble_G101:
000314 93aa      	ST   -Y,R26
000315 b1e2      	IN   R30,0x2
000316 70ef      	ANDI R30,LOW(0xF)
000317 2fae      	MOV  R26,R30
000318 81e8      	LD   R30,Y
000319 7fe0      	ANDI R30,LOW(0xF0)
00031a 2bea      	OR   R30,R26
00031b b9e2      	OUT  0x2,R30
                +
00031c e087     +LDI R24 , LOW ( 7 )
                +__DELAY_USB_LOOP :
00031d 958a     +DEC R24
00031e f7f1     +BRNE __DELAY_USB_LOOP
                 	__DELAY_USB 7
00031f 9a12      	SBI  0x2,2
                +
000320 e182     +LDI R24 , LOW ( 18 )
                +__DELAY_USB_LOOP :
000321 958a     +DEC R24
000322 f7f1     +BRNE __DELAY_USB_LOOP
                 	__DELAY_USB 18
000323 9812      	CBI  0x2,2
                +
000324 e182     +LDI R24 , LOW ( 18 )
                +__DELAY_USB_LOOP :
000325 958a     +DEC R24
000326 f7f1     +BRNE __DELAY_USB_LOOP
                 	__DELAY_USB 18
000327 c065      	RJMP _0x20C0001
                 __lcd_write_data:
000328 93aa      	ST   -Y,R26
000329 81a8      	LD   R26,Y
00032a dfe9      	RCALL __lcd_write_nibble_G101
00032b 81e8          ld    r30,y
00032c 95e2          swap  r30
00032d 83e8          st    y,r30
00032e 81a8      	LD   R26,Y
00032f dfe4      	RCALL __lcd_write_nibble_G101
                +
000330 eb88     +LDI R24 , LOW ( 184 )
                +__DELAY_USB_LOOP :
000331 958a     +DEC R24
000332 f7f1     +BRNE __DELAY_USB_LOOP
                 	__DELAY_USB 184
000333 c059      	RJMP _0x20C0001
                 _lcd_gotoxy:
000334 93aa      	ST   -Y,R26
000335 81e8      	LD   R30,Y
000336 e0f0      	LDI  R31,0
000337 5fec      	SUBI R30,LOW(-__base_y_G101)
000338 4ff5      	SBCI R31,HIGH(-__base_y_G101)
000339 81e0      	LD   R30,Z
00033a 81a9      	LDD  R26,Y+1
00033b 0fae      	ADD  R26,R30
00033c dfeb      	RCALL __lcd_write_data
00033d 8089      	LDD  R8,Y+1
00033e 8078      	LDD  R7,Y+0
                 _0x20C0002:
00033f 9622      	ADIW R28,2
000340 9508      	RET
                 _lcd_clear:
000341 e0a2      	LDI  R26,LOW(2)
000342 940e 039a 	CALL SUBOPT_0x1
000344 e0ac      	LDI  R26,LOW(12)
000345 dfe2      	RCALL __lcd_write_data
000346 e0a1      	LDI  R26,LOW(1)
000347 940e 039a 	CALL SUBOPT_0x1
000349 e0e0      	LDI  R30,LOW(0)
00034a 2e7e      	MOV  R7,R30
00034b 2e8e      	MOV  R8,R30
00034c 9508      	RET
                 _lcd_putchar:
00034d 93aa      	ST   -Y,R26
00034e 81a8      	LD   R26,Y
00034f 30aa      	CPI  R26,LOW(0xA)
000350 f011      	BREQ _0x2020005
000351 148a      	CP   R8,R10
000352 f040      	BRLO _0x2020004
                 _0x2020005:
000353 e0e0      	LDI  R30,LOW(0)
000354 93ea      	ST   -Y,R30
000355 9473      	INC  R7
000356 2da7      	MOV  R26,R7
000357 dfdc      	RCALL _lcd_gotoxy
000358 81a8      	LD   R26,Y
000359 30aa      	CPI  R26,LOW(0xA)
00035a f191      	BREQ _0x20C0001
                 _0x2020004:
00035b 9483      	INC  R8
00035c 9a10      	SBI  0x2,0
00035d 81a8      	LD   R26,Y
00035e dfc9      	RCALL __lcd_write_data
00035f 9810      	CBI  0x2,0
000360 c02c      	RJMP _0x20C0001
                 _lcd_init:
000361 93aa      	ST   -Y,R26
000362 b1e1      	IN   R30,0x1
000363 6fe0      	ORI  R30,LOW(0xF0)
000364 b9e1      	OUT  0x1,R30
000365 9a0a      	SBI  0x1,2
000366 9a08      	SBI  0x1,0
000367 9a09      	SBI  0x1,1
000368 9812      	CBI  0x2,2
000369 9810      	CBI  0x2,0
00036a 9811      	CBI  0x2,1
00036b 80a8      	LDD  R10,Y+0
00036c 81e8      	LD   R30,Y
00036d 58e0      	SUBI R30,-LOW(128)
                +
00036e 93e0 0a06+STS __base_y_G101 + ( 2 ) , R30
                 	__PUTB1MN __base_y_G101,2
000370 81e8      	LD   R30,Y
000371 54e0      	SUBI R30,-LOW(192)
                +
000372 93e0 0a07+STS __base_y_G101 + ( 3 ) , R30
                 	__PUTB1MN __base_y_G101,3
000374 e1a4      	LDI  R26,LOW(20)
000375 e0b0      	LDI  R27,0
000376 940e 03a8 	CALL _delay_ms
000378 940e 03a0 	CALL SUBOPT_0x2
00037a 940e 03a0 	CALL SUBOPT_0x2
00037c 940e 03a0 	CALL SUBOPT_0x2
00037e e2a0      	LDI  R26,LOW(32)
00037f df94      	RCALL __lcd_write_nibble_G101
                +
000380 e184     +LDI R24 , LOW ( 276 )
000381 e091     +LDI R25 , HIGH ( 276 )
                +__DELAY_USW_LOOP :
000382 9701     +SBIW R24 , 1
000383 f7f1     +BRNE __DELAY_USW_LOOP
                 	__DELAY_USW 276
000384 e2a8      	LDI  R26,LOW(40)
000385 dfa2      	RCALL __lcd_write_data
000386 e0a4      	LDI  R26,LOW(4)
000387 dfa0      	RCALL __lcd_write_data
000388 e8a5      	LDI  R26,LOW(133)
000389 df9e      	RCALL __lcd_write_data
00038a e0a6      	LDI  R26,LOW(6)
00038b df9c      	RCALL __lcd_write_data
00038c dfb4      	RCALL _lcd_clear
                 _0x20C0001:
00038d 9621      	ADIW R28,1
00038e 9508      	RET
                 	#ifndef __SLEEP_DEFINED__
                 	#endif
                 
                 	.CSEG
                 _getchar:
                 _0x2040003:
00038f 91e0 00c0 	LDS  R30,192
000391 78e0      	ANDI R30,LOW(0x80)
000392 f3e1      	BREQ _0x2040003
000393 91e0 00c6 	LDS  R30,198
000395 9508      	RET
                 
                 	.CSEG
                 
                 	.CSEG
                 
                 	.CSEG
                 
                 	.DSEG
                 __seed_G100:
000a00           	.BYTE 0x4
                 __base_y_G101:
000a04           	.BYTE 0x4
                 
                 	.CSEG
                 ;OPTIMIZER ADDED SUBROUTINE, CALLED 37 TIMES, CODE SIZE REDUCTION:69 WORDS
                 SUBOPT_0x0:
000396 923a      	ST   -Y,R3
000397 2da5      	MOV  R26,R5
000398 940c 0334 	JMP  _lcd_gotoxy
                 
                 ;OPTIMIZER ADDED SUBROUTINE, CALLED 2 TIMES, CODE SIZE REDUCTION:3 WORDS
                 SUBOPT_0x1:
00039a 940e 0328 	CALL __lcd_write_data
00039c e0a3      	LDI  R26,LOW(3)
00039d e0b0      	LDI  R27,0
00039e 940c 03a8 	JMP  _delay_ms
                 
                 ;OPTIMIZER ADDED SUBROUTINE, CALLED 3 TIMES, CODE SIZE REDUCTION:7 WORDS
                 SUBOPT_0x2:
0003a0 e3a0      	LDI  R26,LOW(48)
0003a1 940e 0314 	CALL __lcd_write_nibble_G101
                +
0003a3 e184     +LDI R24 , LOW ( 276 )
0003a4 e091     +LDI R25 , HIGH ( 276 )
                +__DELAY_USW_LOOP :
0003a5 9701     +SBIW R24 , 1
0003a6 f7f1     +BRNE __DELAY_USW_LOOP
                 	__DELAY_USW 276
0003a7 9508      	RET
                 
                 
                 	.CSEG
                 _delay_ms:
0003a8 9610      	adiw r26,0
0003a9 f039      	breq __delay_ms1
                 __delay_ms0:
                +
0003aa ec8d     +LDI R24 , LOW ( 0xACD )
0003ab e09a     +LDI R25 , HIGH ( 0xACD )
                +__DELAY_USW_LOOP :
0003ac 9701     +SBIW R24 , 1
0003ad f7f1     +BRNE __DELAY_USW_LOOP
                 	__DELAY_USW 0xACD
0003ae 95a8      	wdr
0003af 9711      	sbiw r26,1
0003b0 f7c9      	brne __delay_ms0
                 __delay_ms1:
0003b1 9508      	ret
                 
                 ;END OF CODE MARKER
                 __END_OF_CODE:


RESOURCE USE INFORMATION
------------------------

Notice:
The register and instruction counts are symbol table hit counts,
and hence implicitly used resources are not counted, eg, the
'lpm' instruction without operands implicitly uses r0 and z,
none of which are counted.

x,y,z are separate entities in the symbol table and are
counted separately from r26..r31 here.

.dseg memory usage only counts static data declared with .byte

ATmega1280 register use summary:
r0 :   6 r1 :   1 r2 :   0 r3 :   9 r4 :   8 r5 :   6 r6 :   5 r7 :   4 
r8 :   4 r9 :   0 r10:   2 r11:   0 r12:   0 r13:   0 r14:   0 r15:   0 
r16:   0 r17:   3 r18:   0 r19:   0 r20:   0 r21:   0 r22:  12 r23:   0 
r24:  28 r25:  10 r26: 196 r27:  12 r28:   5 r29:   1 r30: 143 r31:  64 
x  :   6 y  :  34 z  :   8 
Registers used: 22 out of 35 (62.9%)

ATmega1280 instruction use summary:
.lds  :   0 .lds.l:   0 .sts  :   0 .sts.l:   0 adc   :   1 add   :   2 
adiw  :   7 and   :   0 andi  :   3 asr   :   0 bclr  :   0 bld   :   0 
brbc  :   0 brbs  :   0 brcc  :   0 brcs  :   0 break :   0 breq  :   6 
brge  :   0 brhc  :   0 brhs  :   0 brid  :   0 brie  :   0 brlo  :   2 
brlt  :   1 brmi  :   0 brne  :  53 brpl  :   1 brsh  :   0 brtc  :   0 
brts  :   1 brvc  :   0 brvs  :   0 bset  :   0 bst   :   0 call  :  88 
cbi   :   5 cbr   :   1 clc   :   0 clh   :   0 cli   :   1 cln   :   0 
clr   :  13 cls   :   0 clt   :   1 clv   :   0 clz   :   0 com   :   2 
cp    :   4 cpc   :  40 cpi   :  39 cpse  :   0 dec   :   5 des   :   0 
elpm  :   0 eor   :   0 fmul  :   0 fmuls :   0 fmulsu:   0 icall :   0 
ijmp  :   0 in    :   3 inc   :   3 jmp   :  62 ld    :  16 ldd   :   5 
ldi   : 181 lds   :   2 lpm   :   7 lsl   :   0 lsr   :   0 mov   :  20 
movw  :   4 mul   :   0 muls  :   0 mulsu :   0 neg   :   0 nop   :   0 
or    :   2 ori   :   1 out   :  24 pop   :   0 push  :   0 rcall :  20 
ret   :   9 reti  :   0 rjmp  :  45 rol   :   0 ror   :   0 sbc   :   1 
sbci  :   1 sbi   :   5 sbic  :   0 sbis  :   0 sbiw  :  11 sbr   :   0 
sbrc  :   0 sbrs  :   0 sec   :   0 seh   :   0 sei   :   0 sen   :   0 
ser   :   0 ses   :   0 set   :   1 sev   :   0 sez   :   0 sleep :   0 
spm   :   0 st    :  20 std   :   0 sts   :  19 sub   :   1 subi  :   4 
swap  :   1 tst   :   1 wdr   :   2 
Instructions used: 49 out of 117 (41.9%)

ATmega1280 memory use summary [bytes]:
Segment   Begin    End      Code   Data   Used    Size   Use%
---------------------------------------------------------------
[.cseg] 0x000000 0x000764   1836     56   1892  131072   1.4%
[.dseg] 0x000200 0x000a08      0      8      8    8703   0.1%
[.eseg] 0x000000 0x000000      0      0      0    4096   0.0%

Assembly complete, 0 errors, 7 warnings
