
AVRASM ver. 2.1.30  D:\amir-saeed\J7\List\as.asm Tue Apr 30 18:28:50 2019

D:\amir-saeed\J7\List\as.asm(1078): warning: Register r3 already defined by the .DEF directive
D:\amir-saeed\J7\List\as.asm(1079): warning: Register r5 already defined by the .DEF directive
D:\amir-saeed\J7\List\as.asm(1080): warning: Register r8 already defined by the .DEF directive
D:\amir-saeed\J7\List\as.asm(1081): warning: Register r7 already defined by the .DEF directive
D:\amir-saeed\J7\List\as.asm(1082): warning: Register r10 already defined by the .DEF directive
                 
                 
                 ;CodeVisionAVR C Compiler V2.05.3 Standard
                 ;(C) Copyright 1998-2011 Pavel Haiduc, HP InfoTech s.r.l.
                 ;http://www.hpinfotech.com
                 
                 ;Chip type                : ATmega1280
                 ;Program type             : Application
                 ;Clock frequency          : 11.059200 MHz
                 ;Memory model             : Small
                 ;Optimize for             : Size
                 ;(s)printf features       : int, width
                 ;(s)scanf features        : int, width
                 ;External RAM size        : 0
                 ;Data Stack size          : 2048 byte(s)
                 ;Heap size                : 0 byte(s)
                 ;Promote 'char' to 'int'  : Yes
                 ;'char' is unsigned       : Yes
                 ;8 bit enums              : Yes
                 ;Global 'const' stored in FLASH     : No
                 ;Enhanced function parameter passing: Yes
                 ;Enhanced core instructions         : On
                 ;Smart register allocation          : On
                 ;Automatic register allocation      : On
                 
                 	#pragma AVRPART ADMIN PART_NAME ATmega1280
                 	#pragma AVRPART MEMORY PROG_FLASH 131072
                 	#pragma AVRPART MEMORY EEPROM 4096
                 	#pragma AVRPART MEMORY INT_SRAM SIZE 8703
                 	#pragma AVRPART MEMORY INT_SRAM START_ADDR 0x200
                 
                 	#define CALL_SUPPORTED 1
                 
                 	.LISTMAC
                 	.EQU EERE=0x0
                 	.EQU EEWE=0x1
                 	.EQU EEMWE=0x2
                 	.EQU UDRE=0x5
                 	.EQU RXC=0x7
                 	.EQU EECR=0x1F
                 	.EQU EEDR=0x20
                 	.EQU EEARL=0x21
                 	.EQU EEARH=0x22
                 	.EQU SPSR=0x2D
                 	.EQU SPDR=0x2E
                 	.EQU SMCR=0x33
                 	.EQU MCUSR=0x34
                 	.EQU MCUCR=0x35
                 	.EQU WDTCSR=0x60
                 	.EQU UCSR0A=0xC0
                 	.EQU UDR0=0xC6
                 	.EQU RAMPZ=0x3B
                 	.EQU EIND=0x3C
                 	.EQU SPL=0x3D
                 	.EQU SPH=0x3E
                 	.EQU SREG=0x3F
                 	.EQU XMCRA=0x74
                 	.EQU XMCRB=0x75
                 	.EQU GPIOR0=0x1E
                 
                 	.DEF R0X0=R0
                 	.DEF R0X1=R1
                 	.DEF R0X2=R2
                 	.DEF R0X3=R3
                 	.DEF R0X4=R4
                 	.DEF R0X5=R5
                 	.DEF R0X6=R6
                 	.DEF R0X7=R7
                 	.DEF R0X8=R8
                 	.DEF R0X9=R9
                 	.DEF R0XA=R10
                 	.DEF R0XB=R11
                 	.DEF R0XC=R12
                 	.DEF R0XD=R13
                 	.DEF R0XE=R14
                 	.DEF R0XF=R15
                 	.DEF R0X10=R16
                 	.DEF R0X11=R17
                 	.DEF R0X12=R18
                 	.DEF R0X13=R19
                 	.DEF R0X14=R20
                 	.DEF R0X15=R21
                 	.DEF R0X16=R22
                 	.DEF R0X17=R23
                 	.DEF R0X18=R24
                 	.DEF R0X19=R25
                 	.DEF R0X1A=R26
                 	.DEF R0X1B=R27
                 	.DEF R0X1C=R28
                 	.DEF R0X1D=R29
                 	.DEF R0X1E=R30
                 	.DEF R0X1F=R31
                 
                 	.EQU __SRAM_START=0x0200
                 	.EQU __SRAM_END=0x21FF
                 	.EQU __DSTACK_SIZE=0x0800
                 	.EQU __HEAP_SIZE=0x0000
                 	.EQU __CLEAR_SRAM_SIZE=__SRAM_END-__SRAM_START+1
                 
                 	.MACRO __CPD1N
                 	CPI  R30,LOW(@0)
                 	LDI  R26,HIGH(@0)
                 	CPC  R31,R26
                 	LDI  R26,BYTE3(@0)
                 	CPC  R22,R26
                 	LDI  R26,BYTE4(@0)
                 	CPC  R23,R26
                 	.ENDM
                 
                 	.MACRO __CPD2N
                 	CPI  R26,LOW(@0)
                 	LDI  R30,HIGH(@0)
                 	CPC  R27,R30
                 	LDI  R30,BYTE3(@0)
                 	CPC  R24,R30
                 	LDI  R30,BYTE4(@0)
                 	CPC  R25,R30
                 	.ENDM
                 
                 	.MACRO __CPWRR
                 	CP   R@0,R@2
                 	CPC  R@1,R@3
                 	.ENDM
                 
                 	.MACRO __CPWRN
                 	CPI  R@0,LOW(@2)
                 	LDI  R30,HIGH(@2)
                 	CPC  R@1,R30
                 	.ENDM
                 
                 	.MACRO __ADDB1MN
                 	SUBI R30,LOW(-@0-(@1))
                 	.ENDM
                 
                 	.MACRO __ADDB2MN
                 	SUBI R26,LOW(-@0-(@1))
                 	.ENDM
                 
                 	.MACRO __ADDW1MN
                 	SUBI R30,LOW(-@0-(@1))
                 	SBCI R31,HIGH(-@0-(@1))
                 	.ENDM
                 
                 	.MACRO __ADDW2MN
                 	SUBI R26,LOW(-@0-(@1))
                 	SBCI R27,HIGH(-@0-(@1))
                 	.ENDM
                 
                 	.MACRO __ADDW1FN
                 	SUBI R30,LOW(-2*@0-(@1))
                 	SBCI R31,HIGH(-2*@0-(@1))
                 	.ENDM
                 
                 	.MACRO __ADDD1FN
                 	SUBI R30,LOW(-2*@0-(@1))
                 	SBCI R31,HIGH(-2*@0-(@1))
                 	SBCI R22,BYTE3(-2*@0-(@1))
                 	.ENDM
                 
                 	.MACRO __ADDD1N
                 	SUBI R30,LOW(-@0)
                 	SBCI R31,HIGH(-@0)
                 	SBCI R22,BYTE3(-@0)
                 	SBCI R23,BYTE4(-@0)
                 	.ENDM
                 
                 	.MACRO __ADDD2N
                 	SUBI R26,LOW(-@0)
                 	SBCI R27,HIGH(-@0)
                 	SBCI R24,BYTE3(-@0)
                 	SBCI R25,BYTE4(-@0)
                 	.ENDM
                 
                 	.MACRO __SUBD1N
                 	SUBI R30,LOW(@0)
                 	SBCI R31,HIGH(@0)
                 	SBCI R22,BYTE3(@0)
                 	SBCI R23,BYTE4(@0)
                 	.ENDM
                 
                 	.MACRO __SUBD2N
                 	SUBI R26,LOW(@0)
                 	SBCI R27,HIGH(@0)
                 	SBCI R24,BYTE3(@0)
                 	SBCI R25,BYTE4(@0)
                 	.ENDM
                 
                 	.MACRO __ANDBMNN
                 	LDS  R30,@0+(@1)
                 	ANDI R30,LOW(@2)
                 	STS  @0+(@1),R30
                 	.ENDM
                 
                 	.MACRO __ANDWMNN
                 	LDS  R30,@0+(@1)
                 	ANDI R30,LOW(@2)
                 	STS  @0+(@1),R30
                 	LDS  R30,@0+(@1)+1
                 	ANDI R30,HIGH(@2)
                 	STS  @0+(@1)+1,R30
                 	.ENDM
                 
                 	.MACRO __ANDD1N
                 	ANDI R30,LOW(@0)
                 	ANDI R31,HIGH(@0)
                 	ANDI R22,BYTE3(@0)
                 	ANDI R23,BYTE4(@0)
                 	.ENDM
                 
                 	.MACRO __ANDD2N
                 	ANDI R26,LOW(@0)
                 	ANDI R27,HIGH(@0)
                 	ANDI R24,BYTE3(@0)
                 	ANDI R25,BYTE4(@0)
                 	.ENDM
                 
                 	.MACRO __ORBMNN
                 	LDS  R30,@0+(@1)
                 	ORI  R30,LOW(@2)
                 	STS  @0+(@1),R30
                 	.ENDM
                 
                 	.MACRO __ORWMNN
                 	LDS  R30,@0+(@1)
                 	ORI  R30,LOW(@2)
                 	STS  @0+(@1),R30
                 	LDS  R30,@0+(@1)+1
                 	ORI  R30,HIGH(@2)
                 	STS  @0+(@1)+1,R30
                 	.ENDM
                 
                 	.MACRO __ORD1N
                 	ORI  R30,LOW(@0)
                 	ORI  R31,HIGH(@0)
                 	ORI  R22,BYTE3(@0)
                 	ORI  R23,BYTE4(@0)
                 	.ENDM
                 
                 	.MACRO __ORD2N
                 	ORI  R26,LOW(@0)
                 	ORI  R27,HIGH(@0)
                 	ORI  R24,BYTE3(@0)
                 	ORI  R25,BYTE4(@0)
                 	.ENDM
                 
                 	.MACRO __DELAY_USB
                 	LDI  R24,LOW(@0)
                 __DELAY_USB_LOOP:
                 	DEC  R24
                 	BRNE __DELAY_USB_LOOP
                 	.ENDM
                 
                 	.MACRO __DELAY_USW
                 	LDI  R24,LOW(@0)
                 	LDI  R25,HIGH(@0)
                 __DELAY_USW_LOOP:
                 	SBIW R24,1
                 	BRNE __DELAY_USW_LOOP
                 	.ENDM
                 
                 	.MACRO __GETD1S
                 	LDD  R30,Y+@0
                 	LDD  R31,Y+@0+1
                 	LDD  R22,Y+@0+2
                 	LDD  R23,Y+@0+3
                 	.ENDM
                 
                 	.MACRO __GETD2S
                 	LDD  R26,Y+@0
                 	LDD  R27,Y+@0+1
                 	LDD  R24,Y+@0+2
                 	LDD  R25,Y+@0+3
                 	.ENDM
                 
                 	.MACRO __PUTD1S
                 	STD  Y+@0,R30
                 	STD  Y+@0+1,R31
                 	STD  Y+@0+2,R22
                 	STD  Y+@0+3,R23
                 	.ENDM
                 
                 	.MACRO __PUTD2S
                 	STD  Y+@0,R26
                 	STD  Y+@0+1,R27
                 	STD  Y+@0+2,R24
                 	STD  Y+@0+3,R25
                 	.ENDM
                 
                 	.MACRO __PUTDZ2
                 	STD  Z+@0,R26
                 	STD  Z+@0+1,R27
                 	STD  Z+@0+2,R24
                 	STD  Z+@0+3,R25
                 	.ENDM
                 
                 	.MACRO __CLRD1S
                 	STD  Y+@0,R30
                 	STD  Y+@0+1,R30
                 	STD  Y+@0+2,R30
                 	STD  Y+@0+3,R30
                 	.ENDM
                 
                 	.MACRO __POINTB1MN
                 	LDI  R30,LOW(@0+(@1))
                 	.ENDM
                 
                 	.MACRO __POINTW1MN
                 	LDI  R30,LOW(@0+(@1))
                 	LDI  R31,HIGH(@0+(@1))
                 	.ENDM
                 
                 	.MACRO __POINTD1M
                 	LDI  R30,LOW(@0)
                 	LDI  R31,HIGH(@0)
                 	LDI  R22,BYTE3(@0)
                 	LDI  R23,BYTE4(@0)
                 	.ENDM
                 
                 	.MACRO __POINTW1FN
                 	LDI  R30,LOW(2*@0+(@1))
                 	LDI  R31,HIGH(2*@0+(@1))
                 	.ENDM
                 
                 	.MACRO __POINTD1FN
                 	LDI  R30,LOW(2*@0+(@1))
                 	LDI  R31,HIGH(2*@0+(@1))
                 	LDI  R22,BYTE3(2*@0+(@1))
                 	LDI  R23,BYTE4(2*@0+(@1))
                 	.ENDM
                 
                 	.MACRO __POINTB2MN
                 	LDI  R26,LOW(@0+(@1))
                 	.ENDM
                 
                 	.MACRO __POINTW2MN
                 	LDI  R26,LOW(@0+(@1))
                 	LDI  R27,HIGH(@0+(@1))
                 	.ENDM
                 
                 	.MACRO __POINTW2FN
                 	LDI  R26,LOW(2*@0+(@1))
                 	LDI  R27,HIGH(2*@0+(@1))
                 	.ENDM
                 
                 	.MACRO __POINTD2FN
                 	LDI  R26,LOW(2*@0+(@1))
                 	LDI  R27,HIGH(2*@0+(@1))
                 	LDI  R24,BYTE3(2*@0+(@1))
                 	LDI  R25,BYTE4(2*@0+(@1))
                 	.ENDM
                 
                 	.MACRO __POINTBRM
                 	LDI  R@0,LOW(@1)
                 	.ENDM
                 
                 	.MACRO __POINTWRM
                 	LDI  R@0,LOW(@2)
                 	LDI  R@1,HIGH(@2)
                 	.ENDM
                 
                 	.MACRO __POINTBRMN
                 	LDI  R@0,LOW(@1+(@2))
                 	.ENDM
                 
                 	.MACRO __POINTWRMN
                 	LDI  R@0,LOW(@2+(@3))
                 	LDI  R@1,HIGH(@2+(@3))
                 	.ENDM
                 
                 	.MACRO __POINTWRFN
                 	LDI  R@0,LOW(@2*2+(@3))
                 	LDI  R@1,HIGH(@2*2+(@3))
                 	.ENDM
                 
                 	.MACRO __GETD1N
                 	LDI  R30,LOW(@0)
                 	LDI  R31,HIGH(@0)
                 	LDI  R22,BYTE3(@0)
                 	LDI  R23,BYTE4(@0)
                 	.ENDM
                 
                 	.MACRO __GETD2N
                 	LDI  R26,LOW(@0)
                 	LDI  R27,HIGH(@0)
                 	LDI  R24,BYTE3(@0)
                 	LDI  R25,BYTE4(@0)
                 	.ENDM
                 
                 	.MACRO __GETB1MN
                 	LDS  R30,@0+(@1)
                 	.ENDM
                 
                 	.MACRO __GETB1HMN
                 	LDS  R31,@0+(@1)
                 	.ENDM
                 
                 	.MACRO __GETW1MN
                 	LDS  R30,@0+(@1)
                 	LDS  R31,@0+(@1)+1
                 	.ENDM
                 
                 	.MACRO __GETD1MN
                 	LDS  R30,@0+(@1)
                 	LDS  R31,@0+(@1)+1
                 	LDS  R22,@0+(@1)+2
                 	LDS  R23,@0+(@1)+3
                 	.ENDM
                 
                 	.MACRO __GETBRMN
                 	LDS  R@0,@1+(@2)
                 	.ENDM
                 
                 	.MACRO __GETWRMN
                 	LDS  R@0,@2+(@3)
                 	LDS  R@1,@2+(@3)+1
                 	.ENDM
                 
                 	.MACRO __GETWRZ
                 	LDD  R@0,Z+@2
                 	LDD  R@1,Z+@2+1
                 	.ENDM
                 
                 	.MACRO __GETD2Z
                 	LDD  R26,Z+@0
                 	LDD  R27,Z+@0+1
                 	LDD  R24,Z+@0+2
                 	LDD  R25,Z+@0+3
                 	.ENDM
                 
                 	.MACRO __GETB2MN
                 	LDS  R26,@0+(@1)
                 	.ENDM
                 
                 	.MACRO __GETW2MN
                 	LDS  R26,@0+(@1)
                 	LDS  R27,@0+(@1)+1
                 	.ENDM
                 
                 	.MACRO __GETD2MN
                 	LDS  R26,@0+(@1)
                 	LDS  R27,@0+(@1)+1
                 	LDS  R24,@0+(@1)+2
                 	LDS  R25,@0+(@1)+3
                 	.ENDM
                 
                 	.MACRO __PUTB1MN
                 	STS  @0+(@1),R30
                 	.ENDM
                 
                 	.MACRO __PUTW1MN
                 	STS  @0+(@1),R30
                 	STS  @0+(@1)+1,R31
                 	.ENDM
                 
                 	.MACRO __PUTD1MN
                 	STS  @0+(@1),R30
                 	STS  @0+(@1)+1,R31
                 	STS  @0+(@1)+2,R22
                 	STS  @0+(@1)+3,R23
                 	.ENDM
                 
                 	.MACRO __PUTB1EN
                 	LDI  R26,LOW(@0+(@1))
                 	LDI  R27,HIGH(@0+(@1))
                 	CALL __EEPROMWRB
                 	.ENDM
                 
                 	.MACRO __PUTW1EN
                 	LDI  R26,LOW(@0+(@1))
                 	LDI  R27,HIGH(@0+(@1))
                 	CALL __EEPROMWRW
                 	.ENDM
                 
                 	.MACRO __PUTD1EN
                 	LDI  R26,LOW(@0+(@1))
                 	LDI  R27,HIGH(@0+(@1))
                 	CALL __EEPROMWRD
                 	.ENDM
                 
                 	.MACRO __PUTBR0MN
                 	STS  @0+(@1),R0
                 	.ENDM
                 
                 	.MACRO __PUTBMRN
                 	STS  @0+(@1),R@2
                 	.ENDM
                 
                 	.MACRO __PUTWMRN
                 	STS  @0+(@1),R@2
                 	STS  @0+(@1)+1,R@3
                 	.ENDM
                 
                 	.MACRO __PUTBZR
                 	STD  Z+@1,R@0
                 	.ENDM
                 
                 	.MACRO __PUTWZR
                 	STD  Z+@2,R@0
                 	STD  Z+@2+1,R@1
                 	.ENDM
                 
                 	.MACRO __GETW1R
                 	MOV  R30,R@0
                 	MOV  R31,R@1
                 	.ENDM
                 
                 	.MACRO __GETW2R
                 	MOV  R26,R@0
                 	MOV  R27,R@1
                 	.ENDM
                 
                 	.MACRO __GETWRN
                 	LDI  R@0,LOW(@2)
                 	LDI  R@1,HIGH(@2)
                 	.ENDM
                 
                 	.MACRO __PUTW1R
                 	MOV  R@0,R30
                 	MOV  R@1,R31
                 	.ENDM
                 
                 	.MACRO __PUTW2R
                 	MOV  R@0,R26
                 	MOV  R@1,R27
                 	.ENDM
                 
                 	.MACRO __ADDWRN
                 	SUBI R@0,LOW(-@2)
                 	SBCI R@1,HIGH(-@2)
                 	.ENDM
                 
                 	.MACRO __ADDWRR
                 	ADD  R@0,R@2
                 	ADC  R@1,R@3
                 	.ENDM
                 
                 	.MACRO __SUBWRN
                 	SUBI R@0,LOW(@2)
                 	SBCI R@1,HIGH(@2)
                 	.ENDM
                 
                 	.MACRO __SUBWRR
                 	SUB  R@0,R@2
                 	SBC  R@1,R@3
                 	.ENDM
                 
                 	.MACRO __ANDWRN
                 	ANDI R@0,LOW(@2)
                 	ANDI R@1,HIGH(@2)
                 	.ENDM
                 
                 	.MACRO __ANDWRR
                 	AND  R@0,R@2
                 	AND  R@1,R@3
                 	.ENDM
                 
                 	.MACRO __ORWRN
                 	ORI  R@0,LOW(@2)
                 	ORI  R@1,HIGH(@2)
                 	.ENDM
                 
                 	.MACRO __ORWRR
                 	OR   R@0,R@2
                 	OR   R@1,R@3
                 	.ENDM
                 
                 	.MACRO __EORWRR
                 	EOR  R@0,R@2
                 	EOR  R@1,R@3
                 	.ENDM
                 
                 	.MACRO __GETWRS
                 	LDD  R@0,Y+@2
                 	LDD  R@1,Y+@2+1
                 	.ENDM
                 
                 	.MACRO __PUTBSR
                 	STD  Y+@1,R@0
                 	.ENDM
                 
                 	.MACRO __PUTWSR
                 	STD  Y+@2,R@0
                 	STD  Y+@2+1,R@1
                 	.ENDM
                 
                 	.MACRO __MOVEWRR
                 	MOV  R@0,R@2
                 	MOV  R@1,R@3
                 	.ENDM
                 
                 	.MACRO __INWR
                 	IN   R@0,@2
                 	IN   R@1,@2+1
                 	.ENDM
                 
                 	.MACRO __OUTWR
                 	OUT  @2+1,R@1
                 	OUT  @2,R@0
                 	.ENDM
                 
                 	.MACRO __CALL1MN
                 	LDS  R30,@0+(@1)
                 	LDS  R31,@0+(@1)+1
                 	ICALL
                 	.ENDM
                 
                 	.MACRO __CALL1FN
                 	LDI  R30,LOW(2*@0+(@1))
                 	LDI  R31,HIGH(2*@0+(@1))
                 	CALL __GETW1PF
                 	ICALL
                 	.ENDM
                 
                 	.MACRO __CALL2EN
                 	LDI  R26,LOW(@0+(@1))
                 	LDI  R27,HIGH(@0+(@1))
                 	CALL __EEPROMRDW
                 	ICALL
                 	.ENDM
                 
                 	.MACRO __GETW1STACK
                 	IN   R26,SPL
                 	IN   R27,SPH
                 	ADIW R26,@0+1
                 	LD   R30,X+
                 	LD   R31,X
                 	.ENDM
                 
                 	.MACRO __GETD1STACK
                 	IN   R26,SPL
                 	IN   R27,SPH
                 	ADIW R26,@0+1
                 	LD   R30,X+
                 	LD   R31,X+
                 	LD   R22,X
                 	.ENDM
                 
                 	.MACRO __NBST
                 	BST  R@0,@1
                 	IN   R30,SREG
                 	LDI  R31,0x40
                 	EOR  R30,R31
                 	OUT  SREG,R30
                 	.ENDM
                 
                 
                 	.MACRO __PUTB1SN
                 	LDD  R26,Y+@0
                 	LDD  R27,Y+@0+1
                 	SUBI R26,LOW(-@1)
                 	SBCI R27,HIGH(-@1)
                 	ST   X,R30
                 	.ENDM
                 
                 	.MACRO __PUTW1SN
                 	LDD  R26,Y+@0
                 	LDD  R27,Y+@0+1
                 	SUBI R26,LOW(-@1)
                 	SBCI R27,HIGH(-@1)
                 	ST   X+,R30
                 	ST   X,R31
                 	.ENDM
                 
                 	.MACRO __PUTD1SN
                 	LDD  R26,Y+@0
                 	LDD  R27,Y+@0+1
                 	SUBI R26,LOW(-@1)
                 	SBCI R27,HIGH(-@1)
                 	CALL __PUTDP1
                 	.ENDM
                 
                 	.MACRO __PUTB1SNS
                 	LDD  R26,Y+@0
                 	LDD  R27,Y+@0+1
                 	ADIW R26,@1
                 	ST   X,R30
                 	.ENDM
                 
                 	.MACRO __PUTW1SNS
                 	LDD  R26,Y+@0
                 	LDD  R27,Y+@0+1
                 	ADIW R26,@1
                 	ST   X+,R30
                 	ST   X,R31
                 	.ENDM
                 
                 	.MACRO __PUTD1SNS
                 	LDD  R26,Y+@0
                 	LDD  R27,Y+@0+1
                 	ADIW R26,@1
                 	CALL __PUTDP1
                 	.ENDM
                 
                 	.MACRO __PUTB1PMN
                 	LDS  R26,@0
                 	LDS  R27,@0+1
                 	SUBI R26,LOW(-@1)
                 	SBCI R27,HIGH(-@1)
                 	ST   X,R30
                 	.ENDM
                 
                 	.MACRO __PUTW1PMN
                 	LDS  R26,@0
                 	LDS  R27,@0+1
                 	SUBI R26,LOW(-@1)
                 	SBCI R27,HIGH(-@1)
                 	ST   X+,R30
                 	ST   X,R31
                 	.ENDM
                 
                 	.MACRO __PUTD1PMN
                 	LDS  R26,@0
                 	LDS  R27,@0+1
                 	SUBI R26,LOW(-@1)
                 	SBCI R27,HIGH(-@1)
                 	CALL __PUTDP1
                 	.ENDM
                 
                 	.MACRO __PUTB1PMNS
                 	LDS  R26,@0
                 	LDS  R27,@0+1
                 	ADIW R26,@1
                 	ST   X,R30
                 	.ENDM
                 
                 	.MACRO __PUTW1PMNS
                 	LDS  R26,@0
                 	LDS  R27,@0+1
                 	ADIW R26,@1
                 	ST   X+,R30
                 	ST   X,R31
                 	.ENDM
                 
                 	.MACRO __PUTD1PMNS
                 	LDS  R26,@0
                 	LDS  R27,@0+1
                 	ADIW R26,@1
                 	CALL __PUTDP1
                 	.ENDM
                 
                 	.MACRO __PUTB1RN
                 	MOVW R26,R@0
                 	SUBI R26,LOW(-@1)
                 	SBCI R27,HIGH(-@1)
                 	ST   X,R30
                 	.ENDM
                 
                 	.MACRO __PUTW1RN
                 	MOVW R26,R@0
                 	SUBI R26,LOW(-@1)
                 	SBCI R27,HIGH(-@1)
                 	ST   X+,R30
                 	ST   X,R31
                 	.ENDM
                 
                 	.MACRO __PUTD1RN
                 	MOVW R26,R@0
                 	SUBI R26,LOW(-@1)
                 	SBCI R27,HIGH(-@1)
                 	CALL __PUTDP1
                 	.ENDM
                 
                 	.MACRO __PUTB1RNS
                 	MOVW R26,R@0
                 	ADIW R26,@1
                 	ST   X,R30
                 	.ENDM
                 
                 	.MACRO __PUTW1RNS
                 	MOVW R26,R@0
                 	ADIW R26,@1
                 	ST   X+,R30
                 	ST   X,R31
                 	.ENDM
                 
                 	.MACRO __PUTD1RNS
                 	MOVW R26,R@0
                 	ADIW R26,@1
                 	CALL __PUTDP1
                 	.ENDM
                 
                 	.MACRO __PUTB1RON
                 	MOV  R26,R@0
                 	MOV  R27,R@1
                 	SUBI R26,LOW(-@2)
                 	SBCI R27,HIGH(-@2)
                 	ST   X,R30
                 	.ENDM
                 
                 	.MACRO __PUTW1RON
                 	MOV  R26,R@0
                 	MOV  R27,R@1
                 	SUBI R26,LOW(-@2)
                 	SBCI R27,HIGH(-@2)
                 	ST   X+,R30
                 	ST   X,R31
                 	.ENDM
                 
                 	.MACRO __PUTD1RON
                 	MOV  R26,R@0
                 	MOV  R27,R@1
                 	SUBI R26,LOW(-@2)
                 	SBCI R27,HIGH(-@2)
                 	CALL __PUTDP1
                 	.ENDM
                 
                 	.MACRO __PUTB1RONS
                 	MOV  R26,R@0
                 	MOV  R27,R@1
                 	ADIW R26,@2
                 	ST   X,R30
                 	.ENDM
                 
                 	.MACRO __PUTW1RONS
                 	MOV  R26,R@0
                 	MOV  R27,R@1
                 	ADIW R26,@2
                 	ST   X+,R30
                 	ST   X,R31
                 	.ENDM
                 
                 	.MACRO __PUTD1RONS
                 	MOV  R26,R@0
                 	MOV  R27,R@1
                 	ADIW R26,@2
                 	CALL __PUTDP1
                 	.ENDM
                 
                 
                 	.MACRO __GETB1SX
                 	MOVW R30,R28
                 	SUBI R30,LOW(-@0)
                 	SBCI R31,HIGH(-@0)
                 	LD   R30,Z
                 	.ENDM
                 
                 	.MACRO __GETB1HSX
                 	MOVW R30,R28
                 	SUBI R30,LOW(-@0)
                 	SBCI R31,HIGH(-@0)
                 	LD   R31,Z
                 	.ENDM
                 
                 	.MACRO __GETW1SX
                 	MOVW R30,R28
                 	SUBI R30,LOW(-@0)
                 	SBCI R31,HIGH(-@0)
                 	LD   R0,Z+
                 	LD   R31,Z
                 	MOV  R30,R0
                 	.ENDM
                 
                 	.MACRO __GETD1SX
                 	MOVW R30,R28
                 	SUBI R30,LOW(-@0)
                 	SBCI R31,HIGH(-@0)
                 	LD   R0,Z+
                 	LD   R1,Z+
                 	LD   R22,Z+
                 	LD   R23,Z
                 	MOVW R30,R0
                 	.ENDM
                 
                 	.MACRO __GETB2SX
                 	MOVW R26,R28
                 	SUBI R26,LOW(-@0)
                 	SBCI R27,HIGH(-@0)
                 	LD   R26,X
                 	.ENDM
                 
                 	.MACRO __GETW2SX
                 	MOVW R26,R28
                 	SUBI R26,LOW(-@0)
                 	SBCI R27,HIGH(-@0)
                 	LD   R0,X+
                 	LD   R27,X
                 	MOV  R26,R0
                 	.ENDM
                 
                 	.MACRO __GETD2SX
                 	MOVW R26,R28
                 	SUBI R26,LOW(-@0)
                 	SBCI R27,HIGH(-@0)
                 	LD   R0,X+
                 	LD   R1,X+
                 	LD   R24,X+
                 	LD   R25,X
                 	MOVW R26,R0
                 	.ENDM
                 
                 	.MACRO __GETBRSX
                 	MOVW R30,R28
                 	SUBI R30,LOW(-@1)
                 	SBCI R31,HIGH(-@1)
                 	LD   R@0,Z
                 	.ENDM
                 
                 	.MACRO __GETWRSX
                 	MOVW R30,R28
                 	SUBI R30,LOW(-@2)
                 	SBCI R31,HIGH(-@2)
                 	LD   R@0,Z+
                 	LD   R@1,Z
                 	.ENDM
                 
                 	.MACRO __GETBRSX2
                 	MOVW R26,R28
                 	SUBI R26,LOW(-@1)
                 	SBCI R27,HIGH(-@1)
                 	LD   R@0,X
                 	.ENDM
                 
                 	.MACRO __GETWRSX2
                 	MOVW R26,R28
                 	SUBI R26,LOW(-@2)
                 	SBCI R27,HIGH(-@2)
                 	LD   R@0,X+
                 	LD   R@1,X
                 	.ENDM
                 
                 	.MACRO __LSLW8SX
                 	MOVW R30,R28
                 	SUBI R30,LOW(-@0)
                 	SBCI R31,HIGH(-@0)
                 	LD   R31,Z
                 	CLR  R30
                 	.ENDM
                 
                 	.MACRO __PUTB1SX
                 	MOVW R26,R28
                 	SUBI R26,LOW(-@0)
                 	SBCI R27,HIGH(-@0)
                 	ST   X,R30
                 	.ENDM
                 
                 	.MACRO __PUTW1SX
                 	MOVW R26,R28
                 	SUBI R26,LOW(-@0)
                 	SBCI R27,HIGH(-@0)
                 	ST   X+,R30
                 	ST   X,R31
                 	.ENDM
                 
                 	.MACRO __PUTD1SX
                 	MOVW R26,R28
                 	SUBI R26,LOW(-@0)
                 	SBCI R27,HIGH(-@0)
                 	ST   X+,R30
                 	ST   X+,R31
                 	ST   X+,R22
                 	ST   X,R23
                 	.ENDM
                 
                 	.MACRO __CLRW1SX
                 	MOVW R26,R28
                 	SUBI R26,LOW(-@0)
                 	SBCI R27,HIGH(-@0)
                 	ST   X+,R30
                 	ST   X,R30
                 	.ENDM
                 
                 	.MACRO __CLRD1SX
                 	MOVW R26,R28
                 	SUBI R26,LOW(-@0)
                 	SBCI R27,HIGH(-@0)
                 	ST   X+,R30
                 	ST   X+,R30
                 	ST   X+,R30
                 	ST   X,R30
                 	.ENDM
                 
                 	.MACRO __PUTB2SX
                 	MOVW R30,R28
                 	SUBI R30,LOW(-@0)
                 	SBCI R31,HIGH(-@0)
                 	ST   Z,R26
                 	.ENDM
                 
                 	.MACRO __PUTW2SX
                 	MOVW R30,R28
                 	SUBI R30,LOW(-@0)
                 	SBCI R31,HIGH(-@0)
                 	ST   Z+,R26
                 	ST   Z,R27
                 	.ENDM
                 
                 	.MACRO __PUTD2SX
                 	MOVW R30,R28
                 	SUBI R30,LOW(-@0)
                 	SBCI R31,HIGH(-@0)
                 	ST   Z+,R26
                 	ST   Z+,R27
                 	ST   Z+,R24
                 	ST   Z,R25
                 	.ENDM
                 
                 	.MACRO __PUTBSRX
                 	MOVW R30,R28
                 	SUBI R30,LOW(-@1)
                 	SBCI R31,HIGH(-@1)
                 	ST   Z,R@0
                 	.ENDM
                 
                 	.MACRO __PUTWSRX
                 	MOVW R30,R28
                 	SUBI R30,LOW(-@2)
                 	SBCI R31,HIGH(-@2)
                 	ST   Z+,R@0
                 	ST   Z,R@1
                 	.ENDM
                 
                 	.MACRO __PUTB1SNX
                 	MOVW R26,R28
                 	SUBI R26,LOW(-@0)
                 	SBCI R27,HIGH(-@0)
                 	LD   R0,X+
                 	LD   R27,X
                 	MOV  R26,R0
                 	SUBI R26,LOW(-@1)
                 	SBCI R27,HIGH(-@1)
                 	ST   X,R30
                 	.ENDM
                 
                 	.MACRO __PUTW1SNX
                 	MOVW R26,R28
                 	SUBI R26,LOW(-@0)
                 	SBCI R27,HIGH(-@0)
                 	LD   R0,X+
                 	LD   R27,X
                 	MOV  R26,R0
                 	SUBI R26,LOW(-@1)
                 	SBCI R27,HIGH(-@1)
                 	ST   X+,R30
                 	ST   X,R31
                 	.ENDM
                 
                 	.MACRO __PUTD1SNX
                 	MOVW R26,R28
                 	SUBI R26,LOW(-@0)
                 	SBCI R27,HIGH(-@0)
                 	LD   R0,X+
                 	LD   R27,X
                 	MOV  R26,R0
                 	SUBI R26,LOW(-@1)
                 	SBCI R27,HIGH(-@1)
                 	ST   X+,R30
                 	ST   X+,R31
                 	ST   X+,R22
                 	ST   X,R23
                 	.ENDM
                 
                 	.MACRO __MULBRR
                 	MULS R@0,R@1
                 	MOVW R30,R0
                 	.ENDM
                 
                 	.MACRO __MULBRRU
                 	MUL  R@0,R@1
                 	MOVW R30,R0
                 	.ENDM
                 
                 	.MACRO __MULBRR0
                 	MULS R@0,R@1
                 	.ENDM
                 
                 	.MACRO __MULBRRU0
                 	MUL  R@0,R@1
                 	.ENDM
                 
                 	.MACRO __MULBNWRU
                 	LDI  R26,@2
                 	MUL  R26,R@0
                 	MOVW R30,R0
                 	MUL  R26,R@1
                 	ADD  R31,R0
                 	.ENDM
                 
                 ;NAME DEFINITIONS FOR GLOBAL VARIABLES ALLOCATED TO REGISTERS
                 	.DEF _x=R3
                 	.DEF _y=R5
                 	.DEF __lcd_x=R8
                 	.DEF __lcd_y=R7
                 	.DEF __lcd_maxx=R10
                 
                 ;GPIOR0 INITIALIZATION VALUE
                 	.EQU __GPIOR0_INIT=0x00
                 
                 	.CSEG
                 	.ORG 0x00
                 
                 ;START OF CODE MARKER
                 __START_OF_CODE:
                 
                 ;INTERRUPT VECTORS
000000 940c 0086 	JMP  __RESET
000002 940c 0000 	JMP  0x00
000004 940c 0000 	JMP  0x00
000006 940c 0000 	JMP  0x00
000008 940c 0000 	JMP  0x00
00000a 940c 0000 	JMP  0x00
00000c 940c 0000 	JMP  0x00
00000e 940c 0000 	JMP  0x00
000010 940c 0000 	JMP  0x00
000012 940c 0000 	JMP  0x00
000014 940c 0000 	JMP  0x00
000016 940c 0000 	JMP  0x00
000018 940c 0000 	JMP  0x00
00001a 940c 0000 	JMP  0x00
00001c 940c 0000 	JMP  0x00
00001e 940c 0000 	JMP  0x00
000020 940c 0000 	JMP  0x00
000022 940c 0000 	JMP  0x00
000024 940c 0000 	JMP  0x00
000026 940c 0000 	JMP  0x00
000028 940c 0000 	JMP  0x00
00002a 940c 0000 	JMP  0x00
00002c 940c 0000 	JMP  0x00
00002e 940c 0000 	JMP  0x00
000030 940c 0000 	JMP  0x00
000032 940c 0000 	JMP  0x00
000034 940c 0000 	JMP  0x00
000036 940c 0000 	JMP  0x00
000038 940c 0000 	JMP  0x00
00003a 940c 0000 	JMP  0x00
00003c 940c 0000 	JMP  0x00
00003e 940c 0000 	JMP  0x00
000040 940c 0000 	JMP  0x00
000042 940c 0000 	JMP  0x00
000044 940c 0000 	JMP  0x00
000046 940c 0000 	JMP  0x00
000048 940c 0000 	JMP  0x00
00004a 940c 0000 	JMP  0x00
00004c 940c 0000 	JMP  0x00
00004e 940c 0000 	JMP  0x00
000050 940c 0000 	JMP  0x00
000052 940c 0000 	JMP  0x00
000054 940c 0000 	JMP  0x00
000056 940c 0000 	JMP  0x00
000058 940c 0000 	JMP  0x00
00005a 940c 0000 	JMP  0x00
00005c 940c 0000 	JMP  0x00
00005e 940c 0000 	JMP  0x00
000060 940c 0000 	JMP  0x00
000062 940c 0000 	JMP  0x00
000064 940c 0000 	JMP  0x00
000066 940c 0000 	JMP  0x00
000068 940c 0000 	JMP  0x00
00006a 940c 0000 	JMP  0x00
00006c 940c 0000 	JMP  0x00
00006e 940c 0000 	JMP  0x00
000070 940c 0000 	JMP  0x00
                 
                 _0x23:
000072 0000
000073 0000      	.DB  0x0,0x0,0x0,0x0
                 _0x0:
000074 6173
000075 6565
000076 2064
000077 2026      	.DB  0x73,0x61,0x65,0x65,0x64,0x20,0x26,0x20
000078 6d61
000079 7269
D:\amir-saeed\J7\List\as.asm(1156): warning: .cseg .db misalignment - padding zero byte
00007a 0000      	.DB  0x61,0x6D,0x69,0x72,0x0
                 _0x2020003:
00007b c080      	.DB  0x80,0xC0
                 
                 __GLOBAL_INI_TBL:
00007c 000d      	.DW  0x0D
00007d 0a00      	.DW  _0x1B
00007e 00e8      	.DW  _0x0*2
                 
00007f 0004      	.DW  0x04
000080 0003      	.DW  0x03
000081 00e4      	.DW  _0x23*2
                 
000082 0002      	.DW  0x02
000083 0a0d      	.DW  __base_y_G101
000084 00f6      	.DW  _0x2020003*2
                 
                 _0xFFFFFFFF:
000085 0000      	.DW  0
                 
                 __RESET:
000086 94f8      	CLI
000087 27ee      	CLR  R30
000088 bbef      	OUT  EECR,R30
                 
                 ;INTERRUPT VECTORS ARE PLACED
                 ;AT THE START OF FLASH
000089 e0f1      	LDI  R31,1
00008a bff5      	OUT  MCUCR,R31
00008b bfe5      	OUT  MCUCR,R30
00008c 93e0 0074 	STS  XMCRA,R30
00008e 93e0 0075 	STS  XMCRB,R30
                 
                 ;DISABLE WATCHDOG
000090 e1f8      	LDI  R31,0x18
000091 95a8      	WDR
000092 b7a4      	IN   R26,MCUSR
000093 7fa7      	CBR  R26,8
000094 bfa4      	OUT  MCUSR,R26
000095 93f0 0060 	STS  WDTCSR,R31
000097 93e0 0060 	STS  WDTCSR,R30
                 
                 ;CLEAR R2-R14
000099 e08d      	LDI  R24,(14-2)+1
00009a e0a2      	LDI  R26,2
00009b 27bb      	CLR  R27
                 __CLEAR_REG:
00009c 93ed      	ST   X+,R30
00009d 958a      	DEC  R24
00009e f7e9      	BRNE __CLEAR_REG
                 
                 ;CLEAR SRAM
00009f e080      	LDI  R24,LOW(__CLEAR_SRAM_SIZE)
0000a0 e290      	LDI  R25,HIGH(__CLEAR_SRAM_SIZE)
0000a1 e0a0      	LDI  R26,LOW(__SRAM_START)
0000a2 e0b2      	LDI  R27,HIGH(__SRAM_START)
                 __CLEAR_SRAM:
0000a3 93ed      	ST   X+,R30
0000a4 9701      	SBIW R24,1
0000a5 f7e9      	BRNE __CLEAR_SRAM
                 
                 ;GLOBAL VARIABLES INITIALIZATION
0000a6 efe8      	LDI  R30,LOW(__GLOBAL_INI_TBL*2)
0000a7 e0f0      	LDI  R31,HIGH(__GLOBAL_INI_TBL*2)
                 __GLOBAL_INI_NEXT:
0000a8 9185      	LPM  R24,Z+
0000a9 9195      	LPM  R25,Z+
0000aa 9700      	SBIW R24,0
0000ab f061      	BREQ __GLOBAL_INI_END
0000ac 91a5      	LPM  R26,Z+
0000ad 91b5      	LPM  R27,Z+
0000ae 9005      	LPM  R0,Z+
0000af 9015      	LPM  R1,Z+
0000b0 01bf      	MOVW R22,R30
0000b1 01f0      	MOVW R30,R0
                 __GLOBAL_INI_LOOP:
0000b2 9005      	LPM  R0,Z+
0000b3 920d      	ST   X+,R0
0000b4 9701      	SBIW R24,1
0000b5 f7e1      	BRNE __GLOBAL_INI_LOOP
0000b6 01fb      	MOVW R30,R22
0000b7 cff0      	RJMP __GLOBAL_INI_NEXT
                 __GLOBAL_INI_END:
                 
0000b8 bf8b      	OUT  RAMPZ,R24
                 
                 ;GPIOR0 INITIALIZATION
0000b9 e0e0      	LDI  R30,__GPIOR0_INIT
0000ba bbee      	OUT  GPIOR0,R30
                 
                 ;HARDWARE STACK POINTER INITIALIZATION
0000bb efef      	LDI  R30,LOW(__SRAM_END-__HEAP_SIZE)
0000bc bfed      	OUT  SPL,R30
0000bd e2e1      	LDI  R30,HIGH(__SRAM_END-__HEAP_SIZE)
0000be bfee      	OUT  SPH,R30
                 
                 ;DATA STACK POINTER INITIALIZATION
0000bf e0c0      	LDI  R28,LOW(__SRAM_START+__DSTACK_SIZE)
0000c0 e0da      	LDI  R29,HIGH(__SRAM_START+__DSTACK_SIZE)
                 
0000c1 940c 0119 	JMP  _main
                 
                 	.ESEG
                 	.ORG 0
                 
                 	.DSEG
                 	.ORG 0xA00
                 
                 	.CSEG
                 ;/*****************************************************
                 ;This program was produced by the
                 ;CodeWizardAVR V2.05.3 Standard
                 ;Automatic Program Generator
                 ;© Copyright 1998-2011 Pavel Haiduc, HP InfoTech s.r.l.
                 ;http://www.hpinfotech.com
                 ;
                 ;Project :
                 ;Version :
                 ;Date    : 4/30/2019
                 ;Author  : admin
                 ;Company : IUST
                 ;Comments:
                 ;
                 ;
                 ;Chip type               : ATmega1280
                 ;Program type            : Application
                 ;AVR Core Clock frequency: 11.059200 MHz
                 ;Memory model            : Small
                 ;External RAM size       : 0
                 ;Data Stack size         : 2048
                 ;*****************************************************/
                 ;
                 ;#include <mega1280.h>
                 	#ifndef __SLEEP_DEFINED__
                 	#define __SLEEP_DEFINED__
                 	.EQU __se_bit=0x01
                 	.EQU __sm_mask=0x0E
                 	.EQU __sm_powerdown=0x04
                 	.EQU __sm_powersave=0x06
                 	.EQU __sm_standby=0x0C
                 	.EQU __sm_ext_standby=0x0E
                 	.EQU __sm_adc_noise_red=0x02
                 	.SET power_ctrl_reg=smcr
                 	#endif
                 ;#include <string.h>
                 ;
                 ;// Alphanumeric LCD functions
                 ;#include <alcd.h>
                 ;
                 ;#ifndef RXB8
                 ;#define RXB8 1
                 ;#endif
                 ;
                 ;#ifndef TXB8
                 ;#define TXB8 0
                 ;#endif
                 ;
                 ;#ifndef UPE
                 ;#define UPE 2
                 ;#endif
                 ;
                 ;#ifndef DOR
                 ;#define DOR 3
                 ;#endif
                 ;
                 ;#ifndef FE
                 ;#define FE 4
                 ;#endif
                 ;
                 ;#ifndef UDRE
                 ;#define UDRE 5
                 ;#endif
                 ;
                 ;#ifndef RXC
                 ;#define RXC 7
                 ;#endif
                 ;
                 ;#define FRAMING_ERROR (1<<FE)
                 ;#define PARITY_ERROR (1<<UPE)
                 ;#define DATA_OVERRUN (1<<DOR)
                 ;#define DATA_REGISTER_EMPTY (1<<UDRE)
                 ;#define RX_COMPLETE (1<<RXC)
                 ;
                 ;// Get a character from the USART2 Receiver
                 ;#pragma used+
                 ;char getchar2(void)
                 ; 0000 0043 {
                 
                 	.CSEG
                 _getchar2:
                 ; 0000 0044 char status,data;
                 ; 0000 0045 while (1)
0000c3 931a      	ST   -Y,R17
0000c4 930a      	ST   -Y,R16
                 ;	status -> R17
                 ;	data -> R16
                 _0x3:
                 ; 0000 0046       {
                 ; 0000 0047       while (((status=UCSR2A) & RX_COMPLETE)==0);
                 _0x6:
0000c5 91e0 00d0 	LDS  R30,208
0000c7 2f1e      	MOV  R17,R30
0000c8 78e0      	ANDI R30,LOW(0x80)
0000c9 f3d9      	BREQ _0x6
                 ; 0000 0048       data=UDR2;
0000ca 9100 00d6 	LDS  R16,214
                 ; 0000 0049       if ((status & (FRAMING_ERROR | PARITY_ERROR | DATA_OVERRUN))==0)
0000cc 2fe1      	MOV  R30,R17
0000cd 71ec      	ANDI R30,LOW(0x1C)
0000ce f411      	BRNE _0x9
                 ; 0000 004A          return data;
0000cf 2fe0      	MOV  R30,R16
0000d0 c001      	RJMP _0x2040003
                 ; 0000 004B       }
                 _0x9:
0000d1 cff3      	RJMP _0x3
                 ; 0000 004C }
                 _0x2040003:
0000d2 9109      	LD   R16,Y+
0000d3 9119      	LD   R17,Y+
0000d4 9508      	RET
                 ;#pragma used-
                 ;
                 ;// Write a character to the USART2 Transmitter
                 ;#pragma used+
                 ;void putchar2(char c)
                 ; 0000 0052 {
                 _putchar2:
                 ; 0000 0053 while ((UCSR2A & DATA_REGISTER_EMPTY)==0);
0000d5 93aa      	ST   -Y,R26
                 ;	c -> Y+0
                 _0xA:
0000d6 91e0 00d0 	LDS  R30,208
0000d8 72e0      	ANDI R30,LOW(0x20)
0000d9 f3e1      	BREQ _0xA
                 ; 0000 0054 UDR2=c;
0000da 81e8      	LD   R30,Y
0000db 93e0 00d6 	STS  214,R30
                 ; 0000 0055 }
0000dd 940c 0217 	JMP  _0x2040001
                 ;#pragma used-
                 ;
                 ;// Declare your global variables here
                 ;
                 ;int x = 0;
                 ;int y =0;
                 ;
                 ;void updatePos(int flag)
                 ; 0000 005E {
                 _updatePos:
                 ; 0000 005F     if (flag) {
0000df 93ba      	ST   -Y,R27
0000e0 93aa      	ST   -Y,R26
                 ;	flag -> Y+0
0000e1 81e8      	LD   R30,Y
0000e2 81f9      	LDD  R31,Y+1
0000e3 9730      	SBIW R30,0
0000e4 f0f1      	BREQ _0xD
                 ; 0000 0060         if(1 + x > 15) {
                +
0000e5 2da3     +MOV R26 , R3
0000e6 2db4     +MOV R27 , R4
                 	__GETW2R 3,4
0000e7 9611      	ADIW R26,1
0000e8 9750      	SBIW R26,16
0000e9 f0a4      	BRLT _0xE
                 ; 0000 0061             if (y == 1) {
0000ea e0e1      	LDI  R30,LOW(1)
0000eb e0f0      	LDI  R31,HIGH(1)
0000ec 15e5      	CP   R30,R5
0000ed 05f6      	CPC  R31,R6
0000ee f441      	BRNE _0xF
                 ; 0000 0062                 lcd_clear();
0000ef 940e 01d0 	CALL _lcd_clear
                 ; 0000 0063                 x = 0;
0000f1 2433      	CLR  R3
0000f2 2444      	CLR  R4
                 ; 0000 0064                 y = 0;
0000f3 2455      	CLR  R5
0000f4 2466      	CLR  R6
                 ; 0000 0065                 return ;
0000f5 940c 01ce 	JMP  _0x2040002
                 ; 0000 0066             }
                 ; 0000 0067             y = 1;
                 _0xF:
0000f7 e0e1      	LDI  R30,LOW(1)
0000f8 e0f0      	LDI  R31,HIGH(1)
                +
0000f9 2e5e     +MOV R5 , R30
0000fa 2e6f     +MOV R6 , R31
                 	__PUTW1R 5,6
                 ; 0000 0068             x = 0;
0000fb 2433      	CLR  R3
0000fc 2444      	CLR  R4
                 ; 0000 0069         }
                 ; 0000 006A         else {
0000fd c004      	RJMP _0x10
                 _0xE:
                 ; 0000 006B                 x ++;
0000fe e0e1      	LDI  R30,LOW(1)
0000ff e0f0      	LDI  R31,HIGH(1)
                +
000100 0e3e     +ADD R3 , R30
000101 1e4f     +ADC R4 , R31
                 	__ADDWRR 3,4,30,31
                 ; 0000 006C         }
                 _0x10:
                 ; 0000 006D     } else {
000102 c014      	RJMP _0x11
                 _0xD:
                 ; 0000 006E         if(x == 0) {
000103 2c03      	MOV  R0,R3
000104 2804      	OR   R0,R4
000105 f461      	BRNE _0x12
                 ; 0000 006F             if (y == 1) {
000106 e0e1      	LDI  R30,LOW(1)
000107 e0f0      	LDI  R31,HIGH(1)
000108 15e5      	CP   R30,R5
000109 05f6      	CPC  R31,R6
00010a f431      	BRNE _0x13
                 ; 0000 0070                 y = 0;
00010b 2455      	CLR  R5
00010c 2466      	CLR  R6
                 ; 0000 0071                 x = 15;
00010d e0ef      	LDI  R30,LOW(15)
00010e e0f0      	LDI  R31,HIGH(15)
                +
00010f 2e3e     +MOV R3 , R30
000110 2e4f     +MOV R4 , R31
                 	__PUTW1R 3,4
                 ; 0000 0072             }
                 ; 0000 0073         } else{
                 _0x13:
000111 c005      	RJMP _0x14
                 _0x12:
                 ; 0000 0074             x --;
                +
000112 2de3     +MOV R30 , R3
000113 2df4     +MOV R31 , R4
                 	__GETW1R 3,4
000114 9731      	SBIW R30,1
                +
000115 2e3e     +MOV R3 , R30
000116 2e4f     +MOV R4 , R31
                 	__PUTW1R 3,4
                 ; 0000 0075         }
                 _0x14:
                 ; 0000 0076 
                 ; 0000 0077 
                 ; 0000 0078 
                 ; 0000 0079     }
                 _0x11:
                 ; 0000 007A 
                 ; 0000 007B }
000117 940c 01ce 	JMP  _0x2040002
                 ;
                 ;
                 ;
                 ;
                 ;void main(void)
                 ; 0000 0081 {
                 _main:
                 ; 0000 0082 char b;
                 ; 0000 0083 int i;
                 ; 0000 0084 
                 ; 0000 0085 // Declare your local variables here
                 ; 0000 0086 
                 ; 0000 0087 // Crystal Oscillator division factor: 1
                 ; 0000 0088 #pragma optsize-
                 ; 0000 0089 CLKPR=0x80;
                 ;	b -> R17
                 ;	i -> R18,R19
000119 e8e0      	LDI  R30,LOW(128)
00011a 93e0 0061 	STS  97,R30
                 ; 0000 008A CLKPR=0x00;
00011c e0e0      	LDI  R30,LOW(0)
00011d 93e0 0061 	STS  97,R30
                 ; 0000 008B #ifdef _OPTIMIZE_SIZE_
                 ; 0000 008C #pragma optsize+
                 ; 0000 008D #endif
                 ; 0000 008E 
                 ; 0000 008F // Input/Output Ports initialization
                 ; 0000 0090 // Port A initialization
                 ; 0000 0091 // Func7=In Func6=In Func5=In Func4=In Func3=In Func2=In Func1=In Func0=In
                 ; 0000 0092 // State7=T State6=T State5=T State4=T State3=T State2=T State1=T State0=T
                 ; 0000 0093 PORTA=0x00;
00011f b9e2      	OUT  0x2,R30
                 ; 0000 0094 DDRA=0x00;
000120 b9e1      	OUT  0x1,R30
                 ; 0000 0095 
                 ; 0000 0096 // Port B initialization
                 ; 0000 0097 // Func7=In Func6=In Func5=In Func4=In Func3=In Func2=In Func1=In Func0=In
                 ; 0000 0098 // State7=T State6=T State5=T State4=T State3=T State2=T State1=T State0=T
                 ; 0000 0099 PORTB=0x00;
000121 b9e5      	OUT  0x5,R30
                 ; 0000 009A DDRB=0x00;
000122 b9e4      	OUT  0x4,R30
                 ; 0000 009B 
                 ; 0000 009C // Port C initialization
                 ; 0000 009D // Func7=In Func6=In Func5=In Func4=In Func3=In Func2=In Func1=In Func0=In
                 ; 0000 009E // State7=T State6=T State5=T State4=T State3=T State2=T State1=T State0=T
                 ; 0000 009F PORTC=0x00;
000123 b9e8      	OUT  0x8,R30
                 ; 0000 00A0 DDRC=0x00;
000124 b9e7      	OUT  0x7,R30
                 ; 0000 00A1 
                 ; 0000 00A2 // Port D initialization
                 ; 0000 00A3 // Func7=In Func6=In Func5=In Func4=In Func3=In Func2=In Func1=In Func0=In
                 ; 0000 00A4 // State7=T State6=T State5=T State4=T State3=T State2=T State1=T State0=T
                 ; 0000 00A5 PORTD=0x00;
000125 b9eb      	OUT  0xB,R30
                 ; 0000 00A6 DDRD=0x00;
000126 b9ea      	OUT  0xA,R30
                 ; 0000 00A7 
                 ; 0000 00A8 // Port E initialization
                 ; 0000 00A9 // Func7=In Func6=In Func5=In Func4=In Func3=In Func2=In Func1=In Func0=In
                 ; 0000 00AA // State7=T State6=T State5=T State4=T State3=T State2=T State1=T State0=T
                 ; 0000 00AB PORTE=0x00;
000127 b9ee      	OUT  0xE,R30
                 ; 0000 00AC DDRE=0x00;
000128 b9ed      	OUT  0xD,R30
                 ; 0000 00AD 
                 ; 0000 00AE // Port F initialization
                 ; 0000 00AF // Func7=In Func6=In Func5=In Func4=In Func3=In Func2=In Func1=In Func0=In
                 ; 0000 00B0 // State7=T State6=T State5=T State4=T State3=T State2=T State1=T State0=T
                 ; 0000 00B1 PORTF=0x00;
000129 bbe1      	OUT  0x11,R30
                 ; 0000 00B2 DDRF=0x00;
00012a bbe0      	OUT  0x10,R30
                 ; 0000 00B3 
                 ; 0000 00B4 // Port G initialization
                 ; 0000 00B5 // Func5=In Func4=In Func3=In Func2=In Func1=In Func0=In
                 ; 0000 00B6 // State5=T State4=T State3=T State2=T State1=T State0=T
                 ; 0000 00B7 PORTG=0x00;
00012b bbe4      	OUT  0x14,R30
                 ; 0000 00B8 DDRG=0x00;
00012c bbe3      	OUT  0x13,R30
                 ; 0000 00B9 
                 ; 0000 00BA // Port H initialization
                 ; 0000 00BB // Func7=In Func6=In Func5=In Func4=In Func3=In Func2=In Func1=In Func0=In
                 ; 0000 00BC // State7=T State6=T State5=T State4=T State3=T State2=T State1=T State0=T
                 ; 0000 00BD PORTH=0x00;
00012d 93e0 0102 	STS  258,R30
                 ; 0000 00BE DDRH=0x00;
00012f 93e0 0101 	STS  257,R30
                 ; 0000 00BF 
                 ; 0000 00C0 // Port J initialization
                 ; 0000 00C1 // Func7=In Func6=In Func5=In Func4=In Func3=In Func2=In Func1=In Func0=In
                 ; 0000 00C2 // State7=T State6=T State5=T State4=T State3=T State2=T State1=T State0=T
                 ; 0000 00C3 PORTJ=0x00;
000131 93e0 0105 	STS  261,R30
                 ; 0000 00C4 DDRJ=0x00;
000133 93e0 0104 	STS  260,R30
                 ; 0000 00C5 
                 ; 0000 00C6 // Port K initialization
                 ; 0000 00C7 // Func7=In Func6=In Func5=In Func4=In Func3=In Func2=In Func1=In Func0=In
                 ; 0000 00C8 // State7=T State6=T State5=T State4=T State3=T State2=T State1=T State0=T
                 ; 0000 00C9 PORTK=0x00;
000135 93e0 0108 	STS  264,R30
                 ; 0000 00CA DDRK=0x00;
000137 93e0 0107 	STS  263,R30
                 ; 0000 00CB 
                 ; 0000 00CC // Port L initialization
                 ; 0000 00CD // Func7=In Func6=In Func5=In Func4=In Func3=In Func2=In Func1=In Func0=In
                 ; 0000 00CE // State7=T State6=T State5=T State4=T State3=T State2=T State1=T State0=T
                 ; 0000 00CF PORTL=0x00;
000139 93e0 010b 	STS  267,R30
                 ; 0000 00D0 DDRL=0x00;
00013b 93e0 010a 	STS  266,R30
                 ; 0000 00D1 
                 ; 0000 00D2 // USART2 initialization
                 ; 0000 00D3 // Communication Parameters: 8 Data, 1 Stop, No Parity
                 ; 0000 00D4 // USART2 Receiver: On
                 ; 0000 00D5 // USART2 Transmitter: On
                 ; 0000 00D6 // USART2 Mode: Asynchronous
                 ; 0000 00D7 // USART2 Baud Rate: 9600
                 ; 0000 00D8 UCSR2A=0x00;
00013d 93e0 00d0 	STS  208,R30
                 ; 0000 00D9 UCSR2B=0x18;
00013f e1e8      	LDI  R30,LOW(24)
000140 93e0 00d1 	STS  209,R30
                 ; 0000 00DA UCSR2C=0x06;
000142 e0e6      	LDI  R30,LOW(6)
000143 93e0 00d2 	STS  210,R30
                 ; 0000 00DB UBRR2H=0x00;
000145 e0e0      	LDI  R30,LOW(0)
000146 93e0 00d5 	STS  213,R30
                 ; 0000 00DC UBRR2L=0x47;
000148 e4e7      	LDI  R30,LOW(71)
000149 93e0 00d4 	STS  212,R30
                 ; 0000 00DD 
                 ; 0000 00DE // Alphanumeric LCD initialization
                 ; 0000 00DF // Connections are specified in the
                 ; 0000 00E0 // Project|Configure|C Compiler|Libraries|Alphanumeric LCD menu:
                 ; 0000 00E1 // RS - PORTA Bit 0
                 ; 0000 00E2 // RD - PORTA Bit 1
                 ; 0000 00E3 // EN - PORTA Bit 2
                 ; 0000 00E4 // D4 - PORTA Bit 4
                 ; 0000 00E5 // D5 - PORTA Bit 5
                 ; 0000 00E6 // D6 - PORTA Bit 6
                 ; 0000 00E7 // D7 - PORTA Bit 7
                 ; 0000 00E8 // Characters/line: 16
                 ; 0000 00E9 
                 ; 0000 00EA lcd_init(16);
00014b e1a0      	LDI  R26,LOW(16)
00014c 940e 01ee 	CALL _lcd_init
                 ; 0000 00EB lcd_clear();
00014e 940e 01d0 	CALL _lcd_clear
                 ; 0000 00EC while (1)
                 _0x15:
                 ; 0000 00ED       {
                 ; 0000 00EE       b = getchar2();
000150 df72      	RCALL _getchar2
000151 2f1e      	MOV  R17,R30
                 ; 0000 00EF 
                 ; 0000 00F0       if (b == 'c')
000152 3613      	CPI  R17,99
000153 f439      	BRNE _0x18
                 ; 0000 00F1       {
                 ; 0000 00F2         x = 0;
000154 2433      	CLR  R3
000155 2444      	CLR  R4
                 ; 0000 00F3         y = 0;
000156 2455      	CLR  R5
000157 2466      	CLR  R6
                 ; 0000 00F4         lcd_clear();
000158 940e 01d0 	CALL _lcd_clear
                 ; 0000 00F5       }
                 ; 0000 00F6       else if (b == 'n')
00015a c03a      	RJMP _0x19
                 _0x18:
00015b 361e      	CPI  R17,110
00015c f4e1      	BRNE _0x1A
                 ; 0000 00F7       {
                 ; 0000 00F8         char * name = "saeed & amir";
                 ; 0000 00F9 
                 ; 0000 00FA 
                 ; 0000 00FB         for( i=0 ; i < strlen(name) ; i++)
00015d 9722      	SBIW R28,2
00015e e0e0      	LDI  R30,LOW(_0x1B)
00015f e0fa      	LDI  R31,HIGH(_0x1B)
000160 83e8      	ST   Y,R30
000161 83f9      	STD  Y+1,R31
                 ;	*name -> Y+0
                +
000162 e020     +LDI R18 , LOW ( 0 )
000163 e030     +LDI R19 , HIGH ( 0 )
                 	__GETWRN 18,19,0
                 _0x1D:
000164 81a8      	LD   R26,Y
000165 81b9      	LDD  R27,Y+1
000166 940e 0197 	CALL _strlen
000168 172e      	CP   R18,R30
000169 073f      	CPC  R19,R31
00016a f460      	BRSH _0x1E
                 ; 0000 00FC         {
                 ; 0000 00FD             lcd_gotoxy(x,y);
00016b 940e 0219 	CALL SUBOPT_0x0
                 ; 0000 00FE             lcd_putchar(name[i]);
00016d 940e 021c 	CALL SUBOPT_0x1
00016f 940e 0223 	CALL SUBOPT_0x2
                 ; 0000 00FF             updatePos(1);
                 ; 0000 0100             putchar2(name[i]);
000171 940e 021c 	CALL SUBOPT_0x1
000173 df61      	RCALL _putchar2
                 ; 0000 0101         }
                +
000174 5f2f     +SUBI R18 , LOW ( - 1 )
000175 4f3f     +SBCI R19 , HIGH ( - 1 )
                 	__ADDWRN 18,19,1
000176 cfed      	RJMP _0x1D
                 _0x1E:
                 ; 0000 0102 
                 ; 0000 0103       }
000177 9622      	ADIW R28,2
                 ; 0000 0104       else if (b == 8)
000178 c01c      	RJMP _0x1F
                 _0x1A:
000179 3018      	CPI  R17,8
00017a f499      	BRNE _0x20
                 ; 0000 0105       {
                 ; 0000 0106         putchar2(8);
00017b e0a8      	LDI  R26,LOW(8)
00017c df58      	RCALL _putchar2
                 ; 0000 0107         putchar2(32);
00017d e2a0      	LDI  R26,LOW(32)
00017e df56      	RCALL _putchar2
                 ; 0000 0108         putchar2(8);
00017f e0a8      	LDI  R26,LOW(8)
000180 df54      	RCALL _putchar2
                 ; 0000 0109 
                 ; 0000 010A         updatePos(0);
000181 940e 0228 	CALL SUBOPT_0x3
                 ; 0000 010B         lcd_gotoxy(x,y);
000183 940e 0219 	CALL SUBOPT_0x0
                 ; 0000 010C         updatePos(1);
000185 e0a1      	LDI  R26,LOW(1)
000186 e0b0      	LDI  R27,0
000187 df57      	RCALL _updatePos
                 ; 0000 010D         lcd_putchar(32);
000188 e2a0      	LDI  R26,LOW(32)
000189 940e 01da 	CALL _lcd_putchar
                 ; 0000 010E         updatePos(0);
00018b 940e 0228 	CALL SUBOPT_0x3
                 ; 0000 010F 
                 ; 0000 0110 
                 ; 0000 0111       }
                 ; 0000 0112       else
00018d c007      	RJMP _0x21
                 _0x20:
                 ; 0000 0113       {     lcd_gotoxy(x,y);
00018e 940e 0219 	CALL SUBOPT_0x0
                 ; 0000 0114             lcd_putchar(b);
000190 2fa1      	MOV  R26,R17
000191 940e 0223 	CALL SUBOPT_0x2
                 ; 0000 0115             updatePos(1);
                 ; 0000 0116             putchar2(b);
000193 2fa1      	MOV  R26,R17
000194 df40      	RCALL _putchar2
                 ; 0000 0117 
                 ; 0000 0118       }
                 _0x21:
                 _0x1F:
                 _0x19:
                 ; 0000 0119 
                 ; 0000 011A 
                 ; 0000 011B       }
000195 cfba      	RJMP _0x15
                 ; 0000 011C }
                 _0x22:
000196 cfff      	RJMP _0x22
                 
                 	.DSEG
                 _0x1B:
000a00           	.BYTE 0xD
                 
                 	.CSEG
                 _strlen:
000197 93ba      	ST   -Y,R27
000198 93aa      	ST   -Y,R26
000199 91a9          ld   r26,y+
00019a 91b9          ld   r27,y+
00019b 27ee          clr  r30
00019c 27ff          clr  r31
                 strlen0:
00019d 916d          ld   r22,x+
00019e 2366          tst  r22
00019f f011          breq strlen1
0001a0 9631          adiw r30,1
0001a1 cffb          rjmp strlen0
                 strlen1:
0001a2 9508          ret
                 	#ifndef __SLEEP_DEFINED__
                 	#endif
                 
                 	.DSEG
                 
                 	.CSEG
                 __lcd_write_nibble_G101:
0001a3 93aa      	ST   -Y,R26
0001a4 b1e2      	IN   R30,0x2
0001a5 70ef      	ANDI R30,LOW(0xF)
0001a6 2fae      	MOV  R26,R30
0001a7 81e8      	LD   R30,Y
0001a8 7fe0      	ANDI R30,LOW(0xF0)
0001a9 2bea      	OR   R30,R26
0001aa b9e2      	OUT  0x2,R30
                +
0001ab e087     +LDI R24 , LOW ( 7 )
                +__DELAY_USB_LOOP :
0001ac 958a     +DEC R24
0001ad f7f1     +BRNE __DELAY_USB_LOOP
                 	__DELAY_USB 7
0001ae 9a12      	SBI  0x2,2
                +
0001af e182     +LDI R24 , LOW ( 18 )
                +__DELAY_USB_LOOP :
0001b0 958a     +DEC R24
0001b1 f7f1     +BRNE __DELAY_USB_LOOP
                 	__DELAY_USB 18
0001b2 9812      	CBI  0x2,2
                +
0001b3 e182     +LDI R24 , LOW ( 18 )
                +__DELAY_USB_LOOP :
0001b4 958a     +DEC R24
0001b5 f7f1     +BRNE __DELAY_USB_LOOP
                 	__DELAY_USB 18
0001b6 c060      	RJMP _0x2040001
                 __lcd_write_data:
0001b7 93aa      	ST   -Y,R26
0001b8 81a8      	LD   R26,Y
0001b9 dfe9      	RCALL __lcd_write_nibble_G101
0001ba 81e8          ld    r30,y
0001bb 95e2          swap  r30
0001bc 83e8          st    y,r30
0001bd 81a8      	LD   R26,Y
0001be dfe4      	RCALL __lcd_write_nibble_G101
                +
0001bf eb88     +LDI R24 , LOW ( 184 )
                +__DELAY_USB_LOOP :
0001c0 958a     +DEC R24
0001c1 f7f1     +BRNE __DELAY_USB_LOOP
                 	__DELAY_USB 184
0001c2 c054      	RJMP _0x2040001
                 _lcd_gotoxy:
0001c3 93aa      	ST   -Y,R26
0001c4 81e8      	LD   R30,Y
0001c5 e0f0      	LDI  R31,0
0001c6 5fe3      	SUBI R30,LOW(-__base_y_G101)
0001c7 4ff5      	SBCI R31,HIGH(-__base_y_G101)
0001c8 81e0      	LD   R30,Z
0001c9 81a9      	LDD  R26,Y+1
0001ca 0fae      	ADD  R26,R30
0001cb dfeb      	RCALL __lcd_write_data
0001cc 8089      	LDD  R8,Y+1
0001cd 8078      	LDD  R7,Y+0
                 _0x2040002:
0001ce 9622      	ADIW R28,2
0001cf 9508      	RET
                 _lcd_clear:
0001d0 e0a2      	LDI  R26,LOW(2)
0001d1 d05a      	RCALL SUBOPT_0x4
0001d2 e0ac      	LDI  R26,LOW(12)
0001d3 dfe3      	RCALL __lcd_write_data
0001d4 e0a1      	LDI  R26,LOW(1)
0001d5 d056      	RCALL SUBOPT_0x4
0001d6 e0e0      	LDI  R30,LOW(0)
0001d7 2e7e      	MOV  R7,R30
0001d8 2e8e      	MOV  R8,R30
0001d9 9508      	RET
                 _lcd_putchar:
0001da 93aa      	ST   -Y,R26
0001db 81a8      	LD   R26,Y
0001dc 30aa      	CPI  R26,LOW(0xA)
0001dd f011      	BREQ _0x2020005
0001de 148a      	CP   R8,R10
0001df f040      	BRLO _0x2020004
                 _0x2020005:
0001e0 e0e0      	LDI  R30,LOW(0)
0001e1 93ea      	ST   -Y,R30
0001e2 9473      	INC  R7
0001e3 2da7      	MOV  R26,R7
0001e4 dfde      	RCALL _lcd_gotoxy
0001e5 81a8      	LD   R26,Y
0001e6 30aa      	CPI  R26,LOW(0xA)
0001e7 f179      	BREQ _0x2040001
                 _0x2020004:
0001e8 9483      	INC  R8
0001e9 9a10      	SBI  0x2,0
0001ea 81a8      	LD   R26,Y
0001eb dfcb      	RCALL __lcd_write_data
0001ec 9810      	CBI  0x2,0
0001ed c029      	RJMP _0x2040001
                 _lcd_init:
0001ee 93aa      	ST   -Y,R26
0001ef b1e1      	IN   R30,0x1
0001f0 6fe0      	ORI  R30,LOW(0xF0)
0001f1 b9e1      	OUT  0x1,R30
0001f2 9a0a      	SBI  0x1,2
0001f3 9a08      	SBI  0x1,0
0001f4 9a09      	SBI  0x1,1
0001f5 9812      	CBI  0x2,2
0001f6 9810      	CBI  0x2,0
0001f7 9811      	CBI  0x2,1
0001f8 80a8      	LDD  R10,Y+0
0001f9 81e8      	LD   R30,Y
0001fa 58e0      	SUBI R30,-LOW(128)
                +
0001fb 93e0 0a0f+STS __base_y_G101 + ( 2 ) , R30
                 	__PUTB1MN __base_y_G101,2
0001fd 81e8      	LD   R30,Y
0001fe 54e0      	SUBI R30,-LOW(192)
                +
0001ff 93e0 0a10+STS __base_y_G101 + ( 3 ) , R30
                 	__PUTB1MN __base_y_G101,3
000201 e1a4      	LDI  R26,LOW(20)
000202 e0b0      	LDI  R27,0
000203 940e 0238 	CALL _delay_ms
000205 d02b      	RCALL SUBOPT_0x5
000206 d02a      	RCALL SUBOPT_0x5
000207 d029      	RCALL SUBOPT_0x5
000208 e2a0      	LDI  R26,LOW(32)
000209 df99      	RCALL __lcd_write_nibble_G101
                +
00020a e184     +LDI R24 , LOW ( 276 )
00020b e091     +LDI R25 , HIGH ( 276 )
                +__DELAY_USW_LOOP :
00020c 9701     +SBIW R24 , 1
00020d f7f1     +BRNE __DELAY_USW_LOOP
                 	__DELAY_USW 276
00020e e2a8      	LDI  R26,LOW(40)
00020f dfa7      	RCALL __lcd_write_data
000210 e0a4      	LDI  R26,LOW(4)
000211 dfa5      	RCALL __lcd_write_data
000212 e8a5      	LDI  R26,LOW(133)
000213 dfa3      	RCALL __lcd_write_data
000214 e0a6      	LDI  R26,LOW(6)
000215 dfa1      	RCALL __lcd_write_data
000216 dfb9      	RCALL _lcd_clear
                 _0x2040001:
000217 9621      	ADIW R28,1
000218 9508      	RET
                 
                 	.DSEG
                 __base_y_G101:
000a0d           	.BYTE 0x4
                 
                 	.CSEG
                 ;OPTIMIZER ADDED SUBROUTINE, CALLED 3 TIMES, CODE SIZE REDUCTION:1 WORDS
                 SUBOPT_0x0:
000219 923a      	ST   -Y,R3
00021a 2da5      	MOV  R26,R5
00021b cfa7      	RJMP _lcd_gotoxy
                 
                 ;OPTIMIZER ADDED SUBROUTINE, CALLED 2 TIMES, CODE SIZE REDUCTION:1 WORDS
                 SUBOPT_0x1:
00021c 01f9      	MOVW R30,R18
00021d 81a8      	LD   R26,Y
00021e 81b9      	LDD  R27,Y+1
00021f 0fae      	ADD  R26,R30
000220 1fbf      	ADC  R27,R31
000221 91ac      	LD   R26,X
000222 9508      	RET
                 
                 ;OPTIMIZER ADDED SUBROUTINE, CALLED 2 TIMES, CODE SIZE REDUCTION:3 WORDS
                 SUBOPT_0x2:
000223 dfb6      	RCALL _lcd_putchar
000224 e0a1      	LDI  R26,LOW(1)
000225 e0b0      	LDI  R27,0
000226 940c 00df 	JMP  _updatePos
                 
                 ;OPTIMIZER ADDED SUBROUTINE, CALLED 2 TIMES, CODE SIZE REDUCTION:1 WORDS
                 SUBOPT_0x3:
000228 e0a0      	LDI  R26,LOW(0)
000229 e0b0      	LDI  R27,0
00022a 940c 00df 	JMP  _updatePos
                 
                 ;OPTIMIZER ADDED SUBROUTINE, CALLED 2 TIMES, CODE SIZE REDUCTION:3 WORDS
                 SUBOPT_0x4:
00022c df8a      	RCALL __lcd_write_data
00022d e0a3      	LDI  R26,LOW(3)
00022e e0b0      	LDI  R27,0
00022f 940c 0238 	JMP  _delay_ms
                 
                 ;OPTIMIZER ADDED SUBROUTINE, CALLED 3 TIMES, CODE SIZE REDUCTION:7 WORDS
                 SUBOPT_0x5:
000231 e3a0      	LDI  R26,LOW(48)
000232 df70      	RCALL __lcd_write_nibble_G101
                +
000233 e184     +LDI R24 , LOW ( 276 )
000234 e091     +LDI R25 , HIGH ( 276 )
                +__DELAY_USW_LOOP :
000235 9701     +SBIW R24 , 1
000236 f7f1     +BRNE __DELAY_USW_LOOP
                 	__DELAY_USW 276
000237 9508      	RET
                 
                 
                 	.CSEG
                 _delay_ms:
000238 9610      	adiw r26,0
000239 f039      	breq __delay_ms1
                 __delay_ms0:
                +
00023a ec8d     +LDI R24 , LOW ( 0xACD )
00023b e09a     +LDI R25 , HIGH ( 0xACD )
                +__DELAY_USW_LOOP :
00023c 9701     +SBIW R24 , 1
00023d f7f1     +BRNE __DELAY_USW_LOOP
                 	__DELAY_USW 0xACD
00023e 95a8      	wdr
00023f 9711      	sbiw r26,1
000240 f7c9      	brne __delay_ms0
                 __delay_ms1:
000241 9508      	ret
                 
                 ;END OF CODE MARKER
                 __END_OF_CODE:


RESOURCE USE INFORMATION
------------------------

Notice:
The register and instruction counts are symbol table hit counts,
and hence implicitly used resources are not counted, eg, the
'lpm' instruction without operands implicitly uses r0 and z,
none of which are counted.

x,y,z are separate entities in the symbol table and are
counted separately from r26..r31 here.

.dseg memory usage only counts static data declared with .byte

ATmega1280 register use summary:
r0 :   6 r1 :   1 r2 :   0 r3 :  10 r4 :   9 r5 :   7 r6 :   6 r7 :   4 
r8 :   4 r9 :   0 r10:   2 r11:   0 r12:   0 r13:   0 r14:   0 r15:   0 
r16:   4 r17:  10 r18:   4 r19:   3 r20:   0 r21:   0 r22:   4 r23:   0 
r24:  22 r25:   5 r26:  58 r27:  15 r28:   5 r29:   1 r30: 114 r31:  25 
x  :   5 y  :  42 z  :   8 
Registers used: 25 out of 35 (71.4%)

ATmega1280 instruction use summary:
.lds  :   0 .lds.l:   0 .sts  :   0 .sts.l:   0 adc   :   2 add   :   3 
adiw  :   6 and   :   0 andi  :   5 asr   :   0 bclr  :   0 bld   :   0 
brbc  :   0 brbs  :   0 brcc  :   0 brcs  :   0 break :   0 breq  :   8 
brge  :   0 brhc  :   0 brhs  :   0 brid  :   0 brie  :   0 brlo  :   1 
brlt  :   1 brmi  :   0 brne  :  18 brpl  :   0 brsh  :   1 brtc  :   0 
brts  :   0 brvc  :   0 brvs  :   0 bset  :   0 bst   :   0 call  :  16 
cbi   :   5 cbr   :   1 clc   :   0 clh   :   0 cli   :   1 cln   :   0 
clr   :  16 cls   :   0 clt   :   0 clv   :   0 clz   :   0 com   :   0 
cp    :   4 cpc   :   3 cpi   :   5 cpse  :   0 dec   :   5 des   :   0 
elpm  :   0 eor   :   0 fmul  :   0 fmuls :   0 fmulsu:   0 icall :   0 
ijmp  :   0 in    :   3 inc   :   2 jmp   :  64 ld    :  21 ldd   :   7 
ldi   :  72 lds   :   3 lpm   :   7 lsl   :   0 lsr   :   0 mov   :  22 
movw  :   4 mul   :   0 muls  :   0 mulsu :   0 neg   :   0 nop   :   0 
or    :   2 ori   :   1 out   :  24 pop   :   0 push  :   0 rcall :  27 
ret   :   8 reti  :   0 rjmp  :  17 rol   :   0 ror   :   0 sbc   :   0 
sbci  :   2 sbi   :   5 sbic  :   0 sbis  :   0 sbiw  :  11 sbr   :   0 
sbrc  :   0 sbrs  :   0 sec   :   0 seh   :   0 sei   :   0 sen   :   0 
ser   :   0 ses   :   0 set   :   0 sev   :   0 sez   :   0 sleep :   0 
spm   :   0 st    :  19 std   :   1 sts   :  22 sub   :   0 subi  :   4 
swap  :   1 tst   :   1 wdr   :   2 
Instructions used: 44 out of 117 (37.6%)

ATmega1280 memory use summary [bytes]:
Segment   Begin    End      Code   Data   Used    Size   Use%
---------------------------------------------------------------
[.cseg] 0x000000 0x000484   1116     40   1156  131072   0.9%
[.dseg] 0x000200 0x000a11      0     17     17    8703   0.2%
[.eseg] 0x000000 0x000000      0      0      0    4096   0.0%

Assembly complete, 0 errors, 6 warnings
