
AVRASM ver. 2.1.30  D:\amir-saeed\J6\intrupt\List\int.asm Tue Apr 16 17:42:20 2019

D:\amir-saeed\J6\intrupt\List\int.asm(1078): warning: Register r4 already defined by the .DEF directive
D:\amir-saeed\J6\intrupt\List\int.asm(1079): warning: Register r3 already defined by the .DEF directive
D:\amir-saeed\J6\intrupt\List\int.asm(1080): warning: Register r6 already defined by the .DEF directive
D:\amir-saeed\J6\intrupt\List\int.asm(1081): warning: Register r5 already defined by the .DEF directive
                 
                 
                 ;CodeVisionAVR C Compiler V2.05.3 Standard
                 ;(C) Copyright 1998-2011 Pavel Haiduc, HP InfoTech s.r.l.
                 ;http://www.hpinfotech.com
                 
                 ;Chip type                : ATmega1280
                 ;Program type             : Application
                 ;Clock frequency          : 11.059200 MHz
                 ;Memory model             : Small
                 ;Optimize for             : Size
                 ;(s)printf features       : int, width
                 ;(s)scanf features        : int, width
                 ;External RAM size        : 0
                 ;Data Stack size          : 2048 byte(s)
                 ;Heap size                : 0 byte(s)
                 ;Promote 'char' to 'int'  : Yes
                 ;'char' is unsigned       : Yes
                 ;8 bit enums              : Yes
                 ;Global 'const' stored in FLASH     : No
                 ;Enhanced function parameter passing: Yes
                 ;Enhanced core instructions         : On
                 ;Smart register allocation          : On
                 ;Automatic register allocation      : On
                 
                 	#pragma AVRPART ADMIN PART_NAME ATmega1280
                 	#pragma AVRPART MEMORY PROG_FLASH 131072
                 	#pragma AVRPART MEMORY EEPROM 4096
                 	#pragma AVRPART MEMORY INT_SRAM SIZE 8703
                 	#pragma AVRPART MEMORY INT_SRAM START_ADDR 0x200
                 
                 	#define CALL_SUPPORTED 1
                 
                 	.LISTMAC
                 	.EQU EERE=0x0
                 	.EQU EEWE=0x1
                 	.EQU EEMWE=0x2
                 	.EQU UDRE=0x5
                 	.EQU RXC=0x7
                 	.EQU EECR=0x1F
                 	.EQU EEDR=0x20
                 	.EQU EEARL=0x21
                 	.EQU EEARH=0x22
                 	.EQU SPSR=0x2D
                 	.EQU SPDR=0x2E
                 	.EQU SMCR=0x33
                 	.EQU MCUSR=0x34
                 	.EQU MCUCR=0x35
                 	.EQU WDTCSR=0x60
                 	.EQU UCSR0A=0xC0
                 	.EQU UDR0=0xC6
                 	.EQU RAMPZ=0x3B
                 	.EQU EIND=0x3C
                 	.EQU SPL=0x3D
                 	.EQU SPH=0x3E
                 	.EQU SREG=0x3F
                 	.EQU XMCRA=0x74
                 	.EQU XMCRB=0x75
                 	.EQU GPIOR0=0x1E
                 
                 	.DEF R0X0=R0
                 	.DEF R0X1=R1
                 	.DEF R0X2=R2
                 	.DEF R0X3=R3
                 	.DEF R0X4=R4
                 	.DEF R0X5=R5
                 	.DEF R0X6=R6
                 	.DEF R0X7=R7
                 	.DEF R0X8=R8
                 	.DEF R0X9=R9
                 	.DEF R0XA=R10
                 	.DEF R0XB=R11
                 	.DEF R0XC=R12
                 	.DEF R0XD=R13
                 	.DEF R0XE=R14
                 	.DEF R0XF=R15
                 	.DEF R0X10=R16
                 	.DEF R0X11=R17
                 	.DEF R0X12=R18
                 	.DEF R0X13=R19
                 	.DEF R0X14=R20
                 	.DEF R0X15=R21
                 	.DEF R0X16=R22
                 	.DEF R0X17=R23
                 	.DEF R0X18=R24
                 	.DEF R0X19=R25
                 	.DEF R0X1A=R26
                 	.DEF R0X1B=R27
                 	.DEF R0X1C=R28
                 	.DEF R0X1D=R29
                 	.DEF R0X1E=R30
                 	.DEF R0X1F=R31
                 
                 	.EQU __SRAM_START=0x0200
                 	.EQU __SRAM_END=0x21FF
                 	.EQU __DSTACK_SIZE=0x0800
                 	.EQU __HEAP_SIZE=0x0000
                 	.EQU __CLEAR_SRAM_SIZE=__SRAM_END-__SRAM_START+1
                 
                 	.MACRO __CPD1N
                 	CPI  R30,LOW(@0)
                 	LDI  R26,HIGH(@0)
                 	CPC  R31,R26
                 	LDI  R26,BYTE3(@0)
                 	CPC  R22,R26
                 	LDI  R26,BYTE4(@0)
                 	CPC  R23,R26
                 	.ENDM
                 
                 	.MACRO __CPD2N
                 	CPI  R26,LOW(@0)
                 	LDI  R30,HIGH(@0)
                 	CPC  R27,R30
                 	LDI  R30,BYTE3(@0)
                 	CPC  R24,R30
                 	LDI  R30,BYTE4(@0)
                 	CPC  R25,R30
                 	.ENDM
                 
                 	.MACRO __CPWRR
                 	CP   R@0,R@2
                 	CPC  R@1,R@3
                 	.ENDM
                 
                 	.MACRO __CPWRN
                 	CPI  R@0,LOW(@2)
                 	LDI  R30,HIGH(@2)
                 	CPC  R@1,R30
                 	.ENDM
                 
                 	.MACRO __ADDB1MN
                 	SUBI R30,LOW(-@0-(@1))
                 	.ENDM
                 
                 	.MACRO __ADDB2MN
                 	SUBI R26,LOW(-@0-(@1))
                 	.ENDM
                 
                 	.MACRO __ADDW1MN
                 	SUBI R30,LOW(-@0-(@1))
                 	SBCI R31,HIGH(-@0-(@1))
                 	.ENDM
                 
                 	.MACRO __ADDW2MN
                 	SUBI R26,LOW(-@0-(@1))
                 	SBCI R27,HIGH(-@0-(@1))
                 	.ENDM
                 
                 	.MACRO __ADDW1FN
                 	SUBI R30,LOW(-2*@0-(@1))
                 	SBCI R31,HIGH(-2*@0-(@1))
                 	.ENDM
                 
                 	.MACRO __ADDD1FN
                 	SUBI R30,LOW(-2*@0-(@1))
                 	SBCI R31,HIGH(-2*@0-(@1))
                 	SBCI R22,BYTE3(-2*@0-(@1))
                 	.ENDM
                 
                 	.MACRO __ADDD1N
                 	SUBI R30,LOW(-@0)
                 	SBCI R31,HIGH(-@0)
                 	SBCI R22,BYTE3(-@0)
                 	SBCI R23,BYTE4(-@0)
                 	.ENDM
                 
                 	.MACRO __ADDD2N
                 	SUBI R26,LOW(-@0)
                 	SBCI R27,HIGH(-@0)
                 	SBCI R24,BYTE3(-@0)
                 	SBCI R25,BYTE4(-@0)
                 	.ENDM
                 
                 	.MACRO __SUBD1N
                 	SUBI R30,LOW(@0)
                 	SBCI R31,HIGH(@0)
                 	SBCI R22,BYTE3(@0)
                 	SBCI R23,BYTE4(@0)
                 	.ENDM
                 
                 	.MACRO __SUBD2N
                 	SUBI R26,LOW(@0)
                 	SBCI R27,HIGH(@0)
                 	SBCI R24,BYTE3(@0)
                 	SBCI R25,BYTE4(@0)
                 	.ENDM
                 
                 	.MACRO __ANDBMNN
                 	LDS  R30,@0+(@1)
                 	ANDI R30,LOW(@2)
                 	STS  @0+(@1),R30
                 	.ENDM
                 
                 	.MACRO __ANDWMNN
                 	LDS  R30,@0+(@1)
                 	ANDI R30,LOW(@2)
                 	STS  @0+(@1),R30
                 	LDS  R30,@0+(@1)+1
                 	ANDI R30,HIGH(@2)
                 	STS  @0+(@1)+1,R30
                 	.ENDM
                 
                 	.MACRO __ANDD1N
                 	ANDI R30,LOW(@0)
                 	ANDI R31,HIGH(@0)
                 	ANDI R22,BYTE3(@0)
                 	ANDI R23,BYTE4(@0)
                 	.ENDM
                 
                 	.MACRO __ANDD2N
                 	ANDI R26,LOW(@0)
                 	ANDI R27,HIGH(@0)
                 	ANDI R24,BYTE3(@0)
                 	ANDI R25,BYTE4(@0)
                 	.ENDM
                 
                 	.MACRO __ORBMNN
                 	LDS  R30,@0+(@1)
                 	ORI  R30,LOW(@2)
                 	STS  @0+(@1),R30
                 	.ENDM
                 
                 	.MACRO __ORWMNN
                 	LDS  R30,@0+(@1)
                 	ORI  R30,LOW(@2)
                 	STS  @0+(@1),R30
                 	LDS  R30,@0+(@1)+1
                 	ORI  R30,HIGH(@2)
                 	STS  @0+(@1)+1,R30
                 	.ENDM
                 
                 	.MACRO __ORD1N
                 	ORI  R30,LOW(@0)
                 	ORI  R31,HIGH(@0)
                 	ORI  R22,BYTE3(@0)
                 	ORI  R23,BYTE4(@0)
                 	.ENDM
                 
                 	.MACRO __ORD2N
                 	ORI  R26,LOW(@0)
                 	ORI  R27,HIGH(@0)
                 	ORI  R24,BYTE3(@0)
                 	ORI  R25,BYTE4(@0)
                 	.ENDM
                 
                 	.MACRO __DELAY_USB
                 	LDI  R24,LOW(@0)
                 __DELAY_USB_LOOP:
                 	DEC  R24
                 	BRNE __DELAY_USB_LOOP
                 	.ENDM
                 
                 	.MACRO __DELAY_USW
                 	LDI  R24,LOW(@0)
                 	LDI  R25,HIGH(@0)
                 __DELAY_USW_LOOP:
                 	SBIW R24,1
                 	BRNE __DELAY_USW_LOOP
                 	.ENDM
                 
                 	.MACRO __GETD1S
                 	LDD  R30,Y+@0
                 	LDD  R31,Y+@0+1
                 	LDD  R22,Y+@0+2
                 	LDD  R23,Y+@0+3
                 	.ENDM
                 
                 	.MACRO __GETD2S
                 	LDD  R26,Y+@0
                 	LDD  R27,Y+@0+1
                 	LDD  R24,Y+@0+2
                 	LDD  R25,Y+@0+3
                 	.ENDM
                 
                 	.MACRO __PUTD1S
                 	STD  Y+@0,R30
                 	STD  Y+@0+1,R31
                 	STD  Y+@0+2,R22
                 	STD  Y+@0+3,R23
                 	.ENDM
                 
                 	.MACRO __PUTD2S
                 	STD  Y+@0,R26
                 	STD  Y+@0+1,R27
                 	STD  Y+@0+2,R24
                 	STD  Y+@0+3,R25
                 	.ENDM
                 
                 	.MACRO __PUTDZ2
                 	STD  Z+@0,R26
                 	STD  Z+@0+1,R27
                 	STD  Z+@0+2,R24
                 	STD  Z+@0+3,R25
                 	.ENDM
                 
                 	.MACRO __CLRD1S
                 	STD  Y+@0,R30
                 	STD  Y+@0+1,R30
                 	STD  Y+@0+2,R30
                 	STD  Y+@0+3,R30
                 	.ENDM
                 
                 	.MACRO __POINTB1MN
                 	LDI  R30,LOW(@0+(@1))
                 	.ENDM
                 
                 	.MACRO __POINTW1MN
                 	LDI  R30,LOW(@0+(@1))
                 	LDI  R31,HIGH(@0+(@1))
                 	.ENDM
                 
                 	.MACRO __POINTD1M
                 	LDI  R30,LOW(@0)
                 	LDI  R31,HIGH(@0)
                 	LDI  R22,BYTE3(@0)
                 	LDI  R23,BYTE4(@0)
                 	.ENDM
                 
                 	.MACRO __POINTW1FN
                 	LDI  R30,LOW(2*@0+(@1))
                 	LDI  R31,HIGH(2*@0+(@1))
                 	.ENDM
                 
                 	.MACRO __POINTD1FN
                 	LDI  R30,LOW(2*@0+(@1))
                 	LDI  R31,HIGH(2*@0+(@1))
                 	LDI  R22,BYTE3(2*@0+(@1))
                 	LDI  R23,BYTE4(2*@0+(@1))
                 	.ENDM
                 
                 	.MACRO __POINTB2MN
                 	LDI  R26,LOW(@0+(@1))
                 	.ENDM
                 
                 	.MACRO __POINTW2MN
                 	LDI  R26,LOW(@0+(@1))
                 	LDI  R27,HIGH(@0+(@1))
                 	.ENDM
                 
                 	.MACRO __POINTW2FN
                 	LDI  R26,LOW(2*@0+(@1))
                 	LDI  R27,HIGH(2*@0+(@1))
                 	.ENDM
                 
                 	.MACRO __POINTD2FN
                 	LDI  R26,LOW(2*@0+(@1))
                 	LDI  R27,HIGH(2*@0+(@1))
                 	LDI  R24,BYTE3(2*@0+(@1))
                 	LDI  R25,BYTE4(2*@0+(@1))
                 	.ENDM
                 
                 	.MACRO __POINTBRM
                 	LDI  R@0,LOW(@1)
                 	.ENDM
                 
                 	.MACRO __POINTWRM
                 	LDI  R@0,LOW(@2)
                 	LDI  R@1,HIGH(@2)
                 	.ENDM
                 
                 	.MACRO __POINTBRMN
                 	LDI  R@0,LOW(@1+(@2))
                 	.ENDM
                 
                 	.MACRO __POINTWRMN
                 	LDI  R@0,LOW(@2+(@3))
                 	LDI  R@1,HIGH(@2+(@3))
                 	.ENDM
                 
                 	.MACRO __POINTWRFN
                 	LDI  R@0,LOW(@2*2+(@3))
                 	LDI  R@1,HIGH(@2*2+(@3))
                 	.ENDM
                 
                 	.MACRO __GETD1N
                 	LDI  R30,LOW(@0)
                 	LDI  R31,HIGH(@0)
                 	LDI  R22,BYTE3(@0)
                 	LDI  R23,BYTE4(@0)
                 	.ENDM
                 
                 	.MACRO __GETD2N
                 	LDI  R26,LOW(@0)
                 	LDI  R27,HIGH(@0)
                 	LDI  R24,BYTE3(@0)
                 	LDI  R25,BYTE4(@0)
                 	.ENDM
                 
                 	.MACRO __GETB1MN
                 	LDS  R30,@0+(@1)
                 	.ENDM
                 
                 	.MACRO __GETB1HMN
                 	LDS  R31,@0+(@1)
                 	.ENDM
                 
                 	.MACRO __GETW1MN
                 	LDS  R30,@0+(@1)
                 	LDS  R31,@0+(@1)+1
                 	.ENDM
                 
                 	.MACRO __GETD1MN
                 	LDS  R30,@0+(@1)
                 	LDS  R31,@0+(@1)+1
                 	LDS  R22,@0+(@1)+2
                 	LDS  R23,@0+(@1)+3
                 	.ENDM
                 
                 	.MACRO __GETBRMN
                 	LDS  R@0,@1+(@2)
                 	.ENDM
                 
                 	.MACRO __GETWRMN
                 	LDS  R@0,@2+(@3)
                 	LDS  R@1,@2+(@3)+1
                 	.ENDM
                 
                 	.MACRO __GETWRZ
                 	LDD  R@0,Z+@2
                 	LDD  R@1,Z+@2+1
                 	.ENDM
                 
                 	.MACRO __GETD2Z
                 	LDD  R26,Z+@0
                 	LDD  R27,Z+@0+1
                 	LDD  R24,Z+@0+2
                 	LDD  R25,Z+@0+3
                 	.ENDM
                 
                 	.MACRO __GETB2MN
                 	LDS  R26,@0+(@1)
                 	.ENDM
                 
                 	.MACRO __GETW2MN
                 	LDS  R26,@0+(@1)
                 	LDS  R27,@0+(@1)+1
                 	.ENDM
                 
                 	.MACRO __GETD2MN
                 	LDS  R26,@0+(@1)
                 	LDS  R27,@0+(@1)+1
                 	LDS  R24,@0+(@1)+2
                 	LDS  R25,@0+(@1)+3
                 	.ENDM
                 
                 	.MACRO __PUTB1MN
                 	STS  @0+(@1),R30
                 	.ENDM
                 
                 	.MACRO __PUTW1MN
                 	STS  @0+(@1),R30
                 	STS  @0+(@1)+1,R31
                 	.ENDM
                 
                 	.MACRO __PUTD1MN
                 	STS  @0+(@1),R30
                 	STS  @0+(@1)+1,R31
                 	STS  @0+(@1)+2,R22
                 	STS  @0+(@1)+3,R23
                 	.ENDM
                 
                 	.MACRO __PUTB1EN
                 	LDI  R26,LOW(@0+(@1))
                 	LDI  R27,HIGH(@0+(@1))
                 	CALL __EEPROMWRB
                 	.ENDM
                 
                 	.MACRO __PUTW1EN
                 	LDI  R26,LOW(@0+(@1))
                 	LDI  R27,HIGH(@0+(@1))
                 	CALL __EEPROMWRW
                 	.ENDM
                 
                 	.MACRO __PUTD1EN
                 	LDI  R26,LOW(@0+(@1))
                 	LDI  R27,HIGH(@0+(@1))
                 	CALL __EEPROMWRD
                 	.ENDM
                 
                 	.MACRO __PUTBR0MN
                 	STS  @0+(@1),R0
                 	.ENDM
                 
                 	.MACRO __PUTBMRN
                 	STS  @0+(@1),R@2
                 	.ENDM
                 
                 	.MACRO __PUTWMRN
                 	STS  @0+(@1),R@2
                 	STS  @0+(@1)+1,R@3
                 	.ENDM
                 
                 	.MACRO __PUTBZR
                 	STD  Z+@1,R@0
                 	.ENDM
                 
                 	.MACRO __PUTWZR
                 	STD  Z+@2,R@0
                 	STD  Z+@2+1,R@1
                 	.ENDM
                 
                 	.MACRO __GETW1R
                 	MOV  R30,R@0
                 	MOV  R31,R@1
                 	.ENDM
                 
                 	.MACRO __GETW2R
                 	MOV  R26,R@0
                 	MOV  R27,R@1
                 	.ENDM
                 
                 	.MACRO __GETWRN
                 	LDI  R@0,LOW(@2)
                 	LDI  R@1,HIGH(@2)
                 	.ENDM
                 
                 	.MACRO __PUTW1R
                 	MOV  R@0,R30
                 	MOV  R@1,R31
                 	.ENDM
                 
                 	.MACRO __PUTW2R
                 	MOV  R@0,R26
                 	MOV  R@1,R27
                 	.ENDM
                 
                 	.MACRO __ADDWRN
                 	SUBI R@0,LOW(-@2)
                 	SBCI R@1,HIGH(-@2)
                 	.ENDM
                 
                 	.MACRO __ADDWRR
                 	ADD  R@0,R@2
                 	ADC  R@1,R@3
                 	.ENDM
                 
                 	.MACRO __SUBWRN
                 	SUBI R@0,LOW(@2)
                 	SBCI R@1,HIGH(@2)
                 	.ENDM
                 
                 	.MACRO __SUBWRR
                 	SUB  R@0,R@2
                 	SBC  R@1,R@3
                 	.ENDM
                 
                 	.MACRO __ANDWRN
                 	ANDI R@0,LOW(@2)
                 	ANDI R@1,HIGH(@2)
                 	.ENDM
                 
                 	.MACRO __ANDWRR
                 	AND  R@0,R@2
                 	AND  R@1,R@3
                 	.ENDM
                 
                 	.MACRO __ORWRN
                 	ORI  R@0,LOW(@2)
                 	ORI  R@1,HIGH(@2)
                 	.ENDM
                 
                 	.MACRO __ORWRR
                 	OR   R@0,R@2
                 	OR   R@1,R@3
                 	.ENDM
                 
                 	.MACRO __EORWRR
                 	EOR  R@0,R@2
                 	EOR  R@1,R@3
                 	.ENDM
                 
                 	.MACRO __GETWRS
                 	LDD  R@0,Y+@2
                 	LDD  R@1,Y+@2+1
                 	.ENDM
                 
                 	.MACRO __PUTBSR
                 	STD  Y+@1,R@0
                 	.ENDM
                 
                 	.MACRO __PUTWSR
                 	STD  Y+@2,R@0
                 	STD  Y+@2+1,R@1
                 	.ENDM
                 
                 	.MACRO __MOVEWRR
                 	MOV  R@0,R@2
                 	MOV  R@1,R@3
                 	.ENDM
                 
                 	.MACRO __INWR
                 	IN   R@0,@2
                 	IN   R@1,@2+1
                 	.ENDM
                 
                 	.MACRO __OUTWR
                 	OUT  @2+1,R@1
                 	OUT  @2,R@0
                 	.ENDM
                 
                 	.MACRO __CALL1MN
                 	LDS  R30,@0+(@1)
                 	LDS  R31,@0+(@1)+1
                 	ICALL
                 	.ENDM
                 
                 	.MACRO __CALL1FN
                 	LDI  R30,LOW(2*@0+(@1))
                 	LDI  R31,HIGH(2*@0+(@1))
                 	CALL __GETW1PF
                 	ICALL
                 	.ENDM
                 
                 	.MACRO __CALL2EN
                 	LDI  R26,LOW(@0+(@1))
                 	LDI  R27,HIGH(@0+(@1))
                 	CALL __EEPROMRDW
                 	ICALL
                 	.ENDM
                 
                 	.MACRO __GETW1STACK
                 	IN   R26,SPL
                 	IN   R27,SPH
                 	ADIW R26,@0+1
                 	LD   R30,X+
                 	LD   R31,X
                 	.ENDM
                 
                 	.MACRO __GETD1STACK
                 	IN   R26,SPL
                 	IN   R27,SPH
                 	ADIW R26,@0+1
                 	LD   R30,X+
                 	LD   R31,X+
                 	LD   R22,X
                 	.ENDM
                 
                 	.MACRO __NBST
                 	BST  R@0,@1
                 	IN   R30,SREG
                 	LDI  R31,0x40
                 	EOR  R30,R31
                 	OUT  SREG,R30
                 	.ENDM
                 
                 
                 	.MACRO __PUTB1SN
                 	LDD  R26,Y+@0
                 	LDD  R27,Y+@0+1
                 	SUBI R26,LOW(-@1)
                 	SBCI R27,HIGH(-@1)
                 	ST   X,R30
                 	.ENDM
                 
                 	.MACRO __PUTW1SN
                 	LDD  R26,Y+@0
                 	LDD  R27,Y+@0+1
                 	SUBI R26,LOW(-@1)
                 	SBCI R27,HIGH(-@1)
                 	ST   X+,R30
                 	ST   X,R31
                 	.ENDM
                 
                 	.MACRO __PUTD1SN
                 	LDD  R26,Y+@0
                 	LDD  R27,Y+@0+1
                 	SUBI R26,LOW(-@1)
                 	SBCI R27,HIGH(-@1)
                 	CALL __PUTDP1
                 	.ENDM
                 
                 	.MACRO __PUTB1SNS
                 	LDD  R26,Y+@0
                 	LDD  R27,Y+@0+1
                 	ADIW R26,@1
                 	ST   X,R30
                 	.ENDM
                 
                 	.MACRO __PUTW1SNS
                 	LDD  R26,Y+@0
                 	LDD  R27,Y+@0+1
                 	ADIW R26,@1
                 	ST   X+,R30
                 	ST   X,R31
                 	.ENDM
                 
                 	.MACRO __PUTD1SNS
                 	LDD  R26,Y+@0
                 	LDD  R27,Y+@0+1
                 	ADIW R26,@1
                 	CALL __PUTDP1
                 	.ENDM
                 
                 	.MACRO __PUTB1PMN
                 	LDS  R26,@0
                 	LDS  R27,@0+1
                 	SUBI R26,LOW(-@1)
                 	SBCI R27,HIGH(-@1)
                 	ST   X,R30
                 	.ENDM
                 
                 	.MACRO __PUTW1PMN
                 	LDS  R26,@0
                 	LDS  R27,@0+1
                 	SUBI R26,LOW(-@1)
                 	SBCI R27,HIGH(-@1)
                 	ST   X+,R30
                 	ST   X,R31
                 	.ENDM
                 
                 	.MACRO __PUTD1PMN
                 	LDS  R26,@0
                 	LDS  R27,@0+1
                 	SUBI R26,LOW(-@1)
                 	SBCI R27,HIGH(-@1)
                 	CALL __PUTDP1
                 	.ENDM
                 
                 	.MACRO __PUTB1PMNS
                 	LDS  R26,@0
                 	LDS  R27,@0+1
                 	ADIW R26,@1
                 	ST   X,R30
                 	.ENDM
                 
                 	.MACRO __PUTW1PMNS
                 	LDS  R26,@0
                 	LDS  R27,@0+1
                 	ADIW R26,@1
                 	ST   X+,R30
                 	ST   X,R31
                 	.ENDM
                 
                 	.MACRO __PUTD1PMNS
                 	LDS  R26,@0
                 	LDS  R27,@0+1
                 	ADIW R26,@1
                 	CALL __PUTDP1
                 	.ENDM
                 
                 	.MACRO __PUTB1RN
                 	MOVW R26,R@0
                 	SUBI R26,LOW(-@1)
                 	SBCI R27,HIGH(-@1)
                 	ST   X,R30
                 	.ENDM
                 
                 	.MACRO __PUTW1RN
                 	MOVW R26,R@0
                 	SUBI R26,LOW(-@1)
                 	SBCI R27,HIGH(-@1)
                 	ST   X+,R30
                 	ST   X,R31
                 	.ENDM
                 
                 	.MACRO __PUTD1RN
                 	MOVW R26,R@0
                 	SUBI R26,LOW(-@1)
                 	SBCI R27,HIGH(-@1)
                 	CALL __PUTDP1
                 	.ENDM
                 
                 	.MACRO __PUTB1RNS
                 	MOVW R26,R@0
                 	ADIW R26,@1
                 	ST   X,R30
                 	.ENDM
                 
                 	.MACRO __PUTW1RNS
                 	MOVW R26,R@0
                 	ADIW R26,@1
                 	ST   X+,R30
                 	ST   X,R31
                 	.ENDM
                 
                 	.MACRO __PUTD1RNS
                 	MOVW R26,R@0
                 	ADIW R26,@1
                 	CALL __PUTDP1
                 	.ENDM
                 
                 	.MACRO __PUTB1RON
                 	MOV  R26,R@0
                 	MOV  R27,R@1
                 	SUBI R26,LOW(-@2)
                 	SBCI R27,HIGH(-@2)
                 	ST   X,R30
                 	.ENDM
                 
                 	.MACRO __PUTW1RON
                 	MOV  R26,R@0
                 	MOV  R27,R@1
                 	SUBI R26,LOW(-@2)
                 	SBCI R27,HIGH(-@2)
                 	ST   X+,R30
                 	ST   X,R31
                 	.ENDM
                 
                 	.MACRO __PUTD1RON
                 	MOV  R26,R@0
                 	MOV  R27,R@1
                 	SUBI R26,LOW(-@2)
                 	SBCI R27,HIGH(-@2)
                 	CALL __PUTDP1
                 	.ENDM
                 
                 	.MACRO __PUTB1RONS
                 	MOV  R26,R@0
                 	MOV  R27,R@1
                 	ADIW R26,@2
                 	ST   X,R30
                 	.ENDM
                 
                 	.MACRO __PUTW1RONS
                 	MOV  R26,R@0
                 	MOV  R27,R@1
                 	ADIW R26,@2
                 	ST   X+,R30
                 	ST   X,R31
                 	.ENDM
                 
                 	.MACRO __PUTD1RONS
                 	MOV  R26,R@0
                 	MOV  R27,R@1
                 	ADIW R26,@2
                 	CALL __PUTDP1
                 	.ENDM
                 
                 
                 	.MACRO __GETB1SX
                 	MOVW R30,R28
                 	SUBI R30,LOW(-@0)
                 	SBCI R31,HIGH(-@0)
                 	LD   R30,Z
                 	.ENDM
                 
                 	.MACRO __GETB1HSX
                 	MOVW R30,R28
                 	SUBI R30,LOW(-@0)
                 	SBCI R31,HIGH(-@0)
                 	LD   R31,Z
                 	.ENDM
                 
                 	.MACRO __GETW1SX
                 	MOVW R30,R28
                 	SUBI R30,LOW(-@0)
                 	SBCI R31,HIGH(-@0)
                 	LD   R0,Z+
                 	LD   R31,Z
                 	MOV  R30,R0
                 	.ENDM
                 
                 	.MACRO __GETD1SX
                 	MOVW R30,R28
                 	SUBI R30,LOW(-@0)
                 	SBCI R31,HIGH(-@0)
                 	LD   R0,Z+
                 	LD   R1,Z+
                 	LD   R22,Z+
                 	LD   R23,Z
                 	MOVW R30,R0
                 	.ENDM
                 
                 	.MACRO __GETB2SX
                 	MOVW R26,R28
                 	SUBI R26,LOW(-@0)
                 	SBCI R27,HIGH(-@0)
                 	LD   R26,X
                 	.ENDM
                 
                 	.MACRO __GETW2SX
                 	MOVW R26,R28
                 	SUBI R26,LOW(-@0)
                 	SBCI R27,HIGH(-@0)
                 	LD   R0,X+
                 	LD   R27,X
                 	MOV  R26,R0
                 	.ENDM
                 
                 	.MACRO __GETD2SX
                 	MOVW R26,R28
                 	SUBI R26,LOW(-@0)
                 	SBCI R27,HIGH(-@0)
                 	LD   R0,X+
                 	LD   R1,X+
                 	LD   R24,X+
                 	LD   R25,X
                 	MOVW R26,R0
                 	.ENDM
                 
                 	.MACRO __GETBRSX
                 	MOVW R30,R28
                 	SUBI R30,LOW(-@1)
                 	SBCI R31,HIGH(-@1)
                 	LD   R@0,Z
                 	.ENDM
                 
                 	.MACRO __GETWRSX
                 	MOVW R30,R28
                 	SUBI R30,LOW(-@2)
                 	SBCI R31,HIGH(-@2)
                 	LD   R@0,Z+
                 	LD   R@1,Z
                 	.ENDM
                 
                 	.MACRO __GETBRSX2
                 	MOVW R26,R28
                 	SUBI R26,LOW(-@1)
                 	SBCI R27,HIGH(-@1)
                 	LD   R@0,X
                 	.ENDM
                 
                 	.MACRO __GETWRSX2
                 	MOVW R26,R28
                 	SUBI R26,LOW(-@2)
                 	SBCI R27,HIGH(-@2)
                 	LD   R@0,X+
                 	LD   R@1,X
                 	.ENDM
                 
                 	.MACRO __LSLW8SX
                 	MOVW R30,R28
                 	SUBI R30,LOW(-@0)
                 	SBCI R31,HIGH(-@0)
                 	LD   R31,Z
                 	CLR  R30
                 	.ENDM
                 
                 	.MACRO __PUTB1SX
                 	MOVW R26,R28
                 	SUBI R26,LOW(-@0)
                 	SBCI R27,HIGH(-@0)
                 	ST   X,R30
                 	.ENDM
                 
                 	.MACRO __PUTW1SX
                 	MOVW R26,R28
                 	SUBI R26,LOW(-@0)
                 	SBCI R27,HIGH(-@0)
                 	ST   X+,R30
                 	ST   X,R31
                 	.ENDM
                 
                 	.MACRO __PUTD1SX
                 	MOVW R26,R28
                 	SUBI R26,LOW(-@0)
                 	SBCI R27,HIGH(-@0)
                 	ST   X+,R30
                 	ST   X+,R31
                 	ST   X+,R22
                 	ST   X,R23
                 	.ENDM
                 
                 	.MACRO __CLRW1SX
                 	MOVW R26,R28
                 	SUBI R26,LOW(-@0)
                 	SBCI R27,HIGH(-@0)
                 	ST   X+,R30
                 	ST   X,R30
                 	.ENDM
                 
                 	.MACRO __CLRD1SX
                 	MOVW R26,R28
                 	SUBI R26,LOW(-@0)
                 	SBCI R27,HIGH(-@0)
                 	ST   X+,R30
                 	ST   X+,R30
                 	ST   X+,R30
                 	ST   X,R30
                 	.ENDM
                 
                 	.MACRO __PUTB2SX
                 	MOVW R30,R28
                 	SUBI R30,LOW(-@0)
                 	SBCI R31,HIGH(-@0)
                 	ST   Z,R26
                 	.ENDM
                 
                 	.MACRO __PUTW2SX
                 	MOVW R30,R28
                 	SUBI R30,LOW(-@0)
                 	SBCI R31,HIGH(-@0)
                 	ST   Z+,R26
                 	ST   Z,R27
                 	.ENDM
                 
                 	.MACRO __PUTD2SX
                 	MOVW R30,R28
                 	SUBI R30,LOW(-@0)
                 	SBCI R31,HIGH(-@0)
                 	ST   Z+,R26
                 	ST   Z+,R27
                 	ST   Z+,R24
                 	ST   Z,R25
                 	.ENDM
                 
                 	.MACRO __PUTBSRX
                 	MOVW R30,R28
                 	SUBI R30,LOW(-@1)
                 	SBCI R31,HIGH(-@1)
                 	ST   Z,R@0
                 	.ENDM
                 
                 	.MACRO __PUTWSRX
                 	MOVW R30,R28
                 	SUBI R30,LOW(-@2)
                 	SBCI R31,HIGH(-@2)
                 	ST   Z+,R@0
                 	ST   Z,R@1
                 	.ENDM
                 
                 	.MACRO __PUTB1SNX
                 	MOVW R26,R28
                 	SUBI R26,LOW(-@0)
                 	SBCI R27,HIGH(-@0)
                 	LD   R0,X+
                 	LD   R27,X
                 	MOV  R26,R0
                 	SUBI R26,LOW(-@1)
                 	SBCI R27,HIGH(-@1)
                 	ST   X,R30
                 	.ENDM
                 
                 	.MACRO __PUTW1SNX
                 	MOVW R26,R28
                 	SUBI R26,LOW(-@0)
                 	SBCI R27,HIGH(-@0)
                 	LD   R0,X+
                 	LD   R27,X
                 	MOV  R26,R0
                 	SUBI R26,LOW(-@1)
                 	SBCI R27,HIGH(-@1)
                 	ST   X+,R30
                 	ST   X,R31
                 	.ENDM
                 
                 	.MACRO __PUTD1SNX
                 	MOVW R26,R28
                 	SUBI R26,LOW(-@0)
                 	SBCI R27,HIGH(-@0)
                 	LD   R0,X+
                 	LD   R27,X
                 	MOV  R26,R0
                 	SUBI R26,LOW(-@1)
                 	SBCI R27,HIGH(-@1)
                 	ST   X+,R30
                 	ST   X+,R31
                 	ST   X+,R22
                 	ST   X,R23
                 	.ENDM
                 
                 	.MACRO __MULBRR
                 	MULS R@0,R@1
                 	MOVW R30,R0
                 	.ENDM
                 
                 	.MACRO __MULBRRU
                 	MUL  R@0,R@1
                 	MOVW R30,R0
                 	.ENDM
                 
                 	.MACRO __MULBRR0
                 	MULS R@0,R@1
                 	.ENDM
                 
                 	.MACRO __MULBRRU0
                 	MUL  R@0,R@1
                 	.ENDM
                 
                 	.MACRO __MULBNWRU
                 	LDI  R26,@2
                 	MUL  R26,R@0
                 	MOVW R30,R0
                 	MUL  R26,R@1
                 	ADD  R31,R0
                 	.ENDM
                 
                 ;NAME DEFINITIONS FOR GLOBAL VARIABLES ALLOCATED TO REGISTERS
                 	.DEF _n=R4
                 	.DEF __lcd_x=R3
                 	.DEF __lcd_y=R6
                 	.DEF __lcd_maxx=R5
                 
                 ;GPIOR0 INITIALIZATION VALUE
                 	.EQU __GPIOR0_INIT=0x00
                 
                 	.CSEG
                 	.ORG 0x00
                 
                 ;START OF CODE MARKER
                 __START_OF_CODE:
                 
                 ;INTERRUPT VECTORS
000000 940c 0089 	JMP  __RESET
000002 940c 0000 	JMP  0x00
000004 940c 0000 	JMP  0x00
000006 940c 00c6 	JMP  _ext_int2_isr
000008 940c 00cf 	JMP  _ext_int3_isr
00000a 940c 0000 	JMP  0x00
00000c 940c 0000 	JMP  0x00
00000e 940c 0000 	JMP  0x00
000010 940c 0000 	JMP  0x00
000012 940c 0000 	JMP  0x00
000014 940c 0000 	JMP  0x00
000016 940c 0000 	JMP  0x00
000018 940c 0000 	JMP  0x00
00001a 940c 0000 	JMP  0x00
00001c 940c 0000 	JMP  0x00
00001e 940c 0000 	JMP  0x00
000020 940c 0000 	JMP  0x00
000022 940c 0000 	JMP  0x00
000024 940c 0000 	JMP  0x00
000026 940c 0000 	JMP  0x00
000028 940c 0000 	JMP  0x00
00002a 940c 0000 	JMP  0x00
00002c 940c 0000 	JMP  0x00
00002e 940c 0000 	JMP  0x00
000030 940c 0000 	JMP  0x00
000032 940c 0000 	JMP  0x00
000034 940c 0000 	JMP  0x00
000036 940c 0000 	JMP  0x00
000038 940c 0000 	JMP  0x00
00003a 940c 0000 	JMP  0x00
00003c 940c 0000 	JMP  0x00
00003e 940c 0000 	JMP  0x00
000040 940c 0000 	JMP  0x00
000042 940c 0000 	JMP  0x00
000044 940c 0000 	JMP  0x00
000046 940c 0000 	JMP  0x00
000048 940c 0000 	JMP  0x00
00004a 940c 0000 	JMP  0x00
00004c 940c 0000 	JMP  0x00
00004e 940c 0000 	JMP  0x00
000050 940c 0000 	JMP  0x00
000052 940c 0000 	JMP  0x00
000054 940c 0000 	JMP  0x00
000056 940c 0000 	JMP  0x00
000058 940c 0000 	JMP  0x00
00005a 940c 0000 	JMP  0x00
00005c 940c 0000 	JMP  0x00
00005e 940c 0000 	JMP  0x00
000060 940c 0000 	JMP  0x00
000062 940c 0000 	JMP  0x00
000064 940c 0000 	JMP  0x00
000066 940c 0000 	JMP  0x00
000068 940c 0000 	JMP  0x00
00006a 940c 0000 	JMP  0x00
00006c 940c 0000 	JMP  0x00
00006e 940c 0000 	JMP  0x00
000070 940c 0000 	JMP  0x00
                 
                 _0x9:
D:\amir-saeed\J6\intrupt\List\int.asm(1152): warning: .cseg .db misalignment - padding zero byte
000072 0000      	.DB  0x0
                 _0x0:
000073 2020
D:\amir-saeed\J6\intrupt\List\int.asm(1154): warning: .cseg .db misalignment - padding zero byte
000074 0000      	.DB  0x20,0x20,0x0
                 _0x2000003:
000075 c080      	.DB  0x80,0xC0
                 _0x2020060:
D:\amir-saeed\J6\intrupt\List\int.asm(1158): warning: .cseg .db misalignment - padding zero byte
000076 0001      	.DB  0x1
                 _0x2020000:
000077 4e2d
000078 4e41
000079 4900
00007a 464e      	.DB  0x2D,0x4E,0x41,0x4E,0x0,0x49,0x4E,0x46
D:\amir-saeed\J6\intrupt\List\int.asm(1161): warning: .cseg .db misalignment - padding zero byte
00007b 0000      	.DB  0x0
                 
                 __GLOBAL_INI_TBL:
00007c 0003      	.DW  0x03
00007d 0a00      	.DW  _0x6
00007e 00e6      	.DW  _0x0*2
                 
00007f 0001      	.DW  0x01
000080 0004      	.DW  0x04
000081 00e4      	.DW  _0x9*2
                 
000082 0002      	.DW  0x02
000083 0a0b      	.DW  __base_y_G100
000084 00ea      	.DW  _0x2000003*2
                 
000085 0001      	.DW  0x01
000086 0a0f      	.DW  __seed_G101
000087 00ec      	.DW  _0x2020060*2
                 
                 _0xFFFFFFFF:
000088 0000      	.DW  0
                 
                 __RESET:
000089 94f8      	CLI
00008a 27ee      	CLR  R30
00008b bbef      	OUT  EECR,R30
                 
                 ;INTERRUPT VECTORS ARE PLACED
                 ;AT THE START OF FLASH
00008c e0f1      	LDI  R31,1
00008d bff5      	OUT  MCUCR,R31
00008e bfe5      	OUT  MCUCR,R30
00008f 93e0 0074 	STS  XMCRA,R30
000091 93e0 0075 	STS  XMCRB,R30
                 
                 ;DISABLE WATCHDOG
000093 e1f8      	LDI  R31,0x18
000094 95a8      	WDR
000095 b7a4      	IN   R26,MCUSR
000096 7fa7      	CBR  R26,8
000097 bfa4      	OUT  MCUSR,R26
000098 93f0 0060 	STS  WDTCSR,R31
00009a 93e0 0060 	STS  WDTCSR,R30
                 
                 ;CLEAR R2-R14
00009c e08d      	LDI  R24,(14-2)+1
00009d e0a2      	LDI  R26,2
00009e 27bb      	CLR  R27
                 __CLEAR_REG:
00009f 93ed      	ST   X+,R30
0000a0 958a      	DEC  R24
0000a1 f7e9      	BRNE __CLEAR_REG
                 
                 ;CLEAR SRAM
0000a2 e080      	LDI  R24,LOW(__CLEAR_SRAM_SIZE)
0000a3 e290      	LDI  R25,HIGH(__CLEAR_SRAM_SIZE)
0000a4 e0a0      	LDI  R26,LOW(__SRAM_START)
0000a5 e0b2      	LDI  R27,HIGH(__SRAM_START)
                 __CLEAR_SRAM:
0000a6 93ed      	ST   X+,R30
0000a7 9701      	SBIW R24,1
0000a8 f7e9      	BRNE __CLEAR_SRAM
                 
                 ;GLOBAL VARIABLES INITIALIZATION
0000a9 efe8      	LDI  R30,LOW(__GLOBAL_INI_TBL*2)
0000aa e0f0      	LDI  R31,HIGH(__GLOBAL_INI_TBL*2)
                 __GLOBAL_INI_NEXT:
0000ab 9185      	LPM  R24,Z+
0000ac 9195      	LPM  R25,Z+
0000ad 9700      	SBIW R24,0
0000ae f061      	BREQ __GLOBAL_INI_END
0000af 91a5      	LPM  R26,Z+
0000b0 91b5      	LPM  R27,Z+
0000b1 9005      	LPM  R0,Z+
0000b2 9015      	LPM  R1,Z+
0000b3 01bf      	MOVW R22,R30
0000b4 01f0      	MOVW R30,R0
                 __GLOBAL_INI_LOOP:
0000b5 9005      	LPM  R0,Z+
0000b6 920d      	ST   X+,R0
0000b7 9701      	SBIW R24,1
0000b8 f7e1      	BRNE __GLOBAL_INI_LOOP
0000b9 01fb      	MOVW R30,R22
0000ba cff0      	RJMP __GLOBAL_INI_NEXT
                 __GLOBAL_INI_END:
                 
0000bb bf8b      	OUT  RAMPZ,R24
                 
                 ;GPIOR0 INITIALIZATION
0000bc e0e0      	LDI  R30,__GPIOR0_INIT
0000bd bbee      	OUT  GPIOR0,R30
                 
                 ;HARDWARE STACK POINTER INITIALIZATION
0000be efef      	LDI  R30,LOW(__SRAM_END-__HEAP_SIZE)
0000bf bfed      	OUT  SPL,R30
0000c0 e2e1      	LDI  R30,HIGH(__SRAM_END-__HEAP_SIZE)
0000c1 bfee      	OUT  SPH,R30
                 
                 ;DATA STACK POINTER INITIALIZATION
0000c2 e0c0      	LDI  R28,LOW(__SRAM_START+__DSTACK_SIZE)
0000c3 e0da      	LDI  R29,HIGH(__SRAM_START+__DSTACK_SIZE)
                 
0000c4 940c 00e6 	JMP  _main
                 
                 	.ESEG
                 	.ORG 0
                 
                 	.DSEG
                 	.ORG 0xA00
                 
                 	.CSEG
                 ;/*****************************************************
                 ;This program was produced by the
                 ;CodeWizardAVR V2.05.3 Standard
                 ;Automatic Program Generator
                 ;© Copyright 1998-2011 Pavel Haiduc, HP InfoTech s.r.l.
                 ;http://www.hpinfotech.com
                 ;
                 ;Project :
                 ;Version :
                 ;Date    : 4/16/2019
                 ;Author  : admin
                 ;Company : IUST
                 ;Comments:
                 ;
                 ;
                 ;Chip type               : ATmega1280
                 ;Program type            : Application
                 ;AVR Core Clock frequency: 11.059200 MHz
                 ;Memory model            : Small
                 ;External RAM size       : 0
                 ;Data Stack size         : 2048
                 ;*****************************************************/
                 ;
                 ;#include <mega1280.h>
                 	#ifndef __SLEEP_DEFINED__
                 	#define __SLEEP_DEFINED__
                 	.EQU __se_bit=0x01
                 	.EQU __sm_mask=0x0E
                 	.EQU __sm_powerdown=0x04
                 	.EQU __sm_powersave=0x06
                 	.EQU __sm_standby=0x0C
                 	.EQU __sm_ext_standby=0x0E
                 	.EQU __sm_adc_noise_red=0x02
                 	.SET power_ctrl_reg=smcr
                 	#endif
                 ;#include <alcd.h>
                 ;#include <delay.h>
                 ;#include <stdlib.h>
                 ;#include <stdint.h>
                 ;uint8_t n = 0;
                 ;char text[8];
                 ;
                 ;// External Interrupt 2 service routine
                 ;interrupt [EXT_INT2] void ext_int2_isr(void)
                 ; 0000 0022 {
                 
                 	.CSEG
                 _ext_int2_isr:
0000c6 940e 01f1 	CALL SUBOPT_0x0
                 ; 0000 0023     n++;
0000c8 9443      	INC  R4
                 ; 0000 0024     delay_ms(500);
0000c9 efa4      	LDI  R26,LOW(500)
0000ca e0b1      	LDI  R27,HIGH(500)
0000cb 940e 020d 	CALL _delay_ms
                 ; 0000 0025     EIFR=0x04;
0000cd e0e4      	LDI  R30,LOW(4)
0000ce c008      	RJMP _0x8
                 ; 0000 0026 
                 ; 0000 0027 }
                 ;
                 ;// External Interrupt 3 service routine
                 ;interrupt [EXT_INT3] void ext_int3_isr(void)
                 ; 0000 002B {
                 _ext_int3_isr:
0000cf 940e 01f1 	CALL SUBOPT_0x0
                 ; 0000 002C     n--;
0000d1 944a      	DEC  R4
                 ; 0000 002D     delay_ms(500);
0000d2 efa4      	LDI  R26,LOW(500)
0000d3 e0b1      	LDI  R27,HIGH(500)
0000d4 940e 020d 	CALL _delay_ms
                 ; 0000 002E     EIFR=0x08;
0000d6 e0e8      	LDI  R30,LOW(8)
                 _0x8:
0000d7 bbec      	OUT  0x1C,R30
                 ; 0000 002F }
0000d8 91e9      	LD   R30,Y+
0000d9 bfef      	OUT  SREG,R30
0000da 91f9      	LD   R31,Y+
0000db 91e9      	LD   R30,Y+
0000dc 91b9      	LD   R27,Y+
0000dd 91a9      	LD   R26,Y+
0000de 9199      	LD   R25,Y+
0000df 9189      	LD   R24,Y+
0000e0 9179      	LD   R23,Y+
0000e1 9169      	LD   R22,Y+
0000e2 90f9      	LD   R15,Y+
0000e3 9019      	LD   R1,Y+
0000e4 9009      	LD   R0,Y+
0000e5 9518      	RETI
                 ;
                 ;// Declare your global variables here
                 ;
                 ;void main(void)
                 ; 0000 0034 {
                 _main:
                 ; 0000 0035 // Declare your local variables here
                 ; 0000 0036 
                 ; 0000 0037 // Crystal Oscillator division factor: 1
                 ; 0000 0038 #pragma optsize-
                 ; 0000 0039 CLKPR=0x80;
0000e6 e8e0      	LDI  R30,LOW(128)
0000e7 93e0 0061 	STS  97,R30
                 ; 0000 003A CLKPR=0x00;
0000e9 e0e0      	LDI  R30,LOW(0)
0000ea 93e0 0061 	STS  97,R30
                 ; 0000 003B #ifdef _OPTIMIZE_SIZE_
                 ; 0000 003C #pragma optsize+
                 ; 0000 003D #endif
                 ; 0000 003E 
                 ; 0000 003F // Input/Output Ports initialization
                 ; 0000 0040 // Port A initialization
                 ; 0000 0041 // Func7=In Func6=In Func5=In Func4=In Func3=In Func2=In Func1=In Func0=In
                 ; 0000 0042 // State7=T State6=T State5=T State4=T State3=T State2=T State1=T State0=T
                 ; 0000 0043 PORTA=0x00;
0000ec b9e2      	OUT  0x2,R30
                 ; 0000 0044 DDRA=0x00;
0000ed b9e1      	OUT  0x1,R30
                 ; 0000 0045 
                 ; 0000 0046 // Port B initialization
                 ; 0000 0047 // Func7=In Func6=In Func5=In Func4=In Func3=In Func2=In Func1=In Func0=In
                 ; 0000 0048 // State7=T State6=T State5=T State4=T State3=T State2=T State1=T State0=T
                 ; 0000 0049 PORTB=0x00;
0000ee b9e5      	OUT  0x5,R30
                 ; 0000 004A DDRB=0x00;
0000ef b9e4      	OUT  0x4,R30
                 ; 0000 004B 
                 ; 0000 004C // Port C initialization
                 ; 0000 004D // Func7=In Func6=In Func5=In Func4=In Func3=In Func2=In Func1=In Func0=In
                 ; 0000 004E // State7=T State6=T State5=T State4=T State3=T State2=T State1=T State0=T
                 ; 0000 004F PORTC=0x00;
0000f0 b9e8      	OUT  0x8,R30
                 ; 0000 0050 DDRC=0x00;
0000f1 b9e7      	OUT  0x7,R30
                 ; 0000 0051 
                 ; 0000 0052 // Port D initialization
                 ; 0000 0053 // Func7=In Func6=In Func5=In Func4=In Func3=In Func2=In Func1=In Func0=In
                 ; 0000 0054 // State7=T State6=T State5=T State4=T State3=T State2=T State1=T State0=T
                 ; 0000 0055 PORTD=0x00;
0000f2 b9eb      	OUT  0xB,R30
                 ; 0000 0056 DDRD=0x00;
0000f3 b9ea      	OUT  0xA,R30
                 ; 0000 0057 
                 ; 0000 0058 // Port E initialization
                 ; 0000 0059 // Func7=In Func6=In Func5=In Func4=In Func3=In Func2=In Func1=In Func0=In
                 ; 0000 005A // State7=T State6=T State5=T State4=T State3=T State2=T State1=T State0=T
                 ; 0000 005B PORTE=0x00;
0000f4 b9ee      	OUT  0xE,R30
                 ; 0000 005C DDRE=0x00;
0000f5 b9ed      	OUT  0xD,R30
                 ; 0000 005D 
                 ; 0000 005E // Port F initialization
                 ; 0000 005F // Func7=In Func6=In Func5=In Func4=In Func3=In Func2=In Func1=In Func0=In
                 ; 0000 0060 // State7=T State6=T State5=T State4=T State3=T State2=T State1=T State0=T
                 ; 0000 0061 PORTF=0x00;
0000f6 bbe1      	OUT  0x11,R30
                 ; 0000 0062 DDRF=0x00;
0000f7 bbe0      	OUT  0x10,R30
                 ; 0000 0063 
                 ; 0000 0064 // Port G initialization
                 ; 0000 0065 // Func5=In Func4=In Func3=In Func2=In Func1=In Func0=In
                 ; 0000 0066 // State5=T State4=T State3=T State2=T State1=T State0=T
                 ; 0000 0067 PORTG=0x00;
0000f8 bbe4      	OUT  0x14,R30
                 ; 0000 0068 DDRG=0x00;
0000f9 bbe3      	OUT  0x13,R30
                 ; 0000 0069 
                 ; 0000 006A // Port H initialization
                 ; 0000 006B // Func7=In Func6=In Func5=In Func4=In Func3=In Func2=In Func1=In Func0=In
                 ; 0000 006C // State7=T State6=T State5=T State4=T State3=T State2=T State1=T State0=T
                 ; 0000 006D PORTH=0x00;
0000fa 93e0 0102 	STS  258,R30
                 ; 0000 006E DDRH=0x00;
0000fc 93e0 0101 	STS  257,R30
                 ; 0000 006F 
                 ; 0000 0070 // Port J initialization
                 ; 0000 0071 // Func7=Out Func6=Out Func5=Out Func4=Out Func3=Out Func2=Out Func1=Out Func0=Out
                 ; 0000 0072 // State7=0 State6=0 State5=0 State4=0 State3=0 State2=0 State1=0 State0=0
                 ; 0000 0073 PORTJ=0x00;
0000fe 93e0 0105 	STS  261,R30
                 ; 0000 0074 DDRJ=0xFF;
000100 efef      	LDI  R30,LOW(255)
000101 93e0 0104 	STS  260,R30
                 ; 0000 0075 
                 ; 0000 0076 // Port K initialization
                 ; 0000 0077 // Func7=In Func6=In Func5=In Func4=In Func3=In Func2=In Func1=In Func0=In
                 ; 0000 0078 // State7=T State6=T State5=T State4=T State3=T State2=T State1=T State0=T
                 ; 0000 0079 PORTK=0x00;
000103 e0e0      	LDI  R30,LOW(0)
000104 93e0 0108 	STS  264,R30
                 ; 0000 007A DDRK=0x00;
000106 93e0 0107 	STS  263,R30
                 ; 0000 007B 
                 ; 0000 007C // Port L initialization
                 ; 0000 007D // Func7=In Func6=In Func5=In Func4=In Func3=In Func2=In Func1=In Func0=In
                 ; 0000 007E // State7=T State6=T State5=T State4=T State3=T State2=T State1=T State0=T
                 ; 0000 007F PORTL=0x00;
000108 93e0 010b 	STS  267,R30
                 ; 0000 0080 DDRL=0x00;
00010a 93e0 010a 	STS  266,R30
                 ; 0000 0081 
                 ; 0000 0082 // External Interrupt(s) initialization
                 ; 0000 0083 // INT0: Off
                 ; 0000 0084 // INT1: Off
                 ; 0000 0085 // INT2: On
                 ; 0000 0086 // INT2 Mode: Falling Edge
                 ; 0000 0087 // INT3: On
                 ; 0000 0088 // INT3 Mode: Falling Edge
                 ; 0000 0089 // INT4: Off
                 ; 0000 008A // INT5: Off
                 ; 0000 008B // INT6: Off
                 ; 0000 008C // INT7: Off
                 ; 0000 008D EICRA=0xA0;
00010c eae0      	LDI  R30,LOW(160)
00010d 93e0 0069 	STS  105,R30
                 ; 0000 008E EICRB=0x00;
00010f e0e0      	LDI  R30,LOW(0)
000110 93e0 006a 	STS  106,R30
                 ; 0000 008F EIMSK=0x0C;
000112 e0ec      	LDI  R30,LOW(12)
000113 bbed      	OUT  0x1D,R30
                 ; 0000 0090 EIFR=0x0C;
000114 bbec      	OUT  0x1C,R30
                 ; 0000 0091 // PCINT0 interrupt: Off
                 ; 0000 0092 // PCINT1 interrupt: Off
                 ; 0000 0093 // PCINT2 interrupt: Off
                 ; 0000 0094 // PCINT3 interrupt: Off
                 ; 0000 0095 // PCINT4 interrupt: Off
                 ; 0000 0096 // PCINT5 interrupt: Off
                 ; 0000 0097 // PCINT6 interrupt: Off
                 ; 0000 0098 // PCINT7 interrupt: Off
                 ; 0000 0099 // PCINT8 interrupt: Off
                 ; 0000 009A // PCINT9 interrupt: Off
                 ; 0000 009B // PCINT10 interrupt: Off
                 ; 0000 009C // PCINT11 interrupt: Off
                 ; 0000 009D // PCINT12 interrupt: Off
                 ; 0000 009E // PCINT13 interrupt: Off
                 ; 0000 009F // PCINT14 interrupt: Off
                 ; 0000 00A0 // PCINT15 interrupt: Off
                 ; 0000 00A1 // PCINT16 interrupt: Off
                 ; 0000 00A2 // PCINT17 interrupt: Off
                 ; 0000 00A3 // PCINT18 interrupt: Off
                 ; 0000 00A4 // PCINT19 interrupt: Off
                 ; 0000 00A5 // PCINT20 interrupt: Off
                 ; 0000 00A6 // PCINT21 interrupt: Off
                 ; 0000 00A7 // PCINT22 interrupt: Off
                 ; 0000 00A8 // PCINT23 interrupt: Off
                 ; 0000 00A9 PCMSK0=0x00;
000115 e0e0      	LDI  R30,LOW(0)
000116 93e0 006b 	STS  107,R30
                 ; 0000 00AA PCMSK1=0x00;
000118 93e0 006c 	STS  108,R30
                 ; 0000 00AB PCMSK2=0x00;
00011a 93e0 006d 	STS  109,R30
                 ; 0000 00AC PCICR=0x00;
00011c 93e0 0068 	STS  104,R30
                 ; 0000 00AD 
                 ; 0000 00AE // Alphanumeric LCD initialization
                 ; 0000 00AF // Connections are specified in the
                 ; 0000 00B0 // Project|Configure|C Compiler|Libraries|Alphanumeric LCD menu:
                 ; 0000 00B1 // RS - PORTA Bit 0
                 ; 0000 00B2 // RD - PORTA Bit 1
                 ; 0000 00B3 // EN - PORTA Bit 2
                 ; 0000 00B4 // D4 - PORTA Bit 4
                 ; 0000 00B5 // D5 - PORTA Bit 5
                 ; 0000 00B6 // D6 - PORTA Bit 6
                 ; 0000 00B7 // D7 - PORTA Bit 7
                 ; 0000 00B8 // Characters/line: 16
                 ; 0000 00B9 lcd_init(16);
00011e e1a0      	LDI  R26,LOW(16)
00011f d075      	RCALL _lcd_init
                 ; 0000 00BA 
                 ; 0000 00BB // Global enable interrupts
                 ; 0000 00BC #asm("sei")
000120 9478      	sei
                 ; 0000 00BD lcd_clear();
000121 d041      	RCALL _lcd_clear
                 ; 0000 00BE while (1)
                 _0x3:
                 ; 0000 00BF       {
                 ; 0000 00C0         lcd_gotoxy(5, 0);
000122 e0e5      	LDI  R30,LOW(5)
000123 93ea      	ST   -Y,R30
000124 e0a0      	LDI  R26,LOW(0)
000125 d030      	RCALL _lcd_gotoxy
                 ; 0000 00C1         itoa(n, text);
000126 2de4      	MOV  R30,R4
000127 e0f0      	LDI  R31,0
000128 93fa      	ST   -Y,R31
000129 93ea      	ST   -Y,R30
00012a e0a3      	LDI  R26,LOW(_text)
00012b e0ba      	LDI  R27,HIGH(_text)
00012c 940e 01c3 	CALL _itoa
                 ; 0000 00C2         lcd_puts(text);
00012e e0a3      	LDI  R26,LOW(_text)
00012f e0ba      	LDI  R27,HIGH(_text)
000130 d053      	RCALL _lcd_puts
                 ; 0000 00C3         lcd_puts("  ");
                +
000131 e0a0     +LDI R26 , LOW ( _0x6 + ( 0 ) )
000132 e0ba     +LDI R27 , HIGH ( _0x6 + ( 0 ) )
                 	__POINTW2MN _0x6,0
000133 d050      	RCALL _lcd_puts
                 ; 0000 00C4       }
000134 cfed      	RJMP _0x3
                 ; 0000 00C5 }
                 _0x7:
000135 cfff      	RJMP _0x7
                 
                 	.DSEG
                 _0x6:
000a00           	.BYTE 0x3
                 	#ifndef __SLEEP_DEFINED__
                 	#endif
                 
                 	.DSEG
                 
                 	.CSEG
                 __lcd_write_nibble_G100:
000136 93aa      	ST   -Y,R26
000137 b1e2      	IN   R30,0x2
000138 70ef      	ANDI R30,LOW(0xF)
000139 2fae      	MOV  R26,R30
00013a 81e8      	LD   R30,Y
00013b 7fe0      	ANDI R30,LOW(0xF0)
00013c 2bea      	OR   R30,R26
00013d b9e2      	OUT  0x2,R30
                +
00013e e087     +LDI R24 , LOW ( 7 )
                +__DELAY_USB_LOOP :
00013f 958a     +DEC R24
000140 f7f1     +BRNE __DELAY_USB_LOOP
                 	__DELAY_USB 7
000141 9a12      	SBI  0x2,2
                +
000142 e182     +LDI R24 , LOW ( 18 )
                +__DELAY_USB_LOOP :
000143 958a     +DEC R24
000144 f7f1     +BRNE __DELAY_USB_LOOP
                 	__DELAY_USB 18
000145 9812      	CBI  0x2,2
                +
000146 e182     +LDI R24 , LOW ( 18 )
                +__DELAY_USB_LOOP :
000147 958a     +DEC R24
000148 f7f1     +BRNE __DELAY_USB_LOOP
                 	__DELAY_USB 18
000149 c077      	RJMP _0x20A0001
                 __lcd_write_data:
00014a 93aa      	ST   -Y,R26
00014b 81a8      	LD   R26,Y
00014c dfe9      	RCALL __lcd_write_nibble_G100
00014d 81e8          ld    r30,y
00014e 95e2          swap  r30
00014f 83e8          st    y,r30
000150 81a8      	LD   R26,Y
000151 dfe4      	RCALL __lcd_write_nibble_G100
                +
000152 eb88     +LDI R24 , LOW ( 184 )
                +__DELAY_USB_LOOP :
000153 958a     +DEC R24
000154 f7f1     +BRNE __DELAY_USB_LOOP
                 	__DELAY_USB 184
000155 c06b      	RJMP _0x20A0001
                 _lcd_gotoxy:
000156 93aa      	ST   -Y,R26
000157 81e8      	LD   R30,Y
000158 e0f0      	LDI  R31,0
000159 5fe5      	SUBI R30,LOW(-__base_y_G100)
00015a 4ff5      	SBCI R31,HIGH(-__base_y_G100)
00015b 81e0      	LD   R30,Z
00015c 81a9      	LDD  R26,Y+1
00015d 0fae      	ADD  R26,R30
00015e dfeb      	RCALL __lcd_write_data
00015f 8039      	LDD  R3,Y+1
000160 8068      	LDD  R6,Y+0
000161 9622      	ADIW R28,2
000162 9508      	RET
                 _lcd_clear:
000163 e0a2      	LDI  R26,LOW(2)
000164 940e 01ff 	CALL SUBOPT_0x1
000166 e0ac      	LDI  R26,LOW(12)
000167 dfe2      	RCALL __lcd_write_data
000168 e0a1      	LDI  R26,LOW(1)
000169 940e 01ff 	CALL SUBOPT_0x1
00016b e0e0      	LDI  R30,LOW(0)
00016c 2e6e      	MOV  R6,R30
00016d 2e3e      	MOV  R3,R30
00016e 9508      	RET
                 _lcd_putchar:
00016f 93aa      	ST   -Y,R26
000170 81a8      	LD   R26,Y
000171 30aa      	CPI  R26,LOW(0xA)
000172 f011      	BREQ _0x2000005
000173 1435      	CP   R3,R5
000174 f048      	BRLO _0x2000004
                 _0x2000005:
000175 e0e0      	LDI  R30,LOW(0)
000176 93ea      	ST   -Y,R30
000177 9463      	INC  R6
000178 2da6      	MOV  R26,R6
000179 dfdc      	RCALL _lcd_gotoxy
00017a 81a8      	LD   R26,Y
00017b 30aa      	CPI  R26,LOW(0xA)
00017c f409      	BRNE _0x2000007
00017d c043      	RJMP _0x20A0001
                 _0x2000007:
                 _0x2000004:
00017e 9433      	INC  R3
00017f 9a10      	SBI  0x2,0
000180 81a8      	LD   R26,Y
000181 dfc8      	RCALL __lcd_write_data
000182 9810      	CBI  0x2,0
000183 c03d      	RJMP _0x20A0001
                 _lcd_puts:
000184 93ba      	ST   -Y,R27
000185 93aa      	ST   -Y,R26
000186 931a      	ST   -Y,R17
                 _0x2000008:
000187 81a9      	LDD  R26,Y+1
000188 81ba      	LDD  R27,Y+1+1
000189 91ed      	LD   R30,X+
00018a 83a9      	STD  Y+1,R26
00018b 83ba      	STD  Y+1+1,R27
00018c 2f1e      	MOV  R17,R30
00018d 30e0      	CPI  R30,0
00018e f019      	BREQ _0x200000A
00018f 2fa1      	MOV  R26,R17
000190 dfde      	RCALL _lcd_putchar
000191 cff5      	RJMP _0x2000008
                 _0x200000A:
000192 8118      	LDD  R17,Y+0
000193 9623      	ADIW R28,3
000194 9508      	RET
                 _lcd_init:
000195 93aa      	ST   -Y,R26
000196 b1e1      	IN   R30,0x1
000197 6fe0      	ORI  R30,LOW(0xF0)
000198 b9e1      	OUT  0x1,R30
000199 9a0a      	SBI  0x1,2
00019a 9a08      	SBI  0x1,0
00019b 9a09      	SBI  0x1,1
00019c 9812      	CBI  0x2,2
00019d 9810      	CBI  0x2,0
00019e 9811      	CBI  0x2,1
00019f 8058      	LDD  R5,Y+0
0001a0 81e8      	LD   R30,Y
0001a1 58e0      	SUBI R30,-LOW(128)
                +
0001a2 93e0 0a0d+STS __base_y_G100 + ( 2 ) , R30
                 	__PUTB1MN __base_y_G100,2
0001a4 81e8      	LD   R30,Y
0001a5 54e0      	SUBI R30,-LOW(192)
                +
0001a6 93e0 0a0e+STS __base_y_G100 + ( 3 ) , R30
                 	__PUTB1MN __base_y_G100,3
0001a8 e1a4      	LDI  R26,LOW(20)
0001a9 e0b0      	LDI  R27,0
0001aa 940e 020d 	CALL _delay_ms
0001ac 940e 0205 	CALL SUBOPT_0x2
0001ae 940e 0205 	CALL SUBOPT_0x2
0001b0 940e 0205 	CALL SUBOPT_0x2
0001b2 e2a0      	LDI  R26,LOW(32)
0001b3 df82      	RCALL __lcd_write_nibble_G100
                +
0001b4 e184     +LDI R24 , LOW ( 276 )
0001b5 e091     +LDI R25 , HIGH ( 276 )
                +__DELAY_USW_LOOP :
0001b6 9701     +SBIW R24 , 1
0001b7 f7f1     +BRNE __DELAY_USW_LOOP
                 	__DELAY_USW 276
0001b8 e2a8      	LDI  R26,LOW(40)
0001b9 df90      	RCALL __lcd_write_data
0001ba e0a4      	LDI  R26,LOW(4)
0001bb df8e      	RCALL __lcd_write_data
0001bc e8a5      	LDI  R26,LOW(133)
0001bd df8c      	RCALL __lcd_write_data
0001be e0a6      	LDI  R26,LOW(6)
0001bf df8a      	RCALL __lcd_write_data
0001c0 dfa2      	RCALL _lcd_clear
                 _0x20A0001:
0001c1 9621      	ADIW R28,1
0001c2 9508      	RET
                 
                 	.CSEG
                 _itoa:
0001c3 93ba      	ST   -Y,R27
0001c4 93aa      	ST   -Y,R26
0001c5 91a9          ld   r26,y+
0001c6 91b9          ld   r27,y+
0001c7 91e9          ld   r30,y+
0001c8 91f9          ld   r31,y+
0001c9 9630          adiw r30,0
0001ca f42a          brpl __itoa0
0001cb 95e0          com  r30
0001cc 95f0          com  r31
0001cd 9631          adiw r30,1
0001ce e26d          ldi  r22,'-'
0001cf 936d          st   x+,r22
                 __itoa0:
0001d0 94e8          clt
0001d1 e180          ldi  r24,low(10000)
0001d2 e297          ldi  r25,high(10000)
0001d3 d00d          rcall __itoa1
0001d4 ee88          ldi  r24,low(1000)
0001d5 e093          ldi  r25,high(1000)
0001d6 d00a          rcall __itoa1
0001d7 e684          ldi  r24,100
0001d8 2799          clr  r25
0001d9 d007          rcall __itoa1
0001da e08a          ldi  r24,10
0001db d005          rcall __itoa1
0001dc 2f6e          mov  r22,r30
0001dd d010          rcall __itoa5
0001de 2766          clr  r22
0001df 936c          st   x,r22
0001e0 9508          ret
                 
                 __itoa1:
0001e1 2766          clr	 r22
                 __itoa2:
0001e2 17e8          cp   r30,r24
0001e3 07f9          cpc  r31,r25
0001e4 f020          brlo __itoa3
0001e5 9563          inc  r22
0001e6 1be8          sub  r30,r24
0001e7 0bf9          sbc  r31,r25
0001e8 f7c9          brne __itoa2
                 __itoa3:
0001e9 2366          tst  r22
0001ea f411          brne __itoa4
0001eb f016          brts __itoa5
0001ec 9508          ret
                 __itoa4:
0001ed 9468          set
                 __itoa5:
0001ee 5d60          subi r22,-0x30
0001ef 936d          st   x+,r22
0001f0 9508          ret
                 
                 	.DSEG
                 
                 	.CSEG
                 
                 	.CSEG
                 
                 	.CSEG
                 
                 	.CSEG
                 
                 	.DSEG
                 _text:
000a03           	.BYTE 0x8
                 __base_y_G100:
000a0b           	.BYTE 0x4
                 __seed_G101:
000a0f           	.BYTE 0x4
                 
                 	.CSEG
                 ;OPTIMIZER ADDED SUBROUTINE, CALLED 2 TIMES, CODE SIZE REDUCTION:8 WORDS
                 SUBOPT_0x0:
0001f1 920a      	ST   -Y,R0
0001f2 921a      	ST   -Y,R1
0001f3 92fa      	ST   -Y,R15
0001f4 936a      	ST   -Y,R22
0001f5 937a      	ST   -Y,R23
0001f6 938a      	ST   -Y,R24
0001f7 939a      	ST   -Y,R25
0001f8 93aa      	ST   -Y,R26
0001f9 93ba      	ST   -Y,R27
0001fa 93ea      	ST   -Y,R30
0001fb 93fa      	ST   -Y,R31
0001fc b7ef      	IN   R30,SREG
0001fd 93ea      	ST   -Y,R30
0001fe 9508      	RET
                 
                 ;OPTIMIZER ADDED SUBROUTINE, CALLED 2 TIMES, CODE SIZE REDUCTION:3 WORDS
                 SUBOPT_0x1:
0001ff 940e 014a 	CALL __lcd_write_data
000201 e0a3      	LDI  R26,LOW(3)
000202 e0b0      	LDI  R27,0
000203 940c 020d 	JMP  _delay_ms
                 
                 ;OPTIMIZER ADDED SUBROUTINE, CALLED 3 TIMES, CODE SIZE REDUCTION:7 WORDS
                 SUBOPT_0x2:
000205 e3a0      	LDI  R26,LOW(48)
000206 940e 0136 	CALL __lcd_write_nibble_G100
                +
000208 e184     +LDI R24 , LOW ( 276 )
000209 e091     +LDI R25 , HIGH ( 276 )
                +__DELAY_USW_LOOP :
00020a 9701     +SBIW R24 , 1
00020b f7f1     +BRNE __DELAY_USW_LOOP
                 	__DELAY_USW 276
00020c 9508      	RET
                 
                 
                 	.CSEG
                 _delay_ms:
00020d 9610      	adiw r26,0
00020e f039      	breq __delay_ms1
                 __delay_ms0:
                +
00020f ec8d     +LDI R24 , LOW ( 0xACD )
000210 e09a     +LDI R25 , HIGH ( 0xACD )
                +__DELAY_USW_LOOP :
000211 9701     +SBIW R24 , 1
000212 f7f1     +BRNE __DELAY_USW_LOOP
                 	__DELAY_USW 0xACD
000213 95a8      	wdr
000214 9711      	sbiw r26,1
000215 f7c9      	brne __delay_ms0
                 __delay_ms1:
000216 9508      	ret
                 
                 ;END OF CODE MARKER
                 __END_OF_CODE:


RESOURCE USE INFORMATION
------------------------

Notice:
The register and instruction counts are symbol table hit counts,
and hence implicitly used resources are not counted, eg, the
'lpm' instruction without operands implicitly uses r0 and z,
none of which are counted.

x,y,z are separate entities in the symbol table and are
counted separately from r26..r31 here.

.dseg memory usage only counts static data declared with .byte

ATmega1280 register use summary:
r0 :   6 r1 :   3 r2 :   0 r3 :   4 r4 :   3 r5 :   2 r6 :   4 r7 :   0 
r8 :   0 r9 :   0 r10:   0 r11:   0 r12:   0 r13:   0 r14:   0 r15:   2 
r16:   0 r17:   4 r18:   0 r19:   0 r20:   0 r21:   0 r22:  14 r23:   2 
r24:  30 r25:  12 r26:  51 r27:  17 r28:   4 r29:   1 r30: 109 r31:  15 
x  :   7 y  :  62 z  :   8 
Registers used: 21 out of 35 (60.0%)

ATmega1280 instruction use summary:
.lds  :   0 .lds.l:   0 .sts  :   0 .sts.l:   0 adc   :   0 add   :   1 
adiw  :   6 and   :   0 andi  :   2 asr   :   0 bclr  :   0 bld   :   0 
brbc  :   0 brbs  :   0 brcc  :   0 brcs  :   0 break :   0 breq  :   4 
brge  :   0 brhc  :   0 brhs  :   0 brid  :   0 brie  :   0 brlo  :   2 
brlt  :   0 brmi  :   0 brne  :  14 brpl  :   1 brsh  :   0 brtc  :   0 
brts  :   1 brvc  :   0 brvs  :   0 bset  :   0 bst   :   0 call  :  13 
cbi   :   5 cbr   :   1 clc   :   0 clh   :   0 cli   :   1 cln   :   0 
clr   :   5 cls   :   0 clt   :   1 clv   :   0 clz   :   0 com   :   2 
cp    :   2 cpc   :   1 cpi   :   3 cpse  :   0 dec   :   6 des   :   0 
elpm  :   0 eor   :   0 fmul  :   0 fmuls :   0 fmulsu:   0 icall :   0 
ijmp  :   0 in    :   4 inc   :   4 jmp   :  59 ld    :  28 ldd   :   7 
ldi   :  72 lds   :   0 lpm   :   7 lsl   :   0 lsr   :   0 mov   :   8 
movw  :   3 mul   :   0 muls  :   0 mulsu :   0 neg   :   0 nop   :   0 
or    :   1 ori   :   1 out   :  28 pop   :   0 push  :   0 rcall :  23 
ret   :  10 reti  :   1 rjmp  :   9 rol   :   0 ror   :   0 sbc   :   1 
sbci  :   1 sbi   :   5 sbic  :   0 sbis  :   0 sbiw  :   7 sbr   :   0 
sbrc  :   0 sbrs  :   0 sec   :   0 seh   :   0 sei   :   1 sen   :   0 
ser   :   0 ses   :   0 set   :   1 sev   :   0 sez   :   0 sleep :   0 
spm   :   0 st    :  33 std   :   2 sts   :  22 sub   :   1 subi  :   4 
swap  :   1 tst   :   1 wdr   :   2 
Instructions used: 49 out of 117 (41.9%)

ATmega1280 memory use summary [bytes]:
Segment   Begin    End      Code   Data   Used    Size   Use%
---------------------------------------------------------------
[.cseg] 0x000000 0x00042e   1024     46   1070  131072   0.8%
[.dseg] 0x000200 0x000a13      0     19     19    8703   0.2%
[.eseg] 0x000000 0x000000      0      0      0    4096   0.0%

Assembly complete, 0 errors, 8 warnings
