
AVRASM ver. 2.1.30  D:\amir-saeed\J4\Timer\List\Timer.asm Tue Mar 12 18:08:12 2019

D:\amir-saeed\J4\Timer\List\Timer.asm(1078): warning: Register r3 already defined by the .DEF directive
D:\amir-saeed\J4\Timer\List\Timer.asm(1079): warning: Register r5 already defined by the .DEF directive
                 
                 
                 ;CodeVisionAVR C Compiler V2.05.3 Standard
                 ;(C) Copyright 1998-2011 Pavel Haiduc, HP InfoTech s.r.l.
                 ;http://www.hpinfotech.com
                 
                 ;Chip type                : ATmega1280
                 ;Program type             : Application
                 ;Clock frequency          : 11.059200 MHz
                 ;Memory model             : Small
                 ;Optimize for             : Size
                 ;(s)printf features       : int, width
                 ;(s)scanf features        : int, width
                 ;External RAM size        : 0
                 ;Data Stack size          : 2048 byte(s)
                 ;Heap size                : 0 byte(s)
                 ;Promote 'char' to 'int'  : Yes
                 ;'char' is unsigned       : Yes
                 ;8 bit enums              : Yes
                 ;Global 'const' stored in FLASH     : No
                 ;Enhanced function parameter passing: Yes
                 ;Enhanced core instructions         : On
                 ;Smart register allocation          : On
                 ;Automatic register allocation      : On
                 
                 	#pragma AVRPART ADMIN PART_NAME ATmega1280
                 	#pragma AVRPART MEMORY PROG_FLASH 131072
                 	#pragma AVRPART MEMORY EEPROM 4096
                 	#pragma AVRPART MEMORY INT_SRAM SIZE 8703
                 	#pragma AVRPART MEMORY INT_SRAM START_ADDR 0x200
                 
                 	#define CALL_SUPPORTED 1
                 
                 	.LISTMAC
                 	.EQU EERE=0x0
                 	.EQU EEWE=0x1
                 	.EQU EEMWE=0x2
                 	.EQU UDRE=0x5
                 	.EQU RXC=0x7
                 	.EQU EECR=0x1F
                 	.EQU EEDR=0x20
                 	.EQU EEARL=0x21
                 	.EQU EEARH=0x22
                 	.EQU SPSR=0x2D
                 	.EQU SPDR=0x2E
                 	.EQU SMCR=0x33
                 	.EQU MCUSR=0x34
                 	.EQU MCUCR=0x35
                 	.EQU WDTCSR=0x60
                 	.EQU UCSR0A=0xC0
                 	.EQU UDR0=0xC6
                 	.EQU RAMPZ=0x3B
                 	.EQU EIND=0x3C
                 	.EQU SPL=0x3D
                 	.EQU SPH=0x3E
                 	.EQU SREG=0x3F
                 	.EQU XMCRA=0x74
                 	.EQU XMCRB=0x75
                 	.EQU GPIOR0=0x1E
                 
                 	.DEF R0X0=R0
                 	.DEF R0X1=R1
                 	.DEF R0X2=R2
                 	.DEF R0X3=R3
                 	.DEF R0X4=R4
                 	.DEF R0X5=R5
                 	.DEF R0X6=R6
                 	.DEF R0X7=R7
                 	.DEF R0X8=R8
                 	.DEF R0X9=R9
                 	.DEF R0XA=R10
                 	.DEF R0XB=R11
                 	.DEF R0XC=R12
                 	.DEF R0XD=R13
                 	.DEF R0XE=R14
                 	.DEF R0XF=R15
                 	.DEF R0X10=R16
                 	.DEF R0X11=R17
                 	.DEF R0X12=R18
                 	.DEF R0X13=R19
                 	.DEF R0X14=R20
                 	.DEF R0X15=R21
                 	.DEF R0X16=R22
                 	.DEF R0X17=R23
                 	.DEF R0X18=R24
                 	.DEF R0X19=R25
                 	.DEF R0X1A=R26
                 	.DEF R0X1B=R27
                 	.DEF R0X1C=R28
                 	.DEF R0X1D=R29
                 	.DEF R0X1E=R30
                 	.DEF R0X1F=R31
                 
                 	.EQU __SRAM_START=0x0200
                 	.EQU __SRAM_END=0x21FF
                 	.EQU __DSTACK_SIZE=0x0800
                 	.EQU __HEAP_SIZE=0x0000
                 	.EQU __CLEAR_SRAM_SIZE=__SRAM_END-__SRAM_START+1
                 
                 	.MACRO __CPD1N
                 	CPI  R30,LOW(@0)
                 	LDI  R26,HIGH(@0)
                 	CPC  R31,R26
                 	LDI  R26,BYTE3(@0)
                 	CPC  R22,R26
                 	LDI  R26,BYTE4(@0)
                 	CPC  R23,R26
                 	.ENDM
                 
                 	.MACRO __CPD2N
                 	CPI  R26,LOW(@0)
                 	LDI  R30,HIGH(@0)
                 	CPC  R27,R30
                 	LDI  R30,BYTE3(@0)
                 	CPC  R24,R30
                 	LDI  R30,BYTE4(@0)
                 	CPC  R25,R30
                 	.ENDM
                 
                 	.MACRO __CPWRR
                 	CP   R@0,R@2
                 	CPC  R@1,R@3
                 	.ENDM
                 
                 	.MACRO __CPWRN
                 	CPI  R@0,LOW(@2)
                 	LDI  R30,HIGH(@2)
                 	CPC  R@1,R30
                 	.ENDM
                 
                 	.MACRO __ADDB1MN
                 	SUBI R30,LOW(-@0-(@1))
                 	.ENDM
                 
                 	.MACRO __ADDB2MN
                 	SUBI R26,LOW(-@0-(@1))
                 	.ENDM
                 
                 	.MACRO __ADDW1MN
                 	SUBI R30,LOW(-@0-(@1))
                 	SBCI R31,HIGH(-@0-(@1))
                 	.ENDM
                 
                 	.MACRO __ADDW2MN
                 	SUBI R26,LOW(-@0-(@1))
                 	SBCI R27,HIGH(-@0-(@1))
                 	.ENDM
                 
                 	.MACRO __ADDW1FN
                 	SUBI R30,LOW(-2*@0-(@1))
                 	SBCI R31,HIGH(-2*@0-(@1))
                 	.ENDM
                 
                 	.MACRO __ADDD1FN
                 	SUBI R30,LOW(-2*@0-(@1))
                 	SBCI R31,HIGH(-2*@0-(@1))
                 	SBCI R22,BYTE3(-2*@0-(@1))
                 	.ENDM
                 
                 	.MACRO __ADDD1N
                 	SUBI R30,LOW(-@0)
                 	SBCI R31,HIGH(-@0)
                 	SBCI R22,BYTE3(-@0)
                 	SBCI R23,BYTE4(-@0)
                 	.ENDM
                 
                 	.MACRO __ADDD2N
                 	SUBI R26,LOW(-@0)
                 	SBCI R27,HIGH(-@0)
                 	SBCI R24,BYTE3(-@0)
                 	SBCI R25,BYTE4(-@0)
                 	.ENDM
                 
                 	.MACRO __SUBD1N
                 	SUBI R30,LOW(@0)
                 	SBCI R31,HIGH(@0)
                 	SBCI R22,BYTE3(@0)
                 	SBCI R23,BYTE4(@0)
                 	.ENDM
                 
                 	.MACRO __SUBD2N
                 	SUBI R26,LOW(@0)
                 	SBCI R27,HIGH(@0)
                 	SBCI R24,BYTE3(@0)
                 	SBCI R25,BYTE4(@0)
                 	.ENDM
                 
                 	.MACRO __ANDBMNN
                 	LDS  R30,@0+(@1)
                 	ANDI R30,LOW(@2)
                 	STS  @0+(@1),R30
                 	.ENDM
                 
                 	.MACRO __ANDWMNN
                 	LDS  R30,@0+(@1)
                 	ANDI R30,LOW(@2)
                 	STS  @0+(@1),R30
                 	LDS  R30,@0+(@1)+1
                 	ANDI R30,HIGH(@2)
                 	STS  @0+(@1)+1,R30
                 	.ENDM
                 
                 	.MACRO __ANDD1N
                 	ANDI R30,LOW(@0)
                 	ANDI R31,HIGH(@0)
                 	ANDI R22,BYTE3(@0)
                 	ANDI R23,BYTE4(@0)
                 	.ENDM
                 
                 	.MACRO __ANDD2N
                 	ANDI R26,LOW(@0)
                 	ANDI R27,HIGH(@0)
                 	ANDI R24,BYTE3(@0)
                 	ANDI R25,BYTE4(@0)
                 	.ENDM
                 
                 	.MACRO __ORBMNN
                 	LDS  R30,@0+(@1)
                 	ORI  R30,LOW(@2)
                 	STS  @0+(@1),R30
                 	.ENDM
                 
                 	.MACRO __ORWMNN
                 	LDS  R30,@0+(@1)
                 	ORI  R30,LOW(@2)
                 	STS  @0+(@1),R30
                 	LDS  R30,@0+(@1)+1
                 	ORI  R30,HIGH(@2)
                 	STS  @0+(@1)+1,R30
                 	.ENDM
                 
                 	.MACRO __ORD1N
                 	ORI  R30,LOW(@0)
                 	ORI  R31,HIGH(@0)
                 	ORI  R22,BYTE3(@0)
                 	ORI  R23,BYTE4(@0)
                 	.ENDM
                 
                 	.MACRO __ORD2N
                 	ORI  R26,LOW(@0)
                 	ORI  R27,HIGH(@0)
                 	ORI  R24,BYTE3(@0)
                 	ORI  R25,BYTE4(@0)
                 	.ENDM
                 
                 	.MACRO __DELAY_USB
                 	LDI  R24,LOW(@0)
                 __DELAY_USB_LOOP:
                 	DEC  R24
                 	BRNE __DELAY_USB_LOOP
                 	.ENDM
                 
                 	.MACRO __DELAY_USW
                 	LDI  R24,LOW(@0)
                 	LDI  R25,HIGH(@0)
                 __DELAY_USW_LOOP:
                 	SBIW R24,1
                 	BRNE __DELAY_USW_LOOP
                 	.ENDM
                 
                 	.MACRO __GETD1S
                 	LDD  R30,Y+@0
                 	LDD  R31,Y+@0+1
                 	LDD  R22,Y+@0+2
                 	LDD  R23,Y+@0+3
                 	.ENDM
                 
                 	.MACRO __GETD2S
                 	LDD  R26,Y+@0
                 	LDD  R27,Y+@0+1
                 	LDD  R24,Y+@0+2
                 	LDD  R25,Y+@0+3
                 	.ENDM
                 
                 	.MACRO __PUTD1S
                 	STD  Y+@0,R30
                 	STD  Y+@0+1,R31
                 	STD  Y+@0+2,R22
                 	STD  Y+@0+3,R23
                 	.ENDM
                 
                 	.MACRO __PUTD2S
                 	STD  Y+@0,R26
                 	STD  Y+@0+1,R27
                 	STD  Y+@0+2,R24
                 	STD  Y+@0+3,R25
                 	.ENDM
                 
                 	.MACRO __PUTDZ2
                 	STD  Z+@0,R26
                 	STD  Z+@0+1,R27
                 	STD  Z+@0+2,R24
                 	STD  Z+@0+3,R25
                 	.ENDM
                 
                 	.MACRO __CLRD1S
                 	STD  Y+@0,R30
                 	STD  Y+@0+1,R30
                 	STD  Y+@0+2,R30
                 	STD  Y+@0+3,R30
                 	.ENDM
                 
                 	.MACRO __POINTB1MN
                 	LDI  R30,LOW(@0+(@1))
                 	.ENDM
                 
                 	.MACRO __POINTW1MN
                 	LDI  R30,LOW(@0+(@1))
                 	LDI  R31,HIGH(@0+(@1))
                 	.ENDM
                 
                 	.MACRO __POINTD1M
                 	LDI  R30,LOW(@0)
                 	LDI  R31,HIGH(@0)
                 	LDI  R22,BYTE3(@0)
                 	LDI  R23,BYTE4(@0)
                 	.ENDM
                 
                 	.MACRO __POINTW1FN
                 	LDI  R30,LOW(2*@0+(@1))
                 	LDI  R31,HIGH(2*@0+(@1))
                 	.ENDM
                 
                 	.MACRO __POINTD1FN
                 	LDI  R30,LOW(2*@0+(@1))
                 	LDI  R31,HIGH(2*@0+(@1))
                 	LDI  R22,BYTE3(2*@0+(@1))
                 	LDI  R23,BYTE4(2*@0+(@1))
                 	.ENDM
                 
                 	.MACRO __POINTB2MN
                 	LDI  R26,LOW(@0+(@1))
                 	.ENDM
                 
                 	.MACRO __POINTW2MN
                 	LDI  R26,LOW(@0+(@1))
                 	LDI  R27,HIGH(@0+(@1))
                 	.ENDM
                 
                 	.MACRO __POINTW2FN
                 	LDI  R26,LOW(2*@0+(@1))
                 	LDI  R27,HIGH(2*@0+(@1))
                 	.ENDM
                 
                 	.MACRO __POINTD2FN
                 	LDI  R26,LOW(2*@0+(@1))
                 	LDI  R27,HIGH(2*@0+(@1))
                 	LDI  R24,BYTE3(2*@0+(@1))
                 	LDI  R25,BYTE4(2*@0+(@1))
                 	.ENDM
                 
                 	.MACRO __POINTBRM
                 	LDI  R@0,LOW(@1)
                 	.ENDM
                 
                 	.MACRO __POINTWRM
                 	LDI  R@0,LOW(@2)
                 	LDI  R@1,HIGH(@2)
                 	.ENDM
                 
                 	.MACRO __POINTBRMN
                 	LDI  R@0,LOW(@1+(@2))
                 	.ENDM
                 
                 	.MACRO __POINTWRMN
                 	LDI  R@0,LOW(@2+(@3))
                 	LDI  R@1,HIGH(@2+(@3))
                 	.ENDM
                 
                 	.MACRO __POINTWRFN
                 	LDI  R@0,LOW(@2*2+(@3))
                 	LDI  R@1,HIGH(@2*2+(@3))
                 	.ENDM
                 
                 	.MACRO __GETD1N
                 	LDI  R30,LOW(@0)
                 	LDI  R31,HIGH(@0)
                 	LDI  R22,BYTE3(@0)
                 	LDI  R23,BYTE4(@0)
                 	.ENDM
                 
                 	.MACRO __GETD2N
                 	LDI  R26,LOW(@0)
                 	LDI  R27,HIGH(@0)
                 	LDI  R24,BYTE3(@0)
                 	LDI  R25,BYTE4(@0)
                 	.ENDM
                 
                 	.MACRO __GETB1MN
                 	LDS  R30,@0+(@1)
                 	.ENDM
                 
                 	.MACRO __GETB1HMN
                 	LDS  R31,@0+(@1)
                 	.ENDM
                 
                 	.MACRO __GETW1MN
                 	LDS  R30,@0+(@1)
                 	LDS  R31,@0+(@1)+1
                 	.ENDM
                 
                 	.MACRO __GETD1MN
                 	LDS  R30,@0+(@1)
                 	LDS  R31,@0+(@1)+1
                 	LDS  R22,@0+(@1)+2
                 	LDS  R23,@0+(@1)+3
                 	.ENDM
                 
                 	.MACRO __GETBRMN
                 	LDS  R@0,@1+(@2)
                 	.ENDM
                 
                 	.MACRO __GETWRMN
                 	LDS  R@0,@2+(@3)
                 	LDS  R@1,@2+(@3)+1
                 	.ENDM
                 
                 	.MACRO __GETWRZ
                 	LDD  R@0,Z+@2
                 	LDD  R@1,Z+@2+1
                 	.ENDM
                 
                 	.MACRO __GETD2Z
                 	LDD  R26,Z+@0
                 	LDD  R27,Z+@0+1
                 	LDD  R24,Z+@0+2
                 	LDD  R25,Z+@0+3
                 	.ENDM
                 
                 	.MACRO __GETB2MN
                 	LDS  R26,@0+(@1)
                 	.ENDM
                 
                 	.MACRO __GETW2MN
                 	LDS  R26,@0+(@1)
                 	LDS  R27,@0+(@1)+1
                 	.ENDM
                 
                 	.MACRO __GETD2MN
                 	LDS  R26,@0+(@1)
                 	LDS  R27,@0+(@1)+1
                 	LDS  R24,@0+(@1)+2
                 	LDS  R25,@0+(@1)+3
                 	.ENDM
                 
                 	.MACRO __PUTB1MN
                 	STS  @0+(@1),R30
                 	.ENDM
                 
                 	.MACRO __PUTW1MN
                 	STS  @0+(@1),R30
                 	STS  @0+(@1)+1,R31
                 	.ENDM
                 
                 	.MACRO __PUTD1MN
                 	STS  @0+(@1),R30
                 	STS  @0+(@1)+1,R31
                 	STS  @0+(@1)+2,R22
                 	STS  @0+(@1)+3,R23
                 	.ENDM
                 
                 	.MACRO __PUTB1EN
                 	LDI  R26,LOW(@0+(@1))
                 	LDI  R27,HIGH(@0+(@1))
                 	CALL __EEPROMWRB
                 	.ENDM
                 
                 	.MACRO __PUTW1EN
                 	LDI  R26,LOW(@0+(@1))
                 	LDI  R27,HIGH(@0+(@1))
                 	CALL __EEPROMWRW
                 	.ENDM
                 
                 	.MACRO __PUTD1EN
                 	LDI  R26,LOW(@0+(@1))
                 	LDI  R27,HIGH(@0+(@1))
                 	CALL __EEPROMWRD
                 	.ENDM
                 
                 	.MACRO __PUTBR0MN
                 	STS  @0+(@1),R0
                 	.ENDM
                 
                 	.MACRO __PUTBMRN
                 	STS  @0+(@1),R@2
                 	.ENDM
                 
                 	.MACRO __PUTWMRN
                 	STS  @0+(@1),R@2
                 	STS  @0+(@1)+1,R@3
                 	.ENDM
                 
                 	.MACRO __PUTBZR
                 	STD  Z+@1,R@0
                 	.ENDM
                 
                 	.MACRO __PUTWZR
                 	STD  Z+@2,R@0
                 	STD  Z+@2+1,R@1
                 	.ENDM
                 
                 	.MACRO __GETW1R
                 	MOV  R30,R@0
                 	MOV  R31,R@1
                 	.ENDM
                 
                 	.MACRO __GETW2R
                 	MOV  R26,R@0
                 	MOV  R27,R@1
                 	.ENDM
                 
                 	.MACRO __GETWRN
                 	LDI  R@0,LOW(@2)
                 	LDI  R@1,HIGH(@2)
                 	.ENDM
                 
                 	.MACRO __PUTW1R
                 	MOV  R@0,R30
                 	MOV  R@1,R31
                 	.ENDM
                 
                 	.MACRO __PUTW2R
                 	MOV  R@0,R26
                 	MOV  R@1,R27
                 	.ENDM
                 
                 	.MACRO __ADDWRN
                 	SUBI R@0,LOW(-@2)
                 	SBCI R@1,HIGH(-@2)
                 	.ENDM
                 
                 	.MACRO __ADDWRR
                 	ADD  R@0,R@2
                 	ADC  R@1,R@3
                 	.ENDM
                 
                 	.MACRO __SUBWRN
                 	SUBI R@0,LOW(@2)
                 	SBCI R@1,HIGH(@2)
                 	.ENDM
                 
                 	.MACRO __SUBWRR
                 	SUB  R@0,R@2
                 	SBC  R@1,R@3
                 	.ENDM
                 
                 	.MACRO __ANDWRN
                 	ANDI R@0,LOW(@2)
                 	ANDI R@1,HIGH(@2)
                 	.ENDM
                 
                 	.MACRO __ANDWRR
                 	AND  R@0,R@2
                 	AND  R@1,R@3
                 	.ENDM
                 
                 	.MACRO __ORWRN
                 	ORI  R@0,LOW(@2)
                 	ORI  R@1,HIGH(@2)
                 	.ENDM
                 
                 	.MACRO __ORWRR
                 	OR   R@0,R@2
                 	OR   R@1,R@3
                 	.ENDM
                 
                 	.MACRO __EORWRR
                 	EOR  R@0,R@2
                 	EOR  R@1,R@3
                 	.ENDM
                 
                 	.MACRO __GETWRS
                 	LDD  R@0,Y+@2
                 	LDD  R@1,Y+@2+1
                 	.ENDM
                 
                 	.MACRO __PUTBSR
                 	STD  Y+@1,R@0
                 	.ENDM
                 
                 	.MACRO __PUTWSR
                 	STD  Y+@2,R@0
                 	STD  Y+@2+1,R@1
                 	.ENDM
                 
                 	.MACRO __MOVEWRR
                 	MOV  R@0,R@2
                 	MOV  R@1,R@3
                 	.ENDM
                 
                 	.MACRO __INWR
                 	IN   R@0,@2
                 	IN   R@1,@2+1
                 	.ENDM
                 
                 	.MACRO __OUTWR
                 	OUT  @2+1,R@1
                 	OUT  @2,R@0
                 	.ENDM
                 
                 	.MACRO __CALL1MN
                 	LDS  R30,@0+(@1)
                 	LDS  R31,@0+(@1)+1
                 	ICALL
                 	.ENDM
                 
                 	.MACRO __CALL1FN
                 	LDI  R30,LOW(2*@0+(@1))
                 	LDI  R31,HIGH(2*@0+(@1))
                 	CALL __GETW1PF
                 	ICALL
                 	.ENDM
                 
                 	.MACRO __CALL2EN
                 	LDI  R26,LOW(@0+(@1))
                 	LDI  R27,HIGH(@0+(@1))
                 	CALL __EEPROMRDW
                 	ICALL
                 	.ENDM
                 
                 	.MACRO __GETW1STACK
                 	IN   R26,SPL
                 	IN   R27,SPH
                 	ADIW R26,@0+1
                 	LD   R30,X+
                 	LD   R31,X
                 	.ENDM
                 
                 	.MACRO __GETD1STACK
                 	IN   R26,SPL
                 	IN   R27,SPH
                 	ADIW R26,@0+1
                 	LD   R30,X+
                 	LD   R31,X+
                 	LD   R22,X
                 	.ENDM
                 
                 	.MACRO __NBST
                 	BST  R@0,@1
                 	IN   R30,SREG
                 	LDI  R31,0x40
                 	EOR  R30,R31
                 	OUT  SREG,R30
                 	.ENDM
                 
                 
                 	.MACRO __PUTB1SN
                 	LDD  R26,Y+@0
                 	LDD  R27,Y+@0+1
                 	SUBI R26,LOW(-@1)
                 	SBCI R27,HIGH(-@1)
                 	ST   X,R30
                 	.ENDM
                 
                 	.MACRO __PUTW1SN
                 	LDD  R26,Y+@0
                 	LDD  R27,Y+@0+1
                 	SUBI R26,LOW(-@1)
                 	SBCI R27,HIGH(-@1)
                 	ST   X+,R30
                 	ST   X,R31
                 	.ENDM
                 
                 	.MACRO __PUTD1SN
                 	LDD  R26,Y+@0
                 	LDD  R27,Y+@0+1
                 	SUBI R26,LOW(-@1)
                 	SBCI R27,HIGH(-@1)
                 	CALL __PUTDP1
                 	.ENDM
                 
                 	.MACRO __PUTB1SNS
                 	LDD  R26,Y+@0
                 	LDD  R27,Y+@0+1
                 	ADIW R26,@1
                 	ST   X,R30
                 	.ENDM
                 
                 	.MACRO __PUTW1SNS
                 	LDD  R26,Y+@0
                 	LDD  R27,Y+@0+1
                 	ADIW R26,@1
                 	ST   X+,R30
                 	ST   X,R31
                 	.ENDM
                 
                 	.MACRO __PUTD1SNS
                 	LDD  R26,Y+@0
                 	LDD  R27,Y+@0+1
                 	ADIW R26,@1
                 	CALL __PUTDP1
                 	.ENDM
                 
                 	.MACRO __PUTB1PMN
                 	LDS  R26,@0
                 	LDS  R27,@0+1
                 	SUBI R26,LOW(-@1)
                 	SBCI R27,HIGH(-@1)
                 	ST   X,R30
                 	.ENDM
                 
                 	.MACRO __PUTW1PMN
                 	LDS  R26,@0
                 	LDS  R27,@0+1
                 	SUBI R26,LOW(-@1)
                 	SBCI R27,HIGH(-@1)
                 	ST   X+,R30
                 	ST   X,R31
                 	.ENDM
                 
                 	.MACRO __PUTD1PMN
                 	LDS  R26,@0
                 	LDS  R27,@0+1
                 	SUBI R26,LOW(-@1)
                 	SBCI R27,HIGH(-@1)
                 	CALL __PUTDP1
                 	.ENDM
                 
                 	.MACRO __PUTB1PMNS
                 	LDS  R26,@0
                 	LDS  R27,@0+1
                 	ADIW R26,@1
                 	ST   X,R30
                 	.ENDM
                 
                 	.MACRO __PUTW1PMNS
                 	LDS  R26,@0
                 	LDS  R27,@0+1
                 	ADIW R26,@1
                 	ST   X+,R30
                 	ST   X,R31
                 	.ENDM
                 
                 	.MACRO __PUTD1PMNS
                 	LDS  R26,@0
                 	LDS  R27,@0+1
                 	ADIW R26,@1
                 	CALL __PUTDP1
                 	.ENDM
                 
                 	.MACRO __PUTB1RN
                 	MOVW R26,R@0
                 	SUBI R26,LOW(-@1)
                 	SBCI R27,HIGH(-@1)
                 	ST   X,R30
                 	.ENDM
                 
                 	.MACRO __PUTW1RN
                 	MOVW R26,R@0
                 	SUBI R26,LOW(-@1)
                 	SBCI R27,HIGH(-@1)
                 	ST   X+,R30
                 	ST   X,R31
                 	.ENDM
                 
                 	.MACRO __PUTD1RN
                 	MOVW R26,R@0
                 	SUBI R26,LOW(-@1)
                 	SBCI R27,HIGH(-@1)
                 	CALL __PUTDP1
                 	.ENDM
                 
                 	.MACRO __PUTB1RNS
                 	MOVW R26,R@0
                 	ADIW R26,@1
                 	ST   X,R30
                 	.ENDM
                 
                 	.MACRO __PUTW1RNS
                 	MOVW R26,R@0
                 	ADIW R26,@1
                 	ST   X+,R30
                 	ST   X,R31
                 	.ENDM
                 
                 	.MACRO __PUTD1RNS
                 	MOVW R26,R@0
                 	ADIW R26,@1
                 	CALL __PUTDP1
                 	.ENDM
                 
                 	.MACRO __PUTB1RON
                 	MOV  R26,R@0
                 	MOV  R27,R@1
                 	SUBI R26,LOW(-@2)
                 	SBCI R27,HIGH(-@2)
                 	ST   X,R30
                 	.ENDM
                 
                 	.MACRO __PUTW1RON
                 	MOV  R26,R@0
                 	MOV  R27,R@1
                 	SUBI R26,LOW(-@2)
                 	SBCI R27,HIGH(-@2)
                 	ST   X+,R30
                 	ST   X,R31
                 	.ENDM
                 
                 	.MACRO __PUTD1RON
                 	MOV  R26,R@0
                 	MOV  R27,R@1
                 	SUBI R26,LOW(-@2)
                 	SBCI R27,HIGH(-@2)
                 	CALL __PUTDP1
                 	.ENDM
                 
                 	.MACRO __PUTB1RONS
                 	MOV  R26,R@0
                 	MOV  R27,R@1
                 	ADIW R26,@2
                 	ST   X,R30
                 	.ENDM
                 
                 	.MACRO __PUTW1RONS
                 	MOV  R26,R@0
                 	MOV  R27,R@1
                 	ADIW R26,@2
                 	ST   X+,R30
                 	ST   X,R31
                 	.ENDM
                 
                 	.MACRO __PUTD1RONS
                 	MOV  R26,R@0
                 	MOV  R27,R@1
                 	ADIW R26,@2
                 	CALL __PUTDP1
                 	.ENDM
                 
                 
                 	.MACRO __GETB1SX
                 	MOVW R30,R28
                 	SUBI R30,LOW(-@0)
                 	SBCI R31,HIGH(-@0)
                 	LD   R30,Z
                 	.ENDM
                 
                 	.MACRO __GETB1HSX
                 	MOVW R30,R28
                 	SUBI R30,LOW(-@0)
                 	SBCI R31,HIGH(-@0)
                 	LD   R31,Z
                 	.ENDM
                 
                 	.MACRO __GETW1SX
                 	MOVW R30,R28
                 	SUBI R30,LOW(-@0)
                 	SBCI R31,HIGH(-@0)
                 	LD   R0,Z+
                 	LD   R31,Z
                 	MOV  R30,R0
                 	.ENDM
                 
                 	.MACRO __GETD1SX
                 	MOVW R30,R28
                 	SUBI R30,LOW(-@0)
                 	SBCI R31,HIGH(-@0)
                 	LD   R0,Z+
                 	LD   R1,Z+
                 	LD   R22,Z+
                 	LD   R23,Z
                 	MOVW R30,R0
                 	.ENDM
                 
                 	.MACRO __GETB2SX
                 	MOVW R26,R28
                 	SUBI R26,LOW(-@0)
                 	SBCI R27,HIGH(-@0)
                 	LD   R26,X
                 	.ENDM
                 
                 	.MACRO __GETW2SX
                 	MOVW R26,R28
                 	SUBI R26,LOW(-@0)
                 	SBCI R27,HIGH(-@0)
                 	LD   R0,X+
                 	LD   R27,X
                 	MOV  R26,R0
                 	.ENDM
                 
                 	.MACRO __GETD2SX
                 	MOVW R26,R28
                 	SUBI R26,LOW(-@0)
                 	SBCI R27,HIGH(-@0)
                 	LD   R0,X+
                 	LD   R1,X+
                 	LD   R24,X+
                 	LD   R25,X
                 	MOVW R26,R0
                 	.ENDM
                 
                 	.MACRO __GETBRSX
                 	MOVW R30,R28
                 	SUBI R30,LOW(-@1)
                 	SBCI R31,HIGH(-@1)
                 	LD   R@0,Z
                 	.ENDM
                 
                 	.MACRO __GETWRSX
                 	MOVW R30,R28
                 	SUBI R30,LOW(-@2)
                 	SBCI R31,HIGH(-@2)
                 	LD   R@0,Z+
                 	LD   R@1,Z
                 	.ENDM
                 
                 	.MACRO __GETBRSX2
                 	MOVW R26,R28
                 	SUBI R26,LOW(-@1)
                 	SBCI R27,HIGH(-@1)
                 	LD   R@0,X
                 	.ENDM
                 
                 	.MACRO __GETWRSX2
                 	MOVW R26,R28
                 	SUBI R26,LOW(-@2)
                 	SBCI R27,HIGH(-@2)
                 	LD   R@0,X+
                 	LD   R@1,X
                 	.ENDM
                 
                 	.MACRO __LSLW8SX
                 	MOVW R30,R28
                 	SUBI R30,LOW(-@0)
                 	SBCI R31,HIGH(-@0)
                 	LD   R31,Z
                 	CLR  R30
                 	.ENDM
                 
                 	.MACRO __PUTB1SX
                 	MOVW R26,R28
                 	SUBI R26,LOW(-@0)
                 	SBCI R27,HIGH(-@0)
                 	ST   X,R30
                 	.ENDM
                 
                 	.MACRO __PUTW1SX
                 	MOVW R26,R28
                 	SUBI R26,LOW(-@0)
                 	SBCI R27,HIGH(-@0)
                 	ST   X+,R30
                 	ST   X,R31
                 	.ENDM
                 
                 	.MACRO __PUTD1SX
                 	MOVW R26,R28
                 	SUBI R26,LOW(-@0)
                 	SBCI R27,HIGH(-@0)
                 	ST   X+,R30
                 	ST   X+,R31
                 	ST   X+,R22
                 	ST   X,R23
                 	.ENDM
                 
                 	.MACRO __CLRW1SX
                 	MOVW R26,R28
                 	SUBI R26,LOW(-@0)
                 	SBCI R27,HIGH(-@0)
                 	ST   X+,R30
                 	ST   X,R30
                 	.ENDM
                 
                 	.MACRO __CLRD1SX
                 	MOVW R26,R28
                 	SUBI R26,LOW(-@0)
                 	SBCI R27,HIGH(-@0)
                 	ST   X+,R30
                 	ST   X+,R30
                 	ST   X+,R30
                 	ST   X,R30
                 	.ENDM
                 
                 	.MACRO __PUTB2SX
                 	MOVW R30,R28
                 	SUBI R30,LOW(-@0)
                 	SBCI R31,HIGH(-@0)
                 	ST   Z,R26
                 	.ENDM
                 
                 	.MACRO __PUTW2SX
                 	MOVW R30,R28
                 	SUBI R30,LOW(-@0)
                 	SBCI R31,HIGH(-@0)
                 	ST   Z+,R26
                 	ST   Z,R27
                 	.ENDM
                 
                 	.MACRO __PUTD2SX
                 	MOVW R30,R28
                 	SUBI R30,LOW(-@0)
                 	SBCI R31,HIGH(-@0)
                 	ST   Z+,R26
                 	ST   Z+,R27
                 	ST   Z+,R24
                 	ST   Z,R25
                 	.ENDM
                 
                 	.MACRO __PUTBSRX
                 	MOVW R30,R28
                 	SUBI R30,LOW(-@1)
                 	SBCI R31,HIGH(-@1)
                 	ST   Z,R@0
                 	.ENDM
                 
                 	.MACRO __PUTWSRX
                 	MOVW R30,R28
                 	SUBI R30,LOW(-@2)
                 	SBCI R31,HIGH(-@2)
                 	ST   Z+,R@0
                 	ST   Z,R@1
                 	.ENDM
                 
                 	.MACRO __PUTB1SNX
                 	MOVW R26,R28
                 	SUBI R26,LOW(-@0)
                 	SBCI R27,HIGH(-@0)
                 	LD   R0,X+
                 	LD   R27,X
                 	MOV  R26,R0
                 	SUBI R26,LOW(-@1)
                 	SBCI R27,HIGH(-@1)
                 	ST   X,R30
                 	.ENDM
                 
                 	.MACRO __PUTW1SNX
                 	MOVW R26,R28
                 	SUBI R26,LOW(-@0)
                 	SBCI R27,HIGH(-@0)
                 	LD   R0,X+
                 	LD   R27,X
                 	MOV  R26,R0
                 	SUBI R26,LOW(-@1)
                 	SBCI R27,HIGH(-@1)
                 	ST   X+,R30
                 	ST   X,R31
                 	.ENDM
                 
                 	.MACRO __PUTD1SNX
                 	MOVW R26,R28
                 	SUBI R26,LOW(-@0)
                 	SBCI R27,HIGH(-@0)
                 	LD   R0,X+
                 	LD   R27,X
                 	MOV  R26,R0
                 	SUBI R26,LOW(-@1)
                 	SBCI R27,HIGH(-@1)
                 	ST   X+,R30
                 	ST   X+,R31
                 	ST   X+,R22
                 	ST   X,R23
                 	.ENDM
                 
                 	.MACRO __MULBRR
                 	MULS R@0,R@1
                 	MOVW R30,R0
                 	.ENDM
                 
                 	.MACRO __MULBRRU
                 	MUL  R@0,R@1
                 	MOVW R30,R0
                 	.ENDM
                 
                 	.MACRO __MULBRR0
                 	MULS R@0,R@1
                 	.ENDM
                 
                 	.MACRO __MULBRRU0
                 	MUL  R@0,R@1
                 	.ENDM
                 
                 	.MACRO __MULBNWRU
                 	LDI  R26,@2
                 	MUL  R26,R@0
                 	MOVW R30,R0
                 	MUL  R26,R@1
                 	ADD  R31,R0
                 	.ENDM
                 
                 ;NAME DEFINITIONS FOR GLOBAL VARIABLES ALLOCATED TO REGISTERS
                 	.DEF _counter=R3
                 	.DEF _turn=R5
                 
                 ;GPIOR0 INITIALIZATION VALUE
                 	.EQU __GPIOR0_INIT=0x00
                 
                 	.CSEG
                 	.ORG 0x00
                 
                 ;START OF CODE MARKER
                 __START_OF_CODE:
                 
                 ;INTERRUPT VECTORS
000000 940c 0080 	JMP  __RESET
000002 940c 0000 	JMP  0x00
000004 940c 0000 	JMP  0x00
000006 940c 0000 	JMP  0x00
000008 940c 0000 	JMP  0x00
00000a 940c 0000 	JMP  0x00
00000c 940c 0000 	JMP  0x00
00000e 940c 0000 	JMP  0x00
000010 940c 0000 	JMP  0x00
000012 940c 0000 	JMP  0x00
000014 940c 0000 	JMP  0x00
000016 940c 0000 	JMP  0x00
000018 940c 0000 	JMP  0x00
00001a 940c 0000 	JMP  0x00
00001c 940c 0000 	JMP  0x00
00001e 940c 0000 	JMP  0x00
000020 940c 0000 	JMP  0x00
000022 940c 0106 	JMP  _timer1_compa_isr
000024 940c 0000 	JMP  0x00
000026 940c 0000 	JMP  0x00
000028 940c 0000 	JMP  0x00
00002a 940c 00bd 	JMP  _timer0_compa_isr
00002c 940c 0000 	JMP  0x00
00002e 940c 0000 	JMP  0x00
000030 940c 0000 	JMP  0x00
000032 940c 0000 	JMP  0x00
000034 940c 0000 	JMP  0x00
000036 940c 0000 	JMP  0x00
000038 940c 0000 	JMP  0x00
00003a 940c 0000 	JMP  0x00
00003c 940c 0000 	JMP  0x00
00003e 940c 0000 	JMP  0x00
000040 940c 0000 	JMP  0x00
000042 940c 0000 	JMP  0x00
000044 940c 0000 	JMP  0x00
000046 940c 0000 	JMP  0x00
000048 940c 0000 	JMP  0x00
00004a 940c 0000 	JMP  0x00
00004c 940c 0000 	JMP  0x00
00004e 940c 0000 	JMP  0x00
000050 940c 0000 	JMP  0x00
000052 940c 0000 	JMP  0x00
000054 940c 0000 	JMP  0x00
000056 940c 0000 	JMP  0x00
000058 940c 0000 	JMP  0x00
00005a 940c 0000 	JMP  0x00
00005c 940c 0000 	JMP  0x00
00005e 940c 0000 	JMP  0x00
000060 940c 0000 	JMP  0x00
000062 940c 0000 	JMP  0x00
000064 940c 0000 	JMP  0x00
000066 940c 0000 	JMP  0x00
000068 940c 0000 	JMP  0x00
00006a 940c 0000 	JMP  0x00
00006c 940c 0000 	JMP  0x00
00006e 940c 0000 	JMP  0x00
000070 940c 0000 	JMP  0x00
                 
                 _0x3:
000072 88eb
000073 bab3
000074 7ad8
000075 a87b      	.DB  0xEB,0x88,0xB3,0xBA,0xD8,0x7A,0x7B,0xA8
000076 fafb      	.DB  0xFB,0xFA
                 _0x11:
000077 0000
000078 0000      	.DB  0x0,0x0,0x0,0x0
                 
                 __GLOBAL_INI_TBL:
000079 000a      	.DW  0x0A
00007a 0a08      	.DW  _segments
00007b 00e4      	.DW  _0x3*2
                 
00007c 0004      	.DW  0x04
00007d 0003      	.DW  0x03
00007e 00ee      	.DW  _0x11*2
                 
                 _0xFFFFFFFF:
00007f 0000      	.DW  0
                 
                 __RESET:
000080 94f8      	CLI
000081 27ee      	CLR  R30
000082 bbef      	OUT  EECR,R30
                 
                 ;INTERRUPT VECTORS ARE PLACED
                 ;AT THE START OF FLASH
000083 e0f1      	LDI  R31,1
000084 bff5      	OUT  MCUCR,R31
000085 bfe5      	OUT  MCUCR,R30
000086 93e0 0074 	STS  XMCRA,R30
000088 93e0 0075 	STS  XMCRB,R30
                 
                 ;DISABLE WATCHDOG
00008a e1f8      	LDI  R31,0x18
00008b 95a8      	WDR
00008c b7a4      	IN   R26,MCUSR
00008d 7fa7      	CBR  R26,8
00008e bfa4      	OUT  MCUSR,R26
00008f 93f0 0060 	STS  WDTCSR,R31
000091 93e0 0060 	STS  WDTCSR,R30
                 
                 ;CLEAR R2-R14
000093 e08d      	LDI  R24,(14-2)+1
000094 e0a2      	LDI  R26,2
000095 27bb      	CLR  R27
                 __CLEAR_REG:
000096 93ed      	ST   X+,R30
000097 958a      	DEC  R24
000098 f7e9      	BRNE __CLEAR_REG
                 
                 ;CLEAR SRAM
000099 e080      	LDI  R24,LOW(__CLEAR_SRAM_SIZE)
00009a e290      	LDI  R25,HIGH(__CLEAR_SRAM_SIZE)
00009b e0a0      	LDI  R26,LOW(__SRAM_START)
00009c e0b2      	LDI  R27,HIGH(__SRAM_START)
                 __CLEAR_SRAM:
00009d 93ed      	ST   X+,R30
00009e 9701      	SBIW R24,1
00009f f7e9      	BRNE __CLEAR_SRAM
                 
                 ;GLOBAL VARIABLES INITIALIZATION
0000a0 efe2      	LDI  R30,LOW(__GLOBAL_INI_TBL*2)
0000a1 e0f0      	LDI  R31,HIGH(__GLOBAL_INI_TBL*2)
                 __GLOBAL_INI_NEXT:
0000a2 9185      	LPM  R24,Z+
0000a3 9195      	LPM  R25,Z+
0000a4 9700      	SBIW R24,0
0000a5 f061      	BREQ __GLOBAL_INI_END
0000a6 91a5      	LPM  R26,Z+
0000a7 91b5      	LPM  R27,Z+
0000a8 9005      	LPM  R0,Z+
0000a9 9015      	LPM  R1,Z+
0000aa 01bf      	MOVW R22,R30
0000ab 01f0      	MOVW R30,R0
                 __GLOBAL_INI_LOOP:
0000ac 9005      	LPM  R0,Z+
0000ad 920d      	ST   X+,R0
0000ae 9701      	SBIW R24,1
0000af f7e1      	BRNE __GLOBAL_INI_LOOP
0000b0 01fb      	MOVW R30,R22
0000b1 cff0      	RJMP __GLOBAL_INI_NEXT
                 __GLOBAL_INI_END:
                 
0000b2 bf8b      	OUT  RAMPZ,R24
                 
                 ;GPIOR0 INITIALIZATION
0000b3 e0e0      	LDI  R30,__GPIOR0_INIT
0000b4 bbee      	OUT  GPIOR0,R30
                 
                 ;HARDWARE STACK POINTER INITIALIZATION
0000b5 efef      	LDI  R30,LOW(__SRAM_END-__HEAP_SIZE)
0000b6 bfed      	OUT  SPL,R30
0000b7 e2e1      	LDI  R30,HIGH(__SRAM_END-__HEAP_SIZE)
0000b8 bfee      	OUT  SPH,R30
                 
                 ;DATA STACK POINTER INITIALIZATION
0000b9 e0c0      	LDI  R28,LOW(__SRAM_START+__DSTACK_SIZE)
0000ba e0da      	LDI  R29,HIGH(__SRAM_START+__DSTACK_SIZE)
                 
0000bb 940c 014b 	JMP  _main
                 
                 	.ESEG
                 	.ORG 0
                 
                 	.DSEG
                 	.ORG 0xA00
                 
                 	.CSEG
                 ;/*****************************************************
                 ;This program was produced by the
                 ;CodeWizardAVR V2.05.3 Standard
                 ;Automatic Program Generator
                 ;© Copyright 1998-2011 Pavel Haiduc, HP InfoTech s.r.l.
                 ;http://www.hpinfotech.com
                 ;
                 ;Project :
                 ;Version :
                 ;Date    : 3/12/2019
                 ;Author  : admin
                 ;Company : IUST
                 ;Comments:
                 ;
                 ;
                 ;Chip type               : ATmega1280
                 ;Program type            : Application
                 ;AVR Core Clock frequency: 11.059200 MHz
                 ;Memory model            : Small
                 ;External RAM size       : 0
                 ;Data Stack size         : 2048
                 ;*****************************************************/
                 ;
                 ;#include <mega1280.h>
                 	#ifndef __SLEEP_DEFINED__
                 	#define __SLEEP_DEFINED__
                 	.EQU __se_bit=0x01
                 	.EQU __sm_mask=0x0E
                 	.EQU __sm_powerdown=0x04
                 	.EQU __sm_powersave=0x06
                 	.EQU __sm_standby=0x0C
                 	.EQU __sm_ext_standby=0x0E
                 	.EQU __sm_adc_noise_red=0x02
                 	.SET power_ctrl_reg=smcr
                 	#endif
                 ;
                 ;unsigned int counter = 0;
                 ;int numbers[] = {0,0,0,0};
                 ;int turn = 0;
                 ;unsigned char segments[] = {0XEB,0X88,0XB3,0XBA,0XD8,0X7A,0X7B,0XA8,0XFB,0XFA};
                 
                 	.DSEG
                 ;
                 ;// Timer 0 output compare A interrupt service routine
                 ;interrupt [TIM0_COMPA] void timer0_compa_isr(void)
                 ; 0000 0021 {
                 
                 	.CSEG
                 _timer0_compa_isr:
0000bd 920a      	ST   -Y,R0
0000be 93ea      	ST   -Y,R30
0000bf 93fa      	ST   -Y,R31
0000c0 b7ef      	IN   R30,SREG
0000c1 93ea      	ST   -Y,R30
                 ; 0000 0022     if (turn == 0){
0000c2 2c05      	MOV  R0,R5
0000c3 2806      	OR   R0,R6
0000c4 f439      	BRNE _0x4
                 ; 0000 0023         PORTK = segments[numbers[0]];
0000c5 91e0 0a00 	LDS  R30,_numbers
0000c7 91f0 0a01 	LDS  R31,_numbers+1
0000c9 d0bf      	RCALL SUBOPT_0x0
                 ; 0000 0024         PORTF = 0x80;
0000ca e8e0      	LDI  R30,LOW(128)
0000cb bbe1      	OUT  0x11,R30
                 ; 0000 0025         }
                 ; 0000 0026     if (turn == 1){
                 _0x4:
0000cc e0e1      	LDI  R30,LOW(1)
0000cd e0f0      	LDI  R31,HIGH(1)
0000ce 15e5      	CP   R30,R5
0000cf 05f6      	CPC  R31,R6
0000d0 f439      	BRNE _0x5
                 ; 0000 0027         PORTK = segments[numbers[1]];
                +
0000d1 91e0 0a02+LDS R30 , _numbers + ( 2 )
0000d3 91f0 0a03+LDS R31 , _numbers + ( 2 ) + 1
                 	__GETW1MN _numbers,2
0000d5 d0b3      	RCALL SUBOPT_0x0
                 ; 0000 0028         PORTF = 0x40;
0000d6 e4e0      	LDI  R30,LOW(64)
0000d7 bbe1      	OUT  0x11,R30
                 ; 0000 0029         }
                 ; 0000 002A     if (turn == 2){
                 _0x5:
0000d8 e0e2      	LDI  R30,LOW(2)
0000d9 e0f0      	LDI  R31,HIGH(2)
0000da 15e5      	CP   R30,R5
0000db 05f6      	CPC  R31,R6
0000dc f461      	BRNE _0x6
                 ; 0000 002B         PORTK = segments[numbers[2]] | 0x04 ;
                +
0000dd 91e0 0a04+LDS R30 , _numbers + ( 4 )
0000df 91f0 0a05+LDS R31 , _numbers + ( 4 ) + 1
                 	__GETW1MN _numbers,4
0000e1 5fe8      	SUBI R30,LOW(-_segments)
0000e2 4ff5      	SBCI R31,HIGH(-_segments)
0000e3 81e0      	LD   R30,Z
0000e4 60e4      	ORI  R30,4
0000e5 93e0 0108 	STS  264,R30
                 ; 0000 002C         PORTF = 0x20;
0000e7 e2e0      	LDI  R30,LOW(32)
0000e8 bbe1      	OUT  0x11,R30
                 ; 0000 002D         }
                 ; 0000 002E     if (turn == 3){
                 _0x6:
0000e9 e0e3      	LDI  R30,LOW(3)
0000ea e0f0      	LDI  R31,HIGH(3)
0000eb 15e5      	CP   R30,R5
0000ec 05f6      	CPC  R31,R6
0000ed f439      	BRNE _0x7
                 ; 0000 002F         PORTK = segments[numbers[3]];
                +
0000ee 91e0 0a06+LDS R30 , _numbers + ( 6 )
0000f0 91f0 0a07+LDS R31 , _numbers + ( 6 ) + 1
                 	__GETW1MN _numbers,6
0000f2 d096      	RCALL SUBOPT_0x0
                 ; 0000 0030         PORTF = 0x10;
0000f3 e1e0      	LDI  R30,LOW(16)
0000f4 bbe1      	OUT  0x11,R30
                 ; 0000 0031         }
                 ; 0000 0032     turn ++;
                 _0x7:
0000f5 e0e1      	LDI  R30,LOW(1)
0000f6 e0f0      	LDI  R31,HIGH(1)
                +
0000f7 0e5e     +ADD R5 , R30
0000f8 1e6f     +ADC R6 , R31
                 	__ADDWRR 5,6,30,31
                 ; 0000 0033     if (turn == 4){
0000f9 e0e4      	LDI  R30,LOW(4)
0000fa e0f0      	LDI  R31,HIGH(4)
0000fb 15e5      	CP   R30,R5
0000fc 05f6      	CPC  R31,R6
0000fd f411      	BRNE _0x8
                 ; 0000 0034         turn = 0;
0000fe 2455      	CLR  R5
0000ff 2466      	CLR  R6
                 ; 0000 0035     }
                 ; 0000 0036 
                 ; 0000 0037 }
                 _0x8:
000100 91e9      	LD   R30,Y+
000101 bfef      	OUT  SREG,R30
000102 91f9      	LD   R31,Y+
000103 91e9      	LD   R30,Y+
000104 9009      	LD   R0,Y+
000105 9518      	RETI
                 ;
                 ;interrupt [TIM1_COMPA] void timer1_compa_isr(void)
                 ; 0000 003A {
                 _timer1_compa_isr:
000106 93aa      	ST   -Y,R26
000107 93ba      	ST   -Y,R27
000108 93ea      	ST   -Y,R30
000109 93fa      	ST   -Y,R31
00010a b7ef      	IN   R30,SREG
00010b 93ea      	ST   -Y,R30
                 ; 0000 003B     numbers[0]++;
00010c e0a0      	LDI  R26,LOW(_numbers)
00010d e0ba      	LDI  R27,HIGH(_numbers)
00010e d080      	RCALL SUBOPT_0x1
                 ; 0000 003C     if(numbers[0] == 10){
00010f 91a0 0a00 	LDS  R26,_numbers
000111 91b0 0a01 	LDS  R27,_numbers+1
000113 971a      	SBIW R26,10
000114 f441      	BRNE _0x9
                 ; 0000 003D         numbers[1]++;
                +
000115 e0a2     +LDI R26 , LOW ( _numbers + ( 2 ) )
000116 e0ba     +LDI R27 , HIGH ( _numbers + ( 2 ) )
                 	__POINTW2MN _numbers,2
000117 d077      	RCALL SUBOPT_0x1
                 ; 0000 003E         numbers[0] = 0;
000118 e0e0      	LDI  R30,LOW(0)
000119 93e0 0a00 	STS  _numbers,R30
00011b 93e0 0a01 	STS  _numbers+1,R30
                 ; 0000 003F     }
                 ; 0000 0040 
                 ; 0000 0041     if(numbers[1] == 6){
                 _0x9:
                +
00011d 91e0 0a02+LDS R30 , _numbers + ( 2 )
00011f 91f0 0a03+LDS R31 , _numbers + ( 2 ) + 1
                 	__GETW1MN _numbers,2
000121 30e6      	CPI  R30,LOW(0x6)
000122 e0a0      	LDI  R26,HIGH(0x6)
000123 07fa      	CPC  R31,R26
000124 f431      	BRNE _0xA
                 ; 0000 0042         numbers[2]++;
                +
000125 e0a4     +LDI R26 , LOW ( _numbers + ( 4 ) )
000126 e0ba     +LDI R27 , HIGH ( _numbers + ( 4 ) )
                 	__POINTW2MN _numbers,4
000127 d067      	RCALL SUBOPT_0x1
                 ; 0000 0043         numbers[1] = 0;
                +
000128 e0e2     +LDI R30 , LOW ( _numbers + ( 2 ) )
000129 e0fa     +LDI R31 , HIGH ( _numbers + ( 2 ) )
                 	__POINTW1MN _numbers,2
00012a d06a      	RCALL SUBOPT_0x2
                 ; 0000 0044     }
                 ; 0000 0045 
                 ; 0000 0046     if(numbers[2] == 10){
                 _0xA:
                +
00012b 91e0 0a04+LDS R30 , _numbers + ( 4 )
00012d 91f0 0a05+LDS R31 , _numbers + ( 4 ) + 1
                 	__GETW1MN _numbers,4
00012f 30ea      	CPI  R30,LOW(0xA)
000130 e0a0      	LDI  R26,HIGH(0xA)
000131 07fa      	CPC  R31,R26
000132 f431      	BRNE _0xB
                 ; 0000 0047         numbers[3]++;
                +
000133 e0a6     +LDI R26 , LOW ( _numbers + ( 6 ) )
000134 e0ba     +LDI R27 , HIGH ( _numbers + ( 6 ) )
                 	__POINTW2MN _numbers,6
000135 d059      	RCALL SUBOPT_0x1
                 ; 0000 0048         numbers[2] = 0;
                +
000136 e0e4     +LDI R30 , LOW ( _numbers + ( 4 ) )
000137 e0fa     +LDI R31 , HIGH ( _numbers + ( 4 ) )
                 	__POINTW1MN _numbers,4
000138 d05c      	RCALL SUBOPT_0x2
                 ; 0000 0049     }
                 ; 0000 004A 
                 ; 0000 004B     if(numbers[3] == 6){
                 _0xB:
                +
000139 91e0 0a06+LDS R30 , _numbers + ( 6 )
00013b 91f0 0a07+LDS R31 , _numbers + ( 6 ) + 1
                 	__GETW1MN _numbers,6
00013d 30e6      	CPI  R30,LOW(0x6)
00013e e0a0      	LDI  R26,HIGH(0x6)
00013f 07fa      	CPC  R31,R26
000140 f419      	BRNE _0xC
                 ; 0000 004C         numbers[3] = 0;
                +
000141 e0e6     +LDI R30 , LOW ( _numbers + ( 6 ) )
000142 e0fa     +LDI R31 , HIGH ( _numbers + ( 6 ) )
                 	__POINTW1MN _numbers,6
000143 d051      	RCALL SUBOPT_0x2
                 ; 0000 004D     }
                 ; 0000 004E 
                 ; 0000 004F }
                 _0xC:
000144 91e9      	LD   R30,Y+
000145 bfef      	OUT  SREG,R30
000146 91f9      	LD   R31,Y+
000147 91e9      	LD   R30,Y+
000148 91b9      	LD   R27,Y+
000149 91a9      	LD   R26,Y+
00014a 9518      	RETI
                 ;
                 ;// Declare your global variables here
                 ;
                 ;void main(void)
                 ; 0000 0054 {
                 _main:
                 ; 0000 0055 // Declare your local variables here
                 ; 0000 0056 
                 ; 0000 0057 // Crystal Oscillator division factor: 1
                 ; 0000 0058 #pragma optsize-
                 ; 0000 0059 CLKPR=0x80;
00014b e8e0      	LDI  R30,LOW(128)
00014c 93e0 0061 	STS  97,R30
                 ; 0000 005A CLKPR=0x00;
00014e e0e0      	LDI  R30,LOW(0)
00014f 93e0 0061 	STS  97,R30
                 ; 0000 005B #ifdef _OPTIMIZE_SIZE_
                 ; 0000 005C #pragma optsize+
                 ; 0000 005D #endif
                 ; 0000 005E 
                 ; 0000 005F 
                 ; 0000 0060 
                 ; 0000 0061 
                 ; 0000 0062 
                 ; 0000 0063 // Port F initialization
                 ; 0000 0064 // Func7=Out Func6=Out Func5=Out Func4=Out Func3=In Func2=In Func1=In Func0=In
                 ; 0000 0065 // State7=0 State6=0 State5=0 State4=0 State3=T State2=T State1=T State0=T
                 ; 0000 0066 PORTF=0x00;
000151 bbe1      	OUT  0x11,R30
                 ; 0000 0067 DDRF=0xF0;
000152 efe0      	LDI  R30,LOW(240)
000153 bbe0      	OUT  0x10,R30
                 ; 0000 0068 
                 ; 0000 0069 // Port K initialization
                 ; 0000 006A // Func7=Out Func6=Out Func5=Out Func4=Out Func3=Out Func2=Out Func1=Out Func0=Out
                 ; 0000 006B // State7=0 State6=0 State5=0 State4=0 State3=0 State2=0 State1=0 State0=0
                 ; 0000 006C PORTK=0x00;
000154 e0e0      	LDI  R30,LOW(0)
000155 93e0 0108 	STS  264,R30
                 ; 0000 006D DDRK=0xFF;
000157 efef      	LDI  R30,LOW(255)
000158 93e0 0107 	STS  263,R30
                 ; 0000 006E 
                 ; 0000 006F 
                 ; 0000 0070 // Timer/Counter 0 initialization
                 ; 0000 0071 // Clock source: System Clock
                 ; 0000 0072 // Clock value: 10.800 kHz
                 ; 0000 0073 // Mode: CTC top=OCR0A
                 ; 0000 0074 // OC0A output: Disconnected
                 ; 0000 0075 // OC0B output: Disconnected
                 ; 0000 0076 TCCR0A=0x02;
00015a e0e2      	LDI  R30,LOW(2)
00015b bde4      	OUT  0x24,R30
                 ; 0000 0077 TCCR0B=0x05;
00015c e0e5      	LDI  R30,LOW(5)
00015d bde5      	OUT  0x25,R30
                 ; 0000 0078 TCNT0=0x00;
00015e e0e0      	LDI  R30,LOW(0)
00015f bde6      	OUT  0x26,R30
                 ; 0000 0079 OCR0A=0x16;
000160 e1e6      	LDI  R30,LOW(22)
000161 bde7      	OUT  0x27,R30
                 ; 0000 007A OCR0B=0x00;
000162 e0e0      	LDI  R30,LOW(0)
000163 bde8      	OUT  0x28,R30
                 ; 0000 007B 
                 ; 0000 007C // Timer/Counter 1 initialization
                 ; 0000 007D // Clock source: System Clock
                 ; 0000 007E // Clock value: 10.800 kHz
                 ; 0000 007F // Mode: CTC top=OCR1A
                 ; 0000 0080 // OC1A output: Discon.
                 ; 0000 0081 // OC1B output: Discon.
                 ; 0000 0082 // OC1C output: Discon.
                 ; 0000 0083 // Noise Canceler: Off
                 ; 0000 0084 // Input Capture on Falling Edge
                 ; 0000 0085 // Timer1 Overflow Interrupt: Off
                 ; 0000 0086 // Input Capture Interrupt: Off
                 ; 0000 0087 // Compare A Match Interrupt: Off
                 ; 0000 0088 // Compare B Match Interrupt: Off
                 ; 0000 0089 // Compare C Match Interrupt: Off
                 ; 0000 008A TCCR1A=0x00;
000164 93e0 0080 	STS  128,R30
                 ; 0000 008B TCCR1B=0x0D;
000166 e0ed      	LDI  R30,LOW(13)
000167 93e0 0081 	STS  129,R30
                 ; 0000 008C TCNT1H=0x00;
000169 e0e0      	LDI  R30,LOW(0)
00016a 93e0 0085 	STS  133,R30
                 ; 0000 008D TCNT1L=0x00;
00016c 93e0 0084 	STS  132,R30
                 ; 0000 008E ICR1H=0x00;
00016e 93e0 0087 	STS  135,R30
                 ; 0000 008F ICR1L=0x00;
000170 93e0 0086 	STS  134,R30
                 ; 0000 0090 OCR1AH=0x2A;
000172 e2ea      	LDI  R30,LOW(42)
000173 93e0 0089 	STS  137,R30
                 ; 0000 0091 OCR1AL=0x30;
000175 e3e0      	LDI  R30,LOW(48)
000176 93e0 0088 	STS  136,R30
                 ; 0000 0092 OCR1BH=0x00;
000178 e0e0      	LDI  R30,LOW(0)
000179 93e0 008b 	STS  139,R30
                 ; 0000 0093 OCR1BL=0x00;
00017b 93e0 008a 	STS  138,R30
                 ; 0000 0094 OCR1CH=0x00;
00017d 93e0 008d 	STS  141,R30
                 ; 0000 0095 OCR1CL=0x00;
00017f 93e0 008c 	STS  140,R30
                 ; 0000 0096 
                 ; 0000 0097 // Timer/Counter 0 Interrupt(s) initialization
                 ; 0000 0098 TIMSK0=0x02;
000181 e0e2      	LDI  R30,LOW(2)
000182 93e0 006e 	STS  110,R30
                 ; 0000 0099 
                 ; 0000 009A // Timer/Counter 1 Interrupt(s) initialization
                 ; 0000 009B TIMSK1=0x02;
000184 93e0 006f 	STS  111,R30
                 ; 0000 009C 
                 ; 0000 009D // Global enable interrupts
                 ; 0000 009E #asm("sei")
000186 9478      	sei
                 ; 0000 009F 
                 ; 0000 00A0 while (1)
                 _0xD:
                 ; 0000 00A1       {
                 ; 0000 00A2       // Place your code here
                 ; 0000 00A3 
                 ; 0000 00A4       }
000187 cfff      	RJMP _0xD
                 ; 0000 00A5 }
                 _0x10:
000188 cfff      	RJMP _0x10
                 
                 	.DSEG
                 _numbers:
000a00           	.BYTE 0x8
                 _segments:
000a08           	.BYTE 0xA
                 
                 	.CSEG
                 ;OPTIMIZER ADDED SUBROUTINE, CALLED 3 TIMES, CODE SIZE REDUCTION:3 WORDS
                 SUBOPT_0x0:
000189 5fe8      	SUBI R30,LOW(-_segments)
00018a 4ff5      	SBCI R31,HIGH(-_segments)
00018b 81e0      	LD   R30,Z
00018c 93e0 0108 	STS  264,R30
00018e 9508      	RET
                 
                 ;OPTIMIZER ADDED SUBROUTINE, CALLED 4 TIMES, CODE SIZE REDUCTION:6 WORDS
                 SUBOPT_0x1:
00018f 91ed      	LD   R30,X+
000190 91fd      	LD   R31,X+
000191 9631      	ADIW R30,1
000192 93fe      	ST   -X,R31
000193 93ee      	ST   -X,R30
000194 9508      	RET
                 
                 ;OPTIMIZER ADDED SUBROUTINE, CALLED 3 TIMES, CODE SIZE REDUCTION:1 WORDS
                 SUBOPT_0x2:
000195 e0a0      	LDI  R26,LOW(0)
000196 e0b0      	LDI  R27,HIGH(0)
000197 83a0      	STD  Z+0,R26
000198 83b1      	STD  Z+1,R27
000199 9508      	RET
                 
                 
                 	.CSEG
                 ;END OF CODE MARKER
                 __END_OF_CODE:


RESOURCE USE INFORMATION
------------------------

Notice:
The register and instruction counts are symbol table hit counts,
and hence implicitly used resources are not counted, eg, the
'lpm' instruction without operands implicitly uses r0 and z,
none of which are counted.

x,y,z are separate entities in the symbol table and are
counted separately from r26..r31 here.

.dseg memory usage only counts static data declared with .byte

ATmega1280 register use summary:
r0 :   8 r1 :   1 r2 :   0 r3 :   0 r4 :   0 r5 :   7 r6 :   7 r7 :   0 
r8 :   0 r9 :   0 r10:   0 r11:   0 r12:   0 r13:   0 r14:   0 r15:   0 
r16:   0 r17:   0 r18:   0 r19:   0 r20:   0 r21:   0 r22:   2 r23:   0 
r24:   8 r25:   2 r26:  22 r27:  12 r28:   1 r29:   1 r30: 115 r31:  36 
x  :   7 y  :  18 z  :  11 
Registers used: 16 out of 35 (45.7%)

ATmega1280 instruction use summary:
.lds  :   0 .lds.l:   0 .sts  :   0 .sts.l:   0 adc   :   1 add   :   1 
adiw  :   1 and   :   0 andi  :   0 asr   :   0 bclr  :   0 bld   :   0 
brbc  :   0 brbs  :   0 brcc  :   0 brcs  :   0 break :   0 breq  :   1 
brge  :   0 brhc  :   0 brhs  :   0 brid  :   0 brie  :   0 brlo  :   0 
brlt  :   0 brmi  :   0 brne  :  12 brpl  :   0 brsh  :   0 brtc  :   0 
brts  :   0 brvc  :   0 brvs  :   0 bset  :   0 bst   :   0 call  :   0 
cbi   :   0 cbr   :   1 clc   :   0 clh   :   0 cli   :   1 cln   :   0 
clr   :   4 cls   :   0 clt   :   0 clv   :   0 clz   :   0 com   :   0 
cp    :   4 cpc   :   7 cpi   :   3 cpse  :   0 dec   :   1 des   :   0 
elpm  :   0 eor   :   0 fmul  :   0 fmuls :   0 fmulsu:   0 icall :   0 
ijmp  :   0 in    :   3 inc   :   0 jmp   :  58 ld    :  13 ldd   :   0 
ldi   :  65 lds   :  16 lpm   :   7 lsl   :   0 lsr   :   0 mov   :   1 
movw  :   3 mul   :   0 muls  :   0 mulsu :   0 neg   :   0 nop   :   0 
or    :   1 ori   :   1 out   :  21 pop   :   0 push  :   0 rcall :  10 
ret   :   3 reti  :   2 rjmp  :   3 rol   :   0 ror   :   0 sbc   :   0 
sbci  :   2 sbi   :   0 sbic  :   0 sbis  :   0 sbiw  :   4 sbr   :   0 
sbrc  :   0 sbrs  :   0 sec   :   0 seh   :   0 sei   :   1 sen   :   0 
ser   :   0 ses   :   0 set   :   0 sev   :   0 sez   :   0 sleep :   0 
spm   :   0 st    :  14 std   :   2 sts   :  26 sub   :   0 subi  :   2 
swap  :   0 tst   :   0 wdr   :   1 
Instructions used: 35 out of 117 (29.9%)

ATmega1280 memory use summary [bytes]:
Segment   Begin    End      Code   Data   Used    Size   Use%
---------------------------------------------------------------
[.cseg] 0x000000 0x000334    792     28    820  131072   0.6%
[.dseg] 0x000200 0x000a12      0     18     18    8703   0.2%
[.eseg] 0x000000 0x000000      0      0      0    4096   0.0%

Assembly complete, 0 errors, 2 warnings
