
AVRASM ver. 2.1.30  D:\amir-saeed\J6\temp\List\temp.asm Tue Apr 16 18:14:44 2019

D:\amir-saeed\J6\temp\List\temp.asm(1078): warning: Register r3 already defined by the .DEF directive
D:\amir-saeed\J6\temp\List\temp.asm(1079): warning: Register r6 already defined by the .DEF directive
D:\amir-saeed\J6\temp\List\temp.asm(1080): warning: Register r5 already defined by the .DEF directive
D:\amir-saeed\J6\temp\List\temp.asm(1081): warning: Register r8 already defined by the .DEF directive
                 
                 
                 ;CodeVisionAVR C Compiler V2.05.3 Standard
                 ;(C) Copyright 1998-2011 Pavel Haiduc, HP InfoTech s.r.l.
                 ;http://www.hpinfotech.com
                 
                 ;Chip type                : ATmega1280
                 ;Program type             : Application
                 ;Clock frequency          : 11.059200 MHz
                 ;Memory model             : Small
                 ;Optimize for             : Size
                 ;(s)printf features       : int, width
                 ;(s)scanf features        : int, width
                 ;External RAM size        : 0
                 ;Data Stack size          : 2048 byte(s)
                 ;Heap size                : 0 byte(s)
                 ;Promote 'char' to 'int'  : Yes
                 ;'char' is unsigned       : Yes
                 ;8 bit enums              : Yes
                 ;Global 'const' stored in FLASH     : No
                 ;Enhanced function parameter passing: Yes
                 ;Enhanced core instructions         : On
                 ;Smart register allocation          : On
                 ;Automatic register allocation      : On
                 
                 	#pragma AVRPART ADMIN PART_NAME ATmega1280
                 	#pragma AVRPART MEMORY PROG_FLASH 131072
                 	#pragma AVRPART MEMORY EEPROM 4096
                 	#pragma AVRPART MEMORY INT_SRAM SIZE 8703
                 	#pragma AVRPART MEMORY INT_SRAM START_ADDR 0x200
                 
                 	#define CALL_SUPPORTED 1
                 
                 	.LISTMAC
                 	.EQU EERE=0x0
                 	.EQU EEWE=0x1
                 	.EQU EEMWE=0x2
                 	.EQU UDRE=0x5
                 	.EQU RXC=0x7
                 	.EQU EECR=0x1F
                 	.EQU EEDR=0x20
                 	.EQU EEARL=0x21
                 	.EQU EEARH=0x22
                 	.EQU SPSR=0x2D
                 	.EQU SPDR=0x2E
                 	.EQU SMCR=0x33
                 	.EQU MCUSR=0x34
                 	.EQU MCUCR=0x35
                 	.EQU WDTCSR=0x60
                 	.EQU UCSR0A=0xC0
                 	.EQU UDR0=0xC6
                 	.EQU RAMPZ=0x3B
                 	.EQU EIND=0x3C
                 	.EQU SPL=0x3D
                 	.EQU SPH=0x3E
                 	.EQU SREG=0x3F
                 	.EQU XMCRA=0x74
                 	.EQU XMCRB=0x75
                 	.EQU GPIOR0=0x1E
                 
                 	.DEF R0X0=R0
                 	.DEF R0X1=R1
                 	.DEF R0X2=R2
                 	.DEF R0X3=R3
                 	.DEF R0X4=R4
                 	.DEF R0X5=R5
                 	.DEF R0X6=R6
                 	.DEF R0X7=R7
                 	.DEF R0X8=R8
                 	.DEF R0X9=R9
                 	.DEF R0XA=R10
                 	.DEF R0XB=R11
                 	.DEF R0XC=R12
                 	.DEF R0XD=R13
                 	.DEF R0XE=R14
                 	.DEF R0XF=R15
                 	.DEF R0X10=R16
                 	.DEF R0X11=R17
                 	.DEF R0X12=R18
                 	.DEF R0X13=R19
                 	.DEF R0X14=R20
                 	.DEF R0X15=R21
                 	.DEF R0X16=R22
                 	.DEF R0X17=R23
                 	.DEF R0X18=R24
                 	.DEF R0X19=R25
                 	.DEF R0X1A=R26
                 	.DEF R0X1B=R27
                 	.DEF R0X1C=R28
                 	.DEF R0X1D=R29
                 	.DEF R0X1E=R30
                 	.DEF R0X1F=R31
                 
                 	.EQU __SRAM_START=0x0200
                 	.EQU __SRAM_END=0x21FF
                 	.EQU __DSTACK_SIZE=0x0800
                 	.EQU __HEAP_SIZE=0x0000
                 	.EQU __CLEAR_SRAM_SIZE=__SRAM_END-__SRAM_START+1
                 
                 	.MACRO __CPD1N
                 	CPI  R30,LOW(@0)
                 	LDI  R26,HIGH(@0)
                 	CPC  R31,R26
                 	LDI  R26,BYTE3(@0)
                 	CPC  R22,R26
                 	LDI  R26,BYTE4(@0)
                 	CPC  R23,R26
                 	.ENDM
                 
                 	.MACRO __CPD2N
                 	CPI  R26,LOW(@0)
                 	LDI  R30,HIGH(@0)
                 	CPC  R27,R30
                 	LDI  R30,BYTE3(@0)
                 	CPC  R24,R30
                 	LDI  R30,BYTE4(@0)
                 	CPC  R25,R30
                 	.ENDM
                 
                 	.MACRO __CPWRR
                 	CP   R@0,R@2
                 	CPC  R@1,R@3
                 	.ENDM
                 
                 	.MACRO __CPWRN
                 	CPI  R@0,LOW(@2)
                 	LDI  R30,HIGH(@2)
                 	CPC  R@1,R30
                 	.ENDM
                 
                 	.MACRO __ADDB1MN
                 	SUBI R30,LOW(-@0-(@1))
                 	.ENDM
                 
                 	.MACRO __ADDB2MN
                 	SUBI R26,LOW(-@0-(@1))
                 	.ENDM
                 
                 	.MACRO __ADDW1MN
                 	SUBI R30,LOW(-@0-(@1))
                 	SBCI R31,HIGH(-@0-(@1))
                 	.ENDM
                 
                 	.MACRO __ADDW2MN
                 	SUBI R26,LOW(-@0-(@1))
                 	SBCI R27,HIGH(-@0-(@1))
                 	.ENDM
                 
                 	.MACRO __ADDW1FN
                 	SUBI R30,LOW(-2*@0-(@1))
                 	SBCI R31,HIGH(-2*@0-(@1))
                 	.ENDM
                 
                 	.MACRO __ADDD1FN
                 	SUBI R30,LOW(-2*@0-(@1))
                 	SBCI R31,HIGH(-2*@0-(@1))
                 	SBCI R22,BYTE3(-2*@0-(@1))
                 	.ENDM
                 
                 	.MACRO __ADDD1N
                 	SUBI R30,LOW(-@0)
                 	SBCI R31,HIGH(-@0)
                 	SBCI R22,BYTE3(-@0)
                 	SBCI R23,BYTE4(-@0)
                 	.ENDM
                 
                 	.MACRO __ADDD2N
                 	SUBI R26,LOW(-@0)
                 	SBCI R27,HIGH(-@0)
                 	SBCI R24,BYTE3(-@0)
                 	SBCI R25,BYTE4(-@0)
                 	.ENDM
                 
                 	.MACRO __SUBD1N
                 	SUBI R30,LOW(@0)
                 	SBCI R31,HIGH(@0)
                 	SBCI R22,BYTE3(@0)
                 	SBCI R23,BYTE4(@0)
                 	.ENDM
                 
                 	.MACRO __SUBD2N
                 	SUBI R26,LOW(@0)
                 	SBCI R27,HIGH(@0)
                 	SBCI R24,BYTE3(@0)
                 	SBCI R25,BYTE4(@0)
                 	.ENDM
                 
                 	.MACRO __ANDBMNN
                 	LDS  R30,@0+(@1)
                 	ANDI R30,LOW(@2)
                 	STS  @0+(@1),R30
                 	.ENDM
                 
                 	.MACRO __ANDWMNN
                 	LDS  R30,@0+(@1)
                 	ANDI R30,LOW(@2)
                 	STS  @0+(@1),R30
                 	LDS  R30,@0+(@1)+1
                 	ANDI R30,HIGH(@2)
                 	STS  @0+(@1)+1,R30
                 	.ENDM
                 
                 	.MACRO __ANDD1N
                 	ANDI R30,LOW(@0)
                 	ANDI R31,HIGH(@0)
                 	ANDI R22,BYTE3(@0)
                 	ANDI R23,BYTE4(@0)
                 	.ENDM
                 
                 	.MACRO __ANDD2N
                 	ANDI R26,LOW(@0)
                 	ANDI R27,HIGH(@0)
                 	ANDI R24,BYTE3(@0)
                 	ANDI R25,BYTE4(@0)
                 	.ENDM
                 
                 	.MACRO __ORBMNN
                 	LDS  R30,@0+(@1)
                 	ORI  R30,LOW(@2)
                 	STS  @0+(@1),R30
                 	.ENDM
                 
                 	.MACRO __ORWMNN
                 	LDS  R30,@0+(@1)
                 	ORI  R30,LOW(@2)
                 	STS  @0+(@1),R30
                 	LDS  R30,@0+(@1)+1
                 	ORI  R30,HIGH(@2)
                 	STS  @0+(@1)+1,R30
                 	.ENDM
                 
                 	.MACRO __ORD1N
                 	ORI  R30,LOW(@0)
                 	ORI  R31,HIGH(@0)
                 	ORI  R22,BYTE3(@0)
                 	ORI  R23,BYTE4(@0)
                 	.ENDM
                 
                 	.MACRO __ORD2N
                 	ORI  R26,LOW(@0)
                 	ORI  R27,HIGH(@0)
                 	ORI  R24,BYTE3(@0)
                 	ORI  R25,BYTE4(@0)
                 	.ENDM
                 
                 	.MACRO __DELAY_USB
                 	LDI  R24,LOW(@0)
                 __DELAY_USB_LOOP:
                 	DEC  R24
                 	BRNE __DELAY_USB_LOOP
                 	.ENDM
                 
                 	.MACRO __DELAY_USW
                 	LDI  R24,LOW(@0)
                 	LDI  R25,HIGH(@0)
                 __DELAY_USW_LOOP:
                 	SBIW R24,1
                 	BRNE __DELAY_USW_LOOP
                 	.ENDM
                 
                 	.MACRO __GETD1S
                 	LDD  R30,Y+@0
                 	LDD  R31,Y+@0+1
                 	LDD  R22,Y+@0+2
                 	LDD  R23,Y+@0+3
                 	.ENDM
                 
                 	.MACRO __GETD2S
                 	LDD  R26,Y+@0
                 	LDD  R27,Y+@0+1
                 	LDD  R24,Y+@0+2
                 	LDD  R25,Y+@0+3
                 	.ENDM
                 
                 	.MACRO __PUTD1S
                 	STD  Y+@0,R30
                 	STD  Y+@0+1,R31
                 	STD  Y+@0+2,R22
                 	STD  Y+@0+3,R23
                 	.ENDM
                 
                 	.MACRO __PUTD2S
                 	STD  Y+@0,R26
                 	STD  Y+@0+1,R27
                 	STD  Y+@0+2,R24
                 	STD  Y+@0+3,R25
                 	.ENDM
                 
                 	.MACRO __PUTDZ2
                 	STD  Z+@0,R26
                 	STD  Z+@0+1,R27
                 	STD  Z+@0+2,R24
                 	STD  Z+@0+3,R25
                 	.ENDM
                 
                 	.MACRO __CLRD1S
                 	STD  Y+@0,R30
                 	STD  Y+@0+1,R30
                 	STD  Y+@0+2,R30
                 	STD  Y+@0+3,R30
                 	.ENDM
                 
                 	.MACRO __POINTB1MN
                 	LDI  R30,LOW(@0+(@1))
                 	.ENDM
                 
                 	.MACRO __POINTW1MN
                 	LDI  R30,LOW(@0+(@1))
                 	LDI  R31,HIGH(@0+(@1))
                 	.ENDM
                 
                 	.MACRO __POINTD1M
                 	LDI  R30,LOW(@0)
                 	LDI  R31,HIGH(@0)
                 	LDI  R22,BYTE3(@0)
                 	LDI  R23,BYTE4(@0)
                 	.ENDM
                 
                 	.MACRO __POINTW1FN
                 	LDI  R30,LOW(2*@0+(@1))
                 	LDI  R31,HIGH(2*@0+(@1))
                 	.ENDM
                 
                 	.MACRO __POINTD1FN
                 	LDI  R30,LOW(2*@0+(@1))
                 	LDI  R31,HIGH(2*@0+(@1))
                 	LDI  R22,BYTE3(2*@0+(@1))
                 	LDI  R23,BYTE4(2*@0+(@1))
                 	.ENDM
                 
                 	.MACRO __POINTB2MN
                 	LDI  R26,LOW(@0+(@1))
                 	.ENDM
                 
                 	.MACRO __POINTW2MN
                 	LDI  R26,LOW(@0+(@1))
                 	LDI  R27,HIGH(@0+(@1))
                 	.ENDM
                 
                 	.MACRO __POINTW2FN
                 	LDI  R26,LOW(2*@0+(@1))
                 	LDI  R27,HIGH(2*@0+(@1))
                 	.ENDM
                 
                 	.MACRO __POINTD2FN
                 	LDI  R26,LOW(2*@0+(@1))
                 	LDI  R27,HIGH(2*@0+(@1))
                 	LDI  R24,BYTE3(2*@0+(@1))
                 	LDI  R25,BYTE4(2*@0+(@1))
                 	.ENDM
                 
                 	.MACRO __POINTBRM
                 	LDI  R@0,LOW(@1)
                 	.ENDM
                 
                 	.MACRO __POINTWRM
                 	LDI  R@0,LOW(@2)
                 	LDI  R@1,HIGH(@2)
                 	.ENDM
                 
                 	.MACRO __POINTBRMN
                 	LDI  R@0,LOW(@1+(@2))
                 	.ENDM
                 
                 	.MACRO __POINTWRMN
                 	LDI  R@0,LOW(@2+(@3))
                 	LDI  R@1,HIGH(@2+(@3))
                 	.ENDM
                 
                 	.MACRO __POINTWRFN
                 	LDI  R@0,LOW(@2*2+(@3))
                 	LDI  R@1,HIGH(@2*2+(@3))
                 	.ENDM
                 
                 	.MACRO __GETD1N
                 	LDI  R30,LOW(@0)
                 	LDI  R31,HIGH(@0)
                 	LDI  R22,BYTE3(@0)
                 	LDI  R23,BYTE4(@0)
                 	.ENDM
                 
                 	.MACRO __GETD2N
                 	LDI  R26,LOW(@0)
                 	LDI  R27,HIGH(@0)
                 	LDI  R24,BYTE3(@0)
                 	LDI  R25,BYTE4(@0)
                 	.ENDM
                 
                 	.MACRO __GETB1MN
                 	LDS  R30,@0+(@1)
                 	.ENDM
                 
                 	.MACRO __GETB1HMN
                 	LDS  R31,@0+(@1)
                 	.ENDM
                 
                 	.MACRO __GETW1MN
                 	LDS  R30,@0+(@1)
                 	LDS  R31,@0+(@1)+1
                 	.ENDM
                 
                 	.MACRO __GETD1MN
                 	LDS  R30,@0+(@1)
                 	LDS  R31,@0+(@1)+1
                 	LDS  R22,@0+(@1)+2
                 	LDS  R23,@0+(@1)+3
                 	.ENDM
                 
                 	.MACRO __GETBRMN
                 	LDS  R@0,@1+(@2)
                 	.ENDM
                 
                 	.MACRO __GETWRMN
                 	LDS  R@0,@2+(@3)
                 	LDS  R@1,@2+(@3)+1
                 	.ENDM
                 
                 	.MACRO __GETWRZ
                 	LDD  R@0,Z+@2
                 	LDD  R@1,Z+@2+1
                 	.ENDM
                 
                 	.MACRO __GETD2Z
                 	LDD  R26,Z+@0
                 	LDD  R27,Z+@0+1
                 	LDD  R24,Z+@0+2
                 	LDD  R25,Z+@0+3
                 	.ENDM
                 
                 	.MACRO __GETB2MN
                 	LDS  R26,@0+(@1)
                 	.ENDM
                 
                 	.MACRO __GETW2MN
                 	LDS  R26,@0+(@1)
                 	LDS  R27,@0+(@1)+1
                 	.ENDM
                 
                 	.MACRO __GETD2MN
                 	LDS  R26,@0+(@1)
                 	LDS  R27,@0+(@1)+1
                 	LDS  R24,@0+(@1)+2
                 	LDS  R25,@0+(@1)+3
                 	.ENDM
                 
                 	.MACRO __PUTB1MN
                 	STS  @0+(@1),R30
                 	.ENDM
                 
                 	.MACRO __PUTW1MN
                 	STS  @0+(@1),R30
                 	STS  @0+(@1)+1,R31
                 	.ENDM
                 
                 	.MACRO __PUTD1MN
                 	STS  @0+(@1),R30
                 	STS  @0+(@1)+1,R31
                 	STS  @0+(@1)+2,R22
                 	STS  @0+(@1)+3,R23
                 	.ENDM
                 
                 	.MACRO __PUTB1EN
                 	LDI  R26,LOW(@0+(@1))
                 	LDI  R27,HIGH(@0+(@1))
                 	CALL __EEPROMWRB
                 	.ENDM
                 
                 	.MACRO __PUTW1EN
                 	LDI  R26,LOW(@0+(@1))
                 	LDI  R27,HIGH(@0+(@1))
                 	CALL __EEPROMWRW
                 	.ENDM
                 
                 	.MACRO __PUTD1EN
                 	LDI  R26,LOW(@0+(@1))
                 	LDI  R27,HIGH(@0+(@1))
                 	CALL __EEPROMWRD
                 	.ENDM
                 
                 	.MACRO __PUTBR0MN
                 	STS  @0+(@1),R0
                 	.ENDM
                 
                 	.MACRO __PUTBMRN
                 	STS  @0+(@1),R@2
                 	.ENDM
                 
                 	.MACRO __PUTWMRN
                 	STS  @0+(@1),R@2
                 	STS  @0+(@1)+1,R@3
                 	.ENDM
                 
                 	.MACRO __PUTBZR
                 	STD  Z+@1,R@0
                 	.ENDM
                 
                 	.MACRO __PUTWZR
                 	STD  Z+@2,R@0
                 	STD  Z+@2+1,R@1
                 	.ENDM
                 
                 	.MACRO __GETW1R
                 	MOV  R30,R@0
                 	MOV  R31,R@1
                 	.ENDM
                 
                 	.MACRO __GETW2R
                 	MOV  R26,R@0
                 	MOV  R27,R@1
                 	.ENDM
                 
                 	.MACRO __GETWRN
                 	LDI  R@0,LOW(@2)
                 	LDI  R@1,HIGH(@2)
                 	.ENDM
                 
                 	.MACRO __PUTW1R
                 	MOV  R@0,R30
                 	MOV  R@1,R31
                 	.ENDM
                 
                 	.MACRO __PUTW2R
                 	MOV  R@0,R26
                 	MOV  R@1,R27
                 	.ENDM
                 
                 	.MACRO __ADDWRN
                 	SUBI R@0,LOW(-@2)
                 	SBCI R@1,HIGH(-@2)
                 	.ENDM
                 
                 	.MACRO __ADDWRR
                 	ADD  R@0,R@2
                 	ADC  R@1,R@3
                 	.ENDM
                 
                 	.MACRO __SUBWRN
                 	SUBI R@0,LOW(@2)
                 	SBCI R@1,HIGH(@2)
                 	.ENDM
                 
                 	.MACRO __SUBWRR
                 	SUB  R@0,R@2
                 	SBC  R@1,R@3
                 	.ENDM
                 
                 	.MACRO __ANDWRN
                 	ANDI R@0,LOW(@2)
                 	ANDI R@1,HIGH(@2)
                 	.ENDM
                 
                 	.MACRO __ANDWRR
                 	AND  R@0,R@2
                 	AND  R@1,R@3
                 	.ENDM
                 
                 	.MACRO __ORWRN
                 	ORI  R@0,LOW(@2)
                 	ORI  R@1,HIGH(@2)
                 	.ENDM
                 
                 	.MACRO __ORWRR
                 	OR   R@0,R@2
                 	OR   R@1,R@3
                 	.ENDM
                 
                 	.MACRO __EORWRR
                 	EOR  R@0,R@2
                 	EOR  R@1,R@3
                 	.ENDM
                 
                 	.MACRO __GETWRS
                 	LDD  R@0,Y+@2
                 	LDD  R@1,Y+@2+1
                 	.ENDM
                 
                 	.MACRO __PUTBSR
                 	STD  Y+@1,R@0
                 	.ENDM
                 
                 	.MACRO __PUTWSR
                 	STD  Y+@2,R@0
                 	STD  Y+@2+1,R@1
                 	.ENDM
                 
                 	.MACRO __MOVEWRR
                 	MOV  R@0,R@2
                 	MOV  R@1,R@3
                 	.ENDM
                 
                 	.MACRO __INWR
                 	IN   R@0,@2
                 	IN   R@1,@2+1
                 	.ENDM
                 
                 	.MACRO __OUTWR
                 	OUT  @2+1,R@1
                 	OUT  @2,R@0
                 	.ENDM
                 
                 	.MACRO __CALL1MN
                 	LDS  R30,@0+(@1)
                 	LDS  R31,@0+(@1)+1
                 	ICALL
                 	.ENDM
                 
                 	.MACRO __CALL1FN
                 	LDI  R30,LOW(2*@0+(@1))
                 	LDI  R31,HIGH(2*@0+(@1))
                 	CALL __GETW1PF
                 	ICALL
                 	.ENDM
                 
                 	.MACRO __CALL2EN
                 	LDI  R26,LOW(@0+(@1))
                 	LDI  R27,HIGH(@0+(@1))
                 	CALL __EEPROMRDW
                 	ICALL
                 	.ENDM
                 
                 	.MACRO __GETW1STACK
                 	IN   R26,SPL
                 	IN   R27,SPH
                 	ADIW R26,@0+1
                 	LD   R30,X+
                 	LD   R31,X
                 	.ENDM
                 
                 	.MACRO __GETD1STACK
                 	IN   R26,SPL
                 	IN   R27,SPH
                 	ADIW R26,@0+1
                 	LD   R30,X+
                 	LD   R31,X+
                 	LD   R22,X
                 	.ENDM
                 
                 	.MACRO __NBST
                 	BST  R@0,@1
                 	IN   R30,SREG
                 	LDI  R31,0x40
                 	EOR  R30,R31
                 	OUT  SREG,R30
                 	.ENDM
                 
                 
                 	.MACRO __PUTB1SN
                 	LDD  R26,Y+@0
                 	LDD  R27,Y+@0+1
                 	SUBI R26,LOW(-@1)
                 	SBCI R27,HIGH(-@1)
                 	ST   X,R30
                 	.ENDM
                 
                 	.MACRO __PUTW1SN
                 	LDD  R26,Y+@0
                 	LDD  R27,Y+@0+1
                 	SUBI R26,LOW(-@1)
                 	SBCI R27,HIGH(-@1)
                 	ST   X+,R30
                 	ST   X,R31
                 	.ENDM
                 
                 	.MACRO __PUTD1SN
                 	LDD  R26,Y+@0
                 	LDD  R27,Y+@0+1
                 	SUBI R26,LOW(-@1)
                 	SBCI R27,HIGH(-@1)
                 	CALL __PUTDP1
                 	.ENDM
                 
                 	.MACRO __PUTB1SNS
                 	LDD  R26,Y+@0
                 	LDD  R27,Y+@0+1
                 	ADIW R26,@1
                 	ST   X,R30
                 	.ENDM
                 
                 	.MACRO __PUTW1SNS
                 	LDD  R26,Y+@0
                 	LDD  R27,Y+@0+1
                 	ADIW R26,@1
                 	ST   X+,R30
                 	ST   X,R31
                 	.ENDM
                 
                 	.MACRO __PUTD1SNS
                 	LDD  R26,Y+@0
                 	LDD  R27,Y+@0+1
                 	ADIW R26,@1
                 	CALL __PUTDP1
                 	.ENDM
                 
                 	.MACRO __PUTB1PMN
                 	LDS  R26,@0
                 	LDS  R27,@0+1
                 	SUBI R26,LOW(-@1)
                 	SBCI R27,HIGH(-@1)
                 	ST   X,R30
                 	.ENDM
                 
                 	.MACRO __PUTW1PMN
                 	LDS  R26,@0
                 	LDS  R27,@0+1
                 	SUBI R26,LOW(-@1)
                 	SBCI R27,HIGH(-@1)
                 	ST   X+,R30
                 	ST   X,R31
                 	.ENDM
                 
                 	.MACRO __PUTD1PMN
                 	LDS  R26,@0
                 	LDS  R27,@0+1
                 	SUBI R26,LOW(-@1)
                 	SBCI R27,HIGH(-@1)
                 	CALL __PUTDP1
                 	.ENDM
                 
                 	.MACRO __PUTB1PMNS
                 	LDS  R26,@0
                 	LDS  R27,@0+1
                 	ADIW R26,@1
                 	ST   X,R30
                 	.ENDM
                 
                 	.MACRO __PUTW1PMNS
                 	LDS  R26,@0
                 	LDS  R27,@0+1
                 	ADIW R26,@1
                 	ST   X+,R30
                 	ST   X,R31
                 	.ENDM
                 
                 	.MACRO __PUTD1PMNS
                 	LDS  R26,@0
                 	LDS  R27,@0+1
                 	ADIW R26,@1
                 	CALL __PUTDP1
                 	.ENDM
                 
                 	.MACRO __PUTB1RN
                 	MOVW R26,R@0
                 	SUBI R26,LOW(-@1)
                 	SBCI R27,HIGH(-@1)
                 	ST   X,R30
                 	.ENDM
                 
                 	.MACRO __PUTW1RN
                 	MOVW R26,R@0
                 	SUBI R26,LOW(-@1)
                 	SBCI R27,HIGH(-@1)
                 	ST   X+,R30
                 	ST   X,R31
                 	.ENDM
                 
                 	.MACRO __PUTD1RN
                 	MOVW R26,R@0
                 	SUBI R26,LOW(-@1)
                 	SBCI R27,HIGH(-@1)
                 	CALL __PUTDP1
                 	.ENDM
                 
                 	.MACRO __PUTB1RNS
                 	MOVW R26,R@0
                 	ADIW R26,@1
                 	ST   X,R30
                 	.ENDM
                 
                 	.MACRO __PUTW1RNS
                 	MOVW R26,R@0
                 	ADIW R26,@1
                 	ST   X+,R30
                 	ST   X,R31
                 	.ENDM
                 
                 	.MACRO __PUTD1RNS
                 	MOVW R26,R@0
                 	ADIW R26,@1
                 	CALL __PUTDP1
                 	.ENDM
                 
                 	.MACRO __PUTB1RON
                 	MOV  R26,R@0
                 	MOV  R27,R@1
                 	SUBI R26,LOW(-@2)
                 	SBCI R27,HIGH(-@2)
                 	ST   X,R30
                 	.ENDM
                 
                 	.MACRO __PUTW1RON
                 	MOV  R26,R@0
                 	MOV  R27,R@1
                 	SUBI R26,LOW(-@2)
                 	SBCI R27,HIGH(-@2)
                 	ST   X+,R30
                 	ST   X,R31
                 	.ENDM
                 
                 	.MACRO __PUTD1RON
                 	MOV  R26,R@0
                 	MOV  R27,R@1
                 	SUBI R26,LOW(-@2)
                 	SBCI R27,HIGH(-@2)
                 	CALL __PUTDP1
                 	.ENDM
                 
                 	.MACRO __PUTB1RONS
                 	MOV  R26,R@0
                 	MOV  R27,R@1
                 	ADIW R26,@2
                 	ST   X,R30
                 	.ENDM
                 
                 	.MACRO __PUTW1RONS
                 	MOV  R26,R@0
                 	MOV  R27,R@1
                 	ADIW R26,@2
                 	ST   X+,R30
                 	ST   X,R31
                 	.ENDM
                 
                 	.MACRO __PUTD1RONS
                 	MOV  R26,R@0
                 	MOV  R27,R@1
                 	ADIW R26,@2
                 	CALL __PUTDP1
                 	.ENDM
                 
                 
                 	.MACRO __GETB1SX
                 	MOVW R30,R28
                 	SUBI R30,LOW(-@0)
                 	SBCI R31,HIGH(-@0)
                 	LD   R30,Z
                 	.ENDM
                 
                 	.MACRO __GETB1HSX
                 	MOVW R30,R28
                 	SUBI R30,LOW(-@0)
                 	SBCI R31,HIGH(-@0)
                 	LD   R31,Z
                 	.ENDM
                 
                 	.MACRO __GETW1SX
                 	MOVW R30,R28
                 	SUBI R30,LOW(-@0)
                 	SBCI R31,HIGH(-@0)
                 	LD   R0,Z+
                 	LD   R31,Z
                 	MOV  R30,R0
                 	.ENDM
                 
                 	.MACRO __GETD1SX
                 	MOVW R30,R28
                 	SUBI R30,LOW(-@0)
                 	SBCI R31,HIGH(-@0)
                 	LD   R0,Z+
                 	LD   R1,Z+
                 	LD   R22,Z+
                 	LD   R23,Z
                 	MOVW R30,R0
                 	.ENDM
                 
                 	.MACRO __GETB2SX
                 	MOVW R26,R28
                 	SUBI R26,LOW(-@0)
                 	SBCI R27,HIGH(-@0)
                 	LD   R26,X
                 	.ENDM
                 
                 	.MACRO __GETW2SX
                 	MOVW R26,R28
                 	SUBI R26,LOW(-@0)
                 	SBCI R27,HIGH(-@0)
                 	LD   R0,X+
                 	LD   R27,X
                 	MOV  R26,R0
                 	.ENDM
                 
                 	.MACRO __GETD2SX
                 	MOVW R26,R28
                 	SUBI R26,LOW(-@0)
                 	SBCI R27,HIGH(-@0)
                 	LD   R0,X+
                 	LD   R1,X+
                 	LD   R24,X+
                 	LD   R25,X
                 	MOVW R26,R0
                 	.ENDM
                 
                 	.MACRO __GETBRSX
                 	MOVW R30,R28
                 	SUBI R30,LOW(-@1)
                 	SBCI R31,HIGH(-@1)
                 	LD   R@0,Z
                 	.ENDM
                 
                 	.MACRO __GETWRSX
                 	MOVW R30,R28
                 	SUBI R30,LOW(-@2)
                 	SBCI R31,HIGH(-@2)
                 	LD   R@0,Z+
                 	LD   R@1,Z
                 	.ENDM
                 
                 	.MACRO __GETBRSX2
                 	MOVW R26,R28
                 	SUBI R26,LOW(-@1)
                 	SBCI R27,HIGH(-@1)
                 	LD   R@0,X
                 	.ENDM
                 
                 	.MACRO __GETWRSX2
                 	MOVW R26,R28
                 	SUBI R26,LOW(-@2)
                 	SBCI R27,HIGH(-@2)
                 	LD   R@0,X+
                 	LD   R@1,X
                 	.ENDM
                 
                 	.MACRO __LSLW8SX
                 	MOVW R30,R28
                 	SUBI R30,LOW(-@0)
                 	SBCI R31,HIGH(-@0)
                 	LD   R31,Z
                 	CLR  R30
                 	.ENDM
                 
                 	.MACRO __PUTB1SX
                 	MOVW R26,R28
                 	SUBI R26,LOW(-@0)
                 	SBCI R27,HIGH(-@0)
                 	ST   X,R30
                 	.ENDM
                 
                 	.MACRO __PUTW1SX
                 	MOVW R26,R28
                 	SUBI R26,LOW(-@0)
                 	SBCI R27,HIGH(-@0)
                 	ST   X+,R30
                 	ST   X,R31
                 	.ENDM
                 
                 	.MACRO __PUTD1SX
                 	MOVW R26,R28
                 	SUBI R26,LOW(-@0)
                 	SBCI R27,HIGH(-@0)
                 	ST   X+,R30
                 	ST   X+,R31
                 	ST   X+,R22
                 	ST   X,R23
                 	.ENDM
                 
                 	.MACRO __CLRW1SX
                 	MOVW R26,R28
                 	SUBI R26,LOW(-@0)
                 	SBCI R27,HIGH(-@0)
                 	ST   X+,R30
                 	ST   X,R30
                 	.ENDM
                 
                 	.MACRO __CLRD1SX
                 	MOVW R26,R28
                 	SUBI R26,LOW(-@0)
                 	SBCI R27,HIGH(-@0)
                 	ST   X+,R30
                 	ST   X+,R30
                 	ST   X+,R30
                 	ST   X,R30
                 	.ENDM
                 
                 	.MACRO __PUTB2SX
                 	MOVW R30,R28
                 	SUBI R30,LOW(-@0)
                 	SBCI R31,HIGH(-@0)
                 	ST   Z,R26
                 	.ENDM
                 
                 	.MACRO __PUTW2SX
                 	MOVW R30,R28
                 	SUBI R30,LOW(-@0)
                 	SBCI R31,HIGH(-@0)
                 	ST   Z+,R26
                 	ST   Z,R27
                 	.ENDM
                 
                 	.MACRO __PUTD2SX
                 	MOVW R30,R28
                 	SUBI R30,LOW(-@0)
                 	SBCI R31,HIGH(-@0)
                 	ST   Z+,R26
                 	ST   Z+,R27
                 	ST   Z+,R24
                 	ST   Z,R25
                 	.ENDM
                 
                 	.MACRO __PUTBSRX
                 	MOVW R30,R28
                 	SUBI R30,LOW(-@1)
                 	SBCI R31,HIGH(-@1)
                 	ST   Z,R@0
                 	.ENDM
                 
                 	.MACRO __PUTWSRX
                 	MOVW R30,R28
                 	SUBI R30,LOW(-@2)
                 	SBCI R31,HIGH(-@2)
                 	ST   Z+,R@0
                 	ST   Z,R@1
                 	.ENDM
                 
                 	.MACRO __PUTB1SNX
                 	MOVW R26,R28
                 	SUBI R26,LOW(-@0)
                 	SBCI R27,HIGH(-@0)
                 	LD   R0,X+
                 	LD   R27,X
                 	MOV  R26,R0
                 	SUBI R26,LOW(-@1)
                 	SBCI R27,HIGH(-@1)
                 	ST   X,R30
                 	.ENDM
                 
                 	.MACRO __PUTW1SNX
                 	MOVW R26,R28
                 	SUBI R26,LOW(-@0)
                 	SBCI R27,HIGH(-@0)
                 	LD   R0,X+
                 	LD   R27,X
                 	MOV  R26,R0
                 	SUBI R26,LOW(-@1)
                 	SBCI R27,HIGH(-@1)
                 	ST   X+,R30
                 	ST   X,R31
                 	.ENDM
                 
                 	.MACRO __PUTD1SNX
                 	MOVW R26,R28
                 	SUBI R26,LOW(-@0)
                 	SBCI R27,HIGH(-@0)
                 	LD   R0,X+
                 	LD   R27,X
                 	MOV  R26,R0
                 	SUBI R26,LOW(-@1)
                 	SBCI R27,HIGH(-@1)
                 	ST   X+,R30
                 	ST   X+,R31
                 	ST   X+,R22
                 	ST   X,R23
                 	.ENDM
                 
                 	.MACRO __MULBRR
                 	MULS R@0,R@1
                 	MOVW R30,R0
                 	.ENDM
                 
                 	.MACRO __MULBRRU
                 	MUL  R@0,R@1
                 	MOVW R30,R0
                 	.ENDM
                 
                 	.MACRO __MULBRR0
                 	MULS R@0,R@1
                 	.ENDM
                 
                 	.MACRO __MULBRRU0
                 	MUL  R@0,R@1
                 	.ENDM
                 
                 	.MACRO __MULBNWRU
                 	LDI  R26,@2
                 	MUL  R26,R@0
                 	MOVW R30,R0
                 	MUL  R26,R@1
                 	ADD  R31,R0
                 	.ENDM
                 
                 ;NAME DEFINITIONS FOR GLOBAL VARIABLES ALLOCATED TO REGISTERS
                 	.DEF _temp=R3
                 	.DEF __lcd_x=R6
                 	.DEF __lcd_y=R5
                 	.DEF __lcd_maxx=R8
                 
                 ;GPIOR0 INITIALIZATION VALUE
                 	.EQU __GPIOR0_INIT=0x00
                 
                 	.CSEG
                 	.ORG 0x00
                 
                 ;START OF CODE MARKER
                 __START_OF_CODE:
                 
                 ;INTERRUPT VECTORS
000000 940c 0085 	JMP  __RESET
000002 940c 0000 	JMP  0x00
000004 940c 0000 	JMP  0x00
000006 940c 0000 	JMP  0x00
000008 940c 0000 	JMP  0x00
00000a 940c 0000 	JMP  0x00
00000c 940c 0000 	JMP  0x00
00000e 940c 0000 	JMP  0x00
000010 940c 0000 	JMP  0x00
000012 940c 0000 	JMP  0x00
000014 940c 0000 	JMP  0x00
000016 940c 0000 	JMP  0x00
000018 940c 0000 	JMP  0x00
00001a 940c 0000 	JMP  0x00
00001c 940c 0000 	JMP  0x00
00001e 940c 0000 	JMP  0x00
000020 940c 0000 	JMP  0x00
000022 940c 0000 	JMP  0x00
000024 940c 0000 	JMP  0x00
000026 940c 0000 	JMP  0x00
000028 940c 0000 	JMP  0x00
00002a 940c 0000 	JMP  0x00
00002c 940c 0000 	JMP  0x00
00002e 940c 0000 	JMP  0x00
000030 940c 0000 	JMP  0x00
000032 940c 0000 	JMP  0x00
000034 940c 0000 	JMP  0x00
000036 940c 0000 	JMP  0x00
000038 940c 0000 	JMP  0x00
00003a 940c 0000 	JMP  0x00
00003c 940c 0000 	JMP  0x00
00003e 940c 0000 	JMP  0x00
000040 940c 0000 	JMP  0x00
000042 940c 0000 	JMP  0x00
000044 940c 0000 	JMP  0x00
000046 940c 0000 	JMP  0x00
000048 940c 0000 	JMP  0x00
00004a 940c 0000 	JMP  0x00
00004c 940c 0000 	JMP  0x00
00004e 940c 0000 	JMP  0x00
000050 940c 0000 	JMP  0x00
000052 940c 0000 	JMP  0x00
000054 940c 0000 	JMP  0x00
000056 940c 0000 	JMP  0x00
000058 940c 0000 	JMP  0x00
00005a 940c 0000 	JMP  0x00
00005c 940c 0000 	JMP  0x00
00005e 940c 0000 	JMP  0x00
000060 940c 0000 	JMP  0x00
000062 940c 0000 	JMP  0x00
000064 940c 0000 	JMP  0x00
000066 940c 0000 	JMP  0x00
000068 940c 0000 	JMP  0x00
00006a 940c 0000 	JMP  0x00
00006c 940c 0000 	JMP  0x00
00006e 940c 0000 	JMP  0x00
000070 940c 0000 	JMP  0x00
                 
                 _0x0:
000072 2020
D:\amir-saeed\J6\temp\List\temp.asm(1152): warning: .cseg .db misalignment - padding zero byte
000073 0000      	.DB  0x20,0x20,0x0
                 _0x2000060:
D:\amir-saeed\J6\temp\List\temp.asm(1154): warning: .cseg .db misalignment - padding zero byte
000074 0001      	.DB  0x1
                 _0x2000000:
000075 4e2d
000076 4e41
000077 4900
000078 464e      	.DB  0x2D,0x4E,0x41,0x4E,0x0,0x49,0x4E,0x46
D:\amir-saeed\J6\temp\List\temp.asm(1157): warning: .cseg .db misalignment - padding zero byte
000079 0000      	.DB  0x0
                 _0x2020003:
00007a c080      	.DB  0x80,0xC0
                 
                 __GLOBAL_INI_TBL:
00007b 0003      	.DW  0x03
00007c 0a00      	.DW  _0xB
00007d 00e4      	.DW  _0x0*2
                 
00007e 0001      	.DW  0x01
00007f 0a06      	.DW  __seed_G100
000080 00e8      	.DW  _0x2000060*2
                 
000081 0002      	.DW  0x02
000082 0a0a      	.DW  __base_y_G101
000083 00f4      	.DW  _0x2020003*2
                 
                 _0xFFFFFFFF:
000084 0000      	.DW  0
                 
                 __RESET:
000085 94f8      	CLI
000086 27ee      	CLR  R30
000087 bbef      	OUT  EECR,R30
                 
                 ;INTERRUPT VECTORS ARE PLACED
                 ;AT THE START OF FLASH
000088 e0f1      	LDI  R31,1
000089 bff5      	OUT  MCUCR,R31
00008a bfe5      	OUT  MCUCR,R30
00008b 93e0 0074 	STS  XMCRA,R30
00008d 93e0 0075 	STS  XMCRB,R30
                 
                 ;DISABLE WATCHDOG
00008f e1f8      	LDI  R31,0x18
000090 95a8      	WDR
000091 b7a4      	IN   R26,MCUSR
000092 7fa7      	CBR  R26,8
000093 bfa4      	OUT  MCUSR,R26
000094 93f0 0060 	STS  WDTCSR,R31
000096 93e0 0060 	STS  WDTCSR,R30
                 
                 ;CLEAR R2-R14
000098 e08d      	LDI  R24,(14-2)+1
000099 e0a2      	LDI  R26,2
00009a 27bb      	CLR  R27
                 __CLEAR_REG:
00009b 93ed      	ST   X+,R30
00009c 958a      	DEC  R24
00009d f7e9      	BRNE __CLEAR_REG
                 
                 ;CLEAR SRAM
00009e e080      	LDI  R24,LOW(__CLEAR_SRAM_SIZE)
00009f e290      	LDI  R25,HIGH(__CLEAR_SRAM_SIZE)
0000a0 e0a0      	LDI  R26,LOW(__SRAM_START)
0000a1 e0b2      	LDI  R27,HIGH(__SRAM_START)
                 __CLEAR_SRAM:
0000a2 93ed      	ST   X+,R30
0000a3 9701      	SBIW R24,1
0000a4 f7e9      	BRNE __CLEAR_SRAM
                 
                 ;GLOBAL VARIABLES INITIALIZATION
0000a5 efe6      	LDI  R30,LOW(__GLOBAL_INI_TBL*2)
0000a6 e0f0      	LDI  R31,HIGH(__GLOBAL_INI_TBL*2)
                 __GLOBAL_INI_NEXT:
0000a7 9185      	LPM  R24,Z+
0000a8 9195      	LPM  R25,Z+
0000a9 9700      	SBIW R24,0
0000aa f061      	BREQ __GLOBAL_INI_END
0000ab 91a5      	LPM  R26,Z+
0000ac 91b5      	LPM  R27,Z+
0000ad 9005      	LPM  R0,Z+
0000ae 9015      	LPM  R1,Z+
0000af 01bf      	MOVW R22,R30
0000b0 01f0      	MOVW R30,R0
                 __GLOBAL_INI_LOOP:
0000b1 9005      	LPM  R0,Z+
0000b2 920d      	ST   X+,R0
0000b3 9701      	SBIW R24,1
0000b4 f7e1      	BRNE __GLOBAL_INI_LOOP
0000b5 01fb      	MOVW R30,R22
0000b6 cff0      	RJMP __GLOBAL_INI_NEXT
                 __GLOBAL_INI_END:
                 
0000b7 bf8b      	OUT  RAMPZ,R24
                 
                 ;GPIOR0 INITIALIZATION
0000b8 e0e0      	LDI  R30,__GPIOR0_INIT
0000b9 bbee      	OUT  GPIOR0,R30
                 
                 ;HARDWARE STACK POINTER INITIALIZATION
0000ba efef      	LDI  R30,LOW(__SRAM_END-__HEAP_SIZE)
0000bb bfed      	OUT  SPL,R30
0000bc e2e1      	LDI  R30,HIGH(__SRAM_END-__HEAP_SIZE)
0000bd bfee      	OUT  SPH,R30
                 
                 ;DATA STACK POINTER INITIALIZATION
0000be e0c0      	LDI  R28,LOW(__SRAM_START+__DSTACK_SIZE)
0000bf e0da      	LDI  R29,HIGH(__SRAM_START+__DSTACK_SIZE)
                 
0000c0 940c 00ea 	JMP  _main
                 
                 	.ESEG
                 	.ORG 0
                 
                 	.DSEG
                 	.ORG 0xA00
                 
                 	.CSEG
                 ;/*****************************************************
                 ;This program was produced by the
                 ;CodeWizardAVR V2.05.3 Standard
                 ;Automatic Program Generator
                 ;© Copyright 1998-2011 Pavel Haiduc, HP InfoTech s.r.l.
                 ;http://www.hpinfotech.com
                 ;
                 ;Project :
                 ;Version :
                 ;Date    : 4/16/2019
                 ;Author  : admin
                 ;Company : IUST
                 ;Comments:
                 ;
                 ;
                 ;Chip type               : ATmega1280
                 ;Program type            : Application
                 ;AVR Core Clock frequency: 11.059200 MHz
                 ;Memory model            : Small
                 ;External RAM size       : 0
                 ;Data Stack size         : 2048
                 ;*****************************************************/
                 ;
                 ;#include <mega1280.h>
                 	#ifndef __SLEEP_DEFINED__
                 	#define __SLEEP_DEFINED__
                 	.EQU __se_bit=0x01
                 	.EQU __sm_mask=0x0E
                 	.EQU __sm_powerdown=0x04
                 	.EQU __sm_powersave=0x06
                 	.EQU __sm_standby=0x0C
                 	.EQU __sm_ext_standby=0x0E
                 	.EQU __sm_adc_noise_red=0x02
                 	.SET power_ctrl_reg=smcr
                 	#endif
                 ;
                 ;#include <delay.h>
                 ;#include <stdlib.h>
                 ;
                 ;// Alphanumeric LCD functions
                 ;#include <alcd.h>
                 ;
                 ;#define ADC_VREF_TYPE 0x00
                 ;
                 ;int temp;
                 ;char text[3];
                 ;// Read the AD conversion result
                 ;unsigned int read_adc(unsigned char adc_input)
                 ; 0000 0026 {
                 
                 	.CSEG
                 _read_adc:
                 ; 0000 0027 ADMUX=(adc_input & 0x1f) | (ADC_VREF_TYPE & 0xff);
0000c2 93aa      	ST   -Y,R26
                 ;	adc_input -> Y+0
0000c3 81e8      	LD   R30,Y
0000c4 71ef      	ANDI R30,LOW(0x1F)
0000c5 93e0 007c 	STS  124,R30
                 ; 0000 0028 if (adc_input & 0x20) ADCSRB |= 0x08;
0000c7 81e8      	LD   R30,Y
0000c8 72e0      	ANDI R30,LOW(0x20)
0000c9 f021      	BREQ _0x3
0000ca 91e0 007b 	LDS  R30,123
0000cc 60e8      	ORI  R30,8
0000cd c003      	RJMP _0xD
                 ; 0000 0029 else ADCSRB &= 0xf7;
                 _0x3:
0000ce 91e0 007b 	LDS  R30,123
0000d0 7fe7      	ANDI R30,0XF7
                 _0xD:
0000d1 93e0 007b 	STS  123,R30
                 ; 0000 002A // Delay needed for the stabilization of the ADC input voltage
                 ; 0000 002B delay_us(10);
                +
0000d3 e285     +LDI R24 , LOW ( 37 )
                +__DELAY_USB_LOOP :
0000d4 958a     +DEC R24
0000d5 f7f1     +BRNE __DELAY_USB_LOOP
                 	__DELAY_USB 37
                 ; 0000 002C // Start the AD conversion
                 ; 0000 002D ADCSRA|=0x40;
0000d6 91e0 007a 	LDS  R30,122
0000d8 64e0      	ORI  R30,0x40
0000d9 93e0 007a 	STS  122,R30
                 ; 0000 002E // Wait for the AD conversion to complete
                 ; 0000 002F while ((ADCSRA & 0x10)==0);
                 _0x5:
0000db 91e0 007a 	LDS  R30,122
0000dd 71e0      	ANDI R30,LOW(0x10)
0000de f3e1      	BREQ _0x5
                 ; 0000 0030 ADCSRA|=0x10;
0000df 91e0 007a 	LDS  R30,122
0000e1 61e0      	ORI  R30,0x10
0000e2 93e0 007a 	STS  122,R30
                 ; 0000 0031 return ADCW;
0000e4 91e0 0078 	LDS  R30,120
0000e6 91f0 0079 	LDS  R31,120+1
0000e8 940c 0208 	JMP  _0x20A0001
                 ; 0000 0032 }
                 ;
                 ;// Declare your global variables here
                 ;
                 ;void main(void)
                 ; 0000 0037 {
                 _main:
                 ; 0000 0038 // Declare your local variables here
                 ; 0000 0039 
                 ; 0000 003A // Crystal Oscillator division factor: 1
                 ; 0000 003B #pragma optsize-
                 ; 0000 003C CLKPR=0x80;
0000ea e8e0      	LDI  R30,LOW(128)
0000eb 93e0 0061 	STS  97,R30
                 ; 0000 003D CLKPR=0x00;
0000ed e0e0      	LDI  R30,LOW(0)
0000ee 93e0 0061 	STS  97,R30
                 ; 0000 003E #ifdef _OPTIMIZE_SIZE_
                 ; 0000 003F #pragma optsize+
                 ; 0000 0040 #endif
                 ; 0000 0041 
                 ; 0000 0042 // Input/Output Ports initialization
                 ; 0000 0043 // Port A initialization
                 ; 0000 0044 // Func7=In Func6=In Func5=In Func4=In Func3=In Func2=In Func1=In Func0=In
                 ; 0000 0045 // State7=T State6=T State5=T State4=T State3=T State2=T State1=T State0=T
                 ; 0000 0046 PORTA=0x00;
0000f0 b9e2      	OUT  0x2,R30
                 ; 0000 0047 DDRA=0x00;
0000f1 b9e1      	OUT  0x1,R30
                 ; 0000 0048 
                 ; 0000 0049 // Port B initialization
                 ; 0000 004A // Func7=In Func6=In Func5=In Func4=In Func3=In Func2=In Func1=In Func0=In
                 ; 0000 004B // State7=T State6=T State5=T State4=T State3=T State2=T State1=T State0=T
                 ; 0000 004C PORTB=0x00;
0000f2 b9e5      	OUT  0x5,R30
                 ; 0000 004D DDRB=0x00;
0000f3 b9e4      	OUT  0x4,R30
                 ; 0000 004E 
                 ; 0000 004F // Port C initialization
                 ; 0000 0050 // Func7=In Func6=In Func5=In Func4=In Func3=In Func2=In Func1=In Func0=In
                 ; 0000 0051 // State7=T State6=T State5=T State4=T State3=T State2=T State1=T State0=T
                 ; 0000 0052 PORTC=0x00;
0000f4 b9e8      	OUT  0x8,R30
                 ; 0000 0053 DDRC=0x00;
0000f5 b9e7      	OUT  0x7,R30
                 ; 0000 0054 
                 ; 0000 0055 // Port D initialization
                 ; 0000 0056 // Func7=In Func6=In Func5=In Func4=In Func3=In Func2=In Func1=In Func0=In
                 ; 0000 0057 // State7=T State6=T State5=T State4=T State3=T State2=T State1=T State0=T
                 ; 0000 0058 PORTD=0x00;
0000f6 b9eb      	OUT  0xB,R30
                 ; 0000 0059 DDRD=0x00;
0000f7 b9ea      	OUT  0xA,R30
                 ; 0000 005A 
                 ; 0000 005B // Port E initialization
                 ; 0000 005C // Func7=In Func6=In Func5=In Func4=In Func3=In Func2=In Func1=In Func0=In
                 ; 0000 005D // State7=T State6=T State5=T State4=T State3=T State2=T State1=T State0=T
                 ; 0000 005E PORTE=0x00;
0000f8 b9ee      	OUT  0xE,R30
                 ; 0000 005F DDRE=0x00;
0000f9 b9ed      	OUT  0xD,R30
                 ; 0000 0060 
                 ; 0000 0061 // Port F initialization
                 ; 0000 0062 // Func7=In Func6=In Func5=In Func4=In Func3=In Func2=In Func1=In Func0=In
                 ; 0000 0063 // State7=T State6=T State5=T State4=T State3=T State2=T State1=T State0=T
                 ; 0000 0064 PORTF=0x00;
0000fa bbe1      	OUT  0x11,R30
                 ; 0000 0065 DDRF=0x00;
0000fb bbe0      	OUT  0x10,R30
                 ; 0000 0066 
                 ; 0000 0067 // Port G initialization
                 ; 0000 0068 // Func5=In Func4=In Func3=In Func2=In Func1=In Func0=In
                 ; 0000 0069 // State5=T State4=T State3=T State2=T State1=T State0=T
                 ; 0000 006A PORTG=0x00;
0000fc bbe4      	OUT  0x14,R30
                 ; 0000 006B DDRG=0x00;
0000fd bbe3      	OUT  0x13,R30
                 ; 0000 006C 
                 ; 0000 006D // Port H initialization
                 ; 0000 006E // Func7=In Func6=In Func5=In Func4=In Func3=In Func2=In Func1=In Func0=In
                 ; 0000 006F // State7=T State6=T State5=T State4=T State3=T State2=T State1=T State0=T
                 ; 0000 0070 PORTH=0x00;
0000fe 93e0 0102 	STS  258,R30
                 ; 0000 0071 DDRH=0x00;
000100 93e0 0101 	STS  257,R30
                 ; 0000 0072 
                 ; 0000 0073 // Port J initialization
                 ; 0000 0074 // Func7=Out Func6=Out Func5=Out Func4=Out Func3=Out Func2=Out Func1=Out Func0=Out
                 ; 0000 0075 // State7=0 State6=0 State5=0 State4=0 State3=0 State2=0 State1=0 State0=0
                 ; 0000 0076 PORTJ=0x00;
000102 93e0 0105 	STS  261,R30
                 ; 0000 0077 DDRJ=0xFF;
000104 efef      	LDI  R30,LOW(255)
000105 93e0 0104 	STS  260,R30
                 ; 0000 0078 
                 ; 0000 0079 // Port K initialization
                 ; 0000 007A // Func7=In Func6=In Func5=In Func4=In Func3=In Func2=In Func1=In Func0=In
                 ; 0000 007B // State7=T State6=T State5=T State4=T State3=T State2=T State1=T State0=T
                 ; 0000 007C PORTK=0x00;
000107 e0e0      	LDI  R30,LOW(0)
000108 93e0 0108 	STS  264,R30
                 ; 0000 007D DDRK=0x00;
00010a 93e0 0107 	STS  263,R30
                 ; 0000 007E 
                 ; 0000 007F // Port L initialization
                 ; 0000 0080 // Func7=In Func6=In Func5=In Func4=In Func3=In Func2=In Func1=In Func0=In
                 ; 0000 0081 // State7=T State6=T State5=T State4=T State3=T State2=T State1=T State0=T
                 ; 0000 0082 PORTL=0x00;
00010c 93e0 010b 	STS  267,R30
                 ; 0000 0083 DDRL=0x00;
00010e 93e0 010a 	STS  266,R30
                 ; 0000 0084 
                 ; 0000 0085 // ADC initialization
                 ; 0000 0086 // ADC Clock frequency: 691.200 kHz
                 ; 0000 0087 // ADC Voltage Reference: AREF pin
                 ; 0000 0088 // ADC Auto Trigger Source: ADC Stopped
                 ; 0000 0089 // Digital input buffers on ADC0: On, ADC1: On, ADC2: On, ADC3: On
                 ; 0000 008A // ADC4: On, ADC5: On, ADC6: On, ADC7: On
                 ; 0000 008B DIDR0=0x00;
000110 93e0 007e 	STS  126,R30
                 ; 0000 008C // Digital input buffers on ADC8: On, ADC9: On, ADC10: On, ADC11: On
                 ; 0000 008D // ADC12: On, ADC13: On, ADC14: On, ADC15: On
                 ; 0000 008E DIDR2=0x00;
000112 93e0 007d 	STS  125,R30
                 ; 0000 008F ADMUX=ADC_VREF_TYPE & 0xff;
000114 93e0 007c 	STS  124,R30
                 ; 0000 0090 ADCSRA=0x84;
000116 e8e4      	LDI  R30,LOW(132)
000117 93e0 007a 	STS  122,R30
                 ; 0000 0091 
                 ; 0000 0092 // Alphanumeric LCD initialization
                 ; 0000 0093 // Connections are specified in the
                 ; 0000 0094 // Project|Configure|C Compiler|Libraries|Alphanumeric LCD menu:
                 ; 0000 0095 // RS - PORTA Bit 0
                 ; 0000 0096 // RD - PORTA Bit 1
                 ; 0000 0097 // EN - PORTA Bit 2
                 ; 0000 0098 // D4 - PORTA Bit 4
                 ; 0000 0099 // D5 - PORTA Bit 5
                 ; 0000 009A // D6 - PORTA Bit 6
                 ; 0000 009B // D7 - PORTA Bit 7
                 ; 0000 009C // Characters/line: 16
                 ; 0000 009D lcd_init(16);
000119 e1a0      	LDI  R26,LOW(16)
00011a 940e 01dc 	CALL _lcd_init
                 ; 0000 009E 
                 ; 0000 009F lcd_clear();
00011c 940e 01aa 	CALL _lcd_clear
                 ; 0000 00A0 while (1)
                 _0x8:
                 ; 0000 00A1       {
                 ; 0000 00A2         lcd_gotoxy(6, 0);
00011e e0e6      	LDI  R30,LOW(6)
00011f 93ea      	ST   -Y,R30
000120 e0a0      	LDI  R26,LOW(0)
000121 940e 019d 	CALL _lcd_gotoxy
                 ; 0000 00A3         temp = read_adc(2);
000123 e0a2      	LDI  R26,LOW(2)
000124 df9d      	RCALL _read_adc
                +
000125 2e3e     +MOV R3 , R30
000126 2e4f     +MOV R4 , R31
                 	__PUTW1R 3,4
                 ; 0000 00A4         temp = temp * 4.8898 / 10;
                +
000127 2de3     +MOV R30 , R3
000128 2df4     +MOV R31 , R4
                 	__GETW1R 3,4
000129 940e 0351 	CALL __CWD1
00012b 940e 0288 	CALL __CDF1
                +
00012d e3ae     +LDI R26 , LOW ( 0x409C793E )
00012e e7b9     +LDI R27 , HIGH ( 0x409C793E )
00012f e98c     +LDI R24 , BYTE3 ( 0x409C793E )
000130 e490     +LDI R25 , BYTE4 ( 0x409C793E )
                 	__GETD2N 0x409C793E
000131 940e 02b6 	CALL __MULF12
000133 01df      	MOVW R26,R30
000134 01cb      	MOVW R24,R22
                +
000135 e0e0     +LDI R30 , LOW ( 0x41200000 )
000136 e0f0     +LDI R31 , HIGH ( 0x41200000 )
000137 e260     +LDI R22 , BYTE3 ( 0x41200000 )
000138 e471     +LDI R23 , BYTE4 ( 0x41200000 )
                 	__GETD1N 0x41200000
000139 940e 0304 	CALL __DIVF21
00013b 940e 0251 	CALL __CFD1
                +
00013d 2e3e     +MOV R3 , R30
00013e 2e4f     +MOV R4 , R31
                 	__PUTW1R 3,4
                 ; 0000 00A5         itoa(temp, text);
00013f 924a      	ST   -Y,R4
000140 923a      	ST   -Y,R3
000141 e0a3      	LDI  R26,LOW(_text)
000142 e0ba      	LDI  R27,HIGH(_text)
000143 940e 014f 	CALL _itoa
                 ; 0000 00A6         lcd_puts(text);
000145 e0a3      	LDI  R26,LOW(_text)
000146 e0ba      	LDI  R27,HIGH(_text)
000147 940e 01cb 	CALL _lcd_puts
                 ; 0000 00A7         lcd_puts("  ");
                +
000149 e0a0     +LDI R26 , LOW ( _0xB + ( 0 ) )
00014a e0ba     +LDI R27 , HIGH ( _0xB + ( 0 ) )
                 	__POINTW2MN _0xB,0
00014b 940e 01cb 	CALL _lcd_puts
                 ; 0000 00A8       }
00014d cfd0      	RJMP _0x8
                 ; 0000 00A9 }
                 _0xC:
00014e cfff      	RJMP _0xC
                 
                 	.DSEG
                 _0xB:
000a00           	.BYTE 0x3
                 
                 	.CSEG
                 _itoa:
00014f 93ba      	ST   -Y,R27
000150 93aa      	ST   -Y,R26
000151 91a9          ld   r26,y+
000152 91b9          ld   r27,y+
000153 91e9          ld   r30,y+
000154 91f9          ld   r31,y+
000155 9630          adiw r30,0
000156 f42a          brpl __itoa0
000157 95e0          com  r30
000158 95f0          com  r31
000159 9631          adiw r30,1
00015a e26d          ldi  r22,'-'
00015b 936d          st   x+,r22
                 __itoa0:
00015c 94e8          clt
00015d e180          ldi  r24,low(10000)
00015e e297          ldi  r25,high(10000)
00015f d00d          rcall __itoa1
000160 ee88          ldi  r24,low(1000)
000161 e093          ldi  r25,high(1000)
000162 d00a          rcall __itoa1
000163 e684          ldi  r24,100
000164 2799          clr  r25
000165 d007          rcall __itoa1
000166 e08a          ldi  r24,10
000167 d005          rcall __itoa1
000168 2f6e          mov  r22,r30
000169 d010          rcall __itoa5
00016a 2766          clr  r22
00016b 936c          st   x,r22
00016c 9508          ret
                 
                 __itoa1:
00016d 2766          clr	 r22
                 __itoa2:
00016e 17e8          cp   r30,r24
00016f 07f9          cpc  r31,r25
000170 f020          brlo __itoa3
000171 9563          inc  r22
000172 1be8          sub  r30,r24
000173 0bf9          sbc  r31,r25
000174 f7c9          brne __itoa2
                 __itoa3:
000175 2366          tst  r22
000176 f411          brne __itoa4
000177 f016          brts __itoa5
000178 9508          ret
                 __itoa4:
000179 9468          set
                 __itoa5:
00017a 5d60          subi r22,-0x30
00017b 936d          st   x+,r22
00017c 9508          ret
                 
                 	.DSEG
                 
                 	.CSEG
                 	#ifndef __SLEEP_DEFINED__
                 	#endif
                 
                 	.DSEG
                 
                 	.CSEG
                 __lcd_write_nibble_G101:
00017d 93aa      	ST   -Y,R26
00017e b1e2      	IN   R30,0x2
00017f 70ef      	ANDI R30,LOW(0xF)
000180 2fae      	MOV  R26,R30
000181 81e8      	LD   R30,Y
000182 7fe0      	ANDI R30,LOW(0xF0)
000183 2bea      	OR   R30,R26
000184 b9e2      	OUT  0x2,R30
                +
000185 e087     +LDI R24 , LOW ( 7 )
                +__DELAY_USB_LOOP :
000186 958a     +DEC R24
000187 f7f1     +BRNE __DELAY_USB_LOOP
                 	__DELAY_USB 7
000188 9a12      	SBI  0x2,2
                +
000189 e182     +LDI R24 , LOW ( 18 )
                +__DELAY_USB_LOOP :
00018a 958a     +DEC R24
00018b f7f1     +BRNE __DELAY_USB_LOOP
                 	__DELAY_USB 18
00018c 9812      	CBI  0x2,2
                +
00018d e182     +LDI R24 , LOW ( 18 )
                +__DELAY_USB_LOOP :
00018e 958a     +DEC R24
00018f f7f1     +BRNE __DELAY_USB_LOOP
                 	__DELAY_USB 18
000190 c077      	RJMP _0x20A0001
                 __lcd_write_data:
000191 93aa      	ST   -Y,R26
000192 81a8      	LD   R26,Y
000193 dfe9      	RCALL __lcd_write_nibble_G101
000194 81e8          ld    r30,y
000195 95e2          swap  r30
000196 83e8          st    y,r30
000197 81a8      	LD   R26,Y
000198 dfe4      	RCALL __lcd_write_nibble_G101
                +
000199 eb88     +LDI R24 , LOW ( 184 )
                +__DELAY_USB_LOOP :
00019a 958a     +DEC R24
00019b f7f1     +BRNE __DELAY_USB_LOOP
                 	__DELAY_USB 184
00019c c06b      	RJMP _0x20A0001
                 _lcd_gotoxy:
00019d 93aa      	ST   -Y,R26
00019e 81e8      	LD   R30,Y
00019f e0f0      	LDI  R31,0
0001a0 5fe6      	SUBI R30,LOW(-__base_y_G101)
0001a1 4ff5      	SBCI R31,HIGH(-__base_y_G101)
0001a2 81e0      	LD   R30,Z
0001a3 81a9      	LDD  R26,Y+1
0001a4 0fae      	ADD  R26,R30
0001a5 dfeb      	RCALL __lcd_write_data
0001a6 8069      	LDD  R6,Y+1
0001a7 8058      	LDD  R5,Y+0
0001a8 9622      	ADIW R28,2
0001a9 9508      	RET
                 _lcd_clear:
0001aa e0a2      	LDI  R26,LOW(2)
0001ab 940e 020a 	CALL SUBOPT_0x0
0001ad e0ac      	LDI  R26,LOW(12)
0001ae dfe2      	RCALL __lcd_write_data
0001af e0a1      	LDI  R26,LOW(1)
0001b0 940e 020a 	CALL SUBOPT_0x0
0001b2 e0e0      	LDI  R30,LOW(0)
0001b3 2e5e      	MOV  R5,R30
0001b4 2e6e      	MOV  R6,R30
0001b5 9508      	RET
                 _lcd_putchar:
0001b6 93aa      	ST   -Y,R26
0001b7 81a8      	LD   R26,Y
0001b8 30aa      	CPI  R26,LOW(0xA)
0001b9 f011      	BREQ _0x2020005
0001ba 1468      	CP   R6,R8
0001bb f048      	BRLO _0x2020004
                 _0x2020005:
0001bc e0e0      	LDI  R30,LOW(0)
0001bd 93ea      	ST   -Y,R30
0001be 9453      	INC  R5
0001bf 2da5      	MOV  R26,R5
0001c0 dfdc      	RCALL _lcd_gotoxy
0001c1 81a8      	LD   R26,Y
0001c2 30aa      	CPI  R26,LOW(0xA)
0001c3 f409      	BRNE _0x2020007
0001c4 c043      	RJMP _0x20A0001
                 _0x2020007:
                 _0x2020004:
0001c5 9463      	INC  R6
0001c6 9a10      	SBI  0x2,0
0001c7 81a8      	LD   R26,Y
0001c8 dfc8      	RCALL __lcd_write_data
0001c9 9810      	CBI  0x2,0
0001ca c03d      	RJMP _0x20A0001
                 _lcd_puts:
0001cb 93ba      	ST   -Y,R27
0001cc 93aa      	ST   -Y,R26
0001cd 931a      	ST   -Y,R17
                 _0x2020008:
0001ce 81a9      	LDD  R26,Y+1
0001cf 81ba      	LDD  R27,Y+1+1
0001d0 91ed      	LD   R30,X+
0001d1 83a9      	STD  Y+1,R26
0001d2 83ba      	STD  Y+1+1,R27
0001d3 2f1e      	MOV  R17,R30
0001d4 30e0      	CPI  R30,0
0001d5 f019      	BREQ _0x202000A
0001d6 2fa1      	MOV  R26,R17
0001d7 dfde      	RCALL _lcd_putchar
0001d8 cff5      	RJMP _0x2020008
                 _0x202000A:
0001d9 8118      	LDD  R17,Y+0
0001da 9623      	ADIW R28,3
0001db 9508      	RET
                 _lcd_init:
0001dc 93aa      	ST   -Y,R26
0001dd b1e1      	IN   R30,0x1
0001de 6fe0      	ORI  R30,LOW(0xF0)
0001df b9e1      	OUT  0x1,R30
0001e0 9a0a      	SBI  0x1,2
0001e1 9a08      	SBI  0x1,0
0001e2 9a09      	SBI  0x1,1
0001e3 9812      	CBI  0x2,2
0001e4 9810      	CBI  0x2,0
0001e5 9811      	CBI  0x2,1
0001e6 8088      	LDD  R8,Y+0
0001e7 81e8      	LD   R30,Y
0001e8 58e0      	SUBI R30,-LOW(128)
                +
0001e9 93e0 0a0c+STS __base_y_G101 + ( 2 ) , R30
                 	__PUTB1MN __base_y_G101,2
0001eb 81e8      	LD   R30,Y
0001ec 54e0      	SUBI R30,-LOW(192)
                +
0001ed 93e0 0a0d+STS __base_y_G101 + ( 3 ) , R30
                 	__PUTB1MN __base_y_G101,3
0001ef e1a4      	LDI  R26,LOW(20)
0001f0 e0b0      	LDI  R27,0
0001f1 940e 0218 	CALL _delay_ms
0001f3 940e 0210 	CALL SUBOPT_0x1
0001f5 940e 0210 	CALL SUBOPT_0x1
0001f7 940e 0210 	CALL SUBOPT_0x1
0001f9 e2a0      	LDI  R26,LOW(32)
0001fa df82      	RCALL __lcd_write_nibble_G101
                +
0001fb e184     +LDI R24 , LOW ( 276 )
0001fc e091     +LDI R25 , HIGH ( 276 )
                +__DELAY_USW_LOOP :
0001fd 9701     +SBIW R24 , 1
0001fe f7f1     +BRNE __DELAY_USW_LOOP
                 	__DELAY_USW 276
0001ff e2a8      	LDI  R26,LOW(40)
000200 df90      	RCALL __lcd_write_data
000201 e0a4      	LDI  R26,LOW(4)
000202 df8e      	RCALL __lcd_write_data
000203 e8a5      	LDI  R26,LOW(133)
000204 df8c      	RCALL __lcd_write_data
000205 e0a6      	LDI  R26,LOW(6)
000206 df8a      	RCALL __lcd_write_data
000207 dfa2      	RCALL _lcd_clear
                 _0x20A0001:
000208 9621      	ADIW R28,1
000209 9508      	RET
                 
                 	.CSEG
                 
                 	.CSEG
                 
                 	.CSEG
                 
                 	.DSEG
                 _text:
000a03           	.BYTE 0x3
                 __seed_G100:
000a06           	.BYTE 0x4
                 __base_y_G101:
000a0a           	.BYTE 0x4
                 
                 	.CSEG
                 ;OPTIMIZER ADDED SUBROUTINE, CALLED 2 TIMES, CODE SIZE REDUCTION:3 WORDS
                 SUBOPT_0x0:
00020a 940e 0191 	CALL __lcd_write_data
00020c e0a3      	LDI  R26,LOW(3)
00020d e0b0      	LDI  R27,0
00020e 940c 0218 	JMP  _delay_ms
                 
                 ;OPTIMIZER ADDED SUBROUTINE, CALLED 3 TIMES, CODE SIZE REDUCTION:7 WORDS
                 SUBOPT_0x1:
000210 e3a0      	LDI  R26,LOW(48)
000211 940e 017d 	CALL __lcd_write_nibble_G101
                +
000213 e184     +LDI R24 , LOW ( 276 )
000214 e091     +LDI R25 , HIGH ( 276 )
                +__DELAY_USW_LOOP :
000215 9701     +SBIW R24 , 1
000216 f7f1     +BRNE __DELAY_USW_LOOP
                 	__DELAY_USW 276
000217 9508      	RET
                 
                 
                 	.CSEG
                 _delay_ms:
000218 9610      	adiw r26,0
000219 f039      	breq __delay_ms1
                 __delay_ms0:
                +
00021a ec8d     +LDI R24 , LOW ( 0xACD )
00021b e09a     +LDI R25 , HIGH ( 0xACD )
                +__DELAY_USW_LOOP :
00021c 9701     +SBIW R24 , 1
00021d f7f1     +BRNE __DELAY_USW_LOOP
                 	__DELAY_USW 0xACD
00021e 95a8      	wdr
00021f 9711      	sbiw r26,1
000220 f7c9      	brne __delay_ms0
                 __delay_ms1:
000221 9508      	ret
                 
                 __ROUND_REPACK:
000222 2355      	TST  R21
000223 f442      	BRPL __REPACK
000224 3850      	CPI  R21,0x80
000225 f411      	BRNE __ROUND_REPACK0
000226 ffe0      	SBRS R30,0
000227 c004      	RJMP __REPACK
                 __ROUND_REPACK0:
000228 9631      	ADIW R30,1
000229 1f69      	ADC  R22,R25
00022a 1f79      	ADC  R23,R25
00022b f06b      	BRVS __REPACK1
                 
                 __REPACK:
00022c e850      	LDI  R21,0x80
00022d 2757      	EOR  R21,R23
00022e f411      	BRNE __REPACK0
00022f 935f      	PUSH R21
000230 c073      	RJMP __ZERORES
                 __REPACK0:
000231 3f5f      	CPI  R21,0xFF
000232 f031      	BREQ __REPACK1
000233 0f66      	LSL  R22
000234 0c00      	LSL  R0
000235 9557      	ROR  R21
000236 9567      	ROR  R22
000237 2f75      	MOV  R23,R21
000238 9508      	RET
                 __REPACK1:
000239 935f      	PUSH R21
00023a 2000      	TST  R0
00023b f00a      	BRMI __REPACK2
00023c c073      	RJMP __MAXRES
                 __REPACK2:
00023d c06c      	RJMP __MINRES
                 
                 __UNPACK:
00023e e850      	LDI  R21,0x80
00023f 2e19      	MOV  R1,R25
000240 2215      	AND  R1,R21
000241 0f88      	LSL  R24
000242 1f99      	ROL  R25
000243 2795      	EOR  R25,R21
000244 0f55      	LSL  R21
000245 9587      	ROR  R24
                 
                 __UNPACK1:
000246 e850      	LDI  R21,0x80
000247 2e07      	MOV  R0,R23
000248 2205      	AND  R0,R21
000249 0f66      	LSL  R22
00024a 1f77      	ROL  R23
00024b 2775      	EOR  R23,R21
00024c 0f55      	LSL  R21
00024d 9567      	ROR  R22
00024e 9508      	RET
                 
                 __CFD1U:
00024f 9468      	SET
000250 c001      	RJMP __CFD1U0
                 __CFD1:
000251 94e8      	CLT
                 __CFD1U0:
000252 935f      	PUSH R21
000253 dff2      	RCALL __UNPACK1
000254 3870      	CPI  R23,0x80
000255 f018      	BRLO __CFD10
000256 3f7f      	CPI  R23,0xFF
000257 f408      	BRCC __CFD10
000258 c04b      	RJMP __ZERORES
                 __CFD10:
000259 e156      	LDI  R21,22
00025a 1b57      	SUB  R21,R23
00025b f4aa      	BRPL __CFD11
00025c 9551      	NEG  R21
00025d 3058      	CPI  R21,8
00025e f40e      	BRTC __CFD19
00025f 3059      	CPI  R21,9
                 __CFD19:
000260 f030      	BRLO __CFD17
000261 efef      	SER  R30
000262 efff      	SER  R31
000263 ef6f      	SER  R22
000264 e77f      	LDI  R23,0x7F
000265 f977      	BLD  R23,7
000266 c01a      	RJMP __CFD15
                 __CFD17:
000267 2777      	CLR  R23
000268 2355      	TST  R21
000269 f0b9      	BREQ __CFD15
                 __CFD18:
00026a 0fee      	LSL  R30
00026b 1fff      	ROL  R31
00026c 1f66      	ROL  R22
00026d 1f77      	ROL  R23
00026e 955a      	DEC  R21
00026f f7d1      	BRNE __CFD18
000270 c010      	RJMP __CFD15
                 __CFD11:
000271 2777      	CLR  R23
                 __CFD12:
000272 3058      	CPI  R21,8
000273 f028      	BRLO __CFD13
000274 2fef      	MOV  R30,R31
000275 2ff6      	MOV  R31,R22
000276 2f67      	MOV  R22,R23
000277 5058      	SUBI R21,8
000278 cff9      	RJMP __CFD12
                 __CFD13:
000279 2355      	TST  R21
00027a f031      	BREQ __CFD15
                 __CFD14:
00027b 9576      	LSR  R23
00027c 9567      	ROR  R22
00027d 95f7      	ROR  R31
00027e 95e7      	ROR  R30
00027f 955a      	DEC  R21
000280 f7d1      	BRNE __CFD14
                 __CFD15:
000281 2000      	TST  R0
000282 f40a      	BRPL __CFD16
000283 d0c5      	RCALL __ANEGD1
                 __CFD16:
000284 915f      	POP  R21
000285 9508      	RET
                 
                 __CDF1U:
000286 9468      	SET
000287 c001      	RJMP __CDF1U0
                 __CDF1:
000288 94e8      	CLT
                 __CDF1U0:
000289 9730      	SBIW R30,0
00028a 4060      	SBCI R22,0
00028b 4070      	SBCI R23,0
00028c f0b1      	BREQ __CDF10
00028d 2400      	CLR  R0
00028e f026      	BRTS __CDF11
00028f 2377      	TST  R23
000290 f412      	BRPL __CDF11
000291 9400      	COM  R0
000292 d0b6      	RCALL __ANEGD1
                 __CDF11:
000293 2e17      	MOV  R1,R23
000294 e17e      	LDI  R23,30
000295 2011      	TST  R1
                 __CDF12:
000296 f032      	BRMI __CDF13
000297 957a      	DEC  R23
000298 0fee      	LSL  R30
000299 1fff      	ROL  R31
00029a 1f66      	ROL  R22
00029b 1c11      	ROL  R1
00029c cff9      	RJMP __CDF12
                 __CDF13:
00029d 2fef      	MOV  R30,R31
00029e 2ff6      	MOV  R31,R22
00029f 2d61      	MOV  R22,R1
0002a0 935f      	PUSH R21
0002a1 df8a      	RCALL __REPACK
0002a2 915f      	POP  R21
                 __CDF10:
0002a3 9508      	RET
                 
                 __ZERORES:
0002a4 27ee      	CLR  R30
0002a5 27ff      	CLR  R31
0002a6 2766      	CLR  R22
0002a7 2777      	CLR  R23
0002a8 915f      	POP  R21
0002a9 9508      	RET
                 
                 __MINRES:
0002aa efef      	SER  R30
0002ab efff      	SER  R31
0002ac e76f      	LDI  R22,0x7F
0002ad ef7f      	SER  R23
0002ae 915f      	POP  R21
0002af 9508      	RET
                 
                 __MAXRES:
0002b0 efef      	SER  R30
0002b1 efff      	SER  R31
0002b2 e76f      	LDI  R22,0x7F
0002b3 e77f      	LDI  R23,0x7F
0002b4 915f      	POP  R21
0002b5 9508      	RET
                 
                 __MULF12:
0002b6 935f      	PUSH R21
0002b7 df86      	RCALL __UNPACK
0002b8 3870      	CPI  R23,0x80
0002b9 f351      	BREQ __ZERORES
0002ba 3890      	CPI  R25,0x80
0002bb f341      	BREQ __ZERORES
0002bc 2401      	EOR  R0,R1
0002bd 9408      	SEC
0002be 1f79      	ADC  R23,R25
0002bf f423      	BRVC __MULF124
0002c0 f31c      	BRLT __ZERORES
                 __MULF125:
0002c1 2000      	TST  R0
0002c2 f33a      	BRMI __MINRES
0002c3 cfec      	RJMP __MAXRES
                 __MULF124:
0002c4 920f      	PUSH R0
0002c5 931f      	PUSH R17
0002c6 932f      	PUSH R18
0002c7 933f      	PUSH R19
0002c8 934f      	PUSH R20
0002c9 2711      	CLR  R17
0002ca 2722      	CLR  R18
0002cb 2799      	CLR  R25
0002cc 9f68      	MUL  R22,R24
0002cd 01a0      	MOVW R20,R0
0002ce 9f8f      	MUL  R24,R31
0002cf 2d30      	MOV  R19,R0
0002d0 0d41      	ADD  R20,R1
0002d1 1f59      	ADC  R21,R25
0002d2 9f6b      	MUL  R22,R27
0002d3 0d30      	ADD  R19,R0
0002d4 1d41      	ADC  R20,R1
0002d5 1f59      	ADC  R21,R25
0002d6 9f8e      	MUL  R24,R30
0002d7 d027      	RCALL __MULF126
0002d8 9fbf      	MUL  R27,R31
0002d9 d025      	RCALL __MULF126
0002da 9f6a      	MUL  R22,R26
0002db d023      	RCALL __MULF126
0002dc 9fbe      	MUL  R27,R30
0002dd d01d      	RCALL __MULF127
0002de 9faf      	MUL  R26,R31
0002df d01b      	RCALL __MULF127
0002e0 9fae      	MUL  R26,R30
0002e1 0d11      	ADD  R17,R1
0002e2 1f29      	ADC  R18,R25
0002e3 1f39      	ADC  R19,R25
0002e4 1f49      	ADC  R20,R25
0002e5 1f59      	ADC  R21,R25
0002e6 2fe3      	MOV  R30,R19
0002e7 2ff4      	MOV  R31,R20
0002e8 2f65      	MOV  R22,R21
0002e9 2f52      	MOV  R21,R18
0002ea 914f      	POP  R20
0002eb 913f      	POP  R19
0002ec 912f      	POP  R18
0002ed 911f      	POP  R17
0002ee 900f      	POP  R0
0002ef 2366      	TST  R22
0002f0 f02a      	BRMI __MULF122
0002f1 0f55      	LSL  R21
0002f2 1fee      	ROL  R30
0002f3 1fff      	ROL  R31
0002f4 1f66      	ROL  R22
0002f5 c002      	RJMP __MULF123
                 __MULF122:
0002f6 9573      	INC  R23
0002f7 f24b      	BRVS __MULF125
                 __MULF123:
0002f8 df29      	RCALL __ROUND_REPACK
0002f9 915f      	POP  R21
0002fa 9508      	RET
                 
                 __MULF127:
0002fb 0d10      	ADD  R17,R0
0002fc 1d21      	ADC  R18,R1
0002fd 1f39      	ADC  R19,R25
0002fe c002      	RJMP __MULF128
                 __MULF126:
0002ff 0d20      	ADD  R18,R0
000300 1d31      	ADC  R19,R1
                 __MULF128:
000301 1f49      	ADC  R20,R25
000302 1f59      	ADC  R21,R25
000303 9508      	RET
                 
                 __DIVF21:
000304 935f      	PUSH R21
000305 df38      	RCALL __UNPACK
000306 3870      	CPI  R23,0x80
000307 f421      	BRNE __DIVF210
000308 2011      	TST  R1
                 __DIVF211:
000309 f40a      	BRPL __DIVF219
00030a cf9f      	RJMP __MINRES
                 __DIVF219:
00030b cfa4      	RJMP __MAXRES
                 __DIVF210:
00030c 3890      	CPI  R25,0x80
00030d f409      	BRNE __DIVF218
                 __DIVF217:
00030e cf95      	RJMP __ZERORES
                 __DIVF218:
00030f 2401      	EOR  R0,R1
000310 9408      	SEC
000311 0b97      	SBC  R25,R23
000312 f41b      	BRVC __DIVF216
000313 f3d4      	BRLT __DIVF217
000314 2000      	TST  R0
000315 cff3      	RJMP __DIVF211
                 __DIVF216:
000316 2f79      	MOV  R23,R25
000317 931f      	PUSH R17
000318 932f      	PUSH R18
000319 933f      	PUSH R19
00031a 934f      	PUSH R20
00031b 2411      	CLR  R1
00031c 2711      	CLR  R17
00031d 2722      	CLR  R18
00031e 2733      	CLR  R19
00031f 2744      	CLR  R20
000320 2755      	CLR  R21
000321 e290      	LDI  R25,32
                 __DIVF212:
000322 17ae      	CP   R26,R30
000323 07bf      	CPC  R27,R31
000324 0786      	CPC  R24,R22
000325 0741      	CPC  R20,R17
000326 f030      	BRLO __DIVF213
000327 1bae      	SUB  R26,R30
000328 0bbf      	SBC  R27,R31
000329 0b86      	SBC  R24,R22
00032a 0b41      	SBC  R20,R17
00032b 9408      	SEC
00032c c001      	RJMP __DIVF214
                 __DIVF213:
00032d 9488      	CLC
                 __DIVF214:
00032e 1f55      	ROL  R21
00032f 1f22      	ROL  R18
000330 1f33      	ROL  R19
000331 1c11      	ROL  R1
000332 1faa      	ROL  R26
000333 1fbb      	ROL  R27
000334 1f88      	ROL  R24
000335 1f44      	ROL  R20
000336 959a      	DEC  R25
000337 f751      	BRNE __DIVF212
000338 01f9      	MOVW R30,R18
000339 2d61      	MOV  R22,R1
00033a 914f      	POP  R20
00033b 913f      	POP  R19
00033c 912f      	POP  R18
00033d 911f      	POP  R17
00033e 2366      	TST  R22
00033f f032      	BRMI __DIVF215
000340 0f55      	LSL  R21
000341 1fee      	ROL  R30
000342 1fff      	ROL  R31
000343 1f66      	ROL  R22
000344 957a      	DEC  R23
000345 f243      	BRVS __DIVF217
                 __DIVF215:
000346 dedb      	RCALL __ROUND_REPACK
000347 915f      	POP  R21
000348 9508      	RET
                 
                 __ANEGD1:
000349 95f0      	COM  R31
00034a 9560      	COM  R22
00034b 9570      	COM  R23
00034c 95e1      	NEG  R30
00034d 4fff      	SBCI R31,-1
00034e 4f6f      	SBCI R22,-1
00034f 4f7f      	SBCI R23,-1
000350 9508      	RET
                 
                 __CWD1:
000351 2f6f      	MOV  R22,R31
000352 0f66      	ADD  R22,R22
000353 0b66      	SBC  R22,R22
000354 2f76      	MOV  R23,R22
000355 9508      	RET
                 
                 ;END OF CODE MARKER
                 __END_OF_CODE:


RESOURCE USE INFORMATION
------------------------

Notice:
The register and instruction counts are symbol table hit counts,
and hence implicitly used resources are not counted, eg, the
'lpm' instruction without operands implicitly uses r0 and z,
none of which are counted.

x,y,z are separate entities in the symbol table and are
counted separately from r26..r31 here.

.dseg memory usage only counts static data declared with .byte

ATmega1280 register use summary:
r0 :  22 r1 :  18 r2 :   0 r3 :   4 r4 :   4 r5 :   4 r6 :   4 r7 :   0 
r8 :   2 r9 :   0 r10:   0 r11:   0 r12:   0 r13:   0 r14:   0 r15:   0 
r16:   0 r17:  14 r18:  12 r19:  12 r20:  14 r21:  49 r22:  50 r23:  35 
r24:  40 r25:  33 r26:  57 r27:  20 r28:   4 r29:   1 r30: 137 r31:  38 
x  :   7 y  :  41 z  :   8 
Registers used: 25 out of 35 (71.4%)

ATmega1280 instruction use summary:
.lds  :   0 .lds.l:   0 .sts  :   0 .sts.l:   0 adc   :  15 add   :   7 
adiw  :   7 and   :   2 andi  :   6 asr   :   0 bclr  :   0 bld   :   1 
brbc  :   0 brbs  :   0 brcc  :   1 brcs  :   0 break :   0 breq  :  12 
brge  :   0 brhc  :   0 brhs  :   0 brid  :   0 brie  :   0 brlo  :   6 
brlt  :   2 brmi  :   5 brne  :  22 brpl  :   6 brsh  :   0 brtc  :   1 
brts  :   2 brvc  :   2 brvs  :   3 bset  :   0 bst   :   0 call  :  19 
cbi   :   5 cbr   :   1 clc   :   1 clh   :   0 cli   :   1 cln   :   0 
clr   :  21 cls   :   0 clt   :   3 clv   :   0 clz   :   0 com   :   6 
cp    :   3 cpc   :   4 cpi   :  14 cpse  :   0 dec   :  11 des   :   0 
elpm  :   0 eor   :   5 fmul  :   0 fmuls :   0 fmulsu:   0 icall :   0 
ijmp  :   0 in    :   3 inc   :   4 jmp   :  60 ld    :  18 ldd   :   7 
ldi   :  82 lds   :   7 lpm   :   7 lsl   :  10 lsr   :   1 mov   :  32 
movw  :   7 mul   :   9 muls  :   0 mulsu :   0 neg   :   2 nop   :   0 
or    :   1 ori   :   4 out   :  24 pop   :  16 push  :  15 rcall :  32 
ret   :  21 reti  :   0 rjmp  :  28 rol   :  22 ror   :   7 sbc   :   6 
sbci  :   6 sbi   :   5 sbic  :   0 sbis  :   0 sbiw  :   8 sbr   :   0 
sbrc  :   0 sbrs  :   1 sec   :   3 seh   :   0 sei   :   0 sen   :   0 
ser   :   8 ses   :   0 set   :   3 sev   :   0 sez   :   0 sleep :   0 
spm   :   0 st    :  22 std   :   2 sts   :  24 sub   :   3 subi  :   5 
swap  :   1 tst   :  13 wdr   :   2 
Instructions used: 70 out of 117 (59.8%)

ATmega1280 memory use summary [bytes]:
Segment   Begin    End      Code   Data   Used    Size   Use%
---------------------------------------------------------------
[.cseg] 0x000000 0x0006ac   1670     38   1708  131072   1.3%
[.dseg] 0x000200 0x000a0e      0     14     14    8703   0.2%
[.eseg] 0x000000 0x000000      0      0      0    4096   0.0%

Assembly complete, 0 errors, 7 warnings
