
AVRASM ver. 2.1.30  D:\amir-saeed\J9\List\product.asm Tue May 14 18:40:14 2019

D:\amir-saeed\J9\List\product.asm(1072): warning: Register r4 already defined by the .DEF directive
D:\amir-saeed\J9\List\product.asm(1073): warning: Register r6 already defined by the .DEF directive
D:\amir-saeed\J9\List\product.asm(1074): warning: Register r9 already defined by the .DEF directive
D:\amir-saeed\J9\List\product.asm(1075): warning: Register r8 already defined by the .DEF directive
D:\amir-saeed\J9\List\product.asm(1076): warning: Register r10 already defined by the .DEF directive
D:\amir-saeed\J9\List\product.asm(1077): warning: Register r13 already defined by the .DEF directive
D:\amir-saeed\J9\List\product.asm(1078): warning: Register r12 already defined by the .DEF directive
                 
                 
                 ;CodeVisionAVR C Compiler V2.05.3 Standard
                 ;(C) Copyright 1998-2011 Pavel Haiduc, HP InfoTech s.r.l.
                 ;http://www.hpinfotech.com
                 
                 ;Chip type                : ATmega32
                 ;Program type             : Application
                 ;Clock frequency          : 8.000000 MHz
                 ;Memory model             : Small
                 ;Optimize for             : Size
                 ;(s)printf features       : int, width
                 ;(s)scanf features        : int, width
                 ;External RAM size        : 0
                 ;Data Stack size          : 512 byte(s)
                 ;Heap size                : 0 byte(s)
                 ;Promote 'char' to 'int'  : Yes
                 ;'char' is unsigned       : Yes
                 ;8 bit enums              : Yes
                 ;Global 'const' stored in FLASH     : No
                 ;Enhanced function parameter passing: Yes
                 ;Enhanced core instructions         : On
                 ;Smart register allocation          : On
                 ;Automatic register allocation      : On
                 
                 	#pragma AVRPART ADMIN PART_NAME ATmega32
                 	#pragma AVRPART MEMORY PROG_FLASH 32768
                 	#pragma AVRPART MEMORY EEPROM 1024
                 	#pragma AVRPART MEMORY INT_SRAM SIZE 2143
                 	#pragma AVRPART MEMORY INT_SRAM START_ADDR 0x60
                 
                 	#define CALL_SUPPORTED 1
                 
                 	.LISTMAC
                 	.EQU UDRE=0x5
                 	.EQU RXC=0x7
                 	.EQU USR=0xB
                 	.EQU UDR=0xC
                 	.EQU SPSR=0xE
                 	.EQU SPDR=0xF
                 	.EQU EERE=0x0
                 	.EQU EEWE=0x1
                 	.EQU EEMWE=0x2
                 	.EQU EECR=0x1C
                 	.EQU EEDR=0x1D
                 	.EQU EEARL=0x1E
                 	.EQU EEARH=0x1F
                 	.EQU WDTCR=0x21
                 	.EQU MCUCR=0x35
                 	.EQU GICR=0x3B
                 	.EQU SPL=0x3D
                 	.EQU SPH=0x3E
                 	.EQU SREG=0x3F
                 
                 	.DEF R0X0=R0
                 	.DEF R0X1=R1
                 	.DEF R0X2=R2
                 	.DEF R0X3=R3
                 	.DEF R0X4=R4
                 	.DEF R0X5=R5
                 	.DEF R0X6=R6
                 	.DEF R0X7=R7
                 	.DEF R0X8=R8
                 	.DEF R0X9=R9
                 	.DEF R0XA=R10
                 	.DEF R0XB=R11
                 	.DEF R0XC=R12
                 	.DEF R0XD=R13
                 	.DEF R0XE=R14
                 	.DEF R0XF=R15
                 	.DEF R0X10=R16
                 	.DEF R0X11=R17
                 	.DEF R0X12=R18
                 	.DEF R0X13=R19
                 	.DEF R0X14=R20
                 	.DEF R0X15=R21
                 	.DEF R0X16=R22
                 	.DEF R0X17=R23
                 	.DEF R0X18=R24
                 	.DEF R0X19=R25
                 	.DEF R0X1A=R26
                 	.DEF R0X1B=R27
                 	.DEF R0X1C=R28
                 	.DEF R0X1D=R29
                 	.DEF R0X1E=R30
                 	.DEF R0X1F=R31
                 
                 	.EQU __SRAM_START=0x0060
                 	.EQU __SRAM_END=0x085F
                 	.EQU __DSTACK_SIZE=0x0200
                 	.EQU __HEAP_SIZE=0x0000
                 	.EQU __CLEAR_SRAM_SIZE=__SRAM_END-__SRAM_START+1
                 
                 	.MACRO __CPD1N
                 	CPI  R30,LOW(@0)
                 	LDI  R26,HIGH(@0)
                 	CPC  R31,R26
                 	LDI  R26,BYTE3(@0)
                 	CPC  R22,R26
                 	LDI  R26,BYTE4(@0)
                 	CPC  R23,R26
                 	.ENDM
                 
                 	.MACRO __CPD2N
                 	CPI  R26,LOW(@0)
                 	LDI  R30,HIGH(@0)
                 	CPC  R27,R30
                 	LDI  R30,BYTE3(@0)
                 	CPC  R24,R30
                 	LDI  R30,BYTE4(@0)
                 	CPC  R25,R30
                 	.ENDM
                 
                 	.MACRO __CPWRR
                 	CP   R@0,R@2
                 	CPC  R@1,R@3
                 	.ENDM
                 
                 	.MACRO __CPWRN
                 	CPI  R@0,LOW(@2)
                 	LDI  R30,HIGH(@2)
                 	CPC  R@1,R30
                 	.ENDM
                 
                 	.MACRO __ADDB1MN
                 	SUBI R30,LOW(-@0-(@1))
                 	.ENDM
                 
                 	.MACRO __ADDB2MN
                 	SUBI R26,LOW(-@0-(@1))
                 	.ENDM
                 
                 	.MACRO __ADDW1MN
                 	SUBI R30,LOW(-@0-(@1))
                 	SBCI R31,HIGH(-@0-(@1))
                 	.ENDM
                 
                 	.MACRO __ADDW2MN
                 	SUBI R26,LOW(-@0-(@1))
                 	SBCI R27,HIGH(-@0-(@1))
                 	.ENDM
                 
                 	.MACRO __ADDW1FN
                 	SUBI R30,LOW(-2*@0-(@1))
                 	SBCI R31,HIGH(-2*@0-(@1))
                 	.ENDM
                 
                 	.MACRO __ADDD1FN
                 	SUBI R30,LOW(-2*@0-(@1))
                 	SBCI R31,HIGH(-2*@0-(@1))
                 	SBCI R22,BYTE3(-2*@0-(@1))
                 	.ENDM
                 
                 	.MACRO __ADDD1N
                 	SUBI R30,LOW(-@0)
                 	SBCI R31,HIGH(-@0)
                 	SBCI R22,BYTE3(-@0)
                 	SBCI R23,BYTE4(-@0)
                 	.ENDM
                 
                 	.MACRO __ADDD2N
                 	SUBI R26,LOW(-@0)
                 	SBCI R27,HIGH(-@0)
                 	SBCI R24,BYTE3(-@0)
                 	SBCI R25,BYTE4(-@0)
                 	.ENDM
                 
                 	.MACRO __SUBD1N
                 	SUBI R30,LOW(@0)
                 	SBCI R31,HIGH(@0)
                 	SBCI R22,BYTE3(@0)
                 	SBCI R23,BYTE4(@0)
                 	.ENDM
                 
                 	.MACRO __SUBD2N
                 	SUBI R26,LOW(@0)
                 	SBCI R27,HIGH(@0)
                 	SBCI R24,BYTE3(@0)
                 	SBCI R25,BYTE4(@0)
                 	.ENDM
                 
                 	.MACRO __ANDBMNN
                 	LDS  R30,@0+(@1)
                 	ANDI R30,LOW(@2)
                 	STS  @0+(@1),R30
                 	.ENDM
                 
                 	.MACRO __ANDWMNN
                 	LDS  R30,@0+(@1)
                 	ANDI R30,LOW(@2)
                 	STS  @0+(@1),R30
                 	LDS  R30,@0+(@1)+1
                 	ANDI R30,HIGH(@2)
                 	STS  @0+(@1)+1,R30
                 	.ENDM
                 
                 	.MACRO __ANDD1N
                 	ANDI R30,LOW(@0)
                 	ANDI R31,HIGH(@0)
                 	ANDI R22,BYTE3(@0)
                 	ANDI R23,BYTE4(@0)
                 	.ENDM
                 
                 	.MACRO __ANDD2N
                 	ANDI R26,LOW(@0)
                 	ANDI R27,HIGH(@0)
                 	ANDI R24,BYTE3(@0)
                 	ANDI R25,BYTE4(@0)
                 	.ENDM
                 
                 	.MACRO __ORBMNN
                 	LDS  R30,@0+(@1)
                 	ORI  R30,LOW(@2)
                 	STS  @0+(@1),R30
                 	.ENDM
                 
                 	.MACRO __ORWMNN
                 	LDS  R30,@0+(@1)
                 	ORI  R30,LOW(@2)
                 	STS  @0+(@1),R30
                 	LDS  R30,@0+(@1)+1
                 	ORI  R30,HIGH(@2)
                 	STS  @0+(@1)+1,R30
                 	.ENDM
                 
                 	.MACRO __ORD1N
                 	ORI  R30,LOW(@0)
                 	ORI  R31,HIGH(@0)
                 	ORI  R22,BYTE3(@0)
                 	ORI  R23,BYTE4(@0)
                 	.ENDM
                 
                 	.MACRO __ORD2N
                 	ORI  R26,LOW(@0)
                 	ORI  R27,HIGH(@0)
                 	ORI  R24,BYTE3(@0)
                 	ORI  R25,BYTE4(@0)
                 	.ENDM
                 
                 	.MACRO __DELAY_USB
                 	LDI  R24,LOW(@0)
                 __DELAY_USB_LOOP:
                 	DEC  R24
                 	BRNE __DELAY_USB_LOOP
                 	.ENDM
                 
                 	.MACRO __DELAY_USW
                 	LDI  R24,LOW(@0)
                 	LDI  R25,HIGH(@0)
                 __DELAY_USW_LOOP:
                 	SBIW R24,1
                 	BRNE __DELAY_USW_LOOP
                 	.ENDM
                 
                 	.MACRO __GETD1S
                 	LDD  R30,Y+@0
                 	LDD  R31,Y+@0+1
                 	LDD  R22,Y+@0+2
                 	LDD  R23,Y+@0+3
                 	.ENDM
                 
                 	.MACRO __GETD2S
                 	LDD  R26,Y+@0
                 	LDD  R27,Y+@0+1
                 	LDD  R24,Y+@0+2
                 	LDD  R25,Y+@0+3
                 	.ENDM
                 
                 	.MACRO __PUTD1S
                 	STD  Y+@0,R30
                 	STD  Y+@0+1,R31
                 	STD  Y+@0+2,R22
                 	STD  Y+@0+3,R23
                 	.ENDM
                 
                 	.MACRO __PUTD2S
                 	STD  Y+@0,R26
                 	STD  Y+@0+1,R27
                 	STD  Y+@0+2,R24
                 	STD  Y+@0+3,R25
                 	.ENDM
                 
                 	.MACRO __PUTDZ2
                 	STD  Z+@0,R26
                 	STD  Z+@0+1,R27
                 	STD  Z+@0+2,R24
                 	STD  Z+@0+3,R25
                 	.ENDM
                 
                 	.MACRO __CLRD1S
                 	STD  Y+@0,R30
                 	STD  Y+@0+1,R30
                 	STD  Y+@0+2,R30
                 	STD  Y+@0+3,R30
                 	.ENDM
                 
                 	.MACRO __POINTB1MN
                 	LDI  R30,LOW(@0+(@1))
                 	.ENDM
                 
                 	.MACRO __POINTW1MN
                 	LDI  R30,LOW(@0+(@1))
                 	LDI  R31,HIGH(@0+(@1))
                 	.ENDM
                 
                 	.MACRO __POINTD1M
                 	LDI  R30,LOW(@0)
                 	LDI  R31,HIGH(@0)
                 	LDI  R22,BYTE3(@0)
                 	LDI  R23,BYTE4(@0)
                 	.ENDM
                 
                 	.MACRO __POINTW1FN
                 	LDI  R30,LOW(2*@0+(@1))
                 	LDI  R31,HIGH(2*@0+(@1))
                 	.ENDM
                 
                 	.MACRO __POINTD1FN
                 	LDI  R30,LOW(2*@0+(@1))
                 	LDI  R31,HIGH(2*@0+(@1))
                 	LDI  R22,BYTE3(2*@0+(@1))
                 	LDI  R23,BYTE4(2*@0+(@1))
                 	.ENDM
                 
                 	.MACRO __POINTB2MN
                 	LDI  R26,LOW(@0+(@1))
                 	.ENDM
                 
                 	.MACRO __POINTW2MN
                 	LDI  R26,LOW(@0+(@1))
                 	LDI  R27,HIGH(@0+(@1))
                 	.ENDM
                 
                 	.MACRO __POINTW2FN
                 	LDI  R26,LOW(2*@0+(@1))
                 	LDI  R27,HIGH(2*@0+(@1))
                 	.ENDM
                 
                 	.MACRO __POINTD2FN
                 	LDI  R26,LOW(2*@0+(@1))
                 	LDI  R27,HIGH(2*@0+(@1))
                 	LDI  R24,BYTE3(2*@0+(@1))
                 	LDI  R25,BYTE4(2*@0+(@1))
                 	.ENDM
                 
                 	.MACRO __POINTBRM
                 	LDI  R@0,LOW(@1)
                 	.ENDM
                 
                 	.MACRO __POINTWRM
                 	LDI  R@0,LOW(@2)
                 	LDI  R@1,HIGH(@2)
                 	.ENDM
                 
                 	.MACRO __POINTBRMN
                 	LDI  R@0,LOW(@1+(@2))
                 	.ENDM
                 
                 	.MACRO __POINTWRMN
                 	LDI  R@0,LOW(@2+(@3))
                 	LDI  R@1,HIGH(@2+(@3))
                 	.ENDM
                 
                 	.MACRO __POINTWRFN
                 	LDI  R@0,LOW(@2*2+(@3))
                 	LDI  R@1,HIGH(@2*2+(@3))
                 	.ENDM
                 
                 	.MACRO __GETD1N
                 	LDI  R30,LOW(@0)
                 	LDI  R31,HIGH(@0)
                 	LDI  R22,BYTE3(@0)
                 	LDI  R23,BYTE4(@0)
                 	.ENDM
                 
                 	.MACRO __GETD2N
                 	LDI  R26,LOW(@0)
                 	LDI  R27,HIGH(@0)
                 	LDI  R24,BYTE3(@0)
                 	LDI  R25,BYTE4(@0)
                 	.ENDM
                 
                 	.MACRO __GETB1MN
                 	LDS  R30,@0+(@1)
                 	.ENDM
                 
                 	.MACRO __GETB1HMN
                 	LDS  R31,@0+(@1)
                 	.ENDM
                 
                 	.MACRO __GETW1MN
                 	LDS  R30,@0+(@1)
                 	LDS  R31,@0+(@1)+1
                 	.ENDM
                 
                 	.MACRO __GETD1MN
                 	LDS  R30,@0+(@1)
                 	LDS  R31,@0+(@1)+1
                 	LDS  R22,@0+(@1)+2
                 	LDS  R23,@0+(@1)+3
                 	.ENDM
                 
                 	.MACRO __GETBRMN
                 	LDS  R@0,@1+(@2)
                 	.ENDM
                 
                 	.MACRO __GETWRMN
                 	LDS  R@0,@2+(@3)
                 	LDS  R@1,@2+(@3)+1
                 	.ENDM
                 
                 	.MACRO __GETWRZ
                 	LDD  R@0,Z+@2
                 	LDD  R@1,Z+@2+1
                 	.ENDM
                 
                 	.MACRO __GETD2Z
                 	LDD  R26,Z+@0
                 	LDD  R27,Z+@0+1
                 	LDD  R24,Z+@0+2
                 	LDD  R25,Z+@0+3
                 	.ENDM
                 
                 	.MACRO __GETB2MN
                 	LDS  R26,@0+(@1)
                 	.ENDM
                 
                 	.MACRO __GETW2MN
                 	LDS  R26,@0+(@1)
                 	LDS  R27,@0+(@1)+1
                 	.ENDM
                 
                 	.MACRO __GETD2MN
                 	LDS  R26,@0+(@1)
                 	LDS  R27,@0+(@1)+1
                 	LDS  R24,@0+(@1)+2
                 	LDS  R25,@0+(@1)+3
                 	.ENDM
                 
                 	.MACRO __PUTB1MN
                 	STS  @0+(@1),R30
                 	.ENDM
                 
                 	.MACRO __PUTW1MN
                 	STS  @0+(@1),R30
                 	STS  @0+(@1)+1,R31
                 	.ENDM
                 
                 	.MACRO __PUTD1MN
                 	STS  @0+(@1),R30
                 	STS  @0+(@1)+1,R31
                 	STS  @0+(@1)+2,R22
                 	STS  @0+(@1)+3,R23
                 	.ENDM
                 
                 	.MACRO __PUTB1EN
                 	LDI  R26,LOW(@0+(@1))
                 	LDI  R27,HIGH(@0+(@1))
                 	CALL __EEPROMWRB
                 	.ENDM
                 
                 	.MACRO __PUTW1EN
                 	LDI  R26,LOW(@0+(@1))
                 	LDI  R27,HIGH(@0+(@1))
                 	CALL __EEPROMWRW
                 	.ENDM
                 
                 	.MACRO __PUTD1EN
                 	LDI  R26,LOW(@0+(@1))
                 	LDI  R27,HIGH(@0+(@1))
                 	CALL __EEPROMWRD
                 	.ENDM
                 
                 	.MACRO __PUTBR0MN
                 	STS  @0+(@1),R0
                 	.ENDM
                 
                 	.MACRO __PUTBMRN
                 	STS  @0+(@1),R@2
                 	.ENDM
                 
                 	.MACRO __PUTWMRN
                 	STS  @0+(@1),R@2
                 	STS  @0+(@1)+1,R@3
                 	.ENDM
                 
                 	.MACRO __PUTBZR
                 	STD  Z+@1,R@0
                 	.ENDM
                 
                 	.MACRO __PUTWZR
                 	STD  Z+@2,R@0
                 	STD  Z+@2+1,R@1
                 	.ENDM
                 
                 	.MACRO __GETW1R
                 	MOV  R30,R@0
                 	MOV  R31,R@1
                 	.ENDM
                 
                 	.MACRO __GETW2R
                 	MOV  R26,R@0
                 	MOV  R27,R@1
                 	.ENDM
                 
                 	.MACRO __GETWRN
                 	LDI  R@0,LOW(@2)
                 	LDI  R@1,HIGH(@2)
                 	.ENDM
                 
                 	.MACRO __PUTW1R
                 	MOV  R@0,R30
                 	MOV  R@1,R31
                 	.ENDM
                 
                 	.MACRO __PUTW2R
                 	MOV  R@0,R26
                 	MOV  R@1,R27
                 	.ENDM
                 
                 	.MACRO __ADDWRN
                 	SUBI R@0,LOW(-@2)
                 	SBCI R@1,HIGH(-@2)
                 	.ENDM
                 
                 	.MACRO __ADDWRR
                 	ADD  R@0,R@2
                 	ADC  R@1,R@3
                 	.ENDM
                 
                 	.MACRO __SUBWRN
                 	SUBI R@0,LOW(@2)
                 	SBCI R@1,HIGH(@2)
                 	.ENDM
                 
                 	.MACRO __SUBWRR
                 	SUB  R@0,R@2
                 	SBC  R@1,R@3
                 	.ENDM
                 
                 	.MACRO __ANDWRN
                 	ANDI R@0,LOW(@2)
                 	ANDI R@1,HIGH(@2)
                 	.ENDM
                 
                 	.MACRO __ANDWRR
                 	AND  R@0,R@2
                 	AND  R@1,R@3
                 	.ENDM
                 
                 	.MACRO __ORWRN
                 	ORI  R@0,LOW(@2)
                 	ORI  R@1,HIGH(@2)
                 	.ENDM
                 
                 	.MACRO __ORWRR
                 	OR   R@0,R@2
                 	OR   R@1,R@3
                 	.ENDM
                 
                 	.MACRO __EORWRR
                 	EOR  R@0,R@2
                 	EOR  R@1,R@3
                 	.ENDM
                 
                 	.MACRO __GETWRS
                 	LDD  R@0,Y+@2
                 	LDD  R@1,Y+@2+1
                 	.ENDM
                 
                 	.MACRO __PUTBSR
                 	STD  Y+@1,R@0
                 	.ENDM
                 
                 	.MACRO __PUTWSR
                 	STD  Y+@2,R@0
                 	STD  Y+@2+1,R@1
                 	.ENDM
                 
                 	.MACRO __MOVEWRR
                 	MOV  R@0,R@2
                 	MOV  R@1,R@3
                 	.ENDM
                 
                 	.MACRO __INWR
                 	IN   R@0,@2
                 	IN   R@1,@2+1
                 	.ENDM
                 
                 	.MACRO __OUTWR
                 	OUT  @2+1,R@1
                 	OUT  @2,R@0
                 	.ENDM
                 
                 	.MACRO __CALL1MN
                 	LDS  R30,@0+(@1)
                 	LDS  R31,@0+(@1)+1
                 	ICALL
                 	.ENDM
                 
                 	.MACRO __CALL1FN
                 	LDI  R30,LOW(2*@0+(@1))
                 	LDI  R31,HIGH(2*@0+(@1))
                 	CALL __GETW1PF
                 	ICALL
                 	.ENDM
                 
                 	.MACRO __CALL2EN
                 	LDI  R26,LOW(@0+(@1))
                 	LDI  R27,HIGH(@0+(@1))
                 	CALL __EEPROMRDW
                 	ICALL
                 	.ENDM
                 
                 	.MACRO __GETW1STACK
                 	IN   R26,SPL
                 	IN   R27,SPH
                 	ADIW R26,@0+1
                 	LD   R30,X+
                 	LD   R31,X
                 	.ENDM
                 
                 	.MACRO __GETD1STACK
                 	IN   R26,SPL
                 	IN   R27,SPH
                 	ADIW R26,@0+1
                 	LD   R30,X+
                 	LD   R31,X+
                 	LD   R22,X
                 	.ENDM
                 
                 	.MACRO __NBST
                 	BST  R@0,@1
                 	IN   R30,SREG
                 	LDI  R31,0x40
                 	EOR  R30,R31
                 	OUT  SREG,R30
                 	.ENDM
                 
                 
                 	.MACRO __PUTB1SN
                 	LDD  R26,Y+@0
                 	LDD  R27,Y+@0+1
                 	SUBI R26,LOW(-@1)
                 	SBCI R27,HIGH(-@1)
                 	ST   X,R30
                 	.ENDM
                 
                 	.MACRO __PUTW1SN
                 	LDD  R26,Y+@0
                 	LDD  R27,Y+@0+1
                 	SUBI R26,LOW(-@1)
                 	SBCI R27,HIGH(-@1)
                 	ST   X+,R30
                 	ST   X,R31
                 	.ENDM
                 
                 	.MACRO __PUTD1SN
                 	LDD  R26,Y+@0
                 	LDD  R27,Y+@0+1
                 	SUBI R26,LOW(-@1)
                 	SBCI R27,HIGH(-@1)
                 	CALL __PUTDP1
                 	.ENDM
                 
                 	.MACRO __PUTB1SNS
                 	LDD  R26,Y+@0
                 	LDD  R27,Y+@0+1
                 	ADIW R26,@1
                 	ST   X,R30
                 	.ENDM
                 
                 	.MACRO __PUTW1SNS
                 	LDD  R26,Y+@0
                 	LDD  R27,Y+@0+1
                 	ADIW R26,@1
                 	ST   X+,R30
                 	ST   X,R31
                 	.ENDM
                 
                 	.MACRO __PUTD1SNS
                 	LDD  R26,Y+@0
                 	LDD  R27,Y+@0+1
                 	ADIW R26,@1
                 	CALL __PUTDP1
                 	.ENDM
                 
                 	.MACRO __PUTB1PMN
                 	LDS  R26,@0
                 	LDS  R27,@0+1
                 	SUBI R26,LOW(-@1)
                 	SBCI R27,HIGH(-@1)
                 	ST   X,R30
                 	.ENDM
                 
                 	.MACRO __PUTW1PMN
                 	LDS  R26,@0
                 	LDS  R27,@0+1
                 	SUBI R26,LOW(-@1)
                 	SBCI R27,HIGH(-@1)
                 	ST   X+,R30
                 	ST   X,R31
                 	.ENDM
                 
                 	.MACRO __PUTD1PMN
                 	LDS  R26,@0
                 	LDS  R27,@0+1
                 	SUBI R26,LOW(-@1)
                 	SBCI R27,HIGH(-@1)
                 	CALL __PUTDP1
                 	.ENDM
                 
                 	.MACRO __PUTB1PMNS
                 	LDS  R26,@0
                 	LDS  R27,@0+1
                 	ADIW R26,@1
                 	ST   X,R30
                 	.ENDM
                 
                 	.MACRO __PUTW1PMNS
                 	LDS  R26,@0
                 	LDS  R27,@0+1
                 	ADIW R26,@1
                 	ST   X+,R30
                 	ST   X,R31
                 	.ENDM
                 
                 	.MACRO __PUTD1PMNS
                 	LDS  R26,@0
                 	LDS  R27,@0+1
                 	ADIW R26,@1
                 	CALL __PUTDP1
                 	.ENDM
                 
                 	.MACRO __PUTB1RN
                 	MOVW R26,R@0
                 	SUBI R26,LOW(-@1)
                 	SBCI R27,HIGH(-@1)
                 	ST   X,R30
                 	.ENDM
                 
                 	.MACRO __PUTW1RN
                 	MOVW R26,R@0
                 	SUBI R26,LOW(-@1)
                 	SBCI R27,HIGH(-@1)
                 	ST   X+,R30
                 	ST   X,R31
                 	.ENDM
                 
                 	.MACRO __PUTD1RN
                 	MOVW R26,R@0
                 	SUBI R26,LOW(-@1)
                 	SBCI R27,HIGH(-@1)
                 	CALL __PUTDP1
                 	.ENDM
                 
                 	.MACRO __PUTB1RNS
                 	MOVW R26,R@0
                 	ADIW R26,@1
                 	ST   X,R30
                 	.ENDM
                 
                 	.MACRO __PUTW1RNS
                 	MOVW R26,R@0
                 	ADIW R26,@1
                 	ST   X+,R30
                 	ST   X,R31
                 	.ENDM
                 
                 	.MACRO __PUTD1RNS
                 	MOVW R26,R@0
                 	ADIW R26,@1
                 	CALL __PUTDP1
                 	.ENDM
                 
                 	.MACRO __PUTB1RON
                 	MOV  R26,R@0
                 	MOV  R27,R@1
                 	SUBI R26,LOW(-@2)
                 	SBCI R27,HIGH(-@2)
                 	ST   X,R30
                 	.ENDM
                 
                 	.MACRO __PUTW1RON
                 	MOV  R26,R@0
                 	MOV  R27,R@1
                 	SUBI R26,LOW(-@2)
                 	SBCI R27,HIGH(-@2)
                 	ST   X+,R30
                 	ST   X,R31
                 	.ENDM
                 
                 	.MACRO __PUTD1RON
                 	MOV  R26,R@0
                 	MOV  R27,R@1
                 	SUBI R26,LOW(-@2)
                 	SBCI R27,HIGH(-@2)
                 	CALL __PUTDP1
                 	.ENDM
                 
                 	.MACRO __PUTB1RONS
                 	MOV  R26,R@0
                 	MOV  R27,R@1
                 	ADIW R26,@2
                 	ST   X,R30
                 	.ENDM
                 
                 	.MACRO __PUTW1RONS
                 	MOV  R26,R@0
                 	MOV  R27,R@1
                 	ADIW R26,@2
                 	ST   X+,R30
                 	ST   X,R31
                 	.ENDM
                 
                 	.MACRO __PUTD1RONS
                 	MOV  R26,R@0
                 	MOV  R27,R@1
                 	ADIW R26,@2
                 	CALL __PUTDP1
                 	.ENDM
                 
                 
                 	.MACRO __GETB1SX
                 	MOVW R30,R28
                 	SUBI R30,LOW(-@0)
                 	SBCI R31,HIGH(-@0)
                 	LD   R30,Z
                 	.ENDM
                 
                 	.MACRO __GETB1HSX
                 	MOVW R30,R28
                 	SUBI R30,LOW(-@0)
                 	SBCI R31,HIGH(-@0)
                 	LD   R31,Z
                 	.ENDM
                 
                 	.MACRO __GETW1SX
                 	MOVW R30,R28
                 	SUBI R30,LOW(-@0)
                 	SBCI R31,HIGH(-@0)
                 	LD   R0,Z+
                 	LD   R31,Z
                 	MOV  R30,R0
                 	.ENDM
                 
                 	.MACRO __GETD1SX
                 	MOVW R30,R28
                 	SUBI R30,LOW(-@0)
                 	SBCI R31,HIGH(-@0)
                 	LD   R0,Z+
                 	LD   R1,Z+
                 	LD   R22,Z+
                 	LD   R23,Z
                 	MOVW R30,R0
                 	.ENDM
                 
                 	.MACRO __GETB2SX
                 	MOVW R26,R28
                 	SUBI R26,LOW(-@0)
                 	SBCI R27,HIGH(-@0)
                 	LD   R26,X
                 	.ENDM
                 
                 	.MACRO __GETW2SX
                 	MOVW R26,R28
                 	SUBI R26,LOW(-@0)
                 	SBCI R27,HIGH(-@0)
                 	LD   R0,X+
                 	LD   R27,X
                 	MOV  R26,R0
                 	.ENDM
                 
                 	.MACRO __GETD2SX
                 	MOVW R26,R28
                 	SUBI R26,LOW(-@0)
                 	SBCI R27,HIGH(-@0)
                 	LD   R0,X+
                 	LD   R1,X+
                 	LD   R24,X+
                 	LD   R25,X
                 	MOVW R26,R0
                 	.ENDM
                 
                 	.MACRO __GETBRSX
                 	MOVW R30,R28
                 	SUBI R30,LOW(-@1)
                 	SBCI R31,HIGH(-@1)
                 	LD   R@0,Z
                 	.ENDM
                 
                 	.MACRO __GETWRSX
                 	MOVW R30,R28
                 	SUBI R30,LOW(-@2)
                 	SBCI R31,HIGH(-@2)
                 	LD   R@0,Z+
                 	LD   R@1,Z
                 	.ENDM
                 
                 	.MACRO __GETBRSX2
                 	MOVW R26,R28
                 	SUBI R26,LOW(-@1)
                 	SBCI R27,HIGH(-@1)
                 	LD   R@0,X
                 	.ENDM
                 
                 	.MACRO __GETWRSX2
                 	MOVW R26,R28
                 	SUBI R26,LOW(-@2)
                 	SBCI R27,HIGH(-@2)
                 	LD   R@0,X+
                 	LD   R@1,X
                 	.ENDM
                 
                 	.MACRO __LSLW8SX
                 	MOVW R30,R28
                 	SUBI R30,LOW(-@0)
                 	SBCI R31,HIGH(-@0)
                 	LD   R31,Z
                 	CLR  R30
                 	.ENDM
                 
                 	.MACRO __PUTB1SX
                 	MOVW R26,R28
                 	SUBI R26,LOW(-@0)
                 	SBCI R27,HIGH(-@0)
                 	ST   X,R30
                 	.ENDM
                 
                 	.MACRO __PUTW1SX
                 	MOVW R26,R28
                 	SUBI R26,LOW(-@0)
                 	SBCI R27,HIGH(-@0)
                 	ST   X+,R30
                 	ST   X,R31
                 	.ENDM
                 
                 	.MACRO __PUTD1SX
                 	MOVW R26,R28
                 	SUBI R26,LOW(-@0)
                 	SBCI R27,HIGH(-@0)
                 	ST   X+,R30
                 	ST   X+,R31
                 	ST   X+,R22
                 	ST   X,R23
                 	.ENDM
                 
                 	.MACRO __CLRW1SX
                 	MOVW R26,R28
                 	SUBI R26,LOW(-@0)
                 	SBCI R27,HIGH(-@0)
                 	ST   X+,R30
                 	ST   X,R30
                 	.ENDM
                 
                 	.MACRO __CLRD1SX
                 	MOVW R26,R28
                 	SUBI R26,LOW(-@0)
                 	SBCI R27,HIGH(-@0)
                 	ST   X+,R30
                 	ST   X+,R30
                 	ST   X+,R30
                 	ST   X,R30
                 	.ENDM
                 
                 	.MACRO __PUTB2SX
                 	MOVW R30,R28
                 	SUBI R30,LOW(-@0)
                 	SBCI R31,HIGH(-@0)
                 	ST   Z,R26
                 	.ENDM
                 
                 	.MACRO __PUTW2SX
                 	MOVW R30,R28
                 	SUBI R30,LOW(-@0)
                 	SBCI R31,HIGH(-@0)
                 	ST   Z+,R26
                 	ST   Z,R27
                 	.ENDM
                 
                 	.MACRO __PUTD2SX
                 	MOVW R30,R28
                 	SUBI R30,LOW(-@0)
                 	SBCI R31,HIGH(-@0)
                 	ST   Z+,R26
                 	ST   Z+,R27
                 	ST   Z+,R24
                 	ST   Z,R25
                 	.ENDM
                 
                 	.MACRO __PUTBSRX
                 	MOVW R30,R28
                 	SUBI R30,LOW(-@1)
                 	SBCI R31,HIGH(-@1)
                 	ST   Z,R@0
                 	.ENDM
                 
                 	.MACRO __PUTWSRX
                 	MOVW R30,R28
                 	SUBI R30,LOW(-@2)
                 	SBCI R31,HIGH(-@2)
                 	ST   Z+,R@0
                 	ST   Z,R@1
                 	.ENDM
                 
                 	.MACRO __PUTB1SNX
                 	MOVW R26,R28
                 	SUBI R26,LOW(-@0)
                 	SBCI R27,HIGH(-@0)
                 	LD   R0,X+
                 	LD   R27,X
                 	MOV  R26,R0
                 	SUBI R26,LOW(-@1)
                 	SBCI R27,HIGH(-@1)
                 	ST   X,R30
                 	.ENDM
                 
                 	.MACRO __PUTW1SNX
                 	MOVW R26,R28
                 	SUBI R26,LOW(-@0)
                 	SBCI R27,HIGH(-@0)
                 	LD   R0,X+
                 	LD   R27,X
                 	MOV  R26,R0
                 	SUBI R26,LOW(-@1)
                 	SBCI R27,HIGH(-@1)
                 	ST   X+,R30
                 	ST   X,R31
                 	.ENDM
                 
                 	.MACRO __PUTD1SNX
                 	MOVW R26,R28
                 	SUBI R26,LOW(-@0)
                 	SBCI R27,HIGH(-@0)
                 	LD   R0,X+
                 	LD   R27,X
                 	MOV  R26,R0
                 	SUBI R26,LOW(-@1)
                 	SBCI R27,HIGH(-@1)
                 	ST   X+,R30
                 	ST   X+,R31
                 	ST   X+,R22
                 	ST   X,R23
                 	.ENDM
                 
                 	.MACRO __MULBRR
                 	MULS R@0,R@1
                 	MOVW R30,R0
                 	.ENDM
                 
                 	.MACRO __MULBRRU
                 	MUL  R@0,R@1
                 	MOVW R30,R0
                 	.ENDM
                 
                 	.MACRO __MULBRR0
                 	MULS R@0,R@1
                 	.ENDM
                 
                 	.MACRO __MULBRRU0
                 	MUL  R@0,R@1
                 	.ENDM
                 
                 	.MACRO __MULBNWRU
                 	LDI  R26,@2
                 	MUL  R26,R@0
                 	MOVW R30,R0
                 	MUL  R26,R@1
                 	ADD  R31,R0
                 	.ENDM
                 
                 ;NAME DEFINITIONS FOR GLOBAL VARIABLES ALLOCATED TO REGISTERS
                 	.DEF _operand1=R4
                 	.DEF _operand2=R6
                 	.DEF _flag=R9
                 	.DEF _operation=R8
                 	.DEF _result=R10
                 	.DEF __lcd_x=R13
                 	.DEF __lcd_y=R12
                 
                 	.CSEG
                 	.ORG 0x00
                 
                 ;START OF CODE MARKER
                 __START_OF_CODE:
                 
                 ;INTERRUPT VECTORS
000000 940c 003e 	JMP  __RESET
000002 940c 0000 	JMP  0x00
000004 940c 0000 	JMP  0x00
000006 940c 0000 	JMP  0x00
000008 940c 0000 	JMP  0x00
00000a 940c 0000 	JMP  0x00
00000c 940c 0000 	JMP  0x00
00000e 940c 0000 	JMP  0x00
000010 940c 0000 	JMP  0x00
000012 940c 0000 	JMP  0x00
000014 940c 0000 	JMP  0x00
000016 940c 0000 	JMP  0x00
000018 940c 0000 	JMP  0x00
00001a 940c 0000 	JMP  0x00
00001c 940c 0000 	JMP  0x00
00001e 940c 0000 	JMP  0x00
000020 940c 0000 	JMP  0x00
000022 940c 0000 	JMP  0x00
000024 940c 0000 	JMP  0x00
000026 940c 0000 	JMP  0x00
000028 940c 0000 	JMP  0x00
                 
                 _0x3F:
00002a ffff
00002b ffff
00002c 0000      	.DB  0xFF,0xFF,0xFF,0xFF,0x0,0x0
                 _0x2000003:
00002d c080      	.DB  0x80,0xC0
                 _0x2020060:
D:\amir-saeed\J9\List\product.asm(1114): warning: .cseg .db misalignment - padding zero byte
00002e 0001      	.DB  0x1
                 _0x2020000:
00002f 4e2d
000030 4e41
000031 4900
000032 464e      	.DB  0x2D,0x4E,0x41,0x4E,0x0,0x49,0x4E,0x46
D:\amir-saeed\J9\List\product.asm(1117): warning: .cseg .db misalignment - padding zero byte
000033 0000      	.DB  0x0
                 
                 __GLOBAL_INI_TBL:
000034 0006      	.DW  0x06
000035 0004      	.DW  0x04
000036 0054      	.DW  _0x3F*2
                 
000037 0002      	.DW  0x02
000038 0264      	.DW  __base_y_G100
000039 005a      	.DW  _0x2000003*2
                 
00003a 0001      	.DW  0x01
00003b 0269      	.DW  __seed_G101
00003c 005c      	.DW  _0x2020060*2
                 
                 _0xFFFFFFFF:
00003d 0000      	.DW  0
                 
                 __RESET:
00003e 94f8      	CLI
00003f 27ee      	CLR  R30
000040 bbec      	OUT  EECR,R30
                 
                 ;INTERRUPT VECTORS ARE PLACED
                 ;AT THE START OF FLASH
000041 e0f1      	LDI  R31,1
000042 bffb      	OUT  GICR,R31
000043 bfeb      	OUT  GICR,R30
000044 bfe5      	OUT  MCUCR,R30
                 
                 ;DISABLE WATCHDOG
000045 e1f8      	LDI  R31,0x18
000046 bdf1      	OUT  WDTCR,R31
000047 bde1      	OUT  WDTCR,R30
                 
                 ;CLEAR R2-R14
000048 e08d      	LDI  R24,(14-2)+1
000049 e0a2      	LDI  R26,2
00004a 27bb      	CLR  R27
                 __CLEAR_REG:
00004b 93ed      	ST   X+,R30
00004c 958a      	DEC  R24
00004d f7e9      	BRNE __CLEAR_REG
                 
                 ;CLEAR SRAM
00004e e080      	LDI  R24,LOW(__CLEAR_SRAM_SIZE)
00004f e098      	LDI  R25,HIGH(__CLEAR_SRAM_SIZE)
000050 e6a0      	LDI  R26,__SRAM_START
                 __CLEAR_SRAM:
000051 93ed      	ST   X+,R30
000052 9701      	SBIW R24,1
000053 f7e9      	BRNE __CLEAR_SRAM
                 
                 ;GLOBAL VARIABLES INITIALIZATION
000054 e6e8      	LDI  R30,LOW(__GLOBAL_INI_TBL*2)
000055 e0f0      	LDI  R31,HIGH(__GLOBAL_INI_TBL*2)
                 __GLOBAL_INI_NEXT:
000056 9185      	LPM  R24,Z+
000057 9195      	LPM  R25,Z+
000058 9700      	SBIW R24,0
000059 f061      	BREQ __GLOBAL_INI_END
00005a 91a5      	LPM  R26,Z+
00005b 91b5      	LPM  R27,Z+
00005c 9005      	LPM  R0,Z+
00005d 9015      	LPM  R1,Z+
00005e 01bf      	MOVW R22,R30
00005f 01f0      	MOVW R30,R0
                 __GLOBAL_INI_LOOP:
000060 9005      	LPM  R0,Z+
000061 920d      	ST   X+,R0
000062 9701      	SBIW R24,1
000063 f7e1      	BRNE __GLOBAL_INI_LOOP
000064 01fb      	MOVW R30,R22
000065 cff0      	RJMP __GLOBAL_INI_NEXT
                 __GLOBAL_INI_END:
                 
                 ;HARDWARE STACK POINTER INITIALIZATION
000066 e5ef      	LDI  R30,LOW(__SRAM_END-__HEAP_SIZE)
000067 bfed      	OUT  SPL,R30
000068 e0e8      	LDI  R30,HIGH(__SRAM_END-__HEAP_SIZE)
000069 bfee      	OUT  SPH,R30
                 
                 ;DATA STACK POINTER INITIALIZATION
00006a e6c0      	LDI  R28,LOW(__SRAM_START+__DSTACK_SIZE)
00006b e0d2      	LDI  R29,HIGH(__SRAM_START+__DSTACK_SIZE)
                 
00006c 940c 00dc 	JMP  _main
                 
                 	.ESEG
                 	.ORG 0
                 
                 	.DSEG
                 	.ORG 0x260
                 
                 	.CSEG
                 ;/*****************************************************
                 ;This program was produced by the
                 ;CodeWizardAVR V2.05.3 Standard
                 ;Automatic Program Generator
                 ;© Copyright 1998-2011 Pavel Haiduc, HP InfoTech s.r.l.
                 ;http://www.hpinfotech.com
                 ;
                 ;Project :
                 ;Version :
                 ;Date    : 5/14/2019
                 ;Author  : admin
                 ;Company : IUST
                 ;Comments:
                 ;
                 ;
                 ;Chip type               : ATmega32
                 ;Program type            : Application
                 ;AVR Core Clock frequency: 8.000000 MHz
                 ;Memory model            : Small
                 ;External RAM size       : 0
                 ;Data Stack size         : 512
                 ;*****************************************************/
                 ;
                 ;#include <mega32.h>
                 	#ifndef __SLEEP_DEFINED__
                 	#define __SLEEP_DEFINED__
                 	.EQU __se_bit=0x80
                 	.EQU __sm_mask=0x70
                 	.EQU __sm_powerdown=0x20
                 	.EQU __sm_powersave=0x30
                 	.EQU __sm_standby=0x60
                 	.EQU __sm_ext_standby=0x70
                 	.EQU __sm_adc_noise_red=0x10
                 	.SET power_ctrl_reg=mcucr
                 	#endif
                 ;
                 ;// Alphanumeric LCD functions
                 ;#include <alcd.h>
                 ;#include <delay.h>
                 ;#include <stdlib.h>
                 ;
                 ;// Declare your global variables here
                 ;
                 ;int operand1 = -1;
                 ;int operand2 = -1;
                 ;char flag = 0;
                 ;char operation;
                 ;char result_char[4];
                 ;int result;
                 ;
                 ;void calc(char a){
                 ; 0000 0028 void calc(char a){
                 
                 	.CSEG
                 _calc:
                 ; 0000 0029 
                 ; 0000 002A     if(a == 1 || a == 2 || a == 3 || a == 4 || a == 5 || a == 6 || a == 7 || a == 8 || a == 9 || a == 0){
00006e 93aa      	ST   -Y,R26
                 ;	a -> Y+0
00006f 81a8      	LD   R26,Y
000070 30a1      	CPI  R26,LOW(0x1)
000071 f091      	BREQ _0x4
000072 30a2      	CPI  R26,LOW(0x2)
000073 f081      	BREQ _0x4
000074 30a3      	CPI  R26,LOW(0x3)
000075 f071      	BREQ _0x4
000076 30a4      	CPI  R26,LOW(0x4)
000077 f061      	BREQ _0x4
000078 30a5      	CPI  R26,LOW(0x5)
000079 f051      	BREQ _0x4
00007a 30a6      	CPI  R26,LOW(0x6)
00007b f041      	BREQ _0x4
00007c 30a7      	CPI  R26,LOW(0x7)
00007d f031      	BREQ _0x4
00007e 30a8      	CPI  R26,LOW(0x8)
00007f f021      	BREQ _0x4
000080 30a9      	CPI  R26,LOW(0x9)
000081 f011      	BREQ _0x4
000082 30a0      	CPI  R26,LOW(0x0)
000083 f4e1      	BRNE _0x3
                 _0x4:
                 ; 0000 002B         if(!flag){
000084 2099      	TST  R9
000085 f469      	BRNE _0x6
                 ; 0000 002C             if ( operand1 != -1){
000086 efef      	LDI  R30,LOW(65535)
000087 efff      	LDI  R31,HIGH(65535)
000088 15e4      	CP   R30,R4
000089 05f5      	CPC  R31,R5
00008a f029      	BREQ _0x7
                 ; 0000 002D             operand1 = operand1 * 10 + a;
00008b 01f2      	MOVW R30,R4
00008c 940e 0239 	CALL SUBOPT_0x0
00008e 012f      	MOVW R4,R30
                 ; 0000 002E             }
                 ; 0000 002F             else{
00008f c002      	RJMP _0x8
                 _0x7:
                 ; 0000 0030                 operand1 = a;
000090 8048      	LDD  R4,Y+0
000091 2455      	CLR  R5
                 ; 0000 0031             }
                 _0x8:
                 ; 0000 0032         }
                 ; 0000 0033         else{
000092 c00c      	RJMP _0x9
                 _0x6:
                 ; 0000 0034             if ( operand2 != -1){
000093 efef      	LDI  R30,LOW(65535)
000094 efff      	LDI  R31,HIGH(65535)
000095 15e6      	CP   R30,R6
000096 05f7      	CPC  R31,R7
000097 f029      	BREQ _0xA
                 ; 0000 0035                 operand2 = operand2 * 10 + a;
000098 01f3      	MOVW R30,R6
000099 940e 0239 	CALL SUBOPT_0x0
00009b 013f      	MOVW R6,R30
                 ; 0000 0036             }
                 ; 0000 0037             else{
00009c c002      	RJMP _0xB
                 _0xA:
                 ; 0000 0038                 operand2 = a;
00009d 8068      	LDD  R6,Y+0
00009e 2477      	CLR  R7
                 ; 0000 0039             }
                 _0xB:
                 ; 0000 003A         }
                 _0x9:
                 ; 0000 003B     }
                 ; 0000 003C     else if( a == '='){
00009f c03b      	RJMP _0xC
                 _0x3:
0000a0 81a8      	LD   R26,Y
0000a1 33ad      	CPI  R26,LOW(0x3D)
0000a2 f551      	BRNE _0xD
                 ; 0000 003D         if (operation == '+'){
0000a3 e2eb      	LDI  R30,LOW(43)
0000a4 15e8      	CP   R30,R8
0000a5 f421      	BRNE _0xE
                 ; 0000 003E             result = operand1 + operand2;
0000a6 01f3      	MOVW R30,R6
0000a7 0de4      	ADD  R30,R4
0000a8 1df5      	ADC  R31,R5
0000a9 c016      	RJMP _0x3E
                 ; 0000 003F         }
                 ; 0000 0040         else if (operation == '-'){
                 _0xE:
0000aa e2ed      	LDI  R30,LOW(45)
0000ab 15e8      	CP   R30,R8
0000ac f421      	BRNE _0x10
                 ; 0000 0041             result = operand1 - operand2;
0000ad 01f2      	MOVW R30,R4
0000ae 19e6      	SUB  R30,R6
0000af 09f7      	SBC  R31,R7
0000b0 c00f      	RJMP _0x3E
                 ; 0000 0042         }
                 ; 0000 0043         else if (operation == '*'){
                 _0x10:
0000b1 e2ea      	LDI  R30,LOW(42)
0000b2 15e8      	CP   R30,R8
0000b3 f429      	BRNE _0x12
                 ; 0000 0044             result = operand1 * operand2;
0000b4 01f3      	MOVW R30,R6
0000b5 01d2      	MOVW R26,R4
0000b6 940e 0269 	CALL __MULW12
0000b8 c007      	RJMP _0x3E
                 ; 0000 0045         }
                 ; 0000 0046         else if (operation == '/'){
                 _0x12:
0000b9 e2ef      	LDI  R30,LOW(47)
0000ba 15e8      	CP   R30,R8
0000bb f429      	BRNE _0x14
                 ; 0000 0047             result = operand1 / operand2;
0000bc 01f3      	MOVW R30,R6
0000bd 01d2      	MOVW R26,R4
0000be 940e 0281 	CALL __DIVW21
                 _0x3E:
0000c0 015f      	MOVW R10,R30
                 ; 0000 0048         }
                 ; 0000 0049         operand1 = -1;
                 _0x14:
0000c1 efef      	LDI  R30,LOW(65535)
0000c2 efff      	LDI  R31,HIGH(65535)
0000c3 012f      	MOVW R4,R30
                 ; 0000 004A         operand2 = -1;
0000c4 013f      	MOVW R6,R30
                 ; 0000 004B         flag = 0;
0000c5 2499      	CLR  R9
                 ; 0000 004C         itoa(result, result_char);
0000c6 92ba      	ST   -Y,R11
0000c7 92aa      	ST   -Y,R10
0000c8 e6a0      	LDI  R26,LOW(_result_char)
0000c9 e0b2      	LDI  R27,HIGH(_result_char)
0000ca 940e 020b 	CALL _itoa
                 ; 0000 004D     }
                 ; 0000 004E     else if (a == 'c') {
0000cc c00e      	RJMP _0x15
                 _0xD:
0000cd 81a8      	LD   R26,Y
0000ce 36a3      	CPI  R26,LOW(0x63)
0000cf f431      	BRNE _0x16
                 ; 0000 004F         operand1 = operand2 = -1;
0000d0 efef      	LDI  R30,LOW(65535)
0000d1 efff      	LDI  R31,HIGH(65535)
0000d2 013f      	MOVW R6,R30
0000d3 012f      	MOVW R4,R30
                 ; 0000 0050        flag = 0;
0000d4 2499      	CLR  R9
                 ; 0000 0051     }
                 ; 0000 0052 
                 ; 0000 0053     else {
0000d5 c005      	RJMP _0x17
                 _0x16:
                 ; 0000 0054         operation = a;
0000d6 8088      	LDD  R8,Y+0
                 ; 0000 0055         flag = !flag;
0000d7 2de9      	MOV  R30,R9
0000d8 940e 025c 	CALL __LNEGB1
0000da 2e9e      	MOV  R9,R30
                 ; 0000 0056     }
                 _0x17:
                 _0x15:
                 _0xC:
                 ; 0000 0057 
                 ; 0000 0058 
                 ; 0000 0059 
                 ; 0000 005A 
                 ; 0000 005B }
0000db c12d      	RJMP _0x20A0001
                 ;
                 ;
                 ;void main(void)
                 ; 0000 005F {
                 _main:
                 ; 0000 0060 
                 ; 0000 0061 
                 ; 0000 0062 // Declare your local variables here
                 ; 0000 0063 
                 ; 0000 0064 // Input/Output Ports initialization
                 ; 0000 0065 // Port A initialization
                 ; 0000 0066 // Func7=In Func6=In Func5=In Func4=In Func3=In Func2=In Func1=In Func0=In
                 ; 0000 0067 // State7=T State6=T State5=T State4=T State3=T State2=T State1=T State0=T
                 ; 0000 0068 PORTA=0x00;
0000dc e0e0      	LDI  R30,LOW(0)
0000dd bbeb      	OUT  0x1B,R30
                 ; 0000 0069 DDRA=0x00;
0000de bbea      	OUT  0x1A,R30
                 ; 0000 006A 
                 ; 0000 006B // Port B initialization
                 ; 0000 006C // Func7=In Func6=In Func5=In Func4=In Func3=In Func2=In Func1=In Func0=In
                 ; 0000 006D // State7=T State6=T State5=T State4=T State3=T State2=T State1=T State0=T
                 ; 0000 006E PORTB=0x00;
0000df bbe8      	OUT  0x18,R30
                 ; 0000 006F DDRB=0x00;
0000e0 bbe7      	OUT  0x17,R30
                 ; 0000 0070 
                 ; 0000 0071 // Port C initialization
                 ; 0000 0072 // Func7=In Func6=In Func5=In Func4=In Func3=In Func2=In Func1=In Func0=In
                 ; 0000 0073 // State7=T State6=T State5=T State4=T State3=T State2=T State1=T State0=T
                 ; 0000 0074 PORTC=0x00;
0000e1 bbe5      	OUT  0x15,R30
                 ; 0000 0075 DDRC=0x00;
0000e2 bbe4      	OUT  0x14,R30
                 ; 0000 0076 
                 ; 0000 0077 // Port D initialization
                 ; 0000 0078 // Func7=Out Func6=Out Func5=Out Func4=Out Func3=In Func2=In Func1=In Func0=In
                 ; 0000 0079 // State7=0 State6=0 State5=0 State4=0 State3=T State2=T State1=T State0=T
                 ; 0000 007A PORTD=0x00;
0000e3 bbe2      	OUT  0x12,R30
                 ; 0000 007B DDRD=0x0F;
0000e4 e0ef      	LDI  R30,LOW(15)
0000e5 bbe1      	OUT  0x11,R30
                 ; 0000 007C 
                 ; 0000 007D // Alphanumeric LCD initialization
                 ; 0000 007E // Connections are specified in the
                 ; 0000 007F // Project|Configure|C Compiler|Libraries|Alphanumeric LCD menu:
                 ; 0000 0080 // RS - PORTC Bit 0
                 ; 0000 0081 // RD - PORTC Bit 1
                 ; 0000 0082 // EN - PORTC Bit 2
                 ; 0000 0083 // D4 - PORTC Bit 4
                 ; 0000 0084 // D5 - PORTC Bit 5
                 ; 0000 0085 // D6 - PORTC Bit 6
                 ; 0000 0086 // D7 - PORTC Bit 7
                 ; 0000 0087 // Characters/line: 16
                 ; 0000 0088 lcd_init(16);
0000e6 e1a0      	LDI  R26,LOW(16)
0000e7 d0f5      	RCALL _lcd_init
                 ; 0000 0089 
                 ; 0000 008A while (1)
                 _0x18:
                 ; 0000 008B       {
                 ; 0000 008C         int i;
                 ; 0000 008D         for(i = 0; i < 4; i++) {
0000e8 9722      	SBIW R28,2
                 ;	i -> Y+0
0000e9 e0e0      	LDI  R30,LOW(0)
0000ea 83e8      	STD  Y+0,R30
0000eb 83e9      	STD  Y+0+1,R30
                 _0x1C:
0000ec 81a8      	LD   R26,Y
0000ed 81b9      	LDD  R27,Y+1
0000ee 9714      	SBIW R26,4
0000ef f014      	BRLT PC+3
0000f0 940c 0172 	JMP _0x1D
                 ; 0000 008E                 if(i == 0){
0000f2 81e8      	LD   R30,Y
0000f3 81f9      	LDD  R31,Y+1
0000f4 9730      	SBIW R30,0
0000f5 f4d1      	BRNE _0x1E
                 ; 0000 008F 
                 ; 0000 0090 
                 ; 0000 0091                     PORTD.0 = 1;
0000f6 9a90      	SBI  0x12,0
                 ; 0000 0092                     if(PIND.4 == 1 ){
0000f7 9b84      	SBIS 0x10,4
0000f8 c004      	RJMP _0x21
                 ; 0000 0093 
                 ; 0000 0094                         lcd_putchar('7');
0000f9 e3a7      	LDI  R26,LOW(55)
0000fa d0ba      	RCALL _lcd_putchar
                 ; 0000 0095                         calc(7);
0000fb e0a7      	LDI  R26,LOW(7)
0000fc df71      	RCALL _calc
                 ; 0000 0096 
                 ; 0000 0097                     }
                 ; 0000 0098                     if(PIND.5 == 1 ){
                 _0x21:
0000fd 9b85      	SBIS 0x10,5
0000fe c004      	RJMP _0x22
                 ; 0000 0099 
                 ; 0000 009A                         lcd_putchar('8');
0000ff e3a8      	LDI  R26,LOW(56)
000100 d0b4      	RCALL _lcd_putchar
                 ; 0000 009B                         calc(8);
000101 e0a8      	LDI  R26,LOW(8)
000102 df6b      	RCALL _calc
                 ; 0000 009C                     }
                 ; 0000 009D                     if(PIND.6 == 1 ){
                 _0x22:
000103 9b86      	SBIS 0x10,6
000104 c004      	RJMP _0x23
                 ; 0000 009E 
                 ; 0000 009F                         lcd_putchar('9');
000105 e3a9      	LDI  R26,LOW(57)
000106 d0ae      	RCALL _lcd_putchar
                 ; 0000 00A0                         calc(9);
000107 e0a9      	LDI  R26,LOW(9)
000108 df65      	RCALL _calc
                 ; 0000 00A1                     }
                 ; 0000 00A2                     if(PIND.7 == 1 ){
                 _0x23:
000109 9b87      	SBIS 0x10,7
00010a c004      	RJMP _0x24
                 ; 0000 00A3 
                 ; 0000 00A4                         lcd_putchar('/');
00010b e2af      	LDI  R26,LOW(47)
00010c d0a8      	RCALL _lcd_putchar
                 ; 0000 00A5                         calc('/');
00010d e2af      	LDI  R26,LOW(47)
00010e df5f      	RCALL _calc
                 ; 0000 00A6 
                 ; 0000 00A7                     }
                 ; 0000 00A8 
                 ; 0000 00A9 
                 ; 0000 00AA 
                 ; 0000 00AB                 }
                 _0x24:
                 ; 0000 00AC                 else if(i == 1){
00010f c05a      	RJMP _0x25
                 _0x1E:
000110 81a8      	LD   R26,Y
000111 81b9      	LDD  R27,Y+1
000112 9711      	SBIW R26,1
000113 f4d1      	BRNE _0x26
                 ; 0000 00AD 
                 ; 0000 00AE 
                 ; 0000 00AF                     PORTD.1 = 1;
000114 9a91      	SBI  0x12,1
                 ; 0000 00B0                     if(PIND.4 == 1 ){
000115 9b84      	SBIS 0x10,4
000116 c004      	RJMP _0x29
                 ; 0000 00B1 
                 ; 0000 00B2                         lcd_putchar('4');
000117 e3a4      	LDI  R26,LOW(52)
000118 d09c      	RCALL _lcd_putchar
                 ; 0000 00B3                         calc(4);
000119 e0a4      	LDI  R26,LOW(4)
00011a df53      	RCALL _calc
                 ; 0000 00B4                     }
                 ; 0000 00B5                     if(PIND.5 == 1 ){
                 _0x29:
00011b 9b85      	SBIS 0x10,5
00011c c004      	RJMP _0x2A
                 ; 0000 00B6 
                 ; 0000 00B7                         lcd_putchar('5');
00011d e3a5      	LDI  R26,LOW(53)
00011e d096      	RCALL _lcd_putchar
                 ; 0000 00B8                         calc(5);
00011f e0a5      	LDI  R26,LOW(5)
000120 df4d      	RCALL _calc
                 ; 0000 00B9                     }
                 ; 0000 00BA                     if(PIND.6 == 1 ){
                 _0x2A:
000121 9b86      	SBIS 0x10,6
000122 c004      	RJMP _0x2B
                 ; 0000 00BB 
                 ; 0000 00BC                         lcd_putchar('6');
000123 e3a6      	LDI  R26,LOW(54)
000124 d090      	RCALL _lcd_putchar
                 ; 0000 00BD                         calc(6);
000125 e0a6      	LDI  R26,LOW(6)
000126 df47      	RCALL _calc
                 ; 0000 00BE                     }
                 ; 0000 00BF                     if(PIND.7 == 1 ){
                 _0x2B:
000127 9b87      	SBIS 0x10,7
000128 c004      	RJMP _0x2C
                 ; 0000 00C0 
                 ; 0000 00C1                         lcd_putchar('*');
000129 e2aa      	LDI  R26,LOW(42)
00012a d08a      	RCALL _lcd_putchar
                 ; 0000 00C2                         calc('*');
00012b e2aa      	LDI  R26,LOW(42)
00012c df41      	RCALL _calc
                 ; 0000 00C3                     }
                 ; 0000 00C4 
                 ; 0000 00C5 
                 ; 0000 00C6 
                 ; 0000 00C7                 }
                 _0x2C:
                 ; 0000 00C8                 else if(i == 2){
00012d c03c      	RJMP _0x2D
                 _0x26:
00012e 81a8      	LD   R26,Y
00012f 81b9      	LDD  R27,Y+1
000130 9712      	SBIW R26,2
000131 f4d1      	BRNE _0x2E
                 ; 0000 00C9 
                 ; 0000 00CA 
                 ; 0000 00CB                     PORTD.2 = 1;
000132 9a92      	SBI  0x12,2
                 ; 0000 00CC                     if(PIND.4 == 1 ){
000133 9b84      	SBIS 0x10,4
000134 c004      	RJMP _0x31
                 ; 0000 00CD 
                 ; 0000 00CE                         lcd_putchar('1');
000135 e3a1      	LDI  R26,LOW(49)
000136 d07e      	RCALL _lcd_putchar
                 ; 0000 00CF                         calc(1);
000137 e0a1      	LDI  R26,LOW(1)
000138 df35      	RCALL _calc
                 ; 0000 00D0                     }
                 ; 0000 00D1                     if(PIND.5 == 1 ){
                 _0x31:
000139 9b85      	SBIS 0x10,5
00013a c004      	RJMP _0x32
                 ; 0000 00D2 
                 ; 0000 00D3                         lcd_putchar('2');
00013b e3a2      	LDI  R26,LOW(50)
00013c d078      	RCALL _lcd_putchar
                 ; 0000 00D4                         calc(2);
00013d e0a2      	LDI  R26,LOW(2)
00013e df2f      	RCALL _calc
                 ; 0000 00D5                     }
                 ; 0000 00D6                     if(PIND.6 == 1 ){
                 _0x32:
00013f 9b86      	SBIS 0x10,6
000140 c004      	RJMP _0x33
                 ; 0000 00D7 
                 ; 0000 00D8                         lcd_putchar('3');
000141 e3a3      	LDI  R26,LOW(51)
000142 d072      	RCALL _lcd_putchar
                 ; 0000 00D9                         calc(3);
000143 e0a3      	LDI  R26,LOW(3)
000144 df29      	RCALL _calc
                 ; 0000 00DA                     }
                 ; 0000 00DB                     if(PIND.7 == 1 ){
                 _0x33:
000145 9b87      	SBIS 0x10,7
000146 c004      	RJMP _0x34
                 ; 0000 00DC 
                 ; 0000 00DD                         lcd_putchar('-');
000147 e2ad      	LDI  R26,LOW(45)
000148 d06c      	RCALL _lcd_putchar
                 ; 0000 00DE                         calc('-');
000149 e2ad      	LDI  R26,LOW(45)
00014a df23      	RCALL _calc
                 ; 0000 00DF                     }
                 ; 0000 00E0 
                 ; 0000 00E1 
                 ; 0000 00E2 
                 ; 0000 00E3                 }
                 _0x34:
                 ; 0000 00E4                 else if(i == 3){
00014b c01e      	RJMP _0x35
                 _0x2E:
00014c 81a8      	LD   R26,Y
00014d 81b9      	LDD  R27,Y+1
00014e 9713      	SBIW R26,3
00014f f4d1      	BRNE _0x36
                 ; 0000 00E5 
                 ; 0000 00E6 
                 ; 0000 00E7                     PORTD.3 = 1;
000150 9a93      	SBI  0x12,3
                 ; 0000 00E8                     if(PIND.4 == 1 ){
000151 9b84      	SBIS 0x10,4
000152 c003      	RJMP _0x39
                 ; 0000 00E9 
                 ; 0000 00EA                         lcd_clear();
000153 d051      	RCALL _lcd_clear
                 ; 0000 00EB                         calc('c');
000154 e6a3      	LDI  R26,LOW(99)
000155 df18      	RCALL _calc
                 ; 0000 00EC 
                 ; 0000 00ED                     }
                 ; 0000 00EE                     if(PIND.5 == 1 ){
                 _0x39:
000156 9b85      	SBIS 0x10,5
000157 c004      	RJMP _0x3A
                 ; 0000 00EF 
                 ; 0000 00F0                         lcd_putchar('0');
000158 e3a0      	LDI  R26,LOW(48)
000159 d05b      	RCALL _lcd_putchar
                 ; 0000 00F1                         calc(0);
00015a e0a0      	LDI  R26,LOW(0)
00015b df12      	RCALL _calc
                 ; 0000 00F2                     }
                 ; 0000 00F3                     if(PIND.6 == 1 ){
                 _0x3A:
00015c 9b86      	SBIS 0x10,6
00015d c006      	RJMP _0x3B
                 ; 0000 00F4 
                 ; 0000 00F5 
                 ; 0000 00F6                         calc('=');
00015e e3ad      	LDI  R26,LOW(61)
00015f df0e      	RCALL _calc
                 ; 0000 00F7                         lcd_clear();
000160 d044      	RCALL _lcd_clear
                 ; 0000 00F8                         lcd_puts(result_char);
000161 e6a0      	LDI  R26,LOW(_result_char)
000162 e0b2      	LDI  R27,HIGH(_result_char)
000163 d068      	RCALL _lcd_puts
                 ; 0000 00F9                     }
                 ; 0000 00FA                     if(PIND.7 == 1 ){
                 _0x3B:
000164 9b87      	SBIS 0x10,7
000165 c004      	RJMP _0x3C
                 ; 0000 00FB 
                 ; 0000 00FC                         lcd_putchar('+');
000166 e2ab      	LDI  R26,LOW(43)
000167 d04d      	RCALL _lcd_putchar
                 ; 0000 00FD                         calc('+');
000168 e2ab      	LDI  R26,LOW(43)
000169 df04      	RCALL _calc
                 ; 0000 00FE                     }
                 ; 0000 00FF                 }
                 _0x3C:
                 ; 0000 0100                 PORTD = 0;
                 _0x36:
                 _0x35:
                 _0x2D:
                 _0x25:
00016a e0e0      	LDI  R30,LOW(0)
00016b bbe2      	OUT  0x12,R30
                 ; 0000 0101 
                 ; 0000 0102          }
00016c 81e8      	LD   R30,Y
00016d 81f9      	LDD  R31,Y+1
00016e 9631      	ADIW R30,1
00016f 83e8      	ST   Y,R30
000170 83f9      	STD  Y+1,R31
000171 cf7a      	RJMP _0x1C
                 _0x1D:
                 ; 0000 0103          delay_ms(200);
000172 eca8      	LDI  R26,LOW(200)
000173 940e 0243 	CALL SUBOPT_0x1
                 ; 0000 0104 
                 ; 0000 0105 
                 ; 0000 0106 
                 ; 0000 0107 
                 ; 0000 0108       }
000175 9622      	ADIW R28,2
000176 cf71      	RJMP _0x18
                 ; 0000 0109 }
                 _0x3D:
000177 cfff      	RJMP _0x3D
                 	#ifndef __SLEEP_DEFINED__
                 	#endif
                 
                 	.DSEG
                 
                 	.CSEG
                 __lcd_write_nibble_G100:
000178 93aa      	ST   -Y,R26
000179 b3e5      	IN   R30,0x15
00017a 70ef      	ANDI R30,LOW(0xF)
00017b 2fae      	MOV  R26,R30
00017c 81e8      	LD   R30,Y
00017d 7fe0      	ANDI R30,LOW(0xF0)
00017e 2bea      	OR   R30,R26
00017f bbe5      	OUT  0x15,R30
                +
000180 e085     +LDI R24 , LOW ( 5 )
                +__DELAY_USB_LOOP :
000181 958a     +DEC R24
000182 f7f1     +BRNE __DELAY_USB_LOOP
                 	__DELAY_USB 5
000183 9aaa      	SBI  0x15,2
                +
000184 e08d     +LDI R24 , LOW ( 13 )
                +__DELAY_USB_LOOP :
000185 958a     +DEC R24
000186 f7f1     +BRNE __DELAY_USB_LOOP
                 	__DELAY_USB 13
000187 98aa      	CBI  0x15,2
                +
000188 e08d     +LDI R24 , LOW ( 13 )
                +__DELAY_USB_LOOP :
000189 958a     +DEC R24
00018a f7f1     +BRNE __DELAY_USB_LOOP
                 	__DELAY_USB 13
00018b c07d      	RJMP _0x20A0001
                 __lcd_write_data:
00018c 93aa      	ST   -Y,R26
00018d 81a8      	LD   R26,Y
00018e dfe9      	RCALL __lcd_write_nibble_G100
00018f 81e8          ld    r30,y
000190 95e2          swap  r30
000191 83e8          st    y,r30
000192 81a8      	LD   R26,Y
000193 dfe4      	RCALL __lcd_write_nibble_G100
                +
000194 e885     +LDI R24 , LOW ( 133 )
                +__DELAY_USB_LOOP :
000195 958a     +DEC R24
000196 f7f1     +BRNE __DELAY_USB_LOOP
                 	__DELAY_USB 133
000197 c071      	RJMP _0x20A0001
                 _lcd_gotoxy:
000198 93aa      	ST   -Y,R26
000199 81e8      	LD   R30,Y
00019a e0f0      	LDI  R31,0
00019b 59ec      	SUBI R30,LOW(-__base_y_G100)
00019c 4ffd      	SBCI R31,HIGH(-__base_y_G100)
00019d 81e0      	LD   R30,Z
00019e 81a9      	LDD  R26,Y+1
00019f 0fae      	ADD  R26,R30
0001a0 dfeb      	RCALL __lcd_write_data
0001a1 80d9      	LDD  R13,Y+1
0001a2 80c8      	LDD  R12,Y+0
0001a3 9622      	ADIW R28,2
0001a4 9508      	RET
                 _lcd_clear:
0001a5 e0a2      	LDI  R26,LOW(2)
0001a6 dfe5      	RCALL __lcd_write_data
0001a7 e0a3      	LDI  R26,LOW(3)
0001a8 940e 0243 	CALL SUBOPT_0x1
0001aa e0ac      	LDI  R26,LOW(12)
0001ab dfe0      	RCALL __lcd_write_data
0001ac e0a1      	LDI  R26,LOW(1)
0001ad dfde      	RCALL __lcd_write_data
0001ae e0a3      	LDI  R26,LOW(3)
0001af 940e 0243 	CALL SUBOPT_0x1
0001b1 e0e0      	LDI  R30,LOW(0)
0001b2 2ece      	MOV  R12,R30
0001b3 2ede      	MOV  R13,R30
0001b4 9508      	RET
                 _lcd_putchar:
0001b5 93aa      	ST   -Y,R26
0001b6 81a8      	LD   R26,Y
0001b7 30aa      	CPI  R26,LOW(0xA)
0001b8 f021      	BREQ _0x2000005
0001b9 91e0 0268 	LDS  R30,__lcd_maxx
0001bb 16de      	CP   R13,R30
0001bc f048      	BRLO _0x2000004
                 _0x2000005:
0001bd e0e0      	LDI  R30,LOW(0)
0001be 93ea      	ST   -Y,R30
0001bf 94c3      	INC  R12
0001c0 2dac      	MOV  R26,R12
0001c1 dfd6      	RCALL _lcd_gotoxy
0001c2 81a8      	LD   R26,Y
0001c3 30aa      	CPI  R26,LOW(0xA)
0001c4 f409      	BRNE _0x2000007
0001c5 c043      	RJMP _0x20A0001
                 _0x2000007:
                 _0x2000004:
0001c6 94d3      	INC  R13
0001c7 9aa8      	SBI  0x15,0
0001c8 81a8      	LD   R26,Y
0001c9 dfc2      	RCALL __lcd_write_data
0001ca 98a8      	CBI  0x15,0
0001cb c03d      	RJMP _0x20A0001
                 _lcd_puts:
0001cc 93ba      	ST   -Y,R27
0001cd 93aa      	ST   -Y,R26
0001ce 931a      	ST   -Y,R17
                 _0x2000008:
0001cf 81a9      	LDD  R26,Y+1
0001d0 81ba      	LDD  R27,Y+1+1
0001d1 91ed      	LD   R30,X+
0001d2 83a9      	STD  Y+1,R26
0001d3 83ba      	STD  Y+1+1,R27
0001d4 2f1e      	MOV  R17,R30
0001d5 30e0      	CPI  R30,0
0001d6 f019      	BREQ _0x200000A
0001d7 2fa1      	MOV  R26,R17
0001d8 dfdc      	RCALL _lcd_putchar
0001d9 cff5      	RJMP _0x2000008
                 _0x200000A:
0001da 8118      	LDD  R17,Y+0
0001db 9623      	ADIW R28,3
0001dc 9508      	RET
                 _lcd_init:
0001dd 93aa      	ST   -Y,R26
0001de b3e4      	IN   R30,0x14
0001df 6fe0      	ORI  R30,LOW(0xF0)
0001e0 bbe4      	OUT  0x14,R30
0001e1 9aa2      	SBI  0x14,2
0001e2 9aa0      	SBI  0x14,0
0001e3 9aa1      	SBI  0x14,1
0001e4 98aa      	CBI  0x15,2
0001e5 98a8      	CBI  0x15,0
0001e6 98a9      	CBI  0x15,1
0001e7 81e8      	LD   R30,Y
0001e8 93e0 0268 	STS  __lcd_maxx,R30
0001ea 58e0      	SUBI R30,-LOW(128)
                +
0001eb 93e0 0266+STS __base_y_G100 + ( 2 ) , R30
                 	__PUTB1MN __base_y_G100,2
0001ed 81e8      	LD   R30,Y
0001ee 54e0      	SUBI R30,-LOW(192)
                +
0001ef 93e0 0267+STS __base_y_G100 + ( 3 ) , R30
                 	__PUTB1MN __base_y_G100,3
0001f1 e1a4      	LDI  R26,LOW(20)
0001f2 940e 0243 	CALL SUBOPT_0x1
0001f4 940e 0246 	CALL SUBOPT_0x2
0001f6 940e 0246 	CALL SUBOPT_0x2
0001f8 940e 0246 	CALL SUBOPT_0x2
0001fa e2a0      	LDI  R26,LOW(32)
0001fb df7c      	RCALL __lcd_write_nibble_G100
                +
0001fc ec88     +LDI R24 , LOW ( 200 )
0001fd e090     +LDI R25 , HIGH ( 200 )
                +__DELAY_USW_LOOP :
0001fe 9701     +SBIW R24 , 1
0001ff f7f1     +BRNE __DELAY_USW_LOOP
                 	__DELAY_USW 200
000200 e2a8      	LDI  R26,LOW(40)
000201 df8a      	RCALL __lcd_write_data
000202 e0a4      	LDI  R26,LOW(4)
000203 df88      	RCALL __lcd_write_data
000204 e8a5      	LDI  R26,LOW(133)
000205 df86      	RCALL __lcd_write_data
000206 e0a6      	LDI  R26,LOW(6)
000207 df84      	RCALL __lcd_write_data
000208 df9c      	RCALL _lcd_clear
                 _0x20A0001:
000209 9621      	ADIW R28,1
00020a 9508      	RET
                 
                 	.CSEG
                 _itoa:
00020b 93ba      	ST   -Y,R27
00020c 93aa      	ST   -Y,R26
00020d 91a9          ld   r26,y+
00020e 91b9          ld   r27,y+
00020f 91e9          ld   r30,y+
000210 91f9          ld   r31,y+
000211 9630          adiw r30,0
000212 f42a          brpl __itoa0
000213 95e0          com  r30
000214 95f0          com  r31
000215 9631          adiw r30,1
000216 e26d          ldi  r22,'-'
000217 936d          st   x+,r22
                 __itoa0:
000218 94e8          clt
000219 e180          ldi  r24,low(10000)
00021a e297          ldi  r25,high(10000)
00021b d00d          rcall __itoa1
00021c ee88          ldi  r24,low(1000)
00021d e093          ldi  r25,high(1000)
00021e d00a          rcall __itoa1
00021f e684          ldi  r24,100
000220 2799          clr  r25
000221 d007          rcall __itoa1
000222 e08a          ldi  r24,10
000223 d005          rcall __itoa1
000224 2f6e          mov  r22,r30
000225 d010          rcall __itoa5
000226 2766          clr  r22
000227 936c          st   x,r22
000228 9508          ret
                 
                 __itoa1:
000229 2766          clr	 r22
                 __itoa2:
00022a 17e8          cp   r30,r24
00022b 07f9          cpc  r31,r25
00022c f020          brlo __itoa3
00022d 9563          inc  r22
00022e 1be8          sub  r30,r24
00022f 0bf9          sbc  r31,r25
000230 f7c9          brne __itoa2
                 __itoa3:
000231 2366          tst  r22
000232 f411          brne __itoa4
000233 f016          brts __itoa5
000234 9508          ret
                 __itoa4:
000235 9468          set
                 __itoa5:
000236 5d60          subi r22,-0x30
000237 936d          st   x+,r22
000238 9508          ret
                 
                 	.DSEG
                 
                 	.CSEG
                 
                 	.CSEG
                 
                 	.CSEG
                 
                 	.CSEG
                 
                 	.DSEG
                 _result_char:
000260           	.BYTE 0x4
                 __base_y_G100:
000264           	.BYTE 0x4
                 __lcd_maxx:
000268           	.BYTE 0x1
                 __seed_G101:
000269           	.BYTE 0x4
                 
                 	.CSEG
                 ;OPTIMIZER ADDED SUBROUTINE, CALLED 2 TIMES, CODE SIZE REDUCTION:6 WORDS
                 SUBOPT_0x0:
000239 e0aa      	LDI  R26,LOW(10)
00023a e0b0      	LDI  R27,HIGH(10)
00023b 940e 0269 	CALL __MULW12
00023d 01df      	MOVW R26,R30
00023e 81e8      	LD   R30,Y
00023f e0f0      	LDI  R31,0
000240 0fea      	ADD  R30,R26
000241 1ffb      	ADC  R31,R27
000242 9508      	RET
                 
                 ;OPTIMIZER ADDED SUBROUTINE, CALLED 4 TIMES, CODE SIZE REDUCTION:6 WORDS
                 SUBOPT_0x1:
000243 e0b0      	LDI  R27,0
000244 940c 024e 	JMP  _delay_ms
                 
                 ;OPTIMIZER ADDED SUBROUTINE, CALLED 3 TIMES, CODE SIZE REDUCTION:7 WORDS
                 SUBOPT_0x2:
000246 e3a0      	LDI  R26,LOW(48)
000247 940e 0178 	CALL __lcd_write_nibble_G100
                +
000249 ec88     +LDI R24 , LOW ( 200 )
00024a e090     +LDI R25 , HIGH ( 200 )
                +__DELAY_USW_LOOP :
00024b 9701     +SBIW R24 , 1
00024c f7f1     +BRNE __DELAY_USW_LOOP
                 	__DELAY_USW 200
00024d 9508      	RET
                 
                 
                 	.CSEG
                 _delay_ms:
00024e 9610      	adiw r26,0
00024f f039      	breq __delay_ms1
                 __delay_ms0:
                +
000250 ed80     +LDI R24 , LOW ( 0x7D0 )
000251 e097     +LDI R25 , HIGH ( 0x7D0 )
                +__DELAY_USW_LOOP :
000252 9701     +SBIW R24 , 1
000253 f7f1     +BRNE __DELAY_USW_LOOP
                 	__DELAY_USW 0x7D0
000254 95a8      	wdr
000255 9711      	sbiw r26,1
000256 f7c9      	brne __delay_ms0
                 __delay_ms1:
000257 9508      	ret
                 
                 __ANEGW1:
000258 95f1      	NEG  R31
000259 95e1      	NEG  R30
00025a 40f0      	SBCI R31,0
00025b 9508      	RET
                 
                 __LNEGB1:
00025c 23ee      	TST  R30
00025d e0e1      	LDI  R30,1
00025e f009      	BREQ __LNEGB1F
00025f 27ee      	CLR  R30
                 __LNEGB1F:
000260 9508      	RET
                 
                 __MULW12U:
000261 9ffa      	MUL  R31,R26
000262 2df0      	MOV  R31,R0
000263 9feb      	MUL  R30,R27
000264 0df0      	ADD  R31,R0
000265 9fea      	MUL  R30,R26
000266 2de0      	MOV  R30,R0
000267 0df1      	ADD  R31,R1
000268 9508      	RET
                 
                 __MULW12:
000269 d01c      	RCALL __CHKSIGNW
00026a dff6      	RCALL __MULW12U
00026b f40e      	BRTC __MULW121
00026c dfeb      	RCALL __ANEGW1
                 __MULW121:
00026d 9508      	RET
                 
                 __DIVW21U:
00026e 2400      	CLR  R0
00026f 2411      	CLR  R1
000270 e190      	LDI  R25,16
                 __DIVW21U1:
000271 0faa      	LSL  R26
000272 1fbb      	ROL  R27
000273 1c00      	ROL  R0
000274 1c11      	ROL  R1
000275 1a0e      	SUB  R0,R30
000276 0a1f      	SBC  R1,R31
000277 f418      	BRCC __DIVW21U2
000278 0e0e      	ADD  R0,R30
000279 1e1f      	ADC  R1,R31
00027a c001      	RJMP __DIVW21U3
                 __DIVW21U2:
00027b 60a1      	SBR  R26,1
                 __DIVW21U3:
00027c 959a      	DEC  R25
00027d f799      	BRNE __DIVW21U1
00027e 01fd      	MOVW R30,R26
00027f 01d0      	MOVW R26,R0
000280 9508      	RET
                 
                 __DIVW21:
000281 d004      	RCALL __CHKSIGNW
000282 dfeb      	RCALL __DIVW21U
000283 f40e      	BRTC __DIVW211
000284 dfd3      	RCALL __ANEGW1
                 __DIVW211:
000285 9508      	RET
                 
                 __CHKSIGNW:
000286 94e8      	CLT
000287 fff7      	SBRS R31,7
000288 c002      	RJMP __CHKSW1
000289 dfce      	RCALL __ANEGW1
00028a 9468      	SET
                 __CHKSW1:
00028b ffb7      	SBRS R27,7
00028c c006      	RJMP __CHKSW2
00028d 95a0      	COM  R26
00028e 95b0      	COM  R27
00028f 9611      	ADIW R26,1
000290 f800      	BLD  R0,0
000291 9403      	INC  R0
000292 fa00      	BST  R0,0
                 __CHKSW2:
000293 9508      	RET
                 
                 ;END OF CODE MARKER
                 __END_OF_CODE:


RESOURCE USE INFORMATION
------------------------

Notice:
The register and instruction counts are symbol table hit counts,
and hence implicitly used resources are not counted, eg, the
'lpm' instruction without operands implicitly uses r0 and z,
none of which are counted.

x,y,z are separate entities in the symbol table and are
counted separately from r26..r31 here.

.dseg memory usage only counts static data declared with .byte

ATmega32 register use summary:
r0 :  15 r1 :   6 r2 :   0 r3 :   0 r4 :  10 r5 :   3 r6 :  10 r7 :   3 
r8 :   5 r9 :   5 r10:   2 r11:   1 r12:   4 r13:   4 r14:   0 r15:   0 
r16:   0 r17:   4 r18:   0 r19:   0 r20:   0 r21:   0 r22:  12 r23:   0 
r24:  27 r25:  12 r26: 111 r27:  20 r28:   6 r29:   1 r30: 120 r31:  33 
x  :   7 y  :  60 z  :   8 
Registers used: 25 out of 35 (71.4%)

ATmega32 instruction use summary:
.lds  :   0 .lds.l:   0 .sts  :   0 .sts.l:   0 adc   :   3 add   :   6 
adiw  :   9 and   :   0 andi  :   2 asr   :   0 bclr  :   0 bld   :   1 
brbc  :   0 brbs  :   0 brcc  :   1 brcs  :   0 break :   0 breq  :  16 
brge  :   0 brhc  :   0 brhs  :   0 brid  :   0 brie  :   0 brlo  :   2 
brlt  :   1 brmi  :   0 brne  :  27 brpl  :   1 brsh  :   0 brtc  :   2 
brts  :   1 brvc  :   0 brvs  :   0 bset  :   0 bst   :   1 call  :  15 
cbi   :   5 cbr   :   0 clc   :   0 clh   :   0 cli   :   1 cln   :   0 
clr   :  12 cls   :   0 clt   :   2 clv   :   0 clz   :   0 com   :   4 
cp    :   8 cpc   :   3 cpi   :  15 cpse  :   0 dec   :   6 des   :   0 
eor   :   0 fmul  :   0 fmuls :   0 fmulsu:   0 icall :   0 ijmp  :   0 
in    :   2 inc   :   4 jmp   :  24 ld    :  26 ldd   :  15 ldi   : 103 
lds   :   1 lpm   :   7 lsl   :   1 lsr   :   0 mov   :  11 movw  :  21 
mul   :   3 muls  :   0 mulsu :   0 neg   :   2 nop   :   0 or    :   1 
ori   :   1 out   :  19 pop   :   0 push  :   0 rcall :  61 ret   :  17 
reti  :   0 rjmp  :  41 rol   :   3 ror   :   0 sbc   :   3 sbci  :   2 
sbi   :   9 sbic  :   0 sbis  :  16 sbiw  :  13 sbr   :   1 sbrc  :   0 
sbrs  :   2 sec   :   0 seh   :   0 sei   :   0 sen   :   0 ser   :   0 
ses   :   0 set   :   2 sev   :   0 sez   :   0 sleep :   0 spm   :   0 
st    :  22 std   :   5 sts   :   3 sub   :   3 subi  :   4 swap  :   1 
tst   :   3 wdr   :   1 
Instructions used: 60 out of 116 (51.7%)

ATmega32 memory use summary [bytes]:
Segment   Begin    End      Code   Data   Used    Size   Use%
---------------------------------------------------------------
[.cseg] 0x000000 0x000528   1280     40   1320   32768   4.0%
[.dseg] 0x000060 0x00026d      0     13     13    2143   0.6%
[.eseg] 0x000000 0x000000      0      0      0    1024   0.0%

Assembly complete, 0 errors, 9 warnings
